#
# There is insufficient memory for the Java Runtime Environment to continue.
# Native memory allocation (mmap) failed to map 62914560 bytes for committing reserved memory.
# Possible reasons:
#   The system is out of physical RAM or swap space
#   In 32 bit mode, the process size limit was hit
# Possible solutions:
#   Reduce memory load on the system
#   Increase physical memory or swap space
#   Check if swap backing store is full
#   Use 64 bit Java on a 64 bit OS
#   Decrease Java heap size (-Xmx/-Xms)
#   Decrease number of Java threads
#   Decrease Java thread stack sizes (-Xss)
#   Set larger code cache with -XX:ReservedCodeCacheSize=
# This output file may be truncated or incomplete.
#
#  Out of Memory Error (os_linux.cpp:2627), pid=16888, tid=139858984896256
#
# JRE version: Java(TM) SE Runtime Environment (8.0_91-b14) (build 1.8.0_91-b14)
# Java VM: Java HotSpot(TM) 64-Bit Server VM (25.91-b14 mixed mode linux-amd64 compressed oops)
# Failed to write core dump. Core dumps have been disabled. To enable core dumping, try "ulimit -c unlimited" before starting Java again
#

---------------  T H R E A D  ---------------

Current thread (0x00007f338c078000):  VMThread [stack: 0x00007f33750d0000,0x00007f33751d1000] [id=16897]

Stack: [0x00007f33750d0000,0x00007f33751d1000],  sp=0x00007f33751cf0e0,  free space=1020k
Native frames: (J=compiled Java code, j=interpreted, Vv=VM code, C=native code)
V  [libjvm.so+0xabc18a]  VMError::report_and_die()+0x2ba
V  [libjvm.so+0x4fafeb]  report_vm_out_of_memory(char const*, int, unsigned long, VMErrorType, char const*)+0x8b
V  [libjvm.so+0x91cbb3]  os::Linux::commit_memory_impl(char*, unsigned long, bool)+0x103
V  [libjvm.so+0x91d109]  os::pd_commit_memory(char*, unsigned long, unsigned long, bool)+0x29
V  [libjvm.so+0x91740a]  os::commit_memory(char*, unsigned long, unsigned long, bool)+0x2a
V  [libjvm.so+0x98b033]  PSVirtualSpace::expand_by(unsigned long)+0x53
V  [libjvm.so+0x98c438]  PSYoungGen::resize_generation(unsigned long, unsigned long)+0xf8
V  [libjvm.so+0x98b592]  PSYoungGen::resize(unsigned long, unsigned long)+0x22
V  [libjvm.so+0x98886b]  PSScavenge::invoke_no_policy()+0xf3b
V  [libjvm.so+0x988ff1]  PSScavenge::invoke()+0x41
V  [libjvm.so+0x9408b0]  ParallelScavengeHeap::failed_mem_allocate(unsigned long)+0x70
V  [libjvm.so+0xabdba7]  VM_ParallelGCFailedAllocation::doit()+0x97
V  [libjvm.so+0xac55d5]  VM_Operation::evaluate()+0x55
V  [libjvm.so+0xac39aa]  VMThread::evaluate_operation(VM_Operation*)+0xba
V  [libjvm.so+0xac3d2e]  VMThread::loop()+0x1ce
V  [libjvm.so+0xac41a0]  VMThread::run()+0x70
V  [libjvm.so+0x91ef78]  java_start(Thread*)+0x108

VM_Operation (0x00007f3346dae790): ParallelGCFailedAllocation, mode: safepoint, requested by thread 0x00007f3334006800


---------------  P R O C E S S  ---------------

Java Threads: ( => current thread )
  0x00007f3338013000 JavaThread "Stdin handler" [_thread_blocked, id=17277, stack(0x00007f3346aab000,0x00007f3346bac000)]
  0x00007f3334006800 JavaThread "Daemon worker Thread 2" [_thread_blocked, id=17274, stack(0x00007f3346cb4000,0x00007f3346db5000)]
  0x00007f3334008800 JavaThread "Cancel handler" [_thread_blocked, id=17273, stack(0x00007f3346db5000,0x00007f3346eb6000)]
  0x00007f3334003800 JavaThread "Handler for socket connection from /127.0.0.1:33416 to /127.0.0.1:47390" [_thread_in_native, id=17272, stack(0x00007f3346bb3000,0x00007f3346cb4000)]
  0x00007f333c02f000 JavaThread "Daemon Thread 2" [_thread_blocked, id=17271, stack(0x00007f3346eb6000,0x00007f3346fb7000)]
  0x00007f3330cba800 JavaThread "File lock request listener" [_thread_in_native, id=16920, stack(0x00007f3345ef7000,0x00007f3345ff8000)]
  0x00007f338cad9000 JavaThread "Incoming local TCP Connector on port 33416" [_thread_in_native, id=16906, stack(0x00007f33471b7000,0x00007f33472b8000)]
  0x00007f338c0d3800 JavaThread "Service Thread" daemon [_thread_blocked, id=16904, stack(0x00007f33742e6000,0x00007f33743e7000)]
  0x00007f338c0be800 JavaThread "C1 CompilerThread2" daemon [_thread_blocked, id=16903, stack(0x00007f33743e7000,0x00007f33744e8000)]
  0x00007f338c0bc800 JavaThread "C2 CompilerThread1" daemon [_thread_blocked, id=16902, stack(0x00007f33744e8000,0x00007f33745e9000)]
  0x00007f338c0b9800 JavaThread "C2 CompilerThread0" daemon [_thread_blocked, id=16901, stack(0x00007f33745e9000,0x00007f33746ea000)]
  0x00007f338c0b8000 JavaThread "Signal Dispatcher" daemon [_thread_blocked, id=16900, stack(0x00007f33746ea000,0x00007f33747eb000)]
  0x00007f338c084000 JavaThread "Finalizer" daemon [_thread_blocked, id=16899, stack(0x00007f3374ece000,0x00007f3374fcf000)]
  0x00007f338c07f800 JavaThread "Reference Handler" daemon [_thread_blocked, id=16898, stack(0x00007f3374fcf000,0x00007f33750d0000)]
  0x00007f338c00a000 JavaThread "main" [_thread_blocked, id=16892, stack(0x00007f339378b000,0x00007f339388c000)]

Other Threads:
=>0x00007f338c078000 VMThread [stack: 0x00007f33750d0000,0x00007f33751d1000] [id=16897]
  0x00007f338c0d6800 WatcherThread [stack: 0x00007f33741e5000,0x00007f33742e6000] [id=16905]

VM state:at safepoint (normal execution)

VM Mutex/Monitor currently owned by a thread:  ([mutex/lock_event])
[0x00007f338c006260] Threads_lock - owner thread: 0x00007f338c078000
[0x00007f338c006760] Heap_lock - owner thread: 0x00007f3334006800

Heap:
 PSYoungGen      total 265216K, used 20988K [0x00000000eab00000, 0x00000000fc400000, 0x0000000100000000)
  eden space 244224K, 0% used [0x00000000eab00000,0x00000000eab00000,0x00000000f9980000)
  from space 20992K, 99% used [0x00000000f9980000,0x00000000fadff028,0x00000000fae00000)
  to   space 19456K, 0% used [0x00000000fae00000,0x00000000fae00000,0x00000000fc100000)
 ParOldGen       total 62464K, used 43770K [0x00000000c0000000, 0x00000000c3d00000, 0x00000000eab00000)
  object space 62464K, 70% used [0x00000000c0000000,0x00000000c2abe9e0,0x00000000c3d00000)
 Metaspace       used 48908K, capacity 50394K, committed 50648K, reserved 1093632K
  class space    used 6550K, capacity 6851K, committed 6872K, reserved 1048576K

Card table byte_map: [0x00007f339034e000,0x00007f339054f000] byte_map_base: 0x00007f338fd4e000

Marking Bits: (ParMarkBitMap*) 0x00007f3392c65d60
 Begin Bits: [0x00007f3376000000, 0x00007f3377000000)
 End Bits:   [0x00007f3377000000, 0x00007f3378000000)

Polling page: 0x00007f33938ae000

CodeCache: size=245760Kb used=26552Kb max_used=26552Kb free=219207Kb
 bounds [0x00007f337d000000, 0x00007f337ea20000, 0x00007f338c000000]
 total_blobs=8351 nmethods=7650 adapters=612
 compilation: enabled

Compilation events (10 events):
Event: 1466.092 Thread 0x00007f338c0b9800 9079       4       com.sun.tools.javac.comp.Check::checkFlags (799 bytes)
Event: 1466.094 Thread 0x00007f338c0be800 9082       3       com.sun.tools.javac.code.Scope$1::accepts (9 bytes)
Event: 1466.105 Thread 0x00007f338c0b9800 nmethod 9079 0x00007f337ea02690 code [0x00007f337ea02920, 0x00007f337ea033d8]
Event: 1466.105 Thread 0x00007f338c0b9800 9085       4       com.sun.tools.javac.code.Type$ClassType::allparams (30 bytes)
Event: 1466.110 Thread 0x00007f338c0b9800 nmethod 9085 0x00007f337e9fa1d0 code [0x00007f337e9fa380, 0x00007f337e9fa648]
Event: 1466.110 Thread 0x00007f338c0b9800 9081       4       com.sun.tools.javac.code.Types::rank (277 bytes)
Event: 1466.111 Thread 0x00007f338c0be800 nmethod 9082 0x00007f337e9f9c90 code [0x00007f337e9f9e00, 0x00007f337e9fa110]
Event: 1466.111 Thread 0x00007f338c0be800 9087       3       com.sun.tools.javac.code.Types::capture (573 bytes)
Event: 1466.121 Thread 0x00007f338c0be800 nmethod 9087 0x00007f337ea07f90 code [0x00007f337ea08620, 0x00007f337ea0d528]
Event: 1466.121 Thread 0x00007f338c0be800 9084       3       com.sun.tools.javac.jvm.ClassReader$AnnotationDeproxy::deproxyCompound (106 bytes)

GC Heap History (10 events):
Event: 10.442 GC heap after
Heap after GC invocations=11 (full 2):
 PSYoungGen      total 129024K, used 0K [0x00000000eab00000, 0x00000000f7380000, 0x0000000100000000)
  eden space 112128K, 0% used [0x00000000eab00000,0x00000000eab00000,0x00000000f1880000)
  from space 16896K, 0% used [0x00000000f1880000,0x00000000f1880000,0x00000000f2900000)
  to   space 17408K, 0% used [0x00000000f6280000,0x00000000f6280000,0x00000000f7380000)
 ParOldGen       total 62464K, used 25013K [0x00000000c0000000, 0x00000000c3d00000, 0x00000000eab00000)
  object space 62464K, 40% used [0x00000000c0000000,0x00000000c186d488,0x00000000c3d00000)
 Metaspace       used 34696K, capacity 35414K, committed 35416K, reserved 1079296K
  class space    used 4757K, capacity 4952K, committed 4952K, reserved 1048576K
}
Event: 12.518 GC heap before
{Heap before GC invocations=12 (full 2):
 PSYoungGen      total 129024K, used 112128K [0x00000000eab00000, 0x00000000f7380000, 0x0000000100000000)
  eden space 112128K, 100% used [0x00000000eab00000,0x00000000f1880000,0x00000000f1880000)
  from space 16896K, 0% used [0x00000000f1880000,0x00000000f1880000,0x00000000f2900000)
  to   space 17408K, 0% used [0x00000000f6280000,0x00000000f6280000,0x00000000f7380000)
 ParOldGen       total 62464K, used 25013K [0x00000000c0000000, 0x00000000c3d00000, 0x00000000eab00000)
  object space 62464K, 40% used [0x00000000c0000000,0x00000000c186d488,0x00000000c3d00000)
 Metaspace       used 38523K, capacity 39424K, committed 39768K, reserved 1083392K
  class space    used 5359K, capacity 5608K, committed 5720K, reserved 1048576K
Event: 12.562 GC heap after
Heap after GC invocations=12 (full 2):
 PSYoungGen      total 181760K, used 10614K [0x00000000eab00000, 0x00000000f7080000, 0x0000000100000000)
  eden space 167424K, 0% used [0x00000000eab00000,0x00000000eab00000,0x00000000f4e80000)
  from space 14336K, 74% used [0x00000000f6280000,0x00000000f6cdd860,0x00000000f7080000)
  to   space 17408K, 0% used [0x00000000f4e80000,0x00000000f4e80000,0x00000000f5f80000)
 ParOldGen       total 62464K, used 25021K [0x00000000c0000000, 0x00000000c3d00000, 0x00000000eab00000)
  object space 62464K, 40% used [0x00000000c0000000,0x00000000c186f488,0x00000000c3d00000)
 Metaspace       used 38523K, capacity 39424K, committed 39768K, reserved 1083392K
  class space    used 5359K, capacity 5608K, committed 5720K, reserved 1048576K
}
Event: 15.337 GC heap before
{Heap before GC invocations=13 (full 2):
 PSYoungGen      total 181760K, used 178038K [0x00000000eab00000, 0x00000000f7080000, 0x0000000100000000)
  eden space 167424K, 100% used [0x00000000eab00000,0x00000000f4e80000,0x00000000f4e80000)
  from space 14336K, 74% used [0x00000000f6280000,0x00000000f6cdd860,0x00000000f7080000)
  to   space 17408K, 0% used [0x00000000f4e80000,0x00000000f4e80000,0x00000000f5f80000)
 ParOldGen       total 62464K, used 25021K [0x00000000c0000000, 0x00000000c3d00000, 0x00000000eab00000)
  object space 62464K, 40% used [0x00000000c0000000,0x00000000c186f488,0x00000000c3d00000)
 Metaspace       used 40684K, capacity 41580K, committed 41688K, reserved 1085440K
  class space    used 5616K, capacity 5834K, committed 5848K, reserved 1048576K
Event: 15.360 GC heap after
Heap after GC invocations=13 (full 2):
 PSYoungGen      total 184832K, used 16377K [0x00000000eab00000, 0x00000000fc100000, 0x0000000100000000)
  eden space 167424K, 0% used [0x00000000eab00000,0x00000000eab00000,0x00000000f4e80000)
  from space 17408K, 94% used [0x00000000f4e80000,0x00000000f5e7e710,0x00000000f5f80000)
  to   space 19456K, 0% used [0x00000000fae00000,0x00000000fae00000,0x00000000fc100000)
 ParOldGen       total 62464K, used 25029K [0x00000000c0000000, 0x00000000c3d00000, 0x00000000eab00000)
  object space 62464K, 40% used [0x00000000c0000000,0x00000000c1871488,0x00000000c3d00000)
 Metaspace       used 40684K, capacity 41580K, committed 41688K, reserved 1085440K
  class space    used 5616K, capacity 5834K, committed 5848K, reserved 1048576K
}
Event: 17.958 GC heap before
{Heap before GC invocations=14 (full 2):
 PSYoungGen      total 184832K, used 85118K [0x00000000eab00000, 0x00000000fc100000, 0x0000000100000000)
  eden space 167424K, 41% used [0x00000000eab00000,0x00000000eee212e8,0x00000000f4e80000)
  from space 17408K, 94% used [0x00000000f4e80000,0x00000000f5e7e710,0x00000000f5f80000)
  to   space 19456K, 0% used [0x00000000fae00000,0x00000000fae00000,0x00000000fc100000)
 ParOldGen       total 62464K, used 25029K [0x00000000c0000000, 0x00000000c3d00000, 0x00000000eab00000)
  object space 62464K, 40% used [0x00000000c0000000,0x00000000c1871488,0x00000000c3d00000)
 Metaspace       used 42864K, capacity 44156K, committed 44376K, reserved 1087488K
  class space    used 5913K, capacity 6205K, committed 6232K, reserved 1048576K
Event: 18.014 GC heap after
Heap after GC invocations=14 (full 2):
 PSYoungGen      total 263680K, used 15204K [0x00000000eab00000, 0x00000000fc400000, 0x0000000100000000)
  eden space 244224K, 0% used [0x00000000eab00000,0x00000000eab00000,0x00000000f9980000)
  from space 19456K, 78% used [0x00000000fae00000,0x00000000fbcd9370,0x00000000fc100000)
  to   space 20992K, 0% used [0x00000000f9980000,0x00000000f9980000,0x00000000fae00000)
 ParOldGen       total 62464K, used 25037K [0x00000000c0000000, 0x00000000c3d00000, 0x00000000eab00000)
  object space 62464K, 40% used [0x00000000c0000000,0x00000000c1873488,0x00000000c3d00000)
 Metaspace       used 42864K, capacity 44156K, committed 44376K, reserved 1087488K
  class space    used 5913K, capacity 6205K, committed 6232K, reserved 1048576K
}
Event: 18.014 GC heap before
{Heap before GC invocations=15 (full 3):
 PSYoungGen      total 263680K, used 15204K [0x00000000eab00000, 0x00000000fc400000, 0x0000000100000000)
  eden space 244224K, 0% used [0x00000000eab00000,0x00000000eab00000,0x00000000f9980000)
  from space 19456K, 78% used [0x00000000fae00000,0x00000000fbcd9370,0x00000000fc100000)
  to   space 20992K, 0% used [0x00000000f9980000,0x00000000f9980000,0x00000000fae00000)
 ParOldGen       total 62464K, used 25037K [0x00000000c0000000, 0x00000000c3d00000, 0x00000000eab00000)
  object space 62464K, 40% used [0x00000000c0000000,0x00000000c1873488,0x00000000c3d00000)
 Metaspace       used 42864K, capacity 44156K, committed 44376K, reserved 1087488K
  class space    used 5913K, capacity 6205K, committed 6232K, reserved 1048576K
Event: 18.325 GC heap after
Heap after GC invocations=15 (full 3):
 PSYoungGen      total 263680K, used 0K [0x00000000eab00000, 0x00000000fc400000, 0x0000000100000000)
  eden space 244224K, 0% used [0x00000000eab00000,0x00000000eab00000,0x00000000f9980000)
  from space 19456K, 0% used [0x00000000fae00000,0x00000000fae00000,0x00000000fc100000)
  to   space 20992K, 0% used [0x00000000f9980000,0x00000000f9980000,0x00000000fae00000)
 ParOldGen       total 62464K, used 34153K [0x00000000c0000000, 0x00000000c3d00000, 0x00000000eab00000)
  object space 62464K, 54% used [0x00000000c0000000,0x00000000c215a6d8,0x00000000c3d00000)
 Metaspace       used 42864K, capacity 44156K, committed 44376K, reserved 1087488K
  class space    used 5913K, capacity 6205K, committed 6232K, reserved 1048576K
}
Event: 1466.124 GC heap before
{Heap before GC invocations=16 (full 3):
 PSYoungGen      total 263680K, used 244224K [0x00000000eab00000, 0x00000000fc400000, 0x0000000100000000)
  eden space 244224K, 100% used [0x00000000eab00000,0x00000000f9980000,0x00000000f9980000)
  from space 19456K, 0% used [0x00000000fae00000,0x00000000fae00000,0x00000000fc100000)
  to   space 20992K, 0% used [0x00000000f9980000,0x00000000f9980000,0x00000000fae00000)
 ParOldGen       total 62464K, used 34153K [0x00000000c0000000, 0x00000000c3d00000, 0x00000000eab00000)
  object space 62464K, 54% used [0x00000000c0000000,0x00000000c215a6d8,0x00000000c3d00000)
 Metaspace       used 48908K, capacity 50394K, committed 50648K, reserved 1093632K
  class space    used 6550K, capacity 6851K, committed 6872K, reserved 1048576K

Deoptimization events (10 events):
Event: 1465.697 Thread 0x00007f3334006800 Uncommon trap: reason=bimorphic action=maybe_recompile pc=0x00007f337e8de6f4 method=com.sun.tools.javac.code.Types$19.visitClassType(Lcom/sun/tools/javac/code/Type$ClassType;Ljava/lang/Void;)Lcom/sun/tools/javac/util/List; @ 46
Event: 1465.846 Thread 0x00007f3334006800 Uncommon trap: reason=unstable_if action=reinterpret pc=0x00007f337e70aa6c method=com.sun.tools.javac.util.ListBuffer.append(Ljava/lang/Object;)Lcom/sun/tools/javac/util/ListBuffer; @ 9
Event: 1465.961 Thread 0x00007f3334006800 Uncommon trap: reason=bimorphic action=maybe_recompile pc=0x00007f337e8db93c method=com.sun.tools.javac.code.Type$ClassType.allparams()Lcom/sun/tools/javac/util/List; @ 9
Event: 1465.964 Thread 0x00007f3334006800 Uncommon trap: reason=bimorphic action=maybe_recompile pc=0x00007f337e8db93c method=com.sun.tools.javac.code.Type$ClassType.allparams()Lcom/sun/tools/javac/util/List; @ 9
Event: 1465.964 Thread 0x00007f3334006800 Uncommon trap: reason=bimorphic action=maybe_recompile pc=0x00007f337e8db93c method=com.sun.tools.javac.code.Type$ClassType.allparams()Lcom/sun/tools/javac/util/List; @ 9
Event: 1466.087 Thread 0x00007f3334006800 Uncommon trap: reason=unstable_if action=reinterpret pc=0x00007f337d86018c method=com.sun.tools.javac.tree.TreeInfo.isConstructor(Lcom/sun/tools/javac/tree/JCTree;)Z @ 7
Event: 1466.088 Thread 0x00007f3334006800 Uncommon trap: reason=class_check action=maybe_recompile pc=0x00007f337d966ecc method=com.sun.tools.javac.comp.MemberEnter.annotateLater(Lcom/sun/tools/javac/util/List;Lcom/sun/tools/javac/comp/Env;Lcom/sun/tools/javac/code/Symbol;Lcom/sun/tools/javac/uti
Event: 1466.090 Thread 0x00007f3334006800 Uncommon trap: reason=unstable_if action=reinterpret pc=0x00007f337e9eef7c method=com.sun.tools.javac.code.Types.capture(Lcom/sun/tools/javac/code/Type;)Lcom/sun/tools/javac/code/Type; @ 19
Event: 1466.098 Thread 0x00007f3334006800 Uncommon trap: reason=class_check action=maybe_recompile pc=0x00007f337d966ecc method=com.sun.tools.javac.comp.MemberEnter.annotateLater(Lcom/sun/tools/javac/util/List;Lcom/sun/tools/javac/comp/Env;Lcom/sun/tools/javac/code/Symbol;Lcom/sun/tools/javac/uti
Event: 1466.098 Thread 0x00007f3334006800 Uncommon trap: reason=class_check action=maybe_recompile pc=0x00007f337e9f7f18 method=com.sun.tools.javac.code.Type$ClassType.allparams()Lcom/sun/tools/javac/util/List; @ 16

Internal exceptions (10 events):
Event: 18.345 Thread 0x00007f333c02f000 Exception <a 'java/lang/NoSuchMethodError': <clinit>> (0x00000000eb3a8ca0) thrown at [/HUDSON/workspace/8-2-build-linux-amd64/jdk8u91/6644/hotspot/src/share/vm/prims/jni.cpp, line 1613]
Event: 18.346 Thread 0x00007f333c02f000 Exception <a 'java/lang/NoSuchMethodError': <clinit>> (0x00000000eb3b2920) thrown at [/HUDSON/workspace/8-2-build-linux-amd64/jdk8u91/6644/hotspot/src/share/vm/prims/jni.cpp, line 1613]
Event: 18.347 Thread 0x00007f333c02f000 Exception <a 'java/lang/NoSuchMethodError': <clinit>> (0x00000000eb3bb750) thrown at [/HUDSON/workspace/8-2-build-linux-amd64/jdk8u91/6644/hotspot/src/share/vm/prims/jni.cpp, line 1613]
Event: 18.363 Thread 0x00007f3334003800 Exception <a 'java/lang/NoSuchMethodError': <clinit>> (0x00000000eb5e3bb8) thrown at [/HUDSON/workspace/8-2-build-linux-amd64/jdk8u91/6644/hotspot/src/share/vm/prims/jni.cpp, line 1613]
Event: 1454.549 Thread 0x00007f3334006800 Exception <a 'java/lang/ClassNotFoundException': asLocalRepo14_588o04syqnvgkoxrinz8p9h4uBeanInfo> (0x00000000ebcccc60) thrown at [/HUDSON/workspace/8-2-build-linux-amd64/jdk8u91/6644/hotspot/src/share/vm/classfile/systemDictionary.cpp, line 210]
Event: 1454.551 Thread 0x00007f3334006800 Exception <a 'java/lang/ClassNotFoundException': asLocalRepo14_588o04syqnvgkoxrinz8p9h4uCustomizer> (0x00000000ebcd6578) thrown at [/HUDSON/workspace/8-2-build-linux-amd64/jdk8u91/6644/hotspot/src/share/vm/classfile/systemDictionary.cpp, line 210]
Event: 1459.227 Thread 0x00007f3334006800 Exception <a 'java/security/PrivilegedActionException'> (0x00000000f5583950) thrown at [/HUDSON/workspace/8-2-build-linux-amd64/jdk8u91/6644/hotspot/src/share/vm/prims/jvm.cpp, line 1386]
Event: 1459.227 Thread 0x00007f3334006800 Exception <a 'java/security/PrivilegedActionException'> (0x00000000f5584118) thrown at [/HUDSON/workspace/8-2-build-linux-amd64/jdk8u91/6644/hotspot/src/share/vm/prims/jvm.cpp, line 1386]
Event: 1459.981 Thread 0x00007f3334006800 Exception <a 'java/io/FileNotFoundException'> (0x00000000f7511058) thrown at [/HUDSON/workspace/8-2-build-linux-amd64/jdk8u91/6644/hotspot/src/share/vm/prims/jni.cpp, line 709]
Event: 1460.276 Thread 0x00007f3334006800 Implicit null exception at 0x00007f337e7bfb58 to 0x00007f337e7bfb92

Events (10 events):
Event: 1466.090 Thread 0x00007f3334006800 Uncommon trap: trap_request=0xffffff65 fr.pc=0x00007f337e9eef7c
Event: 1466.090 Thread 0x00007f3334006800 DEOPT PACKING pc=0x00007f337e9eef7c sp=0x00007f3346daf550
Event: 1466.090 Thread 0x00007f3334006800 DEOPT UNPACKING pc=0x00007f337d005229 sp=0x00007f3346daf510 mode 2
Event: 1466.098 Thread 0x00007f3334006800 Uncommon trap: trap_request=0xffffffde fr.pc=0x00007f337d966ecc
Event: 1466.098 Thread 0x00007f3334006800 DEOPT PACKING pc=0x00007f337d966ecc sp=0x00007f3346daf0e0
Event: 1466.098 Thread 0x00007f3334006800 DEOPT UNPACKING pc=0x00007f337d005229 sp=0x00007f3346daf0a0 mode 2
Event: 1466.098 Thread 0x00007f3334006800 Uncommon trap: trap_request=0xffffffde fr.pc=0x00007f337e9f7f18
Event: 1466.098 Thread 0x00007f3334006800 DEOPT PACKING pc=0x00007f337e9f7f18 sp=0x00007f3346daf4d0
Event: 1466.098 Thread 0x00007f3334006800 DEOPT UNPACKING pc=0x00007f337d005229 sp=0x00007f3346daf440 mode 2
Event: 1466.121 Executing VM operation: ParallelGCFailedAllocation


Dynamic libraries:
00400000-00401000 r-xp 00000000 08:02 6686124                            /usr/lib/jvm/java-8-oracle/bin/java
00600000-00601000 rw-p 00000000 08:02 6686124                            /usr/lib/jvm/java-8-oracle/bin/java
01ee6000-01f07000 rw-p 00000000 00:00 0                                  [heap]
c0000000-c3d00000 rw-p 00000000 00:00 0 
c3d00000-eab00000 ---p 00000000 00:00 0 
eab00000-fc400000 rw-p 00000000 00:00 0 
100000000-1006b6000 rw-p 00000000 00:00 0 
1006b6000-140000000 ---p 00000000 00:00 0 
7f330bda7000-7f330be68000 rw-p 00000000 00:00 0 
7f330be68000-7f330bfa8000 ---p 00000000 00:00 0 
7f330bfa8000-7f330bfac000 r--s 0001e000 08:02 4086504                    /home/yonatan/Etty/programing/androidAdvanced/FinalProject/LocationsApp/app/build/intermediates/exploded-aar/com.google.android.gms/play-services-plus/8.4.0/jars/classes.jar
7f330bfac000-7f330bfad000 r--s 00002000 08:02 3933648                    /home/yonatan/Etty/programing/androidAdvanced/FinalProject/LocationsApp/app/build/intermediates/exploded-aar/com.android.support/animated-vector-drawable/23.2.1/jars/classes.jar
7f330bfad000-7f330bfb5000 r--s 0004e000 08:02 3935255                    /home/yonatan/Etty/programing/androidAdvanced/FinalProject/LocationsApp/app/libs/apache-httpcomponents-httpclient.jar
7f330bfb5000-7f330bfb7000 r--s 0000e000 08:02 4086353                    /home/yonatan/Etty/programing/androidAdvanced/FinalProject/LocationsApp/app/build/intermediates/exploded-aar/com.google.android.gms/play-services-gcm/8.4.0/jars/classes.jar
7f330bfb7000-7f330bfba000 r--s 00015000 08:02 4086533                    /home/yonatan/Etty/programing/androidAdvanced/FinalProject/LocationsApp/app/build/intermediates/exploded-aar/com.google.android.gms/play-services-vision/8.4.0/jars/classes.jar
7f330bfba000-7f330bfbc000 r--s 00002000 08:02 4086500                    /home/yonatan/Etty/programing/androidAdvanced/FinalProject/LocationsApp/app/build/intermediates/exploded-aar/com.google.android.gms/play-services-panorama/8.4.0/jars/classes.jar
7f330bfbc000-7f330bfc6000 r--s 00045000 08:02 3985822                    /home/yonatan/Etty/programing/androidAdvanced/FinalProject/LocationsApp/app/build/intermediates/exploded-aar/com.android.support/support-v4/23.2.1/jars/libs/internal_impl-23.2.1.jar
7f330bfc6000-7f330bfc7000 r--s 00009000 08:02 3985825                    /home/yonatan/Etty/programing/androidAdvanced/FinalProject/LocationsApp/app/build/intermediates/exploded-aar/com.android.support/support-vector-drawable/23.2.1/jars/classes.jar
7f330bfc7000-7f330bfcb000 r--s 00029000 08:02 4086492                    /home/yonatan/Etty/programing/androidAdvanced/FinalProject/LocationsApp/app/build/intermediates/exploded-aar/com.google.android.gms/play-services-measurement/8.4.0/jars/classes.jar
7f330bfcb000-7f330bfcf000 r--s 00025000 08:02 3985613                    /home/yonatan/Etty/programing/androidAdvanced/FinalProject/LocationsApp/app/build/intermediates/exploded-aar/com.android.support/mediarouter-v7/23.0.0/jars/classes.jar
7f330bfcf000-7f330bfd2000 r--s 00013000 08:02 3985867                    /home/yonatan/Etty/programing/androidAdvanced/FinalProject/LocationsApp/app/build/intermediates/exploded-aar/com.google.android.gms/play-services-base/8.4.0/jars/classes.jar
7f330bfd2000-7f330bfe8000 r--s 000f0000 08:02 3985820                    /home/yonatan/Etty/programing/androidAdvanced/FinalProject/LocationsApp/app/build/intermediates/exploded-aar/com.android.support/support-v4/23.2.1/jars/classes.jar
7f330bfe8000-7f330bfed000 r--s 00025000 08:02 4086537                    /home/yonatan/Etty/programing/androidAdvanced/FinalProject/LocationsApp/app/build/intermediates/exploded-aar/com.google.android.gms/play-services-wallet/8.4.0/jars/classes.jar
7f330bfed000-7f330bff4000 r--s 00036000 08:02 4086361                    /home/yonatan/Etty/programing/androidAdvanced/FinalProject/LocationsApp/app/build/intermediates/exploded-aar/com.google.android.gms/play-services-location/8.4.0/jars/classes.jar
7f330bff4000-7f330bff5000 r--s 00000000 08:02 3985859                    /home/yonatan/Etty/programing/androidAdvanced/FinalProject/LocationsApp/app/build/intermediates/exploded-aar/com.google.android.gms/play-services-appstate/8.4.0/jars/classes.jar
7f330bff5000-7f330bff7000 r--s 00005000 08:02 3985852                    /home/yonatan/Etty/programing/androidAdvanced/FinalProject/LocationsApp/app/build/intermediates/exploded-aar/com.google.android.gms/play-services-appinvite/8.4.0/jars/classes.jar
7f330bff7000-7f330c000000 r--s 00055000 08:02 4085759                    /home/yonatan/Etty/programing/androidAdvanced/FinalProject/LocationsApp/app/build/intermediates/exploded-aar/com.google.android.gms/play-services-fitness/8.4.0/jars/classes.jar
7f330c000000-7f330c021000 rw-p 00000000 00:00 0 
7f330c021000-7f3310000000 ---p 00000000 00:00 0 
7f3310000000-7f3310021000 rw-p 00000000 00:00 0 
7f3310021000-7f3314000000 ---p 00000000 00:00 0 
7f3314000000-7f3314021000 rw-p 00000000 00:00 0 
7f3314021000-7f3318000000 ---p 00000000 00:00 0 
7f3318000000-7f3318021000 rw-p 00000000 00:00 0 
7f3318021000-7f331c000000 ---p 00000000 00:00 0 
7f331c000000-7f331c021000 rw-p 00000000 00:00 0 
7f331c021000-7f3320000000 ---p 00000000 00:00 0 
7f3320000000-7f3320021000 rw-p 00000000 00:00 0 
7f3320021000-7f3324000000 ---p 00000000 00:00 0 
7f3324000000-7f3324021000 rw-p 00000000 00:00 0 
7f3324021000-7f3328000000 ---p 00000000 00:00 0 
7f3328000000-7f3328021000 rw-p 00000000 00:00 0 
7f3328021000-7f332c000000 ---p 00000000 00:00 0 
7f332c000000-7f332c021000 rw-p 00000000 00:00 0 
7f332c021000-7f3330000000 ---p 00000000 00:00 0 
7f3330000000-7f3331030000 rw-p 00000000 00:00 0 
7f3331030000-7f3334000000 ---p 00000000 00:00 0 
7f3334000000-7f3334021000 rw-p 00000000 00:00 0 
7f3334021000-7f3338000000 ---p 00000000 00:00 0 
7f3338000000-7f33384a1000 rw-p 00000000 00:00 0 
7f33384a1000-7f333c000000 ---p 00000000 00:00 0 
7f333c000000-7f333c06a000 rw-p 00000000 00:00 0 
7f333c06a000-7f3340000000 ---p 00000000 00:00 0 
7f3340000000-7f3340021000 rw-p 00000000 00:00 0 
7f3340021000-7f3344000000 ---p 00000000 00:00 0 
7f3344000000-7f3344002000 r--s 00004000 08:02 4086357                    /home/yonatan/Etty/programing/androidAdvanced/FinalProject/LocationsApp/app/build/intermediates/exploded-aar/com.google.android.gms/play-services-identity/8.4.0/jars/classes.jar
7f3344002000-7f3344003000 r--s 00004000 08:02 3985614                    /home/yonatan/Etty/programing/androidAdvanced/FinalProject/LocationsApp/app/build/intermediates/exploded-aar/com.android.support/mediarouter-v7/23.0.0/jars/libs/internal_impl-23.0.0.jar
7f3344003000-7f334400b000 r--s 0003f000 08:02 4086487                    /home/yonatan/Etty/programing/androidAdvanced/FinalProject/LocationsApp/app/build/intermediates/exploded-aar/com.google.android.gms/play-services-maps/8.4.0/jars/classes.jar
7f334400b000-7f3344022000 r--s 0008b000 08:02 4085807                    /home/yonatan/Etty/programing/androidAdvanced/FinalProject/LocationsApp/app/build/intermediates/exploded-aar/com.google.android.gms/play-services-games/8.4.0/jars/classes.jar
7f3344022000-7f3344028000 r--s 0002c000 08:02 4085704                    /home/yonatan/Etty/programing/androidAdvanced/FinalProject/LocationsApp/app/build/intermediates/exploded-aar/com.google.android.gms/play-services-cast/8.4.0/jars/classes.jar
7f3344028000-7f334402b000 r--s 00011000 08:02 3985846                    /home/yonatan/Etty/programing/androidAdvanced/FinalProject/LocationsApp/app/build/intermediates/exploded-aar/com.google.android.gms/play-services-appindexing/8.4.0/jars/classes.jar
7f334402b000-7f3344032000 r--s 0002e000 08:02 4086496                    /home/yonatan/Etty/programing/androidAdvanced/FinalProject/LocationsApp/app/build/intermediates/exploded-aar/com.google.android.gms/play-services-nearby/8.4.0/jars/classes.jar
7f3344032000-7f334403a000 r--s 00038000 08:02 4088392                    /home/yonatan/Etty/programing/androidAdvanced/FinalProject/LocationsApp/app/build/intermediates/exploded-aar/com.google.android.gms/play-services-wearable/8.4.0/jars/classes.jar
7f334403a000-7f3344052000 r--s 000f5000 08:02 3985831                    /home/yonatan/Etty/programing/androidAdvanced/FinalProject/LocationsApp/app/build/intermediates/exploded-aar/com.google.android.gms/play-services-ads/8.4.0/jars/classes.jar
7f3344052000-7f334405f000 r--s 00066000 08:02 4085747                    /home/yonatan/Etty/programing/androidAdvanced/FinalProject/LocationsApp/app/build/intermediates/exploded-aar/com.google.android.gms/play-services-drive/8.4.0/jars/classes.jar
7f334405f000-7f334406c000 r--s 0006e000 08:02 4085569                    /home/yonatan/Etty/programing/androidAdvanced/FinalProject/LocationsApp/app/build/intermediates/exploded-aar/com.google.android.gms/play-services-basement/8.4.0/jars/classes.jar
7f334406c000-7f3344075000 r--s 0005a000 08:02 3985840                    /home/yonatan/Etty/programing/androidAdvanced/FinalProject/LocationsApp/app/build/intermediates/exploded-aar/com.google.android.gms/play-services-analytics/8.4.0/jars/classes.jar
7f3344075000-7f334407e000 r--s 0008b000 08:02 3934357                    /home/yonatan/Etty/programing/androidAdvanced/FinalProject/LocationsApp/app/build/intermediates/exploded-aar/com.android.support/appcompat-v7/23.2.1/jars/classes.jar
7f334407e000-7f3344083000 r--s 0001c000 08:02 3985863                    /home/yonatan/Etty/programing/androidAdvanced/FinalProject/LocationsApp/app/build/intermediates/exploded-aar/com.google.android.gms/play-services-auth/8.4.0/jars/classes.jar
7f3344083000-7f3344085000 r--s 00003000 08:02 4090268                    /home/yonatan/Android/Sdk/extras/android/m2repository/com/android/support/support-annotations/23.2.1/support-annotations-23.2.1.jar
7f3344085000-7f334408a000 r--s 00028000 08:02 3986203                    /home/yonatan/Etty/programing/androidAdvanced/FinalProject/LocationsApp/app/libs/apache-httpcomponents-httpcore.jar
7f334408a000-7f334408c000 r--s 00004000 08:02 4086528                    /home/yonatan/Etty/programing/androidAdvanced/FinalProject/LocationsApp/app/build/intermediates/exploded-aar/com.google.android.gms/play-services-safetynet/8.4.0/jars/classes.jar
7f334408c000-7f334428c000 rw-p 00000000 00:00 0 
7f334428c000-7f334448c000 rw-p 00000000 00:00 0 
7f334448c000-7f334448f000 ---p 00000000 00:00 0 
7f334448f000-7f334478d000 rw-p 00000000 00:00 0 
7f334478d000-7f3344790000 ---p 00000000 00:00 0 
7f3344790000-7f334488e000 rw-p 00000000 00:00 0 
7f334488e000-7f3344891000 ---p 00000000 00:00 0 
7f3344891000-7f334498f000 rw-p 00000000 00:00 0 
7f334498f000-7f3344992000 ---p 00000000 00:00 0 
7f3344992000-7f3344c90000 rw-p 00000000 00:00 0 
7f3344c90000-7f3344c93000 ---p 00000000 00:00 0 
7f3344c93000-7f3344d91000 rw-p 00000000 00:00 0 
7f3344d91000-7f3344da4000 r--s 00344000 08:02 6695306                    /usr/lib/jvm/java-8-oracle/jre/lib/resources.jar
7f3344da4000-7f3344fa4000 rw-p 00000000 00:00 0 
7f3344fa4000-7f33451a4000 rw-p 00000000 00:00 0 
7f33451a4000-7f33453a4000 rw-p 00000000 00:00 0 
7f33453a4000-7f33455a4000 rw-p 00000000 00:00 0 
7f33455a4000-7f33455ad000 r-xp 00000000 08:02 6706421                    /usr/lib/jvm/java-8-oracle/jre/lib/amd64/libmanagement.so
7f33455ad000-7f33457ac000 ---p 00009000 08:02 6706421                    /usr/lib/jvm/java-8-oracle/jre/lib/amd64/libmanagement.so
7f33457ac000-7f33457ad000 rw-p 00008000 08:02 6706421                    /usr/lib/jvm/java-8-oracle/jre/lib/amd64/libmanagement.so
7f33457ad000-7f33459ad000 rw-p 00000000 00:00 0 
7f33459ad000-7f33459ae000 r--s 00004000 08:02 1974130                    /home/yonatan/android-studio/gradle/m2repository/com/intellij/annotations/12.0/annotations-12.0.jar
7f33459ae000-7f33459b0000 r--s 0000d000 08:02 2099652                    /home/yonatan/android-studio/gradle/m2repository/commons-codec/commons-codec/1.4/commons-codec-1.4.jar
7f33459b0000-7f33459b2000 r--s 0000d000 08:02 7085010                    /home/yonatan/android-studio/gradle/m2repository/commons-logging/commons-logging/1.1.1/commons-logging-1.1.1.jar
7f33459b2000-7f33459b7000 r--s 00028000 08:02 1190125                    /home/yonatan/android-studio/gradle/m2repository/org/apache/httpcomponents/httpcore/4.1/httpcore-4.1.jar
7f33459b7000-7f33459bf000 r--s 000a8000 08:02 3680645                    /home/yonatan/android-studio/gradle/m2repository/com/android/tools/external/lombok/lombok-ast/0.2.3/lombok-ast-0.2.3.jar
7f33459bf000-7f33459c1000 r--s 00005000 08:02 1190131                    /home/yonatan/android-studio/gradle/m2repository/org/abego/treelayout/org.abego.treelayout.core/1.0.1/org.abego.treelayout.core-1.0.1.jar
7f33459c1000-7f33459c2000 r--s 0000a000 08:02 1324118                    /home/yonatan/android-studio/gradle/m2repository/net/sf/kxml/kxml2/2.3.0/kxml2-2.3.0.jar
7f33459c2000-7f33459c3000 r--s 00005000 08:02 3022660                    /home/yonatan/android-studio/gradle/m2repository/com/android/tools/dvlib/24.5.0/dvlib-24.5.0.jar
7f33459c3000-7f33459ca000 r--s 00053000 08:02 2971                       /home/yonatan/android-studio/gradle/m2repository/org/apache/commons/commons-compress/1.8.1/commons-compress-1.8.1.jar
7f33459ca000-7f33459cf000 r--s 0002a000 08:02 1709701                    /home/yonatan/android-studio/gradle/m2repository/com/google/code/gson/gson/2.2.4/gson-2.2.4.jar
7f33459cf000-7f33459d2000 r--s 00013000 08:02 1709708                    /home/yonatan/android-studio/gradle/m2repository/com/android/tools/layoutlib/layoutlib-api/24.5.0/layoutlib-api-24.5.0.jar
7f33459d2000-7f33459d4000 r--s 00005000 08:02 1190116                    /home/yonatan/android-studio/gradle/m2repository/org/apache/httpcomponents/httpmime/4.1/httpmime-4.1.jar
7f33459d4000-7f33459dc000 r--s 0004e000 08:02 1062280                    /home/yonatan/android-studio/gradle/m2repository/org/apache/httpcomponents/httpclient/4.1.1/httpclient-4.1.1.jar
7f33459dc000-7f33459df000 r--s 0002d000 08:02 3680604                    /home/yonatan/android-studio/gradle/m2repository/com/android/tools/lint/lint-api/24.5.0/lint-api-24.5.0.jar
7f33459df000-7f33459e0000 r--s 00004000 08:02 7084992                    /home/yonatan/android-studio/gradle/m2repository/org/ow2/asm/asm-analysis/5.0.3/asm-analysis-5.0.3.jar
7f33459e0000-7f33459e4000 r--s 00037000 08:02 7219961                    /home/yonatan/android-studio/gradle/m2repository/org/antlr/ST4/4.0.8/ST4-4.0.8.jar
7f33459e4000-7f33459e5000 r--s 00002000 08:02 2630161                    /home/yonatan/android-studio/gradle/m2repository/com/tunnelvisionlabs/antlr4-annotations/4.5/antlr4-annotations-4.5.jar
7f33459e5000-7f33459ec000 r--s 00062000 08:02 2367649                    /home/yonatan/android-studio/gradle/m2repository/com/tunnelvisionlabs/antlr4-runtime/4.5/antlr4-runtime-4.5.jar
7f33459ec000-7f33459fa000 r--s 00081000 08:02 7350766                    /home/yonatan/android-studio/gradle/m2repository/org/bouncycastle/bcpkix-jdk15on/1.48/bcpkix-jdk15on-1.48.jar
7f33459fa000-7f33459fc000 r--s 00005000 08:02 3416305                    /home/yonatan/android-studio/gradle/m2repository/com/android/tools/jill/jill-api/0.9.0/jill-api-0.9.0.jar
7f33459fc000-7f3345a00000 r--s 00027000 08:02 7219976                    /home/yonatan/android-studio/gradle/m2repository/com/android/tools/build/manifest-merger/24.5.0/manifest-merger-24.5.0.jar
7f3345a00000-7f3345a05000 r--s 00047000 08:02 3680638                    /home/yonatan/android-studio/gradle/m2repository/com/android/tools/ddms/ddmlib/24.5.0/ddmlib-24.5.0.jar
7f3345a05000-7f3345a07000 r--s 00006000 08:02 3680630                    /home/yonatan/android-studio/gradle/m2repository/com/android/tools/jack/jack-api/0.9.0/jack-api-0.9.0.jar
7f3345a07000-7f3345a08000 r--s 0000c000 08:02 6960480                    /home/yonatan/android-studio/gradle/m2repository/org/ow2/asm/asm/5.0.3/asm-5.0.3.jar
7f3345a08000-7f3345a09000 r--s 00002000 08:02 1190139                    /home/yonatan/android-studio/gradle/m2repository/com/android/tools/build/builder-test-api/1.5.0/builder-test-api-1.5.0.jar
7f3345a09000-7f3345a0c000 r--s 00026000 08:02 7219955                    /home/yonatan/android-studio/gradle/m2repository/org/antlr/antlr-runtime/3.5.2/antlr-runtime-3.5.2.jar
7f3345a0c000-7f3345a16000 r--s 000ab000 08:02 3546338                    /home/yonatan/android-studio/gradle/m2repository/com/android/tools/sdklib/24.5.0/sdklib-24.5.0.jar
7f3345a16000-7f3345a18000 r--s 00002000 08:02 1709714                    /home/yonatan/android-studio/gradle/m2repository/com/squareup/javawriter/2.5.0/javawriter-2.5.0.jar
7f3345a18000-7f3345a1a000 r--s 00016000 08:02 3936509                    /home/yonatan/android-studio/gradle/m2repository/com/android/tools/common/24.5.0/common-24.5.0.jar
7f3345a1a000-7f3345a1c000 r--s 00006000 08:02 6960492                    /home/yonatan/android-studio/gradle/m2repository/org/ow2/asm/asm-tree/5.0.3/asm-tree-5.0.3.jar
7f3345a1c000-7f3345a1e000 r--s 00005000 08:02 2983                       /home/yonatan/android-studio/gradle/m2repository/com/android/tools/build/builder-model/1.5.0/builder-model-1.5.0.jar
7f3345a1e000-7f3345a51000 r--s 00203000 08:02 2963                       /home/yonatan/android-studio/gradle/m2repository/org/bouncycastle/bcprov-jdk15on/1.48/bcprov-jdk15on-1.48.jar
7f3345a51000-7f3345a59000 r--s 00079000 08:02 3680662                    /home/yonatan/android-studio/gradle/m2repository/com/android/tools/sdk-common/24.5.0/sdk-common-24.5.0.jar
7f3345a59000-7f3345a6b000 r--s 00223000 08:02 7350760                    /home/yonatan/android-studio/gradle/m2repository/org/eclipse/jdt/core/compiler/ecj/4.4.2/ecj-4.4.2.jar
7f3345a6b000-7f3345a71000 r--s 000af000 08:02 3680623                    /home/yonatan/android-studio/gradle/m2repository/com/android/tools/lint/lint-checks/24.5.0/lint-checks-24.5.0.jar
7f3345a71000-7f3345a81000 r--s 000d6000 08:02 1324130                    /home/yonatan/android-studio/gradle/m2repository/net/sf/proguard/proguard-base/5.2.1/proguard-base-5.2.1.jar
7f3345a81000-7f3345a82000 r--s 00002000 08:02 3546343                    /home/yonatan/android-studio/gradle/m2repository/com/android/databinding/baseLibrary/1.0-rc5/baseLibrary-1.0-rc5.jar
7f3345a82000-7f3345a86000 r--s 0002a000 08:02 3935380                    /home/yonatan/android-studio/gradle/m2repository/commons-io/commons-io/2.4/commons-io-2.4.jar
7f3345a86000-7f3345a90000 r--s 00099000 08:02 2498790                    /home/yonatan/android-studio/gradle/m2repository/com/tunnelvisionlabs/antlr4/4.5/antlr4-4.5.jar
7f3345a90000-7f3345a97000 r--s 0005e000 08:02 924291                     /home/yonatan/android-studio/gradle/m2repository/org/apache/commons/commons-lang3/3.3.2/commons-lang3-3.3.2.jar
7f3345a97000-7f3345a9a000 r--s 00033000 08:02 2756930                    /home/yonatan/android-studio/gradle/m2repository/com/googlecode/juniversalchardet/juniversalchardet/1.0.3/juniversalchardet-1.0.3.jar
7f3345a9a000-7f3345a9b000 r--s 00001000 08:02 3150050                    /home/yonatan/android-studio/gradle/m2repository/com/android/tools/annotations/24.5.0/annotations-24.5.0.jar
7f3345a9b000-7f3345ac6000 r--s 001f9000 08:02 1974125                    /home/yonatan/android-studio/gradle/m2repository/com/google/guava/guava/17.0/guava-17.0.jar
7f3345ac6000-7f3345acb000 r--s 00058000 08:02 7084984                    /home/yonatan/android-studio/gradle/m2repository/org/ow2/asm/asm-debug-all/5.0.1/asm-debug-all-5.0.1.jar
7f3345acb000-7f3345ad1000 r--s 0005a000 08:02 7350773                    /home/yonatan/android-studio/gradle/m2repository/com/android/tools/build/builder/1.5.0/builder-1.5.0.jar
7f3345ad1000-7f3345ad3000 r--s 00022000 08:02 3680614                    /home/yonatan/android-studio/gradle/m2repository/com/android/tools/lint/lint/24.5.0/lint-24.5.0.jar
7f3345ad3000-7f3345ad4000 r--s 00002000 08:02 1324145                    /home/yonatan/android-studio/gradle/m2repository/net/sf/proguard/proguard-gradle/5.2.1/proguard-gradle-5.2.1.jar
7f3345ad4000-7f3345ad8000 r--s 00026000 08:02 3150056                    /home/yonatan/android-studio/gradle/m2repository/com/android/databinding/compilerCommon/1.0-rc5/compilerCommon-1.0-rc5.jar
7f3345ad8000-7f3345ada000 r--s 00001000 08:02 1451397                    /home/yonatan/android-studio/gradle/m2repository/com/android/tools/build/transform-api/1.5.0/transform-api-1.5.0.jar
7f3345ada000-7f3345ade000 r--s 0001e000 08:02 7219968                    /home/yonatan/android-studio/gradle/m2repository/org/jacoco/org.jacoco.core/0.7.4.201502262128/org.jacoco.core-0.7.4.201502262128.jar
7f3345ade000-7f3345af5000 r--s 0012c000 08:02 6960496                    /home/yonatan/android-studio/gradle/m2repository/com/android/tools/build/gradle-core/1.5.0/gradle-core-1.5.0.jar
7f3345af5000-7f3345af7000 r--s 0000d000 08:02 1062298                    /home/yonatan/android-studio/gradle/m2repository/com/android/tools/build/gradle/1.5.0/gradle-1.5.0.jar
7f3345af7000-7f3345cf7000 rw-p 00000000 00:00 0 
7f3345cf7000-7f3345ef7000 rw-p 00000000 00:00 0 
7f3345ef7000-7f3345efa000 ---p 00000000 00:00 0 
7f3345efa000-7f33461f8000 rw-p 00000000 00:00 0                          [stack:16920]
7f33461f8000-7f33461fb000 ---p 00000000 00:00 0 
7f33461fb000-7f3346231000 rw-p 00000000 00:00 0 
7f3346231000-7f3346232000 r--p 00000000 00:00 0 
7f3346232000-7f3346432000 rw-p 00000000 00:00 0 
7f3346432000-7f3346632000 rw-p 00000000 00:00 0 
7f3346632000-7f3346832000 rw-p 00000000 00:00 0 
7f3346832000-7f33468ab000 r--s 010e3000 08:02 6708273                    /usr/lib/jvm/java-8-oracle/lib/tools.jar
7f33468ab000-7f3346aab000 rw-p 00000000 00:00 0 
7f3346aab000-7f3346aae000 ---p 00000000 00:00 0 
7f3346aae000-7f3346bac000 rw-p 00000000 00:00 0                          [stack:17277]
7f3346bac000-7f3346bb3000 r--s 00000000 08:02 6967711                    /usr/lib/x86_64-linux-gnu/gconv/gconv-modules.cache
7f3346bb3000-7f3346bb6000 ---p 00000000 00:00 0 
7f3346bb6000-7f3346cb4000 rw-p 00000000 00:00 0                          [stack:17272]
7f3346cb4000-7f3346cb7000 ---p 00000000 00:00 0 
7f3346cb7000-7f3346db5000 rw-p 00000000 00:00 0                          [stack:17274]
7f3346db5000-7f3346db8000 ---p 00000000 00:00 0 
7f3346db8000-7f3346eb6000 rw-p 00000000 00:00 0                          [stack:17273]
7f3346eb6000-7f3346eb9000 ---p 00000000 00:00 0 
7f3346eb9000-7f33471b7000 rw-p 00000000 00:00 0                          [stack:17271]
7f33471b7000-7f33471ba000 ---p 00000000 00:00 0 
7f33471ba000-7f33472b8000 rw-p 00000000 00:00 0                          [stack:16906]
7f33472b8000-7f33472bc000 r--s 00097000 08:02 6705196                    /usr/lib/jvm/java-8-oracle/jre/lib/jsse.jar
7f33472bc000-7f33472be000 r--s 00005000 08:02 1586180                    /home/yonatan/.gradle/wrapper/dists/gradle-2.8-all/ah86jmo43de9lfa8xg9ux3c4h/gradle-2.8/lib/plugins/gradle-tooling-api-builders-2.8.jar
7f33472be000-7f33472ce000 r--s 00088000 08:02 1586212                    /home/yonatan/.gradle/wrapper/dists/gradle-2.8-all/ah86jmo43de9lfa8xg9ux3c4h/gradle-2.8/lib/plugins/joda-time-2.8.2.jar
7f33472ce000-7f33472df000 r--s 000cf000 08:02 1586211                    /home/yonatan/.gradle/wrapper/dists/gradle-2.8-all/ah86jmo43de9lfa8xg9ux3c4h/gradle-2.8/lib/plugins/jackson-databind-2.3.2.jar
7f33472df000-7f33472e1000 r--s 00007000 08:02 1586210                    /home/yonatan/.gradle/wrapper/dists/gradle-2.8-all/ah86jmo43de9lfa8xg9ux3c4h/gradle-2.8/lib/plugins/jackson-annotations-2.3.2.jar
7f33472e1000-7f33472e4000 r--s 0002e000 08:02 1586209                    /home/yonatan/.gradle/wrapper/dists/gradle-2.8-all/ah86jmo43de9lfa8xg9ux3c4h/gradle-2.8/lib/plugins/jackson-core-2.3.2.jar
7f33472e4000-7f33472ef000 r--s 0006b000 08:02 1586208                    /home/yonatan/.gradle/wrapper/dists/gradle-2.8-all/ah86jmo43de9lfa8xg9ux3c4h/gradle-2.8/lib/plugins/aws-java-sdk-core-1.9.19.jar
7f33472ef000-7f33472f5000 r--s 00036000 08:02 1586207                    /home/yonatan/.gradle/wrapper/dists/gradle-2.8-all/ah86jmo43de9lfa8xg9ux3c4h/gradle-2.8/lib/plugins/aws-java-sdk-kms-1.9.19.jar
7f33472f5000-7f3347300000 r--s 00079000 08:02 1586206                    /home/yonatan/.gradle/wrapper/dists/gradle-2.8-all/ah86jmo43de9lfa8xg9ux3c4h/gradle-2.8/lib/plugins/aws-java-sdk-s3-1.9.19.jar
7f3347300000-7f3347301000 r--s 00003000 08:02 1586179                    /home/yonatan/.gradle/wrapper/dists/gradle-2.8-all/ah86jmo43de9lfa8xg9ux3c4h/gradle-2.8/lib/plugins/gradle-resources-s3-2.8.jar
7f3347301000-7f3347302000 r--s 00004000 08:02 1586178                    /home/yonatan/.gradle/wrapper/dists/gradle-2.8-all/ah86jmo43de9lfa8xg9ux3c4h/gradle-2.8/lib/plugins/gradle-resources-sftp-2.8.jar
7f3347302000-7f3347303000 r--s 00001000 08:02 1586175                    /home/yonatan/.gradle/wrapper/dists/gradle-2.8-all/ah86jmo43de9lfa8xg9ux3c4h/gradle-2.8/lib/plugins/gradle-plugin-development-2.8.jar
7f3347303000-7f3347305000 r--s 00005000 08:02 1586174                    /home/yonatan/.gradle/wrapper/dists/gradle-2.8-all/ah86jmo43de9lfa8xg9ux3c4h/gradle-2.8/lib/plugins/gradle-testing-native-2.8.jar
7f3347305000-7f334730a000 r--s 0002b000 08:02 1586173                    /home/yonatan/.gradle/wrapper/dists/gradle-2.8-all/ah86jmo43de9lfa8xg9ux3c4h/gradle-2.8/lib/plugins/gradle-ide-native-2.8.jar
7f334730a000-7f3347310000 r--s 00019000 08:02 1586172                    /home/yonatan/.gradle/wrapper/dists/gradle-2.8-all/ah86jmo43de9lfa8xg9ux3c4h/gradle-2.8/lib/plugins/gradle-language-native-2.8.jar
7f3347310000-7f3347315000 r--s 00028000 08:02 1586171                    /home/yonatan/.gradle/wrapper/dists/gradle-2.8-all/ah86jmo43de9lfa8xg9ux3c4h/gradle-2.8/lib/plugins/gradle-platform-play-2.8.jar
7f3347315000-7f3347322000 r--s 0004f000 08:02 1586170                    /home/yonatan/.gradle/wrapper/dists/gradle-2.8-all/ah86jmo43de9lfa8xg9ux3c4h/gradle-2.8/lib/plugins/gradle-platform-native-2.8.jar
7f3347322000-7f3347325000 r--s 00008000 08:02 1586169                    /home/yonatan/.gradle/wrapper/dists/gradle-2.8-all/ah86jmo43de9lfa8xg9ux3c4h/gradle-2.8/lib/plugins/gradle-language-scala-2.8.jar
7f3347325000-7f3347328000 r--s 00009000 08:02 1586168                    /home/yonatan/.gradle/wrapper/dists/gradle-2.8-all/ah86jmo43de9lfa8xg9ux3c4h/gradle-2.8/lib/plugins/gradle-language-groovy-2.8.jar
7f3347328000-7f334732e000 r--s 00023000 08:02 1586167                    /home/yonatan/.gradle/wrapper/dists/gradle-2.8-all/ah86jmo43de9lfa8xg9ux3c4h/gradle-2.8/lib/plugins/gradle-language-java-2.8.jar
7f334732e000-7f3347330000 r--s 00008000 08:02 1586166                    /home/yonatan/.gradle/wrapper/dists/gradle-2.8-all/ah86jmo43de9lfa8xg9ux3c4h/gradle-2.8/lib/plugins/gradle-language-jvm-2.8.jar
7f3347330000-7f3347333000 r--s 0000d000 08:02 1586165                    /home/yonatan/.gradle/wrapper/dists/gradle-2.8-all/ah86jmo43de9lfa8xg9ux3c4h/gradle-2.8/lib/plugins/gradle-platform-jvm-2.8.jar
7f3347333000-7f334733b000 r--s 0002c000 08:02 1586164                    /home/yonatan/.gradle/wrapper/dists/gradle-2.8-all/ah86jmo43de9lfa8xg9ux3c4h/gradle-2.8/lib/plugins/gradle-platform-base-2.8.jar
7f334733b000-7f334733f000 r--s 00020000 08:02 1586163                    /home/yonatan/.gradle/wrapper/dists/gradle-2.8-all/ah86jmo43de9lfa8xg9ux3c4h/gradle-2.8/lib/plugins/gradle-build-init-2.8.jar
7f334733f000-7f3347342000 r--s 00017000 08:02 1586162                    /home/yonatan/.gradle/wrapper/dists/gradle-2.8-all/ah86jmo43de9lfa8xg9ux3c4h/gradle-2.8/lib/plugins/gradle-jacoco-2.8.jar
7f3347342000-7f3347345000 r--s 0000e000 08:02 1586161                    /home/yonatan/.gradle/wrapper/dists/gradle-2.8-all/ah86jmo43de9lfa8xg9ux3c4h/gradle-2.8/lib/plugins/gradle-ivy-2.8.jar
7f3347345000-7f3347347000 r--s 00002000 08:02 1586160                    /home/yonatan/.gradle/wrapper/dists/gradle-2.8-all/ah86jmo43de9lfa8xg9ux3c4h/gradle-2.8/lib/plugins/gradle-publish-2.8.jar
7f3347347000-7f3347349000 r--s 00005000 08:02 1586202                    /home/yonatan/.gradle/wrapper/dists/gradle-2.8-all/ah86jmo43de9lfa8xg9ux3c4h/gradle-2.8/lib/plugins/jatl-0.2.2.jar
7f3347349000-7f334734b000 r--s 0000f000 08:02 1586159                    /home/yonatan/.gradle/wrapper/dists/gradle-2.8-all/ah86jmo43de9lfa8xg9ux3c4h/gradle-2.8/lib/plugins/gradle-reporting-2.8.jar
7f334734b000-7f3347350000 r--s 00035000 08:02 1586158                    /home/yonatan/.gradle/wrapper/dists/gradle-2.8-all/ah86jmo43de9lfa8xg9ux3c4h/gradle-2.8/lib/plugins/gradle-diagnostics-2.8.jar
7f3347350000-7f3347357000 r--s 0008f000 08:02 1586157                    /home/yonatan/.gradle/wrapper/dists/gradle-2.8-all/ah86jmo43de9lfa8xg9ux3c4h/gradle-2.8/lib/plugins/gradle-build-comparison-2.8.jar
7f3347357000-7f334735e000 r--s 00035000 08:02 1586201                    /home/yonatan/.gradle/wrapper/dists/gradle-2.8-all/ah86jmo43de9lfa8xg9ux3c4h/gradle-2.8/lib/plugins/simple-4.1.21.jar
7f334735e000-7f334736a000 r--s 00100000 08:02 1586199                    /home/yonatan/.gradle/wrapper/dists/gradle-2.8-all/ah86jmo43de9lfa8xg9ux3c4h/gradle-2.8/lib/plugins/rhino-1.7R3.jar
7f334736a000-7f334736e000 r--s 0001c000 08:02 1586156                    /home/yonatan/.gradle/wrapper/dists/gradle-2.8-all/ah86jmo43de9lfa8xg9ux3c4h/gradle-2.8/lib/plugins/gradle-javascript-2.8.jar
7f334736e000-7f3347370000 r--s 0000b000 08:02 1586155                    /home/yonatan/.gradle/wrapper/dists/gradle-2.8-all/ah86jmo43de9lfa8xg9ux3c4h/gradle-2.8/lib/plugins/gradle-ear-2.8.jar
7f3347370000-7f3347377000 r--s 00038000 08:02 1586198                    /home/yonatan/.gradle/wrapper/dists/gradle-2.8-all/ah86jmo43de9lfa8xg9ux3c4h/gradle-2.8/lib/plugins/bcpg-jdk15on-1.51.jar
7f3347377000-7f3347379000 r--s 00017000 08:02 1586154                    /home/yonatan/.gradle/wrapper/dists/gradle-2.8-all/ah86jmo43de9lfa8xg9ux3c4h/gradle-2.8/lib/plugins/gradle-signing-2.8.jar
7f3347379000-7f334737a000 r--s 00002000 08:02 1586197                    /home/yonatan/.gradle/wrapper/dists/gradle-2.8-all/ah86jmo43de9lfa8xg9ux3c4h/gradle-2.8/lib/plugins/sonar-batch-bootstrapper-2.9.jar
7f334737a000-7f334737d000 r--s 00015000 08:02 1586153                    /home/yonatan/.gradle/wrapper/dists/gradle-2.8-all/ah86jmo43de9lfa8xg9ux3c4h/gradle-2.8/lib/plugins/gradle-sonar-2.8.jar
7f334737d000-7f3347380000 r--s 00010000 08:02 1586152                    /home/yonatan/.gradle/wrapper/dists/gradle-2.8-all/ah86jmo43de9lfa8xg9ux3c4h/gradle-2.8/lib/plugins/gradle-scala-2.8.jar
7f3347380000-7f3347382000 r--s 0000a000 08:02 1586151                    /home/yonatan/.gradle/wrapper/dists/gradle-2.8-all/ah86jmo43de9lfa8xg9ux3c4h/gradle-2.8/lib/plugins/gradle-announce-2.8.jar
7f3347382000-7f3347390000 r--s 0009f000 08:02 1586150                    /home/yonatan/.gradle/wrapper/dists/gradle-2.8-all/ah86jmo43de9lfa8xg9ux3c4h/gradle-2.8/lib/plugins/gradle-ide-2.8.jar
7f3347390000-7f3347393000 r--s 0000c000 08:02 1586196                    /home/yonatan/.gradle/wrapper/dists/gradle-2.8-all/ah86jmo43de9lfa8xg9ux3c4h/gradle-2.8/lib/plugins/pmaven-groovy-0.8-20100325.jar
7f3347393000-7f3347394000 r--s 00004000 08:02 1586195                    /home/yonatan/.gradle/wrapper/dists/gradle-2.8-all/ah86jmo43de9lfa8xg9ux3c4h/gradle-2.8/lib/plugins/pmaven-common-0.8-20100325.jar
7f3347394000-7f334739a000 r--s 00022000 08:02 1586149                    /home/yonatan/.gradle/wrapper/dists/gradle-2.8-all/ah86jmo43de9lfa8xg9ux3c4h/gradle-2.8/lib/plugins/gradle-maven-2.8.jar
7f334739a000-7f33473bb000 r--s 001c3000 08:02 1586193                    /home/yonatan/.gradle/wrapper/dists/gradle-2.8-all/ah86jmo43de9lfa8xg9ux3c4h/gradle-2.8/lib/plugins/bndlib-2.4.0.jar
7f33473bb000-7f33473bd000 r--s 00004000 08:02 1586148                    /home/yonatan/.gradle/wrapper/dists/gradle-2.8-all/ah86jmo43de9lfa8xg9ux3c4h/gradle-2.8/lib/plugins/gradle-osgi-2.8.jar
7f33473bd000-7f33473bf000 r--s 00008000 08:02 1586147                    /home/yonatan/.gradle/wrapper/dists/gradle-2.8-all/ah86jmo43de9lfa8xg9ux3c4h/gradle-2.8/lib/plugins/gradle-antlr-2.8.jar
7f33473bf000-7f33473c2000 r--s 0001e000 08:02 1586221                    /home/yonatan/.gradle/wrapper/dists/gradle-2.8-all/ah86jmo43de9lfa8xg9ux3c4h/gradle-2.8/lib/plugins/jsp-api-2.1-6.1.14.jar
7f33473c2000-7f33473e5000 r--s 00344000 08:02 1586220                    /home/yonatan/.gradle/wrapper/dists/gradle-2.8-all/ah86jmo43de9lfa8xg9ux3c4h/gradle-2.8/lib/plugins/core-3.1.1.jar
7f33473e5000-7f33473e6000 r--s 00006000 08:02 1586219                    /home/yonatan/.gradle/wrapper/dists/gradle-2.8-all/ah86jmo43de9lfa8xg9ux3c4h/gradle-2.8/lib/plugins/jetty-naming-6.1.25.jar
7f33473e6000-7f33473e7000 r--s 00002000 08:02 1586192                    /home/yonatan/.gradle/wrapper/dists/gradle-2.8-all/ah86jmo43de9lfa8xg9ux3c4h/gradle-2.8/lib/plugins/geronimo-annotation_1.0_spec-1.0.jar
7f33473e7000-7f33473e9000 r--s 00002000 08:02 1586191                    /home/yonatan/.gradle/wrapper/dists/gradle-2.8-all/ah86jmo43de9lfa8xg9ux3c4h/gradle-2.8/lib/plugins/jetty-annotations-6.1.25.jar
7f33473e9000-7f33473fa000 r--s 000ea000 08:02 1586190                    /home/yonatan/.gradle/wrapper/dists/gradle-2.8-all/ah86jmo43de9lfa8xg9ux3c4h/gradle-2.8/lib/plugins/jsp-2.1-6.1.14.jar
7f33473fa000-7f33473fc000 r--s 0000d000 08:02 1586189                    /home/yonatan/.gradle/wrapper/dists/gradle-2.8-all/ah86jmo43de9lfa8xg9ux3c4h/gradle-2.8/lib/plugins/jetty-plus-6.1.25.jar
7f33473fc000-7f33473fe000 r--s 0001f000 08:02 1586188                    /home/yonatan/.gradle/wrapper/dists/gradle-2.8-all/ah86jmo43de9lfa8xg9ux3c4h/gradle-2.8/lib/plugins/servlet-api-2.5-20081211.jar
7f33473fe000-7f3347402000 r--s 00028000 08:02 1586187                    /home/yonatan/.gradle/wrapper/dists/gradle-2.8-all/ah86jmo43de9lfa8xg9ux3c4h/gradle-2.8/lib/plugins/jetty-util-6.1.25.jar
7f3347402000-7f3347409000 r--s 0007d000 08:02 1586186                    /home/yonatan/.gradle/wrapper/dists/gradle-2.8-all/ah86jmo43de9lfa8xg9ux3c4h/gradle-2.8/lib/plugins/jetty-6.1.25.jar
7f3347409000-7f334740b000 r--s 00009000 08:02 1586146                    /home/yonatan/.gradle/wrapper/dists/gradle-2.8-all/ah86jmo43de9lfa8xg9ux3c4h/gradle-2.8/lib/plugins/gradle-jetty-2.8.jar
7f334740b000-7f3347411000 r--s 00036000 08:02 1586145                    /home/yonatan/.gradle/wrapper/dists/gradle-2.8-all/ah86jmo43de9lfa8xg9ux3c4h/gradle-2.8/lib/plugins/gradle-code-quality-2.8.jar
7f3347411000-7f3347413000 r--s 00009000 08:02 1586251                    /home/yonatan/.gradle/wrapper/dists/gradle-2.8-all/ah86jmo43de9lfa8xg9ux3c4h/gradle-2.8/lib/plugins/hamcrest-core-1.3.jar
7f3347413000-7f3347419000 r--s 00033000 08:02 1586218                    /home/yonatan/.gradle/wrapper/dists/gradle-2.8-all/ah86jmo43de9lfa8xg9ux3c4h/gradle-2.8/lib/plugins/snakeyaml-1.6.jar
7f3347419000-7f334741b000 r--s 00006000 08:02 1586217                    /home/yonatan/.gradle/wrapper/dists/gradle-2.8-all/ah86jmo43de9lfa8xg9ux3c4h/gradle-2.8/lib/plugins/jcommander-1.12.jar
7f334741b000-7f3347420000 r--s 00040000 08:02 1586216                    /home/yonatan/.gradle/wrapper/dists/gradle-2.8-all/ah86jmo43de9lfa8xg9ux3c4h/gradle-2.8/lib/plugins/bsh-2.0b4.jar
7f3347420000-7f3347422000 r--s 00009000 08:02 1586185                    /home/yonatan/.gradle/wrapper/dists/gradle-2.8-all/ah86jmo43de9lfa8xg9ux3c4h/gradle-2.8/lib/plugins/commons-cli-1.2.jar
7f3347422000-7f334742b000 r--s 00089000 08:02 1586184                    /home/yonatan/.gradle/wrapper/dists/gradle-2.8-all/ah86jmo43de9lfa8xg9ux3c4h/gradle-2.8/lib/plugins/testng-6.3.1.jar
7f334742b000-7f3347433000 r--s 00045000 08:02 1586183                    /home/yonatan/.gradle/wrapper/dists/gradle-2.8-all/ah86jmo43de9lfa8xg9ux3c4h/gradle-2.8/lib/plugins/junit-4.12.jar
7f3347433000-7f334743f000 r--s 00073000 08:02 1586144                    /home/yonatan/.gradle/wrapper/dists/gradle-2.8-all/ah86jmo43de9lfa8xg9ux3c4h/gradle-2.8/lib/plugins/gradle-plugins-2.8.jar
7f334743f000-7f3347457000 r--s 00115000 08:02 1586249                    /home/yonatan/.gradle/wrapper/dists/gradle-2.8-all/ah86jmo43de9lfa8xg9ux3c4h/gradle-2.8/lib/plugins/xercesImpl-2.9.1.jar
7f3347457000-7f334745f000 r--s 00028000 08:02 1586250                    /home/yonatan/.gradle/wrapper/dists/gradle-2.8-all/ah86jmo43de9lfa8xg9ux3c4h/gradle-2.8/lib/plugins/xml-apis-1.3.04.jar
7f334745f000-7f3347465000 r--s 0005b000 08:02 1586248                    /home/yonatan/.gradle/wrapper/dists/gradle-2.8-all/ah86jmo43de9lfa8xg9ux3c4h/gradle-2.8/lib/plugins/jcifs-1.3.17.jar
7f3347465000-7f334746b000 r--s 00031000 08:02 1586247                    /home/yonatan/.gradle/wrapper/dists/gradle-2.8-all/ah86jmo43de9lfa8xg9ux3c4h/gradle-2.8/lib/plugins/httpcore-4.2.2.jar
7f334746b000-7f3347471000 r--s 00033000 08:02 1586246                    /home/yonatan/.gradle/wrapper/dists/gradle-2.8-all/ah86jmo43de9lfa8xg9ux3c4h/gradle-2.8/lib/plugins/commons-codec-1.6.jar
7f3347471000-7f3347474000 r--s 0001c000 08:02 1586204                    /home/yonatan/.gradle/wrapper/dists/gradle-2.8-all/ah86jmo43de9lfa8xg9ux3c4h/gradle-2.8/lib/plugins/nekohtml-1.9.14.jar
7f3347474000-7f334747d000 r--s 00060000 08:02 1586203                    /home/yonatan/.gradle/wrapper/dists/gradle-2.8-all/ah86jmo43de9lfa8xg9ux3c4h/gradle-2.8/lib/plugins/httpclient-4.2.2.jar
7f334747d000-7f334747f000 r--s 00009000 08:02 1586177                    /home/yonatan/.gradle/wrapper/dists/gradle-2.8-all/ah86jmo43de9lfa8xg9ux3c4h/gradle-2.8/lib/plugins/gradle-resources-http-2.8.jar
7f334747f000-7f3347482000 r--s 00011000 08:02 1586176                    /home/yonatan/.gradle/wrapper/dists/gradle-2.8-all/ah86jmo43de9lfa8xg9ux3c4h/gradle-2.8/lib/plugins/gradle-plugin-use-2.8.jar
7f3347482000-7f3347483000 r--s 00007000 08:02 1586245                    /home/yonatan/.gradle/wrapper/dists/gradle-2.8-all/ah86jmo43de9lfa8xg9ux3c4h/gradle-2.8/lib/plugins/wagon-http-shared4-2.4.jar
7f3347483000-7f3347487000 r--s 00033000 08:02 1586244                    /home/yonatan/.gradle/wrapper/dists/gradle-2.8-all/ah86jmo43de9lfa8xg9ux3c4h/gradle-2.8/lib/plugins/plexus-utils-2.0.6.jar
7f3347487000-7f334748b000 r--s 00021000 08:02 1586243                    /home/yonatan/.gradle/wrapper/dists/gradle-2.8-all/ah86jmo43de9lfa8xg9ux3c4h/gradle-2.8/lib/plugins/maven-model-builder-3.0.4.jar
7f334748b000-7f334748c000 r--s 00002000 08:02 1586242                    /home/yonatan/.gradle/wrapper/dists/gradle-2.8-all/ah86jmo43de9lfa8xg9ux3c4h/gradle-2.8/lib/plugins/wagon-file-2.4.jar
7f334748c000-7f334748e000 r--s 00002000 08:02 1586241                    /home/yonatan/.gradle/wrapper/dists/gradle-2.8-all/ah86jmo43de9lfa8xg9ux3c4h/gradle-2.8/lib/plugins/plexus-cipher-1.7.jar
7f334748e000-7f3347491000 r--s 00013000 08:02 1586240                    /home/yonatan/.gradle/wrapper/dists/gradle-2.8-all/ah86jmo43de9lfa8xg9ux3c4h/gradle-2.8/lib/plugins/aether-api-1.13.1.jar
7f3347491000-7f3347493000 r--s 0000a000 08:02 1586239                    /home/yonatan/.gradle/wrapper/dists/gradle-2.8-all/ah86jmo43de9lfa8xg9ux3c4h/gradle-2.8/lib/plugins/maven-settings-3.0.4.jar
7f3347493000-7f3347495000 r--s 0000d000 08:02 1586238                    /home/yonatan/.gradle/wrapper/dists/gradle-2.8-all/ah86jmo43de9lfa8xg9ux3c4h/gradle-2.8/lib/plugins/plexus-interpolation-1.14.jar
7f3347495000-7f3347497000 r--s 0000b000 08:02 1586237                    /home/yonatan/.gradle/wrapper/dists/gradle-2.8-all/ah86jmo43de9lfa8xg9ux3c4h/gradle-2.8/lib/plugins/maven-artifact-3.0.4.jar
7f3347497000-7f334749e000 r--s 0002e000 08:02 1586236                    /home/yonatan/.gradle/wrapper/dists/gradle-2.8-all/ah86jmo43de9lfa8xg9ux3c4h/gradle-2.8/lib/plugins/plexus-container-default-1.5.5.jar
7f334749e000-7f33474a0000 r--s 0000b000 08:02 1586235                    /home/yonatan/.gradle/wrapper/dists/gradle-2.8-all/ah86jmo43de9lfa8xg9ux3c4h/gradle-2.8/lib/plugins/maven-plugin-api-3.0.4.jar
7f33474a0000-7f33474a2000 r--s 00000000 08:02 1586252                    /home/yonatan/.gradle/wrapper/dists/gradle-2.8-all/ah86jmo43de9lfa8xg9ux3c4h/gradle-2.8/lib/plugins/plexus-component-annotations-1.5.5.jar
7f33474a2000-7f33474a8000 r--s 0003f000 08:02 1586234                    /home/yonatan/.gradle/wrapper/dists/gradle-2.8-all/ah86jmo43de9lfa8xg9ux3c4h/gradle-2.8/lib/plugins/maven-compat-3.0.4.jar
7f33474a8000-7f33474ab000 r--s 00008000 08:02 1586233                    /home/yonatan/.gradle/wrapper/dists/gradle-2.8-all/ah86jmo43de9lfa8xg9ux3c4h/gradle-2.8/lib/plugins/maven-settings-builder-3.0.4.jar
7f33474ab000-7f33474ac000 r--s 00002000 08:02 1586232                    /home/yonatan/.gradle/wrapper/dists/gradle-2.8-all/ah86jmo43de9lfa8xg9ux3c4h/gradle-2.8/lib/plugins/wagon-http-2.4.jar
7f33474ac000-7f33474ae000 r--s 00026000 08:02 1586231                    /home/yonatan/.gradle/wrapper/dists/gradle-2.8-all/ah86jmo43de9lfa8xg9ux3c4h/gradle-2.8/lib/plugins/maven-model-3.0.4.jar
7f33474ae000-7f33474b0000 r--s 00006000 08:02 1586230                    /home/yonatan/.gradle/wrapper/dists/gradle-2.8-all/ah86jmo43de9lfa8xg9ux3c4h/gradle-2.8/lib/plugins/aether-connector-wagon-1.13.1.jar
7f33474b0000-7f33474b2000 r--s 0000a000 08:02 1586229                    /home/yonatan/.gradle/wrapper/dists/gradle-2.8-all/ah86jmo43de9lfa8xg9ux3c4h/gradle-2.8/lib/plugins/plexus-classworlds-2.4.jar
7f33474b2000-7f33474b4000 r--s 00006000 08:02 1586228                    /home/yonatan/.gradle/wrapper/dists/gradle-2.8-all/ah86jmo43de9lfa8xg9ux3c4h/gradle-2.8/lib/plugins/maven-repository-metadata-3.0.4.jar
7f33474b4000-7f33474b6000 r--s 0000c000 08:02 1586227                    /home/yonatan/.gradle/wrapper/dists/gradle-2.8-all/ah86jmo43de9lfa8xg9ux3c4h/gradle-2.8/lib/plugins/maven-aether-provider-3.0.4.jar
7f33474b6000-7f33474ba000 r--s 0001c000 08:02 1586224                    /home/yonatan/.gradle/wrapper/dists/gradle-2.8-all/ah86jmo43de9lfa8xg9ux3c4h/gradle-2.8/lib/plugins/aether-util-1.13.1.jar
7f33474ba000-7f33474d0000 r-xp 00000000 08:02 4325667                    /lib/x86_64-linux-gnu/libgcc_s.so.1
7f33474d0000-7f33476cf000 ---p 00016000 08:02 4325667                    /lib/x86_64-linux-gnu/libgcc_s.so.1
7f33476cf000-7f33476d0000 rw-p 00015000 08:02 4325667                    /lib/x86_64-linux-gnu/libgcc_s.so.1
7f33476d0000-7f33477b6000 r-xp 00000000 08:02 6685027                    /usr/lib/x86_64-linux-gnu/libstdc++.so.6.0.19
7f33477b6000-7f33479b5000 ---p 000e6000 08:02 6685027                    /usr/lib/x86_64-linux-gnu/libstdc++.so.6.0.19
7f33479b5000-7f33479bd000 r--p 000e5000 08:02 6685027                    /usr/lib/x86_64-linux-gnu/libstdc++.so.6.0.19
7f33479bd000-7f33479bf000 rw-p 000ed000 08:02 6685027                    /usr/lib/x86_64-linux-gnu/libstdc++.so.6.0.19
7f33479bf000-7f33479d4000 rw-p 00000000 00:00 0 
7f33479d4000-7f33479d8000 r-xp 00000000 08:02 2499262                    /home/yonatan/.gradle/native/19/linux-amd64/libnative-platform.so
7f33479d8000-7f3347bd7000 ---p 00004000 08:02 2499262                    /home/yonatan/.gradle/native/19/linux-amd64/libnative-platform.so
7f3347bd7000-7f3347bd8000 rw-p 00003000 08:02 2499262                    /home/yonatan/.gradle/native/19/linux-amd64/libnative-platform.so
7f3347bd8000-7f3347be9000 r-xp 00000000 08:02 6706460                    /usr/lib/jvm/java-8-oracle/jre/lib/amd64/libnio.so
7f3347be9000-7f3347de8000 ---p 00011000 08:02 6706460                    /usr/lib/jvm/java-8-oracle/jre/lib/amd64/libnio.so
7f3347de8000-7f3347de9000 rw-p 00010000 08:02 6706460                    /usr/lib/jvm/java-8-oracle/jre/lib/amd64/libnio.so
7f3347de9000-7f3347dff000 r-xp 00000000 08:02 6706445                    /usr/lib/jvm/java-8-oracle/jre/lib/amd64/libnet.so
7f3347dff000-7f3347fff000 ---p 00016000 08:02 6706445                    /usr/lib/jvm/java-8-oracle/jre/lib/amd64/libnet.so
7f3347fff000-7f3348000000 rw-p 00016000 08:02 6706445                    /usr/lib/jvm/java-8-oracle/jre/lib/amd64/libnet.so
7f3348000000-7f334917d000 rw-p 00000000 00:00 0 
7f334917d000-7f334c000000 ---p 00000000 00:00 0 
7f334c000000-7f334c021000 rw-p 00000000 00:00 0 
7f334c021000-7f3350000000 ---p 00000000 00:00 0 
7f3350000000-7f3351b7a000 rw-p 00000000 00:00 0 
7f3351b7a000-7f3354000000 ---p 00000000 00:00 0 
7f3354000000-7f3356114000 rw-p 00000000 00:00 0 
7f3356114000-7f3358000000 ---p 00000000 00:00 0 
7f3358000000-7f3358021000 rw-p 00000000 00:00 0 
7f3358021000-7f335c000000 ---p 00000000 00:00 0 
7f335c000000-7f335c021000 rw-p 00000000 00:00 0 
7f335c021000-7f3360000000 ---p 00000000 00:00 0 
7f3360000000-7f3360297000 rw-p 00000000 00:00 0 
7f3360297000-7f3364000000 ---p 00000000 00:00 0 
7f3364000000-7f3364021000 rw-p 00000000 00:00 0 
7f3364021000-7f3368000000 ---p 00000000 00:00 0 
7f3368000000-7f336803d000 rw-p 00000000 00:00 0 
7f336803d000-7f336c000000 ---p 00000000 00:00 0 
7f336c000000-7f336c025000 rw-p 00000000 00:00 0 
7f336c025000-7f3370000000 ---p 00000000 00:00 0 
7f3370000000-7f3370021000 rw-p 00000000 00:00 0 
7f3370021000-7f3374000000 ---p 00000000 00:00 0 
7f3374000000-7f3374002000 r--s 0000b000 08:02 1586226                    /home/yonatan/.gradle/wrapper/dists/gradle-2.8-all/ah86jmo43de9lfa8xg9ux3c4h/gradle-2.8/lib/plugins/wagon-provider-api-2.4.jar
7f3374002000-7f3374003000 r--s 00003000 08:02 1586225                    /home/yonatan/.gradle/wrapper/dists/gradle-2.8-all/ah86jmo43de9lfa8xg9ux3c4h/gradle-2.8/lib/plugins/aether-spi-1.13.1.jar
7f3374003000-7f3374006000 r--s 0001d000 08:02 1586223                    /home/yonatan/.gradle/wrapper/dists/gradle-2.8-all/ah86jmo43de9lfa8xg9ux3c4h/gradle-2.8/lib/plugins/aether-impl-1.13.1.jar
7f3374006000-7f3374007000 r--s 00006000 08:02 1586222                    /home/yonatan/.gradle/wrapper/dists/gradle-2.8-all/ah86jmo43de9lfa8xg9ux3c4h/gradle-2.8/lib/plugins/plexus-sec-dispatcher-1.3.jar
7f3374007000-7f337400b000 r--s 0003d000 08:02 1586205                    /home/yonatan/.gradle/wrapper/dists/gradle-2.8-all/ah86jmo43de9lfa8xg9ux3c4h/gradle-2.8/lib/plugins/jsch-0.1.51.jar
7f337400b000-7f337404b000 r--s 00277000 08:02 1586215                    /home/yonatan/.gradle/wrapper/dists/gradle-2.8-all/ah86jmo43de9lfa8xg9ux3c4h/gradle-2.8/lib/plugins/bcprov-jdk15on-1.51.jar
7f337404b000-7f337404f000 r--s 0001d000 08:02 1586214                    /home/yonatan/.gradle/wrapper/dists/gradle-2.8-all/ah86jmo43de9lfa8xg9ux3c4h/gradle-2.8/lib/plugins/xbean-reflect-3.4.jar
7f337404f000-7f337405b000 r--s 0007d000 08:02 1586194                    /home/yonatan/.gradle/wrapper/dists/gradle-2.8-all/ah86jmo43de9lfa8xg9ux3c4h/gradle-2.8/lib/plugins/maven-core-3.0.4.jar
7f337405b000-7f3374060000 r--s 0002a000 08:02 1586200                    /home/yonatan/.gradle/wrapper/dists/gradle-2.8-all/ah86jmo43de9lfa8xg9ux3c4h/gradle-2.8/lib/plugins/gson-2.2.4.jar
7f3374060000-7f337406f000 r--s 000d9000 08:02 1586213                    /home/yonatan/.gradle/wrapper/dists/gradle-2.8-all/ah86jmo43de9lfa8xg9ux3c4h/gradle-2.8/lib/plugins/ivy-2.2.0.jar
7f337406f000-7f337408b000 r--s 000ca000 08:02 1586181                    /home/yonatan/.gradle/wrapper/dists/gradle-2.8-all/ah86jmo43de9lfa8xg9ux3c4h/gradle-2.8/lib/plugins/gradle-dependency-management-2.8.jar
7f337408b000-7f337408c000 r--s 00006000 08:02 1586097                    /home/yonatan/.gradle/wrapper/dists/gradle-2.8-all/ah86jmo43de9lfa8xg9ux3c4h/gradle-2.8/lib/gradle-wrapper-2.8.jar
7f337408c000-7f3374097000 r--s 0003a000 08:02 1586102                    /home/yonatan/.gradle/wrapper/dists/gradle-2.8-all/ah86jmo43de9lfa8xg9ux3c4h/gradle-2.8/lib/gradle-tooling-api-2.8.jar
7f3374097000-7f3374099000 r--s 00002000 08:02 1586124                    /home/yonatan/.gradle/wrapper/dists/gradle-2.8-all/ah86jmo43de9lfa8xg9ux3c4h/gradle-2.8/lib/gradle-open-api-2.8.jar
7f3374099000-7f337409f000 r--s 00032000 08:02 1586126                    /home/yonatan/.gradle/wrapper/dists/gradle-2.8-all/ah86jmo43de9lfa8xg9ux3c4h/gradle-2.8/lib/jaxen-1.1.jar
7f337409f000-7f33740a4000 r--s 00048000 08:02 1586125                    /home/yonatan/.gradle/wrapper/dists/gradle-2.8-all/ah86jmo43de9lfa8xg9ux3c4h/gradle-2.8/lib/dom4j-1.6.1.jar
7f33740a4000-7f33740af000 r--s 00059000 08:02 1586101                    /home/yonatan/.gradle/wrapper/dists/gradle-2.8-all/ah86jmo43de9lfa8xg9ux3c4h/gradle-2.8/lib/gradle-ui-2.8.jar
7f33740af000-7f33740b2000 r--s 00008000 08:02 1586120                    /home/yonatan/.gradle/wrapper/dists/gradle-2.8-all/ah86jmo43de9lfa8xg9ux3c4h/gradle-2.8/lib/gradle-resources-2.8.jar
7f33740b2000-7f33740b4000 r--s 00007000 08:02 1586142                    /home/yonatan/.gradle/wrapper/dists/gradle-2.8-all/ah86jmo43de9lfa8xg9ux3c4h/gradle-2.8/lib/objenesis-1.2.jar
7f33740b4000-7f33740b6000 r--s 00000000 08:02 1586141                    /home/yonatan/.gradle/wrapper/dists/gradle-2.8-all/ah86jmo43de9lfa8xg9ux3c4h/gradle-2.8/lib/minlog-1.2.jar
7f33740b6000-7f33740b8000 r--s 0000f000 08:02 1586140                    /home/yonatan/.gradle/wrapper/dists/gradle-2.8-all/ah86jmo43de9lfa8xg9ux3c4h/gradle-2.8/lib/reflectasm-1.07-shaded.jar
7f33740b8000-7f33740bc000 r--s 00026000 08:02 1586131                    /home/yonatan/.gradle/wrapper/dists/gradle-2.8-all/ah86jmo43de9lfa8xg9ux3c4h/gradle-2.8/lib/kryo-2.20.jar
7f33740bc000-7f33740c5000 r--s 0003f000 08:02 1586119                    /home/yonatan/.gradle/wrapper/dists/gradle-2.8-all/ah86jmo43de9lfa8xg9ux3c4h/gradle-2.8/lib/gradle-messaging-2.8.jar
7f33740c5000-7f33740c6000 r--s 00003000 08:02 1586139                    /home/yonatan/.gradle/wrapper/dists/gradle-2.8-all/ah86jmo43de9lfa8xg9ux3c4h/gradle-2.8/lib/native-platform-freebsd-amd64-0.10.jar
7f33740c6000-7f33740c7000 r--s 00003000 08:02 1586138                    /home/yonatan/.gradle/wrapper/dists/gradle-2.8-all/ah86jmo43de9lfa8xg9ux3c4h/gradle-2.8/lib/native-platform-freebsd-i386-0.10.jar
7f33740c7000-7f33740c8000 r--s 00005000 08:02 1586137                    /home/yonatan/.gradle/wrapper/dists/gradle-2.8-all/ah86jmo43de9lfa8xg9ux3c4h/gradle-2.8/lib/native-platform-windows-i386-0.10.jar
7f33740c8000-7f33740c9000 r--s 00005000 08:02 1586136                    /home/yonatan/.gradle/wrapper/dists/gradle-2.8-all/ah86jmo43de9lfa8xg9ux3c4h/gradle-2.8/lib/native-platform-windows-amd64-0.10.jar
7f33740c9000-7f33740ca000 r--s 00003000 08:02 1586135                    /home/yonatan/.gradle/wrapper/dists/gradle-2.8-all/ah86jmo43de9lfa8xg9ux3c4h/gradle-2.8/lib/native-platform-linux-i386-0.10.jar
7f33740ca000-7f33740cb000 r--s 00003000 08:02 1586134                    /home/yonatan/.gradle/wrapper/dists/gradle-2.8-all/ah86jmo43de9lfa8xg9ux3c4h/gradle-2.8/lib/native-platform-linux-amd64-0.10.jar
7f33740cb000-7f33740cc000 r--s 00002000 08:02 1586133                    /home/yonatan/.gradle/wrapper/dists/gradle-2.8-all/ah86jmo43de9lfa8xg9ux3c4h/gradle-2.8/lib/native-platform-osx-amd64-0.10.jar
7f33740cc000-7f33740cd000 r--s 00002000 08:02 1586132                    /home/yonatan/.gradle/wrapper/dists/gradle-2.8-all/ah86jmo43de9lfa8xg9ux3c4h/gradle-2.8/lib/native-platform-osx-i386-0.10.jar
7f33740cd000-7f33740cf000 r--s 00008000 08:02 1586129                    /home/yonatan/.gradle/wrapper/dists/gradle-2.8-all/ah86jmo43de9lfa8xg9ux3c4h/gradle-2.8/lib/jansi-1.2.1.jar
7f33740cf000-7f33740d2000 r--s 0000d000 08:02 1586128                    /home/yonatan/.gradle/wrapper/dists/gradle-2.8-all/ah86jmo43de9lfa8xg9ux3c4h/gradle-2.8/lib/native-platform-0.10.jar
7f33740d2000-7f33740d6000 r--s 000e4000 08:02 1586127                    /home/yonatan/.gradle/wrapper/dists/gradle-2.8-all/ah86jmo43de9lfa8xg9ux3c4h/gradle-2.8/lib/jna-3.2.7.jar
7f33740d6000-7f33740d8000 r--s 00008000 08:02 1586103                    /home/yonatan/.gradle/wrapper/dists/gradle-2.8-all/ah86jmo43de9lfa8xg9ux3c4h/gradle-2.8/lib/gradle-native-2.8.jar
7f33740d8000-7f33740da000 r--s 00005000 08:02 1586100                    /home/yonatan/.gradle/wrapper/dists/gradle-2.8-all/ah86jmo43de9lfa8xg9ux3c4h/gradle-2.8/lib/gradle-cli-2.8.jar
7f33740da000-7f33740db000 r--s 00007000 08:02 1586109                    /home/yonatan/.gradle/wrapper/dists/gradle-2.8-all/ah86jmo43de9lfa8xg9ux3c4h/gradle-2.8/lib/gradle-model-groovy-2.8.jar
7f33740db000-7f33740dc000 r--s 00006000 08:02 1586118                    /home/yonatan/.gradle/wrapper/dists/gradle-2.8-all/ah86jmo43de9lfa8xg9ux3c4h/gradle-2.8/lib/gradle-base-services-groovy-2.8.jar
7f33740dc000-7f33740e8000 r--s 00067000 08:02 1586108                    /home/yonatan/.gradle/wrapper/dists/gradle-2.8-all/ah86jmo43de9lfa8xg9ux3c4h/gradle-2.8/lib/gradle-model-core-2.8.jar
7f33740e8000-7f33740e9000 r--s 00000000 08:02 1586121                    /home/yonatan/.gradle/wrapper/dists/gradle-2.8-all/ah86jmo43de9lfa8xg9ux3c4h/gradle-2.8/lib/gradle-docs-2.8.jar
7f33740e9000-7f33740eb000 r--s 00003000 08:02 1586123                    /home/yonatan/.gradle/wrapper/dists/gradle-2.8-all/ah86jmo43de9lfa8xg9ux3c4h/gradle-2.8/lib/jcl-over-slf4j-1.7.10.jar
7f33740eb000-7f33740f9000 r--s 0007f000 08:02 1586112                    /home/yonatan/.gradle/wrapper/dists/gradle-2.8-all/ah86jmo43de9lfa8xg9ux3c4h/gradle-2.8/lib/commons-collections-3.2.1.jar
7f33740f9000-7f3374168000 r--s 0063e000 08:02 1586107                    /home/yonatan/.gradle/wrapper/dists/gradle-2.8-all/ah86jmo43de9lfa8xg9ux3c4h/gradle-2.8/lib/groovy-all-2.4.4.jar
7f3374168000-7f3374190000 r--s 001cf000 08:02 1586105                    /home/yonatan/.gradle/wrapper/dists/gradle-2.8-all/ah86jmo43de9lfa8xg9ux3c4h/gradle-2.8/lib/guava-jdk5-17.0.jar
7f3374190000-7f33741af000 r--s 001cc000 08:02 1586111                    /home/yonatan/.gradle/wrapper/dists/gradle-2.8-all/ah86jmo43de9lfa8xg9ux3c4h/gradle-2.8/lib/ant-1.9.3.jar
7f33741af000-7f33741e5000 r--s 001b5000 08:02 1586099                    /home/yonatan/.gradle/wrapper/dists/gradle-2.8-all/ah86jmo43de9lfa8xg9ux3c4h/gradle-2.8/lib/gradle-core-2.8.jar
7f33741e5000-7f33741e6000 ---p 00000000 00:00 0 
7f33741e6000-7f33742e6000 rw-p 00000000 00:00 0                          [stack:16905]
7f33742e6000-7f33742e9000 ---p 00000000 00:00 0 
7f33742e9000-7f33743e7000 rw-p 00000000 00:00 0                          [stack:16904]
7f33743e7000-7f33743ea000 ---p 00000000 00:00 0 
7f33743ea000-7f33744e8000 rw-p 00000000 00:00 0                          [stack:16903]
7f33744e8000-7f33744eb000 ---p 00000000 00:00 0 
7f33744eb000-7f33745e9000 rw-p 00000000 00:00 0                          [stack:16902]
7f33745e9000-7f33745ec000 ---p 00000000 00:00 0 
7f33745ec000-7f33746ea000 rw-p 00000000 00:00 0                          [stack:16901]
7f33746ea000-7f33746ed000 ---p 00000000 00:00 0 
7f33746ed000-7f33747eb000 rw-p 00000000 00:00 0                          [stack:16900]
7f33747eb000-7f3374ece000 r--p 00000000 08:02 6691839                    /usr/lib/locale/locale-archive
7f3374ece000-7f3374ed1000 ---p 00000000 00:00 0 
7f3374ed1000-7f3374fcf000 rw-p 00000000 00:00 0                          [stack:16899]
7f3374fcf000-7f3374fd2000 ---p 00000000 00:00 0 
7f3374fd2000-7f33750d0000 rw-p 00000000 00:00 0                          [stack:16898]
7f33750d0000-7f33750d1000 ---p 00000000 00:00 0 
7f33750d1000-7f3378000000 rw-p 00000000 00:00 0                          [stack:16897]
7f3378000000-7f3378022000 rw-p 00000000 00:00 0 
7f3378022000-7f337c000000 ---p 00000000 00:00 0 
7f337c000000-7f337c001000 r--s 00005000 08:02 1586122                    /home/yonatan/.gradle/wrapper/dists/gradle-2.8-all/ah86jmo43de9lfa8xg9ux3c4h/gradle-2.8/lib/log4j-over-slf4j-1.7.10.jar
7f337c001000-7f337c002000 r--s 00000000 08:02 1586117                    /home/yonatan/.gradle/wrapper/dists/gradle-2.8-all/ah86jmo43de9lfa8xg9ux3c4h/gradle-2.8/lib/javax.inject-1.jar
7f337c002000-7f337c124000 rw-p 00000000 00:00 0 
7f337c124000-7f337c2fd000 r--s 03d1f000 08:02 6706386                    /usr/lib/jvm/java-8-oracle/jre/lib/rt.jar
7f337c2fd000-7f337ccfd000 rw-p 00000000 00:00 0 
7f337ccfd000-7f337ccfe000 ---p 00000000 00:00 0 
7f337ccfe000-7f337cdfe000 rw-p 00000000 00:00 0                          [stack:16896]
7f337cdfe000-7f337cdff000 ---p 00000000 00:00 0 
7f337cdff000-7f337ceff000 rw-p 00000000 00:00 0                          [stack:16895]
7f337ceff000-7f337cf00000 ---p 00000000 00:00 0 
7f337cf00000-7f337d000000 rw-p 00000000 00:00 0                          [stack:16894]
7f337d000000-7f337ea20000 rwxp 00000000 00:00 0 
7f337ea20000-7f338c000000 ---p 00000000 00:00 0 
7f338c000000-7f338cb22000 rw-p 00000000 00:00 0 
7f338cb22000-7f3390000000 ---p 00000000 00:00 0 
7f3390000000-7f3390003000 r--s 0001b000 08:02 1586116                    /home/yonatan/.gradle/wrapper/dists/gradle-2.8-all/ah86jmo43de9lfa8xg9ux3c4h/gradle-2.8/lib/jarjar-1.3.jar
7f3390003000-7f3390005000 r--s 00000000 08:02 1586115                    /home/yonatan/.gradle/wrapper/dists/gradle-2.8-all/ah86jmo43de9lfa8xg9ux3c4h/gradle-2.8/lib/jul-to-slf4j-1.7.10.jar
7f3390005000-7f3390006000 r--s 00000000 08:02 1586114                    /home/yonatan/.gradle/wrapper/dists/gradle-2.8-all/ah86jmo43de9lfa8xg9ux3c4h/gradle-2.8/lib/jcip-annotations-1.0.jar
7f3390006000-7f3390009000 r--s 00018000 08:02 1586113                    /home/yonatan/.gradle/wrapper/dists/gradle-2.8-all/ah86jmo43de9lfa8xg9ux3c4h/gradle-2.8/lib/commons-io-1.4.jar
7f3390009000-7f339000e000 r--s 00036000 08:02 1586110                    /home/yonatan/.gradle/wrapper/dists/gradle-2.8-all/ah86jmo43de9lfa8xg9ux3c4h/gradle-2.8/lib/asm-all-5.0.3.jar
7f339000e000-7f3390013000 r--s 00041000 08:02 1586106                    /home/yonatan/.gradle/wrapper/dists/gradle-2.8-all/ah86jmo43de9lfa8xg9ux3c4h/gradle-2.8/lib/commons-lang-2.6.jar
7f3390013000-7f3390014000 r--s 00007000 08:02 1586104                    /home/yonatan/.gradle/wrapper/dists/gradle-2.8-all/ah86jmo43de9lfa8xg9ux3c4h/gradle-2.8/lib/slf4j-api-1.7.10.jar
7f3390014000-7f339001e000 r--s 0004a000 08:02 1586096                    /home/yonatan/.gradle/wrapper/dists/gradle-2.8-all/ah86jmo43de9lfa8xg9ux3c4h/gradle-2.8/lib/gradle-launcher-2.8.jar
7f339001e000-7f33900f7000 rw-p 00000000 00:00 0 
7f33900f7000-7f33900f8000 ---p 00000000 00:00 0 
7f33900f8000-7f3390217000 rw-p 00000000 00:00 0                          [stack:16893]
7f3390217000-7f339034e000 ---p 00000000 00:00 0 
7f339034e000-7f339036d000 rw-p 00000000 00:00 0 
7f339036d000-7f33904a3000 ---p 00000000 00:00 0 
7f33904a3000-7f3390530000 rw-p 00000000 00:00 0 
7f3390530000-7f339054e000 ---p 00000000 00:00 0 
7f339054e000-7f33905b8000 rw-p 00000000 00:00 0 
7f33905b8000-7f339090f000 ---p 00000000 00:00 0 
7f339090f000-7f3390929000 r-xp 00000000 08:02 6706420                    /usr/lib/jvm/java-8-oracle/jre/lib/amd64/libzip.so
7f3390929000-7f3390b29000 ---p 0001a000 08:02 6706420                    /usr/lib/jvm/java-8-oracle/jre/lib/amd64/libzip.so
7f3390b29000-7f3390b2a000 rw-p 0001a000 08:02 6706420                    /usr/lib/jvm/java-8-oracle/jre/lib/amd64/libzip.so
7f3390b2a000-7f3390b35000 r-xp 00000000 08:02 4353546                    /lib/x86_64-linux-gnu/libnss_files-2.19.so
7f3390b35000-7f3390d34000 ---p 0000b000 08:02 4353546                    /lib/x86_64-linux-gnu/libnss_files-2.19.so
7f3390d34000-7f3390d35000 r--p 0000a000 08:02 4353546                    /lib/x86_64-linux-gnu/libnss_files-2.19.so
7f3390d35000-7f3390d36000 rw-p 0000b000 08:02 4353546                    /lib/x86_64-linux-gnu/libnss_files-2.19.so
7f3390d36000-7f3390d41000 r-xp 00000000 08:02 4353538                    /lib/x86_64-linux-gnu/libnss_nis-2.19.so
7f3390d41000-7f3390f40000 ---p 0000b000 08:02 4353538                    /lib/x86_64-linux-gnu/libnss_nis-2.19.so
7f3390f40000-7f3390f41000 r--p 0000a000 08:02 4353538                    /lib/x86_64-linux-gnu/libnss_nis-2.19.so
7f3390f41000-7f3390f42000 rw-p 0000b000 08:02 4353538                    /lib/x86_64-linux-gnu/libnss_nis-2.19.so
7f3390f42000-7f3390f59000 r-xp 00000000 08:02 4353534                    /lib/x86_64-linux-gnu/libnsl-2.19.so
7f3390f59000-7f3391158000 ---p 00017000 08:02 4353534                    /lib/x86_64-linux-gnu/libnsl-2.19.so
7f3391158000-7f3391159000 r--p 00016000 08:02 4353534                    /lib/x86_64-linux-gnu/libnsl-2.19.so
7f3391159000-7f339115a000 rw-p 00017000 08:02 4353534                    /lib/x86_64-linux-gnu/libnsl-2.19.so
7f339115a000-7f339115c000 rw-p 00000000 00:00 0 
7f339115c000-7f3391165000 r-xp 00000000 08:02 4353533                    /lib/x86_64-linux-gnu/libnss_compat-2.19.so
7f3391165000-7f3391364000 ---p 00009000 08:02 4353533                    /lib/x86_64-linux-gnu/libnss_compat-2.19.so
7f3391364000-7f3391365000 r--p 00008000 08:02 4353533                    /lib/x86_64-linux-gnu/libnss_compat-2.19.so
7f3391365000-7f3391366000 rw-p 00009000 08:02 4353533                    /lib/x86_64-linux-gnu/libnss_compat-2.19.so
7f3391366000-7f3391390000 r-xp 00000000 08:02 6706397                    /usr/lib/jvm/java-8-oracle/jre/lib/amd64/libjava.so
7f3391390000-7f3391590000 ---p 0002a000 08:02 6706397                    /usr/lib/jvm/java-8-oracle/jre/lib/amd64/libjava.so
7f3391590000-7f3391592000 rw-p 0002a000 08:02 6706397                    /usr/lib/jvm/java-8-oracle/jre/lib/amd64/libjava.so
7f3391592000-7f339159f000 r-xp 00000000 08:02 6706408                    /usr/lib/jvm/java-8-oracle/jre/lib/amd64/libverify.so
7f339159f000-7f339179f000 ---p 0000d000 08:02 6706408                    /usr/lib/jvm/java-8-oracle/jre/lib/amd64/libverify.so
7f339179f000-7f33917a1000 rw-p 0000d000 08:02 6706408                    /usr/lib/jvm/java-8-oracle/jre/lib/amd64/libverify.so
7f33917a1000-7f33917a8000 r-xp 00000000 08:02 4353542                    /lib/x86_64-linux-gnu/librt-2.19.so
7f33917a8000-7f33919a7000 ---p 00007000 08:02 4353542                    /lib/x86_64-linux-gnu/librt-2.19.so
7f33919a7000-7f33919a8000 r--p 00006000 08:02 4353542                    /lib/x86_64-linux-gnu/librt-2.19.so
7f33919a8000-7f33919a9000 rw-p 00007000 08:02 4353542                    /lib/x86_64-linux-gnu/librt-2.19.so
7f33919a9000-7f3391aae000 r-xp 00000000 08:02 4353528                    /lib/x86_64-linux-gnu/libm-2.19.so
7f3391aae000-7f3391cad000 ---p 00105000 08:02 4353528                    /lib/x86_64-linux-gnu/libm-2.19.so
7f3391cad000-7f3391cae000 r--p 00104000 08:02 4353528                    /lib/x86_64-linux-gnu/libm-2.19.so
7f3391cae000-7f3391caf000 rw-p 00105000 08:02 4353528                    /lib/x86_64-linux-gnu/libm-2.19.so
7f3391caf000-7f339296f000 r-xp 00000000 08:02 6706410                    /usr/lib/jvm/java-8-oracle/jre/lib/amd64/server/libjvm.so
7f339296f000-7f3392b6f000 ---p 00cc0000 08:02 6706410                    /usr/lib/jvm/java-8-oracle/jre/lib/amd64/server/libjvm.so
7f3392b6f000-7f3392c47000 rw-p 00cc0000 08:02 6706410                    /usr/lib/jvm/java-8-oracle/jre/lib/amd64/server/libjvm.so
7f3392c47000-7f3392c92000 rw-p 00000000 00:00 0 
7f3392c92000-7f3392e4d000 r-xp 00000000 08:02 4353543                    /lib/x86_64-linux-gnu/libc-2.19.so
7f3392e4d000-7f339304c000 ---p 001bb000 08:02 4353543                    /lib/x86_64-linux-gnu/libc-2.19.so
7f339304c000-7f3393050000 r--p 001ba000 08:02 4353543                    /lib/x86_64-linux-gnu/libc-2.19.so
7f3393050000-7f3393052000 rw-p 001be000 08:02 4353543                    /lib/x86_64-linux-gnu/libc-2.19.so
7f3393052000-7f3393057000 rw-p 00000000 00:00 0 
7f3393057000-7f339305a000 r-xp 00000000 08:02 4353530                    /lib/x86_64-linux-gnu/libdl-2.19.so
7f339305a000-7f3393259000 ---p 00003000 08:02 4353530                    /lib/x86_64-linux-gnu/libdl-2.19.so
7f3393259000-7f339325a000 r--p 00002000 08:02 4353530                    /lib/x86_64-linux-gnu/libdl-2.19.so
7f339325a000-7f339325b000 rw-p 00003000 08:02 4353530                    /lib/x86_64-linux-gnu/libdl-2.19.so
7f339325b000-7f3393270000 r-xp 00000000 08:02 6728016                    /usr/lib/jvm/java-8-oracle/lib/amd64/jli/libjli.so
7f3393270000-7f3393470000 ---p 00015000 08:02 6728016                    /usr/lib/jvm/java-8-oracle/lib/amd64/jli/libjli.so
7f3393470000-7f3393471000 rw-p 00015000 08:02 6728016                    /usr/lib/jvm/java-8-oracle/lib/amd64/jli/libjli.so
7f3393471000-7f339348a000 r-xp 00000000 08:02 4353535                    /lib/x86_64-linux-gnu/libpthread-2.19.so
7f339348a000-7f3393689000 ---p 00019000 08:02 4353535                    /lib/x86_64-linux-gnu/libpthread-2.19.so
7f3393689000-7f339368a000 r--p 00018000 08:02 4353535                    /lib/x86_64-linux-gnu/libpthread-2.19.so
7f339368a000-7f339368b000 rw-p 00019000 08:02 4353535                    /lib/x86_64-linux-gnu/libpthread-2.19.so
7f339368b000-7f339368f000 rw-p 00000000 00:00 0 
7f339368f000-7f33936b2000 r-xp 00000000 08:02 4353536                    /lib/x86_64-linux-gnu/ld-2.19.so
7f33936b2000-7f33936b9000 r--s 00032000 08:02 1586098                    /home/yonatan/.gradle/wrapper/dists/gradle-2.8-all/ah86jmo43de9lfa8xg9ux3c4h/gradle-2.8/lib/gradle-base-services-2.8.jar
7f33936b9000-7f339378b000 rw-p 00000000 00:00 0 
7f339378b000-7f339378e000 ---p 00000000 00:00 0 
7f339378e000-7f3393890000 rw-p 00000000 00:00 0                          [stack:16892]
7f3393890000-7f3393891000 r--s 00004000 08:02 1586130                    /home/yonatan/.gradle/wrapper/dists/gradle-2.8-all/ah86jmo43de9lfa8xg9ux3c4h/gradle-2.8/lib/ant-launcher-1.9.3.jar
7f3393891000-7f33938a5000 rw-p 00000000 00:00 0 
7f33938a5000-7f33938ad000 rw-s 00000000 08:02 1974954                    /tmp/hsperfdata_yonatan/16888
7f33938ad000-7f33938ae000 rw-p 00000000 00:00 0 
7f33938ae000-7f33938af000 ---p 00000000 00:00 0 
7f33938af000-7f33938b1000 rw-p 00000000 00:00 0 
7f33938b1000-7f33938b2000 r--p 00022000 08:02 4353536                    /lib/x86_64-linux-gnu/ld-2.19.so
7f33938b2000-7f33938b3000 rw-p 00023000 08:02 4353536                    /lib/x86_64-linux-gnu/ld-2.19.so
7f33938b3000-7f33938b4000 rw-p 00000000 00:00 0 
7ffd2cb6b000-7ffd2cb8c000 rw-p 00000000 00:00 0                          [stack]
7ffd2cb8d000-7ffd2cb8f000 r-xp 00000000 00:00 0                          [vdso]
7ffd2cb8f000-7ffd2cb91000 r--p 00000000 00:00 0                          [vvar]
ffffffffff600000-ffffffffff601000 r-xp 00000000 00:00 0                  [vsyscall]

VM Arguments:
jvm_args: -XX:MaxPermSize=256m -XX:+HeapDumpOnOutOfMemoryError -Xmx1024m -Dfile.encoding=UTF-8 -Duser.country=US -Duser.language=en -Duser.variant 
java_command: org.gradle.launcher.daemon.bootstrap.GradleDaemon 2.8
java_class_path (initial): /home/yonatan/.gradle/wrapper/dists/gradle-2.8-all/ah86jmo43de9lfa8xg9ux3c4h/gradle-2.8/lib/gradle-launcher-2.8.jar
Launcher Type: SUN_STANDARD

Environment Variables:
JAVA_HOME=/usr/lib/jvm/java-8-oracle
PATH=/usr/local/sbin:/usr/local/bin:/usr/sbin:/usr/bin:/sbin:/bin:/usr/games:/usr/local/games:/usr/lib/jvm/java-8-oracle/bin:/usr/lib/jvm/java-8-oracle/db/bin:/usr/lib/jvm/java-8-oracle/jre/bin
SHELL=/bin/bash
DISPLAY=:0

Signal Handlers:
SIGSEGV: [libjvm.so+0xabca10], sa_mask[0]=11111111011111111101111111111110, sa_flags=SA_RESTART|SA_SIGINFO
SIGBUS: [libjvm.so+0xabca10], sa_mask[0]=11111111011111111101111111111110, sa_flags=SA_RESTART|SA_SIGINFO
SIGFPE: [libjvm.so+0x919a20], sa_mask[0]=11111111011111111101111111111110, sa_flags=SA_RESTART|SA_SIGINFO
SIGPIPE: [libjvm.so+0x919a20], sa_mask[0]=11111111011111111101111111111110, sa_flags=SA_RESTART|SA_SIGINFO
SIGXFSZ: [libjvm.so+0x919a20], sa_mask[0]=11111111011111111101111111111110, sa_flags=SA_RESTART|SA_SIGINFO
SIGILL: [libjvm.so+0x919a20], sa_mask[0]=11111111011111111101111111111110, sa_flags=SA_RESTART|SA_SIGINFO
SIGUSR1: SIG_DFL, sa_mask[0]=00000000000000000000000000000000, sa_flags=none
SIGUSR2: [libjvm.so+0x91b050], sa_mask[0]=00100000000000000000000000000000, sa_flags=SA_RESTART|SA_SIGINFO
SIGHUP: [libjvm.so+0x91c450], sa_mask[0]=11111111011111111101111111111110, sa_flags=SA_RESTART|SA_SIGINFO
SIGINT: [libjvm.so+0x91c450], sa_mask[0]=11111111011111111101111111111110, sa_flags=SA_RESTART|SA_SIGINFO
SIGTERM: [libjvm.so+0x91c450], sa_mask[0]=11111111011111111101111111111110, sa_flags=SA_RESTART|SA_SIGINFO
SIGQUIT: [libjvm.so+0x91c450], sa_mask[0]=11111111011111111101111111111110, sa_flags=SA_RESTART|SA_SIGINFO


---------------  S Y S T E M  ---------------

OS:DISTRIB_ID=Ubuntu
DISTRIB_RELEASE=14.04
DISTRIB_CODENAME=trusty
DISTRIB_DESCRIPTION="Ubuntu 14.04.4 LTS"

uname:Linux 3.16.0-70-generic #90~14.04.1-Ubuntu SMP Wed Apr 6 22:56:34 UTC 2016 x86_64
libc:glibc 2.19 NPTL 2.19 
rlimit: STACK 8192k, CORE 0k, NPROC 14573, NOFILE 4096, AS infinity
load average:32.06 10.35 4.11

/proc/meminfo:
MemTotal:        3931368 kB
MemFree:          138076 kB
MemAvailable:     118160 kB
Buffers:            1608 kB
Cached:           390972 kB
SwapCached:         2200 kB
Active:          2711004 kB
Inactive:         831040 kB
Active(anon):    2705184 kB
Inactive(anon):   747600 kB
Active(file):       5820 kB
Inactive(file):    83440 kB
Unevictable:          48 kB
Mlocked:              48 kB
SwapTotal:       4077564 kB
SwapFree:          95332 kB
Dirty:                16 kB
Writeback:          1540 kB
AnonPages:       3149600 kB
Mapped:            73944 kB
Shmem:            301116 kB
Slab:              86792 kB
SReclaimable:      39840 kB
SUnreclaim:        46952 kB
KernelStack:       14112 kB
PageTables:        76928 kB
NFS_Unstable:          0 kB
Bounce:                0 kB
WritebackTmp:          0 kB
CommitLimit:     6043248 kB
Committed_AS:   16867236 kB
VmallocTotal:   34359738367 kB
VmallocUsed:      356248 kB
VmallocChunk:   34359288256 kB
HardwareCorrupted:     0 kB
AnonHugePages:    679936 kB
HugePages_Total:       0
HugePages_Free:        0
HugePages_Rsvd:        0
HugePages_Surp:        0
Hugepagesize:       2048 kB
DirectMap4k:       88432 kB
DirectMap2M:     3989504 kB


CPU:total 4 (2 cores per cpu, 2 threads per core) family 6 model 58 stepping 9, cmov, cx8, fxsr, mmx, sse, sse2, sse3, ssse3, sse4.1, sse4.2, popcnt, avx, aes, clmul, erms, ht, tsc, tscinvbit, tscinv

/proc/cpuinfo:
processor	: 0
vendor_id	: GenuineIntel
cpu family	: 6
model		: 58
model name	: Intel(R) Core(TM) i5-3317U CPU @ 1.70GHz
stepping	: 9
microcode	: 0x12
cpu MHz		: 2340.222
cache size	: 3072 KB
physical id	: 0
siblings	: 4
core id		: 0
cpu cores	: 2
apicid		: 0
initial apicid	: 0
fpu		: yes
fpu_exception	: yes
cpuid level	: 13
wp		: yes
flags		: fpu vme de pse tsc msr pae mce cx8 apic sep mtrr pge mca cmov pat pse36 clflush dts acpi mmx fxsr sse sse2 ss ht tm pbe syscall nx rdtscp lm constant_tsc arch_perfmon pebs bts rep_good nopl xtopology nonstop_tsc aperfmperf eagerfpu pni pclmulqdq dtes64 monitor ds_cpl vmx est tm2 ssse3 cx16 xtpr pdcm pcid sse4_1 sse4_2 x2apic popcnt tsc_deadline_timer aes xsave avx f16c rdrand lahf_lm ida arat epb xsaveopt pln pts dtherm tpr_shadow vnmi flexpriority ept vpid fsgsbase smep erms
bogomips	: 3392.26
clflush size	: 64
cache_alignment	: 64
address sizes	: 36 bits physical, 48 bits virtual
power management:

processor	: 1
vendor_id	: GenuineIntel
cpu family	: 6
model		: 58
model name	: Intel(R) Core(TM) i5-3317U CPU @ 1.70GHz
stepping	: 9
microcode	: 0x12
cpu MHz		: 2003.476
cache size	: 3072 KB
physical id	: 0
siblings	: 4
core id		: 1
cpu cores	: 2
apicid		: 2
initial apicid	: 2
fpu		: yes
fpu_exception	: yes
cpuid level	: 13
wp		: yes
flags		: fpu vme de pse tsc msr pae mce cx8 apic sep mtrr pge mca cmov pat pse36 clflush dts acpi mmx fxsr sse sse2 ss ht tm pbe syscall nx rdtscp lm constant_tsc arch_perfmon pebs bts rep_good nopl xtopology nonstop_tsc aperfmperf eagerfpu pni pclmulqdq dtes64 monitor ds_cpl vmx est tm2 ssse3 cx16 xtpr pdcm pcid sse4_1 sse4_2 x2apic popcnt tsc_deadline_timer aes xsave avx f16c rdrand lahf_lm ida arat epb xsaveopt pln pts dtherm tpr_shadow vnmi flexpriority ept vpid fsgsbase smep erms
bogomips	: 3392.26
clflush size	: 64
cache_alignment	: 64
address sizes	: 36 bits physical, 48 bits virtual
power management:

processor	: 2
vendor_id	: GenuineIntel
cpu family	: 6
model		: 58
model name	: Intel(R) Core(TM) i5-3317U CPU @ 1.70GHz
stepping	: 9
microcode	: 0x12
cpu MHz		: 2218.832
cache size	: 3072 KB
physical id	: 0
siblings	: 4
core id		: 0
cpu cores	: 2
apicid		: 1
initial apicid	: 1
fpu		: yes
fpu_exception	: yes
cpuid level	: 13
wp		: yes
flags		: fpu vme de pse tsc msr pae mce cx8 apic sep mtrr pge mca cmov pat pse36 clflush dts acpi mmx fxsr sse sse2 ss ht tm pbe syscall nx rdtscp lm constant_tsc arch_perfmon pebs bts rep_good nopl xtopology nonstop_tsc aperfmperf eagerfpu pni pclmulqdq dtes64 monitor ds_cpl vmx est tm2 ssse3 cx16 xtpr pdcm pcid sse4_1 sse4_2 x2apic popcnt tsc_deadline_timer aes xsave avx f16c rdrand lahf_lm ida arat epb xsaveopt pln pts dtherm tpr_shadow vnmi flexpriority ept vpid fsgsbase smep erms
bogomips	: 3392.26
clflush size	: 64
cache_alignment	: 64
address sizes	: 36 bits physical, 48 bits virtual
power management:

processor	: 3
vendor_id	: GenuineIntel
cpu family	: 6
model		: 58
model name	: Intel(R) Core(TM) i5-3317U CPU @ 1.70GHz
stepping	: 9
microcode	: 0x12
cpu MHz		: 1999.625
cache size	: 3072 KB
physical id	: 0
siblings	: 4
core id		: 1
cpu cores	: 2
apicid		: 3
initial apicid	: 3
fpu		: yes
fpu_exception	: yes
cpuid level	: 13
wp		: yes
flags		: fpu vme de pse tsc msr pae mce cx8 apic sep mtrr pge mca cmov pat pse36 clflush dts acpi mmx fxsr sse sse2 ss ht tm pbe syscall nx rdtscp lm constant_tsc arch_perfmon pebs bts rep_good nopl xtopology nonstop_tsc aperfmperf eagerfpu pni pclmulqdq dtes64 monitor ds_cpl vmx est tm2 ssse3 cx16 xtpr pdcm pcid sse4_1 sse4_2 x2apic popcnt tsc_deadline_timer aes xsave avx f16c rdrand lahf_lm ida arat epb xsaveopt pln pts dtherm tpr_shadow vnmi flexpriority ept vpid fsgsbase smep erms
bogomips	: 3392.26
clflush size	: 64
cache_alignment	: 64
address sizes	: 36 bits physical, 48 bits virtual
power management:



Memory: 4k page, physical 3931368k(137828k free), swap 4077564k(95332k free)

vm_info: Java HotSpot(TM) 64-Bit Server VM (25.91-b14) for linux-amd64 JRE (1.8.0_91-b14), built on Apr  1 2016 00:57:21 by "java_re" with gcc 4.3.0 20080428 (Red Hat 4.3.0-8)

time: Mon May  2 15:23:23 2016
elapsed time: 1530 seconds (0d 0h 25m 30s)

