#
# There is insufficient memory for the Java Runtime Environment to continue.
# Native memory allocation (mmap) failed to map 45088768 bytes for committing reserved memory.
# Possible reasons:
#   The system is out of physical RAM or swap space
#   In 32 bit mode, the process size limit was hit
# Possible solutions:
#   Reduce memory load on the system
#   Increase physical memory or swap space
#   Check if swap backing store is full
#   Use 64 bit Java on a 64 bit OS
#   Decrease Java heap size (-Xmx/-Xms)
#   Decrease number of Java threads
#   Decrease Java thread stack sizes (-Xss)
#   Set larger code cache with -XX:ReservedCodeCacheSize=
# This output file may be truncated or incomplete.
#
#  Out of Memory Error (os_linux.cpp:2627), pid=18190, tid=140633887397632
#
# JRE version: Java(TM) SE Runtime Environment (8.0_91-b14) (build 1.8.0_91-b14)
# Java VM: Java HotSpot(TM) 64-Bit Server VM (25.91-b14 mixed mode linux-amd64 compressed oops)
# Failed to write core dump. Core dumps have been disabled. To enable core dumping, try "ulimit -c unlimited" before starting Java again
#

---------------  T H R E A D  ---------------

Current thread (0x00007fe7f4078000):  VMThread [stack: 0x00007fe7e0d6d000,0x00007fe7e0e6e000] [id=18196]

Stack: [0x00007fe7e0d6d000,0x00007fe7e0e6e000],  sp=0x00007fe7e0e6c1e0,  free space=1020k
Native frames: (J=compiled Java code, j=interpreted, Vv=VM code, C=native code)
V  [libjvm.so+0xabc18a]  VMError::report_and_die()+0x2ba
V  [libjvm.so+0x4fafeb]  report_vm_out_of_memory(char const*, int, unsigned long, VMErrorType, char const*)+0x8b
V  [libjvm.so+0x91cbb3]  os::Linux::commit_memory_impl(char*, unsigned long, bool)+0x103
V  [libjvm.so+0x91d109]  os::pd_commit_memory(char*, unsigned long, unsigned long, bool)+0x29
V  [libjvm.so+0x91740a]  os::commit_memory(char*, unsigned long, unsigned long, bool)+0x2a
V  [libjvm.so+0x98b033]  PSVirtualSpace::expand_by(unsigned long)+0x53
V  [libjvm.so+0x98c438]  PSYoungGen::resize_generation(unsigned long, unsigned long)+0xf8
V  [libjvm.so+0x98b592]  PSYoungGen::resize(unsigned long, unsigned long)+0x22
V  [libjvm.so+0x98886b]  PSScavenge::invoke_no_policy()+0xf3b
V  [libjvm.so+0x988ff1]  PSScavenge::invoke()+0x41
V  [libjvm.so+0x9408b0]  ParallelScavengeHeap::failed_mem_allocate(unsigned long)+0x70
V  [libjvm.so+0xabdba7]  VM_ParallelGCFailedAllocation::doit()+0x97
V  [libjvm.so+0xac55d5]  VM_Operation::evaluate()+0x55
V  [libjvm.so+0xac39aa]  VMThread::evaluate_operation(VM_Operation*)+0xba
V  [libjvm.so+0xac3d2e]  VMThread::loop()+0x1ce
V  [libjvm.so+0xac41a0]  VMThread::run()+0x70
V  [libjvm.so+0x91ef78]  java_start(Thread*)+0x108

VM_Operation (0x00007fe7b3bf9cf0): ParallelGCFailedAllocation, mode: safepoint, requested by thread 0x00007fe7f415a800


---------------  P R O C E S S  ---------------

Java Threads: ( => current thread )
  0x00007fe7f415d800 JavaThread "pool-1-thread-4" [_thread_blocked, id=18228, stack(0x00007fe7b38f9000,0x00007fe7b39fa000)]
  0x00007fe7f415b800 JavaThread "pool-1-thread-3" [_thread_blocked, id=18227, stack(0x00007fe7b39fa000,0x00007fe7b3afb000)]
  0x00007fe7f415a800 JavaThread "pool-1-thread-2" [_thread_blocked, id=18226, stack(0x00007fe7b3afb000,0x00007fe7b3bfc000)]
  0x00007fe7f4155000 JavaThread "pool-2-thread-1" [_thread_blocked, id=18225, stack(0x00007fe7b3bfc000,0x00007fe7b3cfd000)]
  0x00007fe7f4153000 JavaThread "pool-1-thread-1" [_thread_blocked, id=18223, stack(0x00007fe7b3cfd000,0x00007fe7b3dfe000)]
  0x00007fe7f40cc000 JavaThread "Service Thread" daemon [_thread_blocked, id=18203, stack(0x00007fe7b3eff000,0x00007fe7b4000000)]
  0x00007fe7f40be800 JavaThread "C1 CompilerThread2" daemon [_thread_blocked, id=18202, stack(0x00007fe7e0084000,0x00007fe7e0185000)]
  0x00007fe7f40bd000 JavaThread "C2 CompilerThread1" daemon [_thread_blocked, id=18201, stack(0x00007fe7e0185000,0x00007fe7e0286000)]
  0x00007fe7f40ba000 JavaThread "C2 CompilerThread0" daemon [_thread_blocked, id=18200, stack(0x00007fe7e0286000,0x00007fe7e0387000)]
  0x00007fe7f40b8800 JavaThread "Signal Dispatcher" daemon [_thread_blocked, id=18199, stack(0x00007fe7e0387000,0x00007fe7e0488000)]
  0x00007fe7f4084000 JavaThread "Finalizer" daemon [_thread_blocked, id=18198, stack(0x00007fe7e0b6b000,0x00007fe7e0c6c000)]
  0x00007fe7f407f800 JavaThread "Reference Handler" daemon [_thread_blocked, id=18197, stack(0x00007fe7e0c6c000,0x00007fe7e0d6d000)]
  0x00007fe7f400a000 JavaThread "main" [_thread_blocked, id=18191, stack(0x00007fe7fb41f000,0x00007fe7fb520000)]

Other Threads:
=>0x00007fe7f4078000 VMThread [stack: 0x00007fe7e0d6d000,0x00007fe7e0e6e000] [id=18196]
  0x00007fe7f40ce800 WatcherThread [stack: 0x00007fe7b3dfe000,0x00007fe7b3eff000] [id=18204]

VM state:at safepoint (normal execution)

VM Mutex/Monitor currently owned by a thread:  ([mutex/lock_event])
[0x00007fe7f4006570] Threads_lock - owner thread: 0x00007fe7f4078000
[0x00007fe7f4006a70] Heap_lock - owner thread: 0x00007fe7f415a800

Heap:
 PSYoungGen      total 33280K, used 2528K [0x00000000eab00000, 0x00000000ece00000, 0x0000000100000000)
  eden space 30720K, 0% used [0x00000000eab00000,0x00000000eab00000,0x00000000ec900000)
  from space 2560K, 98% used [0x00000000ec900000,0x00000000ecb78018,0x00000000ecb80000)
  to   space 2560K, 0% used [0x00000000ecb80000,0x00000000ecb80000,0x00000000ece00000)
 ParOldGen       total 40960K, used 10578K [0x00000000c0000000, 0x00000000c2800000, 0x00000000eab00000)
  object space 40960K, 25% used [0x00000000c0000000,0x00000000c0a54910,0x00000000c2800000)
 Metaspace       used 5894K, capacity 6896K, committed 7040K, reserved 1056768K
  class space    used 593K, capacity 616K, committed 640K, reserved 1048576K

Card table byte_map: [0x00007fe7e4dff000,0x00007fe7e5000000] byte_map_base: 0x00007fe7e47ff000

Marking Bits: (ParMarkBitMap*) 0x00007fe7fa8f9d60
 Begin Bits: [0x00007fe7e29fb000, 0x00007fe7e39fb000)
 End Bits:   [0x00007fe7e39fb000, 0x00007fe7e49fb000)

Polling page: 0x00007fe7fb542000

CodeCache: size=245760Kb used=3778Kb max_used=3779Kb free=241981Kb
 bounds [0x00007fe7e5000000, 0x00007fe7e53c0000, 0x00007fe7f4000000]
 total_blobs=1324 nmethods=1056 adapters=182
 compilation: enabled

Compilation events (10 events):
Event: 13.342 Thread 0x00007fe7f40be800 nmethod 1280 0x00007fe7e53b2e50 code [0x00007fe7e53b3000, 0x00007fe7e53b3438]
Event: 13.342 Thread 0x00007fe7f40be800 1329       2       java.util.HashMap::get (23 bytes)
Event: 13.342 Thread 0x00007fe7f40be800 nmethod 1329 0x00007fe7e53b29d0 code [0x00007fe7e53b2b40, 0x00007fe7e53b2d38]
Event: 13.342 Thread 0x00007fe7f40be800 1328       2       com.android.dx.ssa.SsaMethod::updateOneDefinition (70 bytes)
Event: 13.343 Thread 0x00007fe7f40be800 nmethod 1328 0x00007fe7e53b2250 code [0x00007fe7e53b23e0, 0x00007fe7e53b2708]
Event: 13.343 Thread 0x00007fe7f40be800 1334       2       com.android.dx.ssa.PhiInsn::predBlocksForReg (73 bytes)
Event: 13.345 Thread 0x00007fe7f40be800 nmethod 1334 0x00007fe7e53b1390 code [0x00007fe7e53b1560, 0x00007fe7e53b1b38]
Event: 13.345 Thread 0x00007fe7f40be800 1330       2       com.android.dx.rop.code.RegisterSpecSet::equals (106 bytes)
Event: 13.349 Thread 0x00007fe7f40be800 nmethod 1330 0x00007fe7e53b0b50 code [0x00007fe7e53b0d00, 0x00007fe7e53b1088]
Event: 13.349 Thread 0x00007fe7f40be800 1331       2       com.android.dx.ssa.back.FirstFitLocalCombiningAllocator::tryMapRegs (110 bytes)

GC Heap History (9 events):
Event: 8.350 GC heap before
{Heap before GC invocations=1 (full 0):
 PSYoungGen      total 17920K, used 15360K [0x00000000eab00000, 0x00000000ebf00000, 0x0000000100000000)
  eden space 15360K, 100% used [0x00000000eab00000,0x00000000eba00000,0x00000000eba00000)
  from space 2560K, 0% used [0x00000000ebc80000,0x00000000ebc80000,0x00000000ebf00000)
  to   space 2560K, 0% used [0x00000000eba00000,0x00000000eba00000,0x00000000ebc80000)
 ParOldGen       total 40960K, used 0K [0x00000000c0000000, 0x00000000c2800000, 0x00000000eab00000)
  object space 40960K, 0% used [0x00000000c0000000,0x00000000c0000000,0x00000000c2800000)
 Metaspace       used 3344K, capacity 4720K, committed 4864K, reserved 1056768K
  class space    used 359K, capacity 424K, committed 512K, reserved 1048576K
Event: 8.358 GC heap after
Heap after GC invocations=1 (full 0):
 PSYoungGen      total 17920K, used 878K [0x00000000eab00000, 0x00000000ebf00000, 0x0000000100000000)
  eden space 15360K, 0% used [0x00000000eab00000,0x00000000eab00000,0x00000000eba00000)
  from space 2560K, 34% used [0x00000000eba00000,0x00000000ebadb9b0,0x00000000ebc80000)
  to   space 2560K, 0% used [0x00000000ebc80000,0x00000000ebc80000,0x00000000ebf00000)
 ParOldGen       total 40960K, used 8K [0x00000000c0000000, 0x00000000c2800000, 0x00000000eab00000)
  object space 40960K, 0% used [0x00000000c0000000,0x00000000c0002000,0x00000000c2800000)
 Metaspace       used 3344K, capacity 4720K, committed 4864K, reserved 1056768K
  class space    used 359K, capacity 424K, committed 512K, reserved 1048576K
}
Event: 10.090 GC heap before
{Heap before GC invocations=2 (full 0):
 PSYoungGen      total 17920K, used 16238K [0x00000000eab00000, 0x00000000ebf00000, 0x0000000100000000)
  eden space 15360K, 100% used [0x00000000eab00000,0x00000000eba00000,0x00000000eba00000)
  from space 2560K, 34% used [0x00000000eba00000,0x00000000ebadb9b0,0x00000000ebc80000)
  to   space 2560K, 0% used [0x00000000ebc80000,0x00000000ebc80000,0x00000000ebf00000)
 ParOldGen       total 40960K, used 8K [0x00000000c0000000, 0x00000000c2800000, 0x00000000eab00000)
  object space 40960K, 0% used [0x00000000c0000000,0x00000000c0002000,0x00000000c2800000)
 Metaspace       used 5532K, capacity 6576K, committed 6784K, reserved 1056768K
  class space    used 584K, capacity 616K, committed 640K, reserved 1048576K
Event: 10.122 GC heap after
Heap after GC invocations=2 (full 0):
 PSYoungGen      total 17920K, used 2535K [0x00000000eab00000, 0x00000000ebf00000, 0x0000000100000000)
  eden space 15360K, 0% used [0x00000000eab00000,0x00000000eab00000,0x00000000eba00000)
  from space 2560K, 99% used [0x00000000ebc80000,0x00000000ebef9c68,0x00000000ebf00000)
  to   space 2560K, 0% used [0x00000000eba00000,0x00000000eba00000,0x00000000ebc80000)
 ParOldGen       total 40960K, used 955K [0x00000000c0000000, 0x00000000c2800000, 0x00000000eab00000)
  object space 40960K, 2% used [0x00000000c0000000,0x00000000c00eedf8,0x00000000c2800000)
 Metaspace       used 5532K, capacity 6576K, committed 6784K, reserved 1056768K
  class space    used 584K, capacity 616K, committed 640K, reserved 1048576K
}
Event: 11.148 GC heap before
{Heap before GC invocations=3 (full 0):
 PSYoungGen      total 17920K, used 17895K [0x00000000eab00000, 0x00000000ebf00000, 0x0000000100000000)
  eden space 15360K, 100% used [0x00000000eab00000,0x00000000eba00000,0x00000000eba00000)
  from space 2560K, 99% used [0x00000000ebc80000,0x00000000ebef9c68,0x00000000ebf00000)
  to   space 2560K, 0% used [0x00000000eba00000,0x00000000eba00000,0x00000000ebc80000)
 ParOldGen       total 40960K, used 955K [0x00000000c0000000, 0x00000000c2800000, 0x00000000eab00000)
  object space 40960K, 2% used [0x00000000c0000000,0x00000000c00eedf8,0x00000000c2800000)
 Metaspace       used 5746K, capacity 6704K, committed 6784K, reserved 1056768K
  class space    used 589K, capacity 616K, committed 640K, reserved 1048576K
Event: 11.182 GC heap after
Heap after GC invocations=3 (full 0):
 PSYoungGen      total 17920K, used 2551K [0x00000000eab00000, 0x00000000ece00000, 0x0000000100000000)
  eden space 15360K, 0% used [0x00000000eab00000,0x00000000eab00000,0x00000000eba00000)
  from space 2560K, 99% used [0x00000000eba00000,0x00000000ebc7dc78,0x00000000ebc80000)
  to   space 2560K, 0% used [0x00000000ecb80000,0x00000000ecb80000,0x00000000ece00000)
 ParOldGen       total 40960K, used 3170K [0x00000000c0000000, 0x00000000c2800000, 0x00000000eab00000)
  object space 40960K, 7% used [0x00000000c0000000,0x00000000c03188b8,0x00000000c2800000)
 Metaspace       used 5746K, capacity 6704K, committed 6784K, reserved 1056768K
  class space    used 589K, capacity 616K, committed 640K, reserved 1048576K
}
Event: 12.084 GC heap before
{Heap before GC invocations=4 (full 0):
 PSYoungGen      total 17920K, used 17911K [0x00000000eab00000, 0x00000000ece00000, 0x0000000100000000)
  eden space 15360K, 100% used [0x00000000eab00000,0x00000000eba00000,0x00000000eba00000)
  from space 2560K, 99% used [0x00000000eba00000,0x00000000ebc7dc78,0x00000000ebc80000)
  to   space 2560K, 0% used [0x00000000ecb80000,0x00000000ecb80000,0x00000000ece00000)
 ParOldGen       total 40960K, used 3170K [0x00000000c0000000, 0x00000000c2800000, 0x00000000eab00000)
  object space 40960K, 7% used [0x00000000c0000000,0x00000000c03188b8,0x00000000c2800000)
 Metaspace       used 5837K, capacity 6832K, committed 7040K, reserved 1056768K
  class space    used 592K, capacity 616K, committed 640K, reserved 1048576K
Event: 12.125 GC heap after
Heap after GC invocations=4 (full 0):
 PSYoungGen      total 33280K, used 2528K [0x00000000eab00000, 0x00000000ece00000, 0x0000000100000000)
  eden space 30720K, 0% used [0x00000000eab00000,0x00000000eab00000,0x00000000ec900000)
  from space 2560K, 98% used [0x00000000ecb80000,0x00000000ecdf8018,0x00000000ece00000)
  to   space 2560K, 0% used [0x00000000ec900000,0x00000000ec900000,0x00000000ecb80000)
 ParOldGen       total 40960K, used 5827K [0x00000000c0000000, 0x00000000c2800000, 0x00000000eab00000)
  object space 40960K, 14% used [0x00000000c0000000,0x00000000c05b0cb0,0x00000000c2800000)
 Metaspace       used 5837K, capacity 6832K, committed 7040K, reserved 1056768K
  class space    used 592K, capacity 616K, committed 640K, reserved 1048576K
}
Event: 13.482 GC heap before
{Heap before GC invocations=5 (full 0):
 PSYoungGen      total 33280K, used 33248K [0x00000000eab00000, 0x00000000ece00000, 0x0000000100000000)
  eden space 30720K, 100% used [0x00000000eab00000,0x00000000ec900000,0x00000000ec900000)
  from space 2560K, 98% used [0x00000000ecb80000,0x00000000ecdf8018,0x00000000ece00000)
  to   space 2560K, 0% used [0x00000000ec900000,0x00000000ec900000,0x00000000ecb80000)
 ParOldGen       total 40960K, used 5827K [0x00000000c0000000, 0x00000000c2800000, 0x00000000eab00000)
  object space 40960K, 14% used [0x00000000c0000000,0x00000000c05b0cb0,0x00000000c2800000)
 Metaspace       used 5894K, capacity 6896K, committed 7040K, reserved 1056768K
  class space    used 593K, capacity 616K, committed 640K, reserved 1048576K

Deoptimization events (10 events):
Event: 10.933 Thread 0x00007fe7f4153000 Uncommon trap: reason=class_check action=maybe_recompile pc=0x00007fe7e5212460 method=com.android.dx.ssa.NormalSsaInsn.accept(Lcom/android/dx/ssa/SsaInsn$Visitor;)V @ 9
Event: 10.933 Thread 0x00007fe7f4153000 Uncommon trap: reason=class_check action=maybe_recompile pc=0x00007fe7e51feb10 method=com.android.dx.ssa.NormalSsaInsn.accept(Lcom/android/dx/ssa/SsaInsn$Visitor;)V @ 9
Event: 10.933 Thread 0x00007fe7f4153000 Uncommon trap: reason=class_check action=maybe_recompile pc=0x00007fe7e51feb10 method=com.android.dx.ssa.NormalSsaInsn.accept(Lcom/android/dx/ssa/SsaInsn$Visitor;)V @ 9
Event: 10.985 Thread 0x00007fe7f4153000 Uncommon trap: reason=class_check action=maybe_recompile pc=0x00007fe7e5212460 method=com.android.dx.ssa.NormalSsaInsn.accept(Lcom/android/dx/ssa/SsaInsn$Visitor;)V @ 9
Event: 11.502 Thread 0x00007fe7f415d800 Uncommon trap: reason=bimorphic action=maybe_recompile pc=0x00007fe7e520dc4c method=java.util.HashMap.getNode(ILjava/lang/Object;)Ljava/util/HashMap$Node; @ 126
Event: 11.957 Thread 0x00007fe7f415d800 Uncommon trap: reason=bimorphic action=maybe_recompile pc=0x00007fe7e520dc4c method=java.util.HashMap.getNode(ILjava/lang/Object;)Ljava/util/HashMap$Node; @ 126
Event: 12.349 Thread 0x00007fe7f400a000 Uncommon trap: reason=unstable_if action=reinterpret pc=0x00007fe7e5331984 method=com.android.dx.util.IntList.binarysearch(I)I @ 105
Event: 13.223 Thread 0x00007fe7f4153000 Uncommon trap: reason=bimorphic action=maybe_recompile pc=0x00007fe7e520dc4c method=java.util.HashMap.getNode(ILjava/lang/Object;)Ljava/util/HashMap$Node; @ 126
Event: 13.286 Thread 0x00007fe7f415a800 Uncommon trap: reason=bimorphic action=maybe_recompile pc=0x00007fe7e520dc4c method=java.util.HashMap.getNode(ILjava/lang/Object;)Ljava/util/HashMap$Node; @ 126
Event: 13.293 Thread 0x00007fe7f400a000 Uncommon trap: reason=unstable_if action=reinterpret pc=0x00007fe7e533c9fc method=com.android.dx.ssa.SsaMethod.updateOneDefinition(Lcom/android/dx/ssa/SsaInsn;Lcom/android/dx/rop/code/RegisterSpec;)V @ 4

Internal exceptions (3 events):
Event: 0.744 Thread 0x00007fe7f400a000 Exception <a 'java/lang/NoSuchMethodError': Method sun.misc.Unsafe.defineClass(Ljava/lang/String;[BII)Ljava/lang/Class; name or signature does not match> (0x00000000eab07cc0) thrown at [/HUDSON/workspace/8-2-build-linux-amd64/jdk8u91/6644/hotspot/src/shar
Event: 0.747 Thread 0x00007fe7f400a000 Exception <a 'java/lang/NoSuchMethodError': Method sun.misc.Unsafe.prefetchRead(Ljava/lang/Object;J)V name or signature does not match> (0x00000000eab07fa8) thrown at [/HUDSON/workspace/8-2-build-linux-amd64/jdk8u91/6644/hotspot/src/share/vm/prims/jni.cpp
Event: 10.582 Thread 0x00007fe7f400a000 Implicit null exception at 0x00007fe7e52322a2 to 0x00007fe7e5232393

Events (10 events):
Event: 13.286 Thread 0x00007fe7f415a800 DEOPT PACKING pc=0x00007fe7e520dc4c sp=0x00007fe7b3bfa020
Event: 13.286 Thread 0x00007fe7f415a800 DEOPT UNPACKING pc=0x00007fe7e5005229 sp=0x00007fe7b3bf9f68 mode 2
Event: 13.293 Thread 0x00007fe7f400a000 Uncommon trap: trap_request=0xffffff65 fr.pc=0x00007fe7e533c9fc
Event: 13.293 Thread 0x00007fe7f400a000 DEOPT PACKING pc=0x00007fe7e533c9fc sp=0x00007fe7fb51d5a0
Event: 13.293 Thread 0x00007fe7f400a000 DEOPT UNPACKING pc=0x00007fe7e5005229 sp=0x00007fe7fb51d568 mode 2
Event: 13.347 Thread 0x00007fe7f415b800 DEOPT PACKING pc=0x00007fe7e527452d sp=0x00007fe7b3af8bd0
Event: 13.347 Thread 0x00007fe7f415b800 DEOPT UNPACKING pc=0x00007fe7e5047633 sp=0x00007fe7b3af8958 mode 0
Event: 13.406 Thread 0x00007fe7f415d800 DEOPT PACKING pc=0x00007fe7e53226e7 sp=0x00007fe7b39f7d60
Event: 13.419 Thread 0x00007fe7f415d800 DEOPT UNPACKING pc=0x00007fe7e5047633 sp=0x00007fe7b39f7b50 mode 0
Event: 13.430 Executing VM operation: ParallelGCFailedAllocation


Dynamic libraries:
00400000-00401000 r-xp 00000000 08:02 6686124                            /usr/lib/jvm/java-8-oracle/bin/java
00600000-00601000 rw-p 00000000 08:02 6686124                            /usr/lib/jvm/java-8-oracle/bin/java
01f03000-01f24000 rw-p 00000000 00:00 0                                  [heap]
c0000000-c2800000 rw-p 00000000 00:00 0 
c2800000-eab00000 ---p 00000000 00:00 0 
eab00000-ece00000 rw-p 00000000 00:00 0 
ef900000-100000000 ---p 00000000 00:00 0 
100000000-1000a0000 rw-p 00000000 00:00 0 
1000a0000-140000000 ---p 00000000 00:00 0 
7fe794000000-7fe79402d000 rw-p 00000000 00:00 0 
7fe79402d000-7fe798000000 ---p 00000000 00:00 0 
7fe798000000-7fe798036000 rw-p 00000000 00:00 0 
7fe798036000-7fe79c000000 ---p 00000000 00:00 0 
7fe79c000000-7fe79c021000 rw-p 00000000 00:00 0 
7fe79c021000-7fe7a0000000 ---p 00000000 00:00 0 
7fe7a0000000-7fe7a0021000 rw-p 00000000 00:00 0 
7fe7a0021000-7fe7a4000000 ---p 00000000 00:00 0 
7fe7a4000000-7fe7a4021000 rw-p 00000000 00:00 0 
7fe7a4021000-7fe7a8000000 ---p 00000000 00:00 0 
7fe7a8000000-7fe7a8021000 rw-p 00000000 00:00 0 
7fe7a8021000-7fe7ac000000 ---p 00000000 00:00 0 
7fe7ac000000-7fe7ac021000 rw-p 00000000 00:00 0 
7fe7ac021000-7fe7b0000000 ---p 00000000 00:00 0 
7fe7b38f9000-7fe7b38fc000 ---p 00000000 00:00 0 
7fe7b38fc000-7fe7b39fa000 rw-p 00000000 00:00 0                          [stack:18228]
7fe7b39fa000-7fe7b39fd000 ---p 00000000 00:00 0 
7fe7b39fd000-7fe7b3afb000 rw-p 00000000 00:00 0                          [stack:18227]
7fe7b3afb000-7fe7b3afe000 ---p 00000000 00:00 0 
7fe7b3afe000-7fe7b3bfc000 rw-p 00000000 00:00 0                          [stack:18226]
7fe7b3bfc000-7fe7b3bff000 ---p 00000000 00:00 0 
7fe7b3bff000-7fe7b3cfd000 rw-p 00000000 00:00 0                          [stack:18225]
7fe7b3cfd000-7fe7b3d00000 ---p 00000000 00:00 0 
7fe7b3d00000-7fe7b3dfe000 rw-p 00000000 00:00 0                          [stack:18223]
7fe7b3dfe000-7fe7b3dff000 ---p 00000000 00:00 0 
7fe7b3dff000-7fe7b3eff000 rw-p 00000000 00:00 0                          [stack:18204]
7fe7b3eff000-7fe7b3f02000 ---p 00000000 00:00 0 
7fe7b3f02000-7fe7b4000000 rw-p 00000000 00:00 0                          [stack:18203]
7fe7b4000000-7fe7b42f7000 rw-p 00000000 00:00 0 
7fe7b42f7000-7fe7b8000000 ---p 00000000 00:00 0 
7fe7b8000000-7fe7b85d7000 rw-p 00000000 00:00 0 
7fe7b85d7000-7fe7bc000000 ---p 00000000 00:00 0 
7fe7bc000000-7fe7bc021000 rw-p 00000000 00:00 0 
7fe7bc021000-7fe7c0000000 ---p 00000000 00:00 0 
7fe7c0000000-7fe7c02b0000 rw-p 00000000 00:00 0 
7fe7c02b0000-7fe7c4000000 ---p 00000000 00:00 0 
7fe7c4000000-7fe7c4021000 rw-p 00000000 00:00 0 
7fe7c4021000-7fe7c8000000 ---p 00000000 00:00 0 
7fe7c8000000-7fe7c8021000 rw-p 00000000 00:00 0 
7fe7c8021000-7fe7cc000000 ---p 00000000 00:00 0 
7fe7cc000000-7fe7cc021000 rw-p 00000000 00:00 0 
7fe7cc021000-7fe7d0000000 ---p 00000000 00:00 0 
7fe7d0000000-7fe7d028c000 rw-p 00000000 00:00 0 
7fe7d028c000-7fe7d4000000 ---p 00000000 00:00 0 
7fe7d4000000-7fe7d4021000 rw-p 00000000 00:00 0 
7fe7d4021000-7fe7d8000000 ---p 00000000 00:00 0 
7fe7d8000000-7fe7d8021000 rw-p 00000000 00:00 0 
7fe7d8021000-7fe7dc000000 ---p 00000000 00:00 0 
7fe7dc000000-7fe7dc021000 rw-p 00000000 00:00 0 
7fe7dc021000-7fe7e0000000 ---p 00000000 00:00 0 
7fe7e006c000-7fe7e0084000 r--s 000f5000 08:02 3985824                    /home/yonatan/Etty/programing/androidAdvanced/FinalProject/LocationsApp/app/build/intermediates/exploded-aar/com.google.android.gms/play-services-ads/8.4.0/jars/classes.jar
7fe7e0084000-7fe7e0087000 ---p 00000000 00:00 0 
7fe7e0087000-7fe7e0185000 rw-p 00000000 00:00 0                          [stack:18202]
7fe7e0185000-7fe7e0188000 ---p 00000000 00:00 0 
7fe7e0188000-7fe7e0286000 rw-p 00000000 00:00 0                          [stack:18201]
7fe7e0286000-7fe7e0289000 ---p 00000000 00:00 0 
7fe7e0289000-7fe7e0387000 rw-p 00000000 00:00 0                          [stack:18200]
7fe7e0387000-7fe7e038a000 ---p 00000000 00:00 0 
7fe7e038a000-7fe7e0488000 rw-p 00000000 00:00 0                          [stack:18199]
7fe7e0488000-7fe7e0b6b000 r--p 00000000 08:02 6691839                    /usr/lib/locale/locale-archive
7fe7e0b6b000-7fe7e0b6e000 ---p 00000000 00:00 0 
7fe7e0b6e000-7fe7e0c6c000 rw-p 00000000 00:00 0                          [stack:18198]
7fe7e0c6c000-7fe7e0c6f000 ---p 00000000 00:00 0 
7fe7e0c6f000-7fe7e0d6d000 rw-p 00000000 00:00 0                          [stack:18197]
7fe7e0d6d000-7fe7e0d6e000 ---p 00000000 00:00 0 
7fe7e0d6e000-7fe7e1e22000 rw-p 00000000 00:00 0                          [stack:18196]
7fe7e1e22000-7fe7e1ffb000 r--s 03d1f000 08:02 6706386                    /usr/lib/jvm/java-8-oracle/jre/lib/rt.jar
7fe7e1ffb000-7fe7e263b000 rw-p 00000000 00:00 0 
7fe7e263b000-7fe7e27fb000 ---p 00000000 00:00 0 
7fe7e27fb000-7fe7e49fb000 rw-p 00000000 00:00 0 
7fe7e49fb000-7fe7e49fc000 ---p 00000000 00:00 0 
7fe7e49fc000-7fe7e4afc000 rw-p 00000000 00:00 0                          [stack:18195]
7fe7e4afc000-7fe7e4afd000 ---p 00000000 00:00 0 
7fe7e4afd000-7fe7e4bfd000 rw-p 00000000 00:00 0                          [stack:18194]
7fe7e4bfd000-7fe7e4bfe000 ---p 00000000 00:00 0 
7fe7e4bfe000-7fe7e4cfe000 rw-p 00000000 00:00 0                          [stack:18193]
7fe7e4cfe000-7fe7e4cff000 ---p 00000000 00:00 0 
7fe7e4cff000-7fe7e4e13000 rw-p 00000000 00:00 0                          [stack:18192]
7fe7e4e13000-7fe7e4f54000 ---p 00000000 00:00 0 
7fe7e4f54000-7fe7e4f66000 rw-p 00000000 00:00 0 
7fe7e4f66000-7fe7e4fff000 ---p 00000000 00:00 0 
7fe7e4fff000-7fe7e5000000 rw-p 00000000 00:00 0 
7fe7e5000000-7fe7e53c0000 rwxp 00000000 00:00 0 
7fe7e53c0000-7fe7f4000000 ---p 00000000 00:00 0 
7fe7f4000000-7fe7f4395000 rw-p 00000000 00:00 0 
7fe7f4395000-7fe7f8000000 ---p 00000000 00:00 0 
7fe7f8008000-7fe7f8017000 r--s 000df000 08:02 3824912                    /home/yonatan/Android/Sdk/build-tools/23.0.2/lib/dx.jar
7fe7f8017000-7fe7f80a1000 rw-p 00000000 00:00 0 
7fe7f80a1000-7fe7f81e3000 ---p 00000000 00:00 0 
7fe7f81e3000-7fe7f81f2000 rw-p 00000000 00:00 0 
7fe7f81f2000-7fe7f85a3000 ---p 00000000 00:00 0 
7fe7f85a3000-7fe7f85bd000 r-xp 00000000 08:02 6706420                    /usr/lib/jvm/java-8-oracle/jre/lib/amd64/libzip.so
7fe7f85bd000-7fe7f87bd000 ---p 0001a000 08:02 6706420                    /usr/lib/jvm/java-8-oracle/jre/lib/amd64/libzip.so
7fe7f87bd000-7fe7f87be000 rw-p 0001a000 08:02 6706420                    /usr/lib/jvm/java-8-oracle/jre/lib/amd64/libzip.so
7fe7f87be000-7fe7f87c9000 r-xp 00000000 08:02 4353546                    /lib/x86_64-linux-gnu/libnss_files-2.19.so
7fe7f87c9000-7fe7f89c8000 ---p 0000b000 08:02 4353546                    /lib/x86_64-linux-gnu/libnss_files-2.19.so
7fe7f89c8000-7fe7f89c9000 r--p 0000a000 08:02 4353546                    /lib/x86_64-linux-gnu/libnss_files-2.19.so
7fe7f89c9000-7fe7f89ca000 rw-p 0000b000 08:02 4353546                    /lib/x86_64-linux-gnu/libnss_files-2.19.so
7fe7f89ca000-7fe7f89d5000 r-xp 00000000 08:02 4353538                    /lib/x86_64-linux-gnu/libnss_nis-2.19.so
7fe7f89d5000-7fe7f8bd4000 ---p 0000b000 08:02 4353538                    /lib/x86_64-linux-gnu/libnss_nis-2.19.so
7fe7f8bd4000-7fe7f8bd5000 r--p 0000a000 08:02 4353538                    /lib/x86_64-linux-gnu/libnss_nis-2.19.so
7fe7f8bd5000-7fe7f8bd6000 rw-p 0000b000 08:02 4353538                    /lib/x86_64-linux-gnu/libnss_nis-2.19.so
7fe7f8bd6000-7fe7f8bed000 r-xp 00000000 08:02 4353534                    /lib/x86_64-linux-gnu/libnsl-2.19.so
7fe7f8bed000-7fe7f8dec000 ---p 00017000 08:02 4353534                    /lib/x86_64-linux-gnu/libnsl-2.19.so
7fe7f8dec000-7fe7f8ded000 r--p 00016000 08:02 4353534                    /lib/x86_64-linux-gnu/libnsl-2.19.so
7fe7f8ded000-7fe7f8dee000 rw-p 00017000 08:02 4353534                    /lib/x86_64-linux-gnu/libnsl-2.19.so
7fe7f8dee000-7fe7f8df0000 rw-p 00000000 00:00 0 
7fe7f8df0000-7fe7f8df9000 r-xp 00000000 08:02 4353533                    /lib/x86_64-linux-gnu/libnss_compat-2.19.so
7fe7f8df9000-7fe7f8ff8000 ---p 00009000 08:02 4353533                    /lib/x86_64-linux-gnu/libnss_compat-2.19.so
7fe7f8ff8000-7fe7f8ff9000 r--p 00008000 08:02 4353533                    /lib/x86_64-linux-gnu/libnss_compat-2.19.so
7fe7f8ff9000-7fe7f8ffa000 rw-p 00009000 08:02 4353533                    /lib/x86_64-linux-gnu/libnss_compat-2.19.so
7fe7f8ffa000-7fe7f9024000 r-xp 00000000 08:02 6706397                    /usr/lib/jvm/java-8-oracle/jre/lib/amd64/libjava.so
7fe7f9024000-7fe7f9224000 ---p 0002a000 08:02 6706397                    /usr/lib/jvm/java-8-oracle/jre/lib/amd64/libjava.so
7fe7f9224000-7fe7f9226000 rw-p 0002a000 08:02 6706397                    /usr/lib/jvm/java-8-oracle/jre/lib/amd64/libjava.so
7fe7f9226000-7fe7f9233000 r-xp 00000000 08:02 6706408                    /usr/lib/jvm/java-8-oracle/jre/lib/amd64/libverify.so
7fe7f9233000-7fe7f9433000 ---p 0000d000 08:02 6706408                    /usr/lib/jvm/java-8-oracle/jre/lib/amd64/libverify.so
7fe7f9433000-7fe7f9435000 rw-p 0000d000 08:02 6706408                    /usr/lib/jvm/java-8-oracle/jre/lib/amd64/libverify.so
7fe7f9435000-7fe7f943c000 r-xp 00000000 08:02 4353542                    /lib/x86_64-linux-gnu/librt-2.19.so
7fe7f943c000-7fe7f963b000 ---p 00007000 08:02 4353542                    /lib/x86_64-linux-gnu/librt-2.19.so
7fe7f963b000-7fe7f963c000 r--p 00006000 08:02 4353542                    /lib/x86_64-linux-gnu/librt-2.19.so
7fe7f963c000-7fe7f963d000 rw-p 00007000 08:02 4353542                    /lib/x86_64-linux-gnu/librt-2.19.so
7fe7f963d000-7fe7f9742000 r-xp 00000000 08:02 4353528                    /lib/x86_64-linux-gnu/libm-2.19.so
7fe7f9742000-7fe7f9941000 ---p 00105000 08:02 4353528                    /lib/x86_64-linux-gnu/libm-2.19.so
7fe7f9941000-7fe7f9942000 r--p 00104000 08:02 4353528                    /lib/x86_64-linux-gnu/libm-2.19.so
7fe7f9942000-7fe7f9943000 rw-p 00105000 08:02 4353528                    /lib/x86_64-linux-gnu/libm-2.19.so
7fe7f9943000-7fe7fa603000 r-xp 00000000 08:02 6706410                    /usr/lib/jvm/java-8-oracle/jre/lib/amd64/server/libjvm.so
7fe7fa603000-7fe7fa803000 ---p 00cc0000 08:02 6706410                    /usr/lib/jvm/java-8-oracle/jre/lib/amd64/server/libjvm.so
7fe7fa803000-7fe7fa8db000 rw-p 00cc0000 08:02 6706410                    /usr/lib/jvm/java-8-oracle/jre/lib/amd64/server/libjvm.so
7fe7fa8db000-7fe7fa926000 rw-p 00000000 00:00 0 
7fe7fa926000-7fe7faae1000 r-xp 00000000 08:02 4353543                    /lib/x86_64-linux-gnu/libc-2.19.so
7fe7faae1000-7fe7face0000 ---p 001bb000 08:02 4353543                    /lib/x86_64-linux-gnu/libc-2.19.so
7fe7face0000-7fe7face4000 r--p 001ba000 08:02 4353543                    /lib/x86_64-linux-gnu/libc-2.19.so
7fe7face4000-7fe7face6000 rw-p 001be000 08:02 4353543                    /lib/x86_64-linux-gnu/libc-2.19.so
7fe7face6000-7fe7faceb000 rw-p 00000000 00:00 0 
7fe7faceb000-7fe7facee000 r-xp 00000000 08:02 4353530                    /lib/x86_64-linux-gnu/libdl-2.19.so
7fe7facee000-7fe7faeed000 ---p 00003000 08:02 4353530                    /lib/x86_64-linux-gnu/libdl-2.19.so
7fe7faeed000-7fe7faeee000 r--p 00002000 08:02 4353530                    /lib/x86_64-linux-gnu/libdl-2.19.so
7fe7faeee000-7fe7faeef000 rw-p 00003000 08:02 4353530                    /lib/x86_64-linux-gnu/libdl-2.19.so
7fe7faeef000-7fe7faf04000 r-xp 00000000 08:02 6728016                    /usr/lib/jvm/java-8-oracle/lib/amd64/jli/libjli.so
7fe7faf04000-7fe7fb104000 ---p 00015000 08:02 6728016                    /usr/lib/jvm/java-8-oracle/lib/amd64/jli/libjli.so
7fe7fb104000-7fe7fb105000 rw-p 00015000 08:02 6728016                    /usr/lib/jvm/java-8-oracle/lib/amd64/jli/libjli.so
7fe7fb105000-7fe7fb11e000 r-xp 00000000 08:02 4353535                    /lib/x86_64-linux-gnu/libpthread-2.19.so
7fe7fb11e000-7fe7fb31d000 ---p 00019000 08:02 4353535                    /lib/x86_64-linux-gnu/libpthread-2.19.so
7fe7fb31d000-7fe7fb31e000 r--p 00018000 08:02 4353535                    /lib/x86_64-linux-gnu/libpthread-2.19.so
7fe7fb31e000-7fe7fb31f000 rw-p 00019000 08:02 4353535                    /lib/x86_64-linux-gnu/libpthread-2.19.so
7fe7fb31f000-7fe7fb323000 rw-p 00000000 00:00 0 
7fe7fb323000-7fe7fb346000 r-xp 00000000 08:02 4353536                    /lib/x86_64-linux-gnu/ld-2.19.so
7fe7fb34d000-7fe7fb41f000 rw-p 00000000 00:00 0 
7fe7fb41f000-7fe7fb422000 ---p 00000000 00:00 0 
7fe7fb422000-7fe7fb539000 rw-p 00000000 00:00 0                          [stack:18191]
7fe7fb539000-7fe7fb541000 rw-s 00000000 08:02 1976038                    /tmp/hsperfdata_yonatan/18190
7fe7fb541000-7fe7fb542000 rw-p 00000000 00:00 0 
7fe7fb542000-7fe7fb543000 ---p 00000000 00:00 0 
7fe7fb543000-7fe7fb545000 rw-p 00000000 00:00 0 
7fe7fb545000-7fe7fb546000 r--p 00022000 08:02 4353536                    /lib/x86_64-linux-gnu/ld-2.19.so
7fe7fb546000-7fe7fb547000 rw-p 00023000 08:02 4353536                    /lib/x86_64-linux-gnu/ld-2.19.so
7fe7fb547000-7fe7fb548000 rw-p 00000000 00:00 0 
7ffff83cc000-7ffff83ed000 rw-p 00000000 00:00 0                          [stack]
7ffff83fb000-7ffff83fd000 r-xp 00000000 00:00 0                          [vdso]
7ffff83fd000-7ffff83ff000 r--p 00000000 00:00 0                          [vvar]
ffffffffff600000-ffffffffff601000 r-xp 00000000 00:00 0                  [vsyscall]

VM Arguments:
jvm_args: -Djava.awt.headless=true -Xmx1024M -Dfile.encoding=UTF-8 -Duser.country=US -Duser.language=en -Duser.variant 
java_command: com.android.dx.command.Main --dex --num-threads=4 --output /home/yonatan/Etty/programing/androidAdvanced/FinalProject/LocationsApp/app/build/intermediates/pre-dexed/debug/com.google.android.gms-play-services-ads-8.4.0_0ce6ec086fb9d9639b62a6914f6427f9bd9778f1.jar /home/yonatan/Etty/programing/androidAdvanced/FinalProject/LocationsApp/app/build/intermediates/exploded-aar/com.google.android.gms/play-services-ads/8.4.0/jars/classes.jar
java_class_path (initial): /home/yonatan/Android/Sdk/build-tools/23.0.2/lib/dx.jar
Launcher Type: SUN_STANDARD

Environment Variables:
JAVA_HOME=/usr/lib/jvm/java-8-oracle
PATH=/usr/local/sbin:/usr/local/bin:/usr/sbin:/usr/bin:/sbin:/bin:/usr/games:/usr/local/games:/usr/lib/jvm/java-8-oracle/bin:/usr/lib/jvm/java-8-oracle/db/bin:/usr/lib/jvm/java-8-oracle/jre/bin
SHELL=/bin/bash
DISPLAY=:0

Signal Handlers:
SIGSEGV: [libjvm.so+0xabca10], sa_mask[0]=11111111011111111101111111111110, sa_flags=SA_RESTART|SA_SIGINFO
SIGBUS: [libjvm.so+0xabca10], sa_mask[0]=11111111011111111101111111111110, sa_flags=SA_RESTART|SA_SIGINFO
SIGFPE: [libjvm.so+0x919a20], sa_mask[0]=11111111011111111101111111111110, sa_flags=SA_RESTART|SA_SIGINFO
SIGPIPE: [libjvm.so+0x919a20], sa_mask[0]=11111111011111111101111111111110, sa_flags=SA_RESTART|SA_SIGINFO
SIGXFSZ: [libjvm.so+0x919a20], sa_mask[0]=11111111011111111101111111111110, sa_flags=SA_RESTART|SA_SIGINFO
SIGILL: [libjvm.so+0x919a20], sa_mask[0]=11111111011111111101111111111110, sa_flags=SA_RESTART|SA_SIGINFO
SIGUSR1: SIG_DFL, sa_mask[0]=00000000000000000000000000000000, sa_flags=none
SIGUSR2: [libjvm.so+0x91b050], sa_mask[0]=00100000000000000000000000000000, sa_flags=SA_RESTART|SA_SIGINFO
SIGHUP: [libjvm.so+0x91c450], sa_mask[0]=11111111011111111101111111111110, sa_flags=SA_RESTART|SA_SIGINFO
SIGINT: [libjvm.so+0x91c450], sa_mask[0]=11111111011111111101111111111110, sa_flags=SA_RESTART|SA_SIGINFO
SIGTERM: [libjvm.so+0x91c450], sa_mask[0]=11111111011111111101111111111110, sa_flags=SA_RESTART|SA_SIGINFO
SIGQUIT: [libjvm.so+0x91c450], sa_mask[0]=11111111011111111101111111111110, sa_flags=SA_RESTART|SA_SIGINFO


---------------  S Y S T E M  ---------------

OS:DISTRIB_ID=Ubuntu
DISTRIB_RELEASE=14.04
DISTRIB_CODENAME=trusty
DISTRIB_DESCRIPTION="Ubuntu 14.04.4 LTS"

uname:Linux 3.16.0-70-generic #90~14.04.1-Ubuntu SMP Wed Apr 6 22:56:34 UTC 2016 x86_64
libc:glibc 2.19 NPTL 2.19 
rlimit: STACK 8192k, CORE 0k, NPROC 14573, NOFILE 4096, AS infinity
load average:44.92 17.53 8.99

/proc/meminfo:
MemTotal:        3931368 kB
MemFree:           92484 kB
MemAvailable:      43944 kB
Buffers:             388 kB
Cached:           220276 kB
SwapCached:          336 kB
Active:          2727736 kB
Inactive:         858472 kB
Active(anon):    2710436 kB
Inactive(anon):   844992 kB
Active(file):      17300 kB
Inactive(file):    13480 kB
Unevictable:          48 kB
Mlocked:              48 kB
SwapTotal:       4077564 kB
SwapFree:              4 kB
Dirty:               124 kB
Writeback:             0 kB
AnonPages:       3365844 kB
Mapped:            27496 kB
Shmem:            189592 kB
Slab:              88156 kB
SReclaimable:      41072 kB
SUnreclaim:        47084 kB
KernelStack:       15552 kB
PageTables:        76316 kB
NFS_Unstable:          0 kB
Bounce:                0 kB
WritebackTmp:          0 kB
CommitLimit:     6043248 kB
Committed_AS:   16838532 kB
VmallocTotal:   34359738367 kB
VmallocUsed:      356248 kB
VmallocChunk:   34359334032 kB
HardwareCorrupted:     0 kB
AnonHugePages:    698368 kB
HugePages_Total:       0
HugePages_Free:        0
HugePages_Rsvd:        0
HugePages_Surp:        0
Hugepagesize:       2048 kB
DirectMap4k:       92528 kB
DirectMap2M:     3985408 kB


CPU:total 4 (2 cores per cpu, 2 threads per core) family 6 model 58 stepping 9, cmov, cx8, fxsr, mmx, sse, sse2, sse3, ssse3, sse4.1, sse4.2, popcnt, avx, aes, clmul, erms, ht, tsc, tscinvbit, tscinv

/proc/cpuinfo:
processor	: 0
vendor_id	: GenuineIntel
cpu family	: 6
model		: 58
model name	: Intel(R) Core(TM) i5-3317U CPU @ 1.70GHz
stepping	: 9
microcode	: 0x12
cpu MHz		: 2399.988
cache size	: 3072 KB
physical id	: 0
siblings	: 4
core id		: 0
cpu cores	: 2
apicid		: 0
initial apicid	: 0
fpu		: yes
fpu_exception	: yes
cpuid level	: 13
wp		: yes
flags		: fpu vme de pse tsc msr pae mce cx8 apic sep mtrr pge mca cmov pat pse36 clflush dts acpi mmx fxsr sse sse2 ss ht tm pbe syscall nx rdtscp lm constant_tsc arch_perfmon pebs bts rep_good nopl xtopology nonstop_tsc aperfmperf eagerfpu pni pclmulqdq dtes64 monitor ds_cpl vmx est tm2 ssse3 cx16 xtpr pdcm pcid sse4_1 sse4_2 x2apic popcnt tsc_deadline_timer aes xsave avx f16c rdrand lahf_lm ida arat epb xsaveopt pln pts dtherm tpr_shadow vnmi flexpriority ept vpid fsgsbase smep erms
bogomips	: 3392.17
clflush size	: 64
cache_alignment	: 64
address sizes	: 36 bits physical, 48 bits virtual
power management:

processor	: 1
vendor_id	: GenuineIntel
cpu family	: 6
model		: 58
model name	: Intel(R) Core(TM) i5-3317U CPU @ 1.70GHz
stepping	: 9
microcode	: 0x12
cpu MHz		: 2399.988
cache size	: 3072 KB
physical id	: 0
siblings	: 4
core id		: 1
cpu cores	: 2
apicid		: 2
initial apicid	: 2
fpu		: yes
fpu_exception	: yes
cpuid level	: 13
wp		: yes
flags		: fpu vme de pse tsc msr pae mce cx8 apic sep mtrr pge mca cmov pat pse36 clflush dts acpi mmx fxsr sse sse2 ss ht tm pbe syscall nx rdtscp lm constant_tsc arch_perfmon pebs bts rep_good nopl xtopology nonstop_tsc aperfmperf eagerfpu pni pclmulqdq dtes64 monitor ds_cpl vmx est tm2 ssse3 cx16 xtpr pdcm pcid sse4_1 sse4_2 x2apic popcnt tsc_deadline_timer aes xsave avx f16c rdrand lahf_lm ida arat epb xsaveopt pln pts dtherm tpr_shadow vnmi flexpriority ept vpid fsgsbase smep erms
bogomips	: 3392.17
clflush size	: 64
cache_alignment	: 64
address sizes	: 36 bits physical, 48 bits virtual
power management:

processor	: 2
vendor_id	: GenuineIntel
cpu family	: 6
model		: 58
model name	: Intel(R) Core(TM) i5-3317U CPU @ 1.70GHz
stepping	: 9
microcode	: 0x12
cpu MHz		: 2399.988
cache size	: 3072 KB
physical id	: 0
siblings	: 4
core id		: 0
cpu cores	: 2
apicid		: 1
initial apicid	: 1
fpu		: yes
fpu_exception	: yes
cpuid level	: 13
wp		: yes
flags		: fpu vme de pse tsc msr pae mce cx8 apic sep mtrr pge mca cmov pat pse36 clflush dts acpi mmx fxsr sse sse2 ss ht tm pbe syscall nx rdtscp lm constant_tsc arch_perfmon pebs bts rep_good nopl xtopology nonstop_tsc aperfmperf eagerfpu pni pclmulqdq dtes64 monitor ds_cpl vmx est tm2 ssse3 cx16 xtpr pdcm pcid sse4_1 sse4_2 x2apic popcnt tsc_deadline_timer aes xsave avx f16c rdrand lahf_lm ida arat epb xsaveopt pln pts dtherm tpr_shadow vnmi flexpriority ept vpid fsgsbase smep erms
bogomips	: 3392.17
clflush size	: 64
cache_alignment	: 64
address sizes	: 36 bits physical, 48 bits virtual
power management:

processor	: 3
vendor_id	: GenuineIntel
cpu family	: 6
model		: 58
model name	: Intel(R) Core(TM) i5-3317U CPU @ 1.70GHz
stepping	: 9
microcode	: 0x12
cpu MHz		: 2399.988
cache size	: 3072 KB
physical id	: 0
siblings	: 4
core id		: 1
cpu cores	: 2
apicid		: 3
initial apicid	: 3
fpu		: yes
fpu_exception	: yes
cpuid level	: 13
wp		: yes
flags		: fpu vme de pse tsc msr pae mce cx8 apic sep mtrr pge mca cmov pat pse36 clflush dts acpi mmx fxsr sse sse2 ss ht tm pbe syscall nx rdtscp lm constant_tsc arch_perfmon pebs bts rep_good nopl xtopology nonstop_tsc aperfmperf eagerfpu pni pclmulqdq dtes64 monitor ds_cpl vmx est tm2 ssse3 cx16 xtpr pdcm pcid sse4_1 sse4_2 x2apic popcnt tsc_deadline_timer aes xsave avx f16c rdrand lahf_lm ida arat epb xsaveopt pln pts dtherm tpr_shadow vnmi flexpriority ept vpid fsgsbase smep erms
bogomips	: 3392.17
clflush size	: 64
cache_alignment	: 64
address sizes	: 36 bits physical, 48 bits virtual
power management:



Memory: 4k page, physical 3931368k(92384k free), swap 4077564k(4k free)

vm_info: Java HotSpot(TM) 64-Bit Server VM (25.91-b14) for linux-amd64 JRE (1.8.0_91-b14), built on Apr  1 2016 00:57:21 by "java_re" with gcc 4.3.0 20080428 (Red Hat 4.3.0-8)

time: Sat Apr 30 22:09:27 2016
elapsed time: 24 seconds (0d 0h 0m 24s)

