#
# There is insufficient memory for the Java Runtime Environment to continue.
# Native memory allocation (mmap) failed to map 73400320 bytes for committing reserved memory.
# Possible reasons:
#   The system is out of physical RAM or swap space
#   In 32 bit mode, the process size limit was hit
# Possible solutions:
#   Reduce memory load on the system
#   Increase physical memory or swap space
#   Check if swap backing store is full
#   Use 64 bit Java on a 64 bit OS
#   Decrease Java heap size (-Xmx/-Xms)
#   Decrease number of Java threads
#   Decrease Java thread stack sizes (-Xss)
#   Set larger code cache with -XX:ReservedCodeCacheSize=
# This output file may be truncated or incomplete.
#
#  Out of Memory Error (os_linux.cpp:2627), pid=19241, tid=140614554322688
#
# JRE version: Java(TM) SE Runtime Environment (8.0_91-b14) (build 1.8.0_91-b14)
# Java VM: Java HotSpot(TM) 64-Bit Server VM (25.91-b14 mixed mode linux-amd64 compressed oops)
# Failed to write core dump. Core dumps have been disabled. To enable core dumping, try "ulimit -c unlimited" before starting Java again
#

---------------  T H R E A D  ---------------

Current thread (0x00007fe370078000):  VMThread [stack: 0x00007fe3607f8000,0x00007fe3608f9000] [id=19250]

Stack: [0x00007fe3607f8000,0x00007fe3608f9000],  sp=0x00007fe3608f7060,  free space=1020k
Native frames: (J=compiled Java code, j=interpreted, Vv=VM code, C=native code)
V  [libjvm.so+0xabc18a]  VMError::report_and_die()+0x2ba
V  [libjvm.so+0x4fafeb]  report_vm_out_of_memory(char const*, int, unsigned long, VMErrorType, char const*)+0x8b
V  [libjvm.so+0x91cbb3]  os::Linux::commit_memory_impl(char*, unsigned long, bool)+0x103
V  [libjvm.so+0x91d109]  os::pd_commit_memory(char*, unsigned long, unsigned long, bool)+0x29
V  [libjvm.so+0x91740a]  os::commit_memory(char*, unsigned long, unsigned long, bool)+0x2a
V  [libjvm.so+0x98b033]  PSVirtualSpace::expand_by(unsigned long)+0x53
V  [libjvm.so+0x98c438]  PSYoungGen::resize_generation(unsigned long, unsigned long)+0xf8
V  [libjvm.so+0x98b592]  PSYoungGen::resize(unsigned long, unsigned long)+0x22
V  [libjvm.so+0x98886b]  PSScavenge::invoke_no_policy()+0xf3b
V  [libjvm.so+0x988ff1]  PSScavenge::invoke()+0x41
V  [libjvm.so+0x9408b0]  ParallelScavengeHeap::failed_mem_allocate(unsigned long)+0x70
V  [libjvm.so+0xabdba7]  VM_ParallelGCFailedAllocation::doit()+0x97
V  [libjvm.so+0xac55d5]  VM_Operation::evaluate()+0x55
V  [libjvm.so+0xac39aa]  VMThread::evaluate_operation(VM_Operation*)+0xba
V  [libjvm.so+0xac3d2e]  VMThread::loop()+0x1ce
V  [libjvm.so+0xac41a0]  VMThread::run()+0x70
V  [libjvm.so+0x91ef78]  java_start(Thread*)+0x108

VM_Operation (0x00007fe359516de0): ParallelGCFailedAllocation, mode: safepoint, requested by thread 0x00007fe370151000


---------------  P R O C E S S  ---------------

Java Threads: ( => current thread )
  0x00007fe370152000 JavaThread "pool-1-thread-4" [_thread_blocked, id=19268, stack(0x00007fe359317000,0x00007fe359418000)]
  0x00007fe370151000 JavaThread "pool-1-thread-3" [_thread_blocked, id=19267, stack(0x00007fe359418000,0x00007fe359519000)]
  0x00007fe370144800 JavaThread "pool-1-thread-2" [_thread_blocked, id=19266, stack(0x00007fe359519000,0x00007fe35961a000)]
  0x00007fe370142800 JavaThread "pool-2-thread-1" [_thread_blocked, id=19265, stack(0x00007fe35961a000,0x00007fe35971b000)]
  0x00007fe370140000 JavaThread "pool-1-thread-1" [_thread_blocked, id=19264, stack(0x00007fe35971b000,0x00007fe35981c000)]
  0x00007fe3700c1800 JavaThread "Service Thread" daemon [_thread_blocked, id=19261, stack(0x00007fe3600f1000,0x00007fe3601f2000)]
  0x00007fe3700be800 JavaThread "C1 CompilerThread2" daemon [_thread_blocked, id=19258, stack(0x00007fe3601f2000,0x00007fe3602f3000)]
  0x00007fe3700bd000 JavaThread "C2 CompilerThread1" daemon [_thread_blocked, id=19256, stack(0x00007fe3602f3000,0x00007fe3603f4000)]
  0x00007fe3700ba000 JavaThread "C2 CompilerThread0" daemon [_thread_blocked, id=19255, stack(0x00007fe3603f4000,0x00007fe3604f5000)]
  0x00007fe3700b8800 JavaThread "Signal Dispatcher" daemon [_thread_blocked, id=19253, stack(0x00007fe3604f5000,0x00007fe3605f6000)]
  0x00007fe370084000 JavaThread "Finalizer" daemon [_thread_blocked, id=19252, stack(0x00007fe3605f6000,0x00007fe3606f7000)]
  0x00007fe37007f800 JavaThread "Reference Handler" daemon [_thread_blocked, id=19251, stack(0x00007fe3606f7000,0x00007fe3607f8000)]
  0x00007fe37000a000 JavaThread "main" [_thread_blocked, id=19243, stack(0x00007fe378f2a000,0x00007fe37902b000)]

Other Threads:
=>0x00007fe370078000 VMThread [stack: 0x00007fe3607f8000,0x00007fe3608f9000] [id=19250]
  0x00007fe3700c4800 WatcherThread [stack: 0x00007fe35981c000,0x00007fe35991d000] [id=19263]

VM state:at safepoint (normal execution)

VM Mutex/Monitor currently owned by a thread:  ([mutex/lock_event])
[0x00007fe370006590] Threads_lock - owner thread: 0x00007fe370078000
[0x00007fe370006a90] Heap_lock - owner thread: 0x00007fe370151000

Heap:
 PSYoungGen      total 69120K, used 9704K [0x00000000eab00000, 0x00000000efa00000, 0x0000000100000000)
  eden space 59392K, 0% used [0x00000000eab00000,0x00000000eab00000,0x00000000ee500000)
  from space 9728K, 99% used [0x00000000ee500000,0x00000000eee7a1c0,0x00000000eee80000)
  to   space 7680K, 0% used [0x00000000eee80000,0x00000000eee80000,0x00000000ef600000)
 ParOldGen       total 40960K, used 24054K [0x00000000c0000000, 0x00000000c2800000, 0x00000000eab00000)
  object space 40960K, 58% used [0x00000000c0000000,0x00000000c177d898,0x00000000c2800000)
 Metaspace       used 5926K, capacity 6896K, committed 7040K, reserved 1056768K
  class space    used 589K, capacity 616K, committed 640K, reserved 1048576K

Card table byte_map: [0x00007fe375aed000,0x00007fe375cee000] byte_map_base: 0x00007fe3754ed000

Marking Bits: (ParMarkBitMap*) 0x00007fe378404d60
 Begin Bits: [0x00007fe35a000000, 0x00007fe35b000000)
 End Bits:   [0x00007fe35b000000, 0x00007fe35c000000)

Polling page: 0x00007fe37904d000

CodeCache: size=245760Kb used=4940Kb max_used=4940Kb free=240819Kb
 bounds [0x00007fe361000000, 0x00007fe3614e0000, 0x00007fe370000000]
 total_blobs=1511 nmethods=1243 adapters=182
 compilation: enabled

Compilation events (10 events):
Event: 7.755 Thread 0x00007fe3700be800 nmethod 1544 0x00007fe3614cff10 code [0x00007fe3614d00c0, 0x00007fe3614d0710]
Event: 7.755 Thread 0x00007fe3700be800 1548       3       com.android.dx.util.FixedSizeList::shrinkToFit (103 bytes)
Event: 7.791 Thread 0x00007fe3700be800 nmethod 1548 0x00007fe3614d0a10 code [0x00007fe3614d0be0, 0x00007fe3614d1468]
Event: 7.791 Thread 0x00007fe3700be800 1557 %     3       com.android.dx.cf.code.BasicBlocker::getBlockList @ 21 (208 bytes)
Event: 7.848 Thread 0x00007fe3700be800 nmethod 1557% 0x00007fe3614d17d0 code [0x00007fe3614d1a60, 0x00007fe3614d2d48]
Event: 7.848 Thread 0x00007fe3700be800 1558       2       java.util.HashMap::getNode (148 bytes)
Event: 7.849 Thread 0x00007fe3700be800 nmethod 1558 0x00007fe3614d38d0 code [0x00007fe3614d3a80, 0x00007fe3614d3e28]
Event: 7.849 Thread 0x00007fe3700be800 1550       2       com.android.dx.ssa.DomFront::calcDomFronts (154 bytes)
Event: 7.850 Thread 0x00007fe3700be800 nmethod 1550 0x00007fe3614d4090 code [0x00007fe3614d42a0, 0x00007fe3614d4908]
Event: 7.850 Thread 0x00007fe3700be800 1532       2       com.android.dx.cf.code.Ropper::addExceptionSetupBlocks (203 bytes)

GC Heap History (10 events):
Event: 3.581 GC heap after
Heap after GC invocations=2 (full 0):
 PSYoungGen      total 17920K, used 2535K [0x00000000eab00000, 0x00000000ece00000, 0x0000000100000000)
  eden space 15360K, 0% used [0x00000000eab00000,0x00000000eab00000,0x00000000eba00000)
  from space 2560K, 99% used [0x00000000ebc80000,0x00000000ebef9c88,0x00000000ebf00000)
  to   space 2560K, 0% used [0x00000000eba00000,0x00000000eba00000,0x00000000ebc80000)
 ParOldGen       total 40960K, used 2188K [0x00000000c0000000, 0x00000000c2800000, 0x00000000eab00000)
  object space 40960K, 5% used [0x00000000c0000000,0x00000000c0223180,0x00000000c2800000)
 Metaspace       used 5732K, capacity 6704K, committed 6784K, reserved 1056768K
  class space    used 588K, capacity 616K, committed 640K, reserved 1048576K
}
Event: 4.161 GC heap before
{Heap before GC invocations=3 (full 0):
 PSYoungGen      total 17920K, used 17895K [0x00000000eab00000, 0x00000000ece00000, 0x0000000100000000)
  eden space 15360K, 100% used [0x00000000eab00000,0x00000000eba00000,0x00000000eba00000)
  from space 2560K, 99% used [0x00000000ebc80000,0x00000000ebef9c88,0x00000000ebf00000)
  to   space 2560K, 0% used [0x00000000eba00000,0x00000000eba00000,0x00000000ebc80000)
 ParOldGen       total 40960K, used 2188K [0x00000000c0000000, 0x00000000c2800000, 0x00000000eab00000)
  object space 40960K, 5% used [0x00000000c0000000,0x00000000c0223180,0x00000000c2800000)
 Metaspace       used 5784K, capacity 6768K, committed 7040K, reserved 1056768K
  class space    used 588K, capacity 616K, committed 640K, reserved 1048576K
Event: 4.189 GC heap after
Heap after GC invocations=3 (full 0):
 PSYoungGen      total 17920K, used 2528K [0x00000000eab00000, 0x00000000ece00000, 0x0000000100000000)
  eden space 15360K, 0% used [0x00000000eab00000,0x00000000eab00000,0x00000000eba00000)
  from space 2560K, 98% used [0x00000000eba00000,0x00000000ebc78028,0x00000000ebc80000)
  to   space 2560K, 0% used [0x00000000ecb80000,0x00000000ecb80000,0x00000000ece00000)
 ParOldGen       total 40960K, used 4660K [0x00000000c0000000, 0x00000000c2800000, 0x00000000eab00000)
  object space 40960K, 11% used [0x00000000c0000000,0x00000000c048d250,0x00000000c2800000)
 Metaspace       used 5784K, capacity 6768K, committed 7040K, reserved 1056768K
  class space    used 588K, capacity 616K, committed 640K, reserved 1048576K
}
Event: 4.628 GC heap before
{Heap before GC invocations=4 (full 0):
 PSYoungGen      total 17920K, used 17888K [0x00000000eab00000, 0x00000000ece00000, 0x0000000100000000)
  eden space 15360K, 100% used [0x00000000eab00000,0x00000000eba00000,0x00000000eba00000)
  from space 2560K, 98% used [0x00000000eba00000,0x00000000ebc78028,0x00000000ebc80000)
  to   space 2560K, 0% used [0x00000000ecb80000,0x00000000ecb80000,0x00000000ece00000)
 ParOldGen       total 40960K, used 4660K [0x00000000c0000000, 0x00000000c2800000, 0x00000000eab00000)
  object space 40960K, 11% used [0x00000000c0000000,0x00000000c048d250,0x00000000c2800000)
 Metaspace       used 5805K, capacity 6768K, committed 7040K, reserved 1056768K
  class space    used 589K, capacity 616K, committed 640K, reserved 1048576K
Event: 4.685 GC heap after
Heap after GC invocations=4 (full 0):
 PSYoungGen      total 33280K, used 2528K [0x00000000eab00000, 0x00000000ece00000, 0x0000000100000000)
  eden space 30720K, 0% used [0x00000000eab00000,0x00000000eab00000,0x00000000ec900000)
  from space 2560K, 98% used [0x00000000ecb80000,0x00000000ecdf8048,0x00000000ece00000)
  to   space 2560K, 0% used [0x00000000ec900000,0x00000000ec900000,0x00000000ecb80000)
 ParOldGen       total 40960K, used 6885K [0x00000000c0000000, 0x00000000c2800000, 0x00000000eab00000)
  object space 40960K, 16% used [0x00000000c0000000,0x00000000c06b9728,0x00000000c2800000)
 Metaspace       used 5805K, capacity 6768K, committed 7040K, reserved 1056768K
  class space    used 589K, capacity 616K, committed 640K, reserved 1048576K
}
Event: 5.524 GC heap before
{Heap before GC invocations=5 (full 0):
 PSYoungGen      total 33280K, used 33248K [0x00000000eab00000, 0x00000000ece00000, 0x0000000100000000)
  eden space 30720K, 100% used [0x00000000eab00000,0x00000000ec900000,0x00000000ec900000)
  from space 2560K, 98% used [0x00000000ecb80000,0x00000000ecdf8048,0x00000000ece00000)
  to   space 2560K, 0% used [0x00000000ec900000,0x00000000ec900000,0x00000000ecb80000)
 ParOldGen       total 40960K, used 6885K [0x00000000c0000000, 0x00000000c2800000, 0x00000000eab00000)
  object space 40960K, 16% used [0x00000000c0000000,0x00000000c06b9728,0x00000000c2800000)
 Metaspace       used 5904K, capacity 6896K, committed 7040K, reserved 1056768K
  class space    used 589K, capacity 616K, committed 640K, reserved 1048576K
Event: 5.581 GC heap after
Heap after GC invocations=5 (full 0):
 PSYoungGen      total 33280K, used 2530K [0x00000000eab00000, 0x00000000ef600000, 0x0000000100000000)
  eden space 30720K, 0% used [0x00000000eab00000,0x00000000eab00000,0x00000000ec900000)
  from space 2560K, 98% used [0x00000000ec900000,0x00000000ecb78bd0,0x00000000ecb80000)
  to   space 7680K, 0% used [0x00000000eee80000,0x00000000eee80000,0x00000000ef600000)
 ParOldGen       total 40960K, used 11287K [0x00000000c0000000, 0x00000000c2800000, 0x00000000eab00000)
  object space 40960K, 27% used [0x00000000c0000000,0x00000000c0b05ce0,0x00000000c2800000)
 Metaspace       used 5904K, capacity 6896K, committed 7040K, reserved 1056768K
  class space    used 589K, capacity 616K, committed 640K, reserved 1048576K
}
Event: 6.208 GC heap before
{Heap before GC invocations=6 (full 0):
 PSYoungGen      total 33280K, used 33250K [0x00000000eab00000, 0x00000000ef600000, 0x0000000100000000)
  eden space 30720K, 100% used [0x00000000eab00000,0x00000000ec900000,0x00000000ec900000)
  from space 2560K, 98% used [0x00000000ec900000,0x00000000ecb78bd0,0x00000000ecb80000)
  to   space 7680K, 0% used [0x00000000eee80000,0x00000000eee80000,0x00000000ef600000)
 ParOldGen       total 40960K, used 11287K [0x00000000c0000000, 0x00000000c2800000, 0x00000000eab00000)
  object space 40960K, 27% used [0x00000000c0000000,0x00000000c0b05ce0,0x00000000c2800000)
 Metaspace       used 5904K, capacity 6896K, committed 7040K, reserved 1056768K
  class space    used 589K, capacity 616K, committed 640K, reserved 1048576K
Event: 6.428 GC heap after
Heap after GC invocations=6 (full 0):
 PSYoungGen      total 67072K, used 7670K [0x00000000eab00000, 0x00000000efa00000, 0x0000000100000000)
  eden space 59392K, 0% used [0x00000000eab00000,0x00000000eab00000,0x00000000ee500000)
  from space 7680K, 99% used [0x00000000eee80000,0x00000000ef5fdb48,0x00000000ef600000)
  to   space 9728K, 0% used [0x00000000ee500000,0x00000000ee500000,0x00000000eee80000)
 ParOldGen       total 40960K, used 13505K [0x00000000c0000000, 0x00000000c2800000, 0x00000000eab00000)
  object space 40960K, 32% used [0x00000000c0000000,0x00000000c0d30778,0x00000000c2800000)
 Metaspace       used 5904K, capacity 6896K, committed 7040K, reserved 1056768K
  class space    used 589K, capacity 616K, committed 640K, reserved 1048576K
}
Event: 7.956 GC heap before
{Heap before GC invocations=7 (full 0):
 PSYoungGen      total 67072K, used 67062K [0x00000000eab00000, 0x00000000efa00000, 0x0000000100000000)
  eden space 59392K, 100% used [0x00000000eab00000,0x00000000ee500000,0x00000000ee500000)
  from space 7680K, 99% used [0x00000000eee80000,0x00000000ef5fdb48,0x00000000ef600000)
  to   space 9728K, 0% used [0x00000000ee500000,0x00000000ee500000,0x00000000eee80000)
 ParOldGen       total 40960K, used 13505K [0x00000000c0000000, 0x00000000c2800000, 0x00000000eab00000)
  object space 40960K, 32% used [0x00000000c0000000,0x00000000c0d30778,0x00000000c2800000)
 Metaspace       used 5926K, capacity 6896K, committed 7040K, reserved 1056768K
  class space    used 589K, capacity 616K, committed 640K, reserved 1048576K

Deoptimization events (10 events):
Event: 3.776 Thread 0x00007fe370144800 Uncommon trap: reason=class_check action=maybe_recompile pc=0x00007fe36129efb8 method=com.android.dx.ssa.NormalSsaInsn.accept(Lcom/android/dx/ssa/SsaInsn$Visitor;)V @ 9
Event: 3.891 Thread 0x00007fe370152000 Uncommon trap: reason=class_check action=maybe_recompile pc=0x00007fe36129efb8 method=com.android.dx.ssa.NormalSsaInsn.accept(Lcom/android/dx/ssa/SsaInsn$Visitor;)V @ 9
Event: 3.891 Thread 0x00007fe370152000 Uncommon trap: reason=class_check action=maybe_recompile pc=0x00007fe36129efb8 method=com.android.dx.ssa.NormalSsaInsn.accept(Lcom/android/dx/ssa/SsaInsn$Visitor;)V @ 9
Event: 5.112 Thread 0x00007fe370152000 Uncommon trap: reason=bimorphic action=maybe_recompile pc=0x00007fe36120de0c method=java.util.HashMap.getNode(ILjava/lang/Object;)Ljava/util/HashMap$Node; @ 126
Event: 5.754 Thread 0x00007fe370152000 Uncommon trap: reason=bimorphic action=maybe_recompile pc=0x00007fe36121867c method=java.util.HashMap.getNode(ILjava/lang/Object;)Ljava/util/HashMap$Node; @ 126
Event: 5.764 Thread 0x00007fe370152000 Uncommon trap: reason=bimorphic action=maybe_recompile pc=0x00007fe36120de0c method=java.util.HashMap.getNode(ILjava/lang/Object;)Ljava/util/HashMap$Node; @ 126
Event: 5.804 Thread 0x00007fe370152000 Uncommon trap: reason=unstable_if action=reinterpret pc=0x00007fe361380b7c method=com.android.dx.ssa.SsaMethod.updateOneDefinition(Lcom/android/dx/ssa/SsaInsn;Lcom/android/dx/rop/code/RegisterSpec;)V @ 4
Event: 7.265 Thread 0x00007fe370144800 Uncommon trap: reason=unstable_if action=reinterpret pc=0x00007fe361346d5c method=com.android.dx.ssa.SsaRenamer$BlockRenamer.visitMoveInsn(Lcom/android/dx/ssa/NormalSsaInsn;)V @ 64
Event: 7.265 Thread 0x00007fe370144800 Uncommon trap: reason=unstable_if action=reinterpret pc=0x00007fe36135383c method=com.android.dx.ssa.SsaRenamer$BlockRenamer.addMapping(ILcom/android/dx/rop/code/RegisterSpec;)V @ 120
Event: 7.812 Thread 0x00007fe37000a000 Uncommon trap: reason=bimorphic action=maybe_recompile pc=0x00007fe36121867c method=java.util.HashMap.getNode(ILjava/lang/Object;)Ljava/util/HashMap$Node; @ 126

Internal exceptions (2 events):
Event: 0.270 Thread 0x00007fe37000a000 Exception <a 'java/lang/NoSuchMethodError': Method sun.misc.Unsafe.defineClass(Ljava/lang/String;[BII)Ljava/lang/Class; name or signature does not match> (0x00000000eab07cc0) thrown at [/HUDSON/workspace/8-2-build-linux-amd64/jdk8u91/6644/hotspot/src/shar
Event: 0.270 Thread 0x00007fe37000a000 Exception <a 'java/lang/NoSuchMethodError': Method sun.misc.Unsafe.prefetchRead(Ljava/lang/Object;J)V name or signature does not match> (0x00000000eab07fa8) thrown at [/HUDSON/workspace/8-2-build-linux-amd64/jdk8u91/6644/hotspot/src/share/vm/prims/jni.cpp

Events (10 events):
Event: 7.745 Thread 0x00007fe370151000 DEOPT PACKING pc=0x00007fe361384aeb sp=0x00007fe359517110
Event: 7.745 Thread 0x00007fe370151000 DEOPT UNPACKING pc=0x00007fe361047633 sp=0x00007fe359516ef8 mode 0
Event: 7.802 Thread 0x00007fe370152000 DEOPT PACKING pc=0x00007fe361210ab9 sp=0x00007fe359416140
Event: 7.802 Thread 0x00007fe370152000 DEOPT UNPACKING pc=0x00007fe361047633 sp=0x00007fe359415e90 mode 0
Event: 7.812 Thread 0x00007fe37000a000 Uncommon trap: trap_request=0xffffffc6 fr.pc=0x00007fe36121867c
Event: 7.812 Thread 0x00007fe37000a000 DEOPT PACKING pc=0x00007fe36121867c sp=0x00007fe379028780
Event: 7.812 Thread 0x00007fe37000a000 DEOPT UNPACKING pc=0x00007fe361005229 sp=0x00007fe379028720 mode 2
Event: 7.851 Thread 0x00007fe370140000 DEOPT PACKING pc=0x00007fe3613615ac sp=0x00007fe359819ef0
Event: 7.851 Thread 0x00007fe370140000 DEOPT UNPACKING pc=0x00007fe361047633 sp=0x00007fe359819bf0 mode 0
Event: 7.938 Executing VM operation: ParallelGCFailedAllocation


Dynamic libraries:
00400000-00401000 r-xp 00000000 08:02 6686124                            /usr/lib/jvm/java-8-oracle/bin/java
00600000-00601000 rw-p 00000000 08:02 6686124                            /usr/lib/jvm/java-8-oracle/bin/java
01b42000-01b63000 rw-p 00000000 00:00 0                                  [heap]
c0000000-c2800000 rw-p 00000000 00:00 0 
c2800000-eab00000 ---p 00000000 00:00 0 
eab00000-efa00000 rw-p 00000000 00:00 0 
f4000000-100000000 ---p 00000000 00:00 0 
100000000-1000a0000 rw-p 00000000 00:00 0 
1000a0000-140000000 ---p 00000000 00:00 0 
7fe314000000-7fe314021000 rw-p 00000000 00:00 0 
7fe314021000-7fe318000000 ---p 00000000 00:00 0 
7fe318000000-7fe318021000 rw-p 00000000 00:00 0 
7fe318021000-7fe31c000000 ---p 00000000 00:00 0 
7fe31c000000-7fe31c021000 rw-p 00000000 00:00 0 
7fe31c021000-7fe320000000 ---p 00000000 00:00 0 
7fe320000000-7fe320022000 rw-p 00000000 00:00 0 
7fe320022000-7fe324000000 ---p 00000000 00:00 0 
7fe324000000-7fe324021000 rw-p 00000000 00:00 0 
7fe324021000-7fe328000000 ---p 00000000 00:00 0 
7fe328000000-7fe328021000 rw-p 00000000 00:00 0 
7fe328021000-7fe32c000000 ---p 00000000 00:00 0 
7fe32c000000-7fe32c734000 rw-p 00000000 00:00 0 
7fe32c734000-7fe330000000 ---p 00000000 00:00 0 
7fe330000000-7fe330021000 rw-p 00000000 00:00 0 
7fe330021000-7fe334000000 ---p 00000000 00:00 0 
7fe334000000-7fe33449d000 rw-p 00000000 00:00 0 
7fe33449d000-7fe338000000 ---p 00000000 00:00 0 
7fe338000000-7fe33855a000 rw-p 00000000 00:00 0 
7fe33855a000-7fe33c000000 ---p 00000000 00:00 0 
7fe33c000000-7fe33c021000 rw-p 00000000 00:00 0 
7fe33c021000-7fe340000000 ---p 00000000 00:00 0 
7fe340000000-7fe340021000 rw-p 00000000 00:00 0 
7fe340021000-7fe344000000 ---p 00000000 00:00 0 
7fe344000000-7fe344294000 rw-p 00000000 00:00 0 
7fe344294000-7fe348000000 ---p 00000000 00:00 0 
7fe348000000-7fe348021000 rw-p 00000000 00:00 0 
7fe348021000-7fe34c000000 ---p 00000000 00:00 0 
7fe34c000000-7fe34c021000 rw-p 00000000 00:00 0 
7fe34c021000-7fe350000000 ---p 00000000 00:00 0 
7fe350000000-7fe350021000 rw-p 00000000 00:00 0 
7fe350021000-7fe354000000 ---p 00000000 00:00 0 
7fe354000000-7fe354021000 rw-p 00000000 00:00 0 
7fe354021000-7fe358000000 ---p 00000000 00:00 0 
7fe359317000-7fe35931a000 ---p 00000000 00:00 0 
7fe35931a000-7fe359418000 rw-p 00000000 00:00 0                          [stack:19268]
7fe359418000-7fe35941b000 ---p 00000000 00:00 0 
7fe35941b000-7fe359519000 rw-p 00000000 00:00 0                          [stack:19267]
7fe359519000-7fe35951c000 ---p 00000000 00:00 0 
7fe35951c000-7fe35961a000 rw-p 00000000 00:00 0                          [stack:19266]
7fe35961a000-7fe35961d000 ---p 00000000 00:00 0 
7fe35961d000-7fe35971b000 rw-p 00000000 00:00 0                          [stack:19265]
7fe35971b000-7fe35971e000 ---p 00000000 00:00 0 
7fe35971e000-7fe35981c000 rw-p 00000000 00:00 0                          [stack:19264]
7fe35981c000-7fe35981d000 ---p 00000000 00:00 0 
7fe35981d000-7fe35991d000 rw-p 00000000 00:00 0                          [stack:19263]
7fe35991d000-7fe35a000000 r--p 00000000 08:02 6691839                    /usr/lib/locale/locale-archive
7fe35a000000-7fe35c000000 rw-p 00000000 00:00 0 
7fe35c000000-7fe35c021000 rw-p 00000000 00:00 0 
7fe35c021000-7fe360000000 ---p 00000000 00:00 0 
7fe3600f1000-7fe3600f4000 ---p 00000000 00:00 0 
7fe3600f4000-7fe3601f2000 rw-p 00000000 00:00 0                          [stack:19261]
7fe3601f2000-7fe3601f5000 ---p 00000000 00:00 0 
7fe3601f5000-7fe3602f3000 rw-p 00000000 00:00 0                          [stack:19258]
7fe3602f3000-7fe3602f6000 ---p 00000000 00:00 0 
7fe3602f6000-7fe3603f4000 rw-p 00000000 00:00 0                          [stack:19256]
7fe3603f4000-7fe3603f7000 ---p 00000000 00:00 0 
7fe3603f7000-7fe3604f5000 rw-p 00000000 00:00 0                          [stack:19255]
7fe3604f5000-7fe3604f8000 ---p 00000000 00:00 0 
7fe3604f8000-7fe3605f6000 rw-p 00000000 00:00 0                          [stack:19253]
7fe3605f6000-7fe3605f9000 ---p 00000000 00:00 0 
7fe3605f9000-7fe3606f7000 rw-p 00000000 00:00 0                          [stack:19252]
7fe3606f7000-7fe3606fa000 ---p 00000000 00:00 0 
7fe3606fa000-7fe3607f8000 rw-p 00000000 00:00 0                          [stack:19251]
7fe3607f8000-7fe3607f9000 ---p 00000000 00:00 0 
7fe3607f9000-7fe361000000 rw-p 00000000 00:00 0                          [stack:19250]
7fe361000000-7fe3614e0000 rwxp 00000000 00:00 0 
7fe3614e0000-7fe370000000 ---p 00000000 00:00 0 
7fe370000000-7fe370395000 rw-p 00000000 00:00 0 
7fe370395000-7fe374000000 ---p 00000000 00:00 0 
7fe37407f000-7fe374088000 r--s 0005a000 08:02 3985840                    /home/yonatan/Etty/programing/androidAdvanced/FinalProject/LocationsApp/app/build/intermediates/exploded-aar/com.google.android.gms/play-services-analytics/8.4.0/jars/classes.jar
7fe374088000-7fe374097000 r--s 000df000 08:02 3824912                    /home/yonatan/Android/Sdk/build-tools/23.0.2/lib/dx.jar
7fe374097000-7fe374944000 rw-p 00000000 00:00 0 
7fe374944000-7fe374b1d000 r--s 03d1f000 08:02 6706386                    /usr/lib/jvm/java-8-oracle/jre/lib/rt.jar
7fe374b1d000-7fe3751d3000 rw-p 00000000 00:00 0 
7fe3751d3000-7fe375393000 ---p 00000000 00:00 0 
7fe375393000-7fe375593000 rw-p 00000000 00:00 0 
7fe375593000-7fe375594000 ---p 00000000 00:00 0 
7fe375594000-7fe375694000 rw-p 00000000 00:00 0                          [stack:19249]
7fe375694000-7fe375695000 ---p 00000000 00:00 0 
7fe375695000-7fe375795000 rw-p 00000000 00:00 0                          [stack:19248]
7fe375795000-7fe375796000 ---p 00000000 00:00 0 
7fe375796000-7fe375896000 rw-p 00000000 00:00 0                          [stack:19247]
7fe375896000-7fe375897000 ---p 00000000 00:00 0 
7fe375897000-7fe3759ab000 rw-p 00000000 00:00 0                          [stack:19246]
7fe3759ab000-7fe375aed000 ---p 00000000 00:00 0 
7fe375aed000-7fe375b01000 rw-p 00000000 00:00 0 
7fe375b01000-7fe375c42000 ---p 00000000 00:00 0 
7fe375c42000-7fe375c6a000 rw-p 00000000 00:00 0 
7fe375c6a000-7fe375ced000 ---p 00000000 00:00 0 
7fe375ced000-7fe375d02000 rw-p 00000000 00:00 0 
7fe375d02000-7fe3760ae000 ---p 00000000 00:00 0 
7fe3760ae000-7fe3760c8000 r-xp 00000000 08:02 6706420                    /usr/lib/jvm/java-8-oracle/jre/lib/amd64/libzip.so
7fe3760c8000-7fe3762c8000 ---p 0001a000 08:02 6706420                    /usr/lib/jvm/java-8-oracle/jre/lib/amd64/libzip.so
7fe3762c8000-7fe3762c9000 rw-p 0001a000 08:02 6706420                    /usr/lib/jvm/java-8-oracle/jre/lib/amd64/libzip.so
7fe3762c9000-7fe3762d4000 r-xp 00000000 08:02 4353546                    /lib/x86_64-linux-gnu/libnss_files-2.19.so
7fe3762d4000-7fe3764d3000 ---p 0000b000 08:02 4353546                    /lib/x86_64-linux-gnu/libnss_files-2.19.so
7fe3764d3000-7fe3764d4000 r--p 0000a000 08:02 4353546                    /lib/x86_64-linux-gnu/libnss_files-2.19.so
7fe3764d4000-7fe3764d5000 rw-p 0000b000 08:02 4353546                    /lib/x86_64-linux-gnu/libnss_files-2.19.so
7fe3764d5000-7fe3764e0000 r-xp 00000000 08:02 4353538                    /lib/x86_64-linux-gnu/libnss_nis-2.19.so
7fe3764e0000-7fe3766df000 ---p 0000b000 08:02 4353538                    /lib/x86_64-linux-gnu/libnss_nis-2.19.so
7fe3766df000-7fe3766e0000 r--p 0000a000 08:02 4353538                    /lib/x86_64-linux-gnu/libnss_nis-2.19.so
7fe3766e0000-7fe3766e1000 rw-p 0000b000 08:02 4353538                    /lib/x86_64-linux-gnu/libnss_nis-2.19.so
7fe3766e1000-7fe3766f8000 r-xp 00000000 08:02 4353534                    /lib/x86_64-linux-gnu/libnsl-2.19.so
7fe3766f8000-7fe3768f7000 ---p 00017000 08:02 4353534                    /lib/x86_64-linux-gnu/libnsl-2.19.so
7fe3768f7000-7fe3768f8000 r--p 00016000 08:02 4353534                    /lib/x86_64-linux-gnu/libnsl-2.19.so
7fe3768f8000-7fe3768f9000 rw-p 00017000 08:02 4353534                    /lib/x86_64-linux-gnu/libnsl-2.19.so
7fe3768f9000-7fe3768fb000 rw-p 00000000 00:00 0 
7fe3768fb000-7fe376904000 r-xp 00000000 08:02 4353533                    /lib/x86_64-linux-gnu/libnss_compat-2.19.so
7fe376904000-7fe376b03000 ---p 00009000 08:02 4353533                    /lib/x86_64-linux-gnu/libnss_compat-2.19.so
7fe376b03000-7fe376b04000 r--p 00008000 08:02 4353533                    /lib/x86_64-linux-gnu/libnss_compat-2.19.so
7fe376b04000-7fe376b05000 rw-p 00009000 08:02 4353533                    /lib/x86_64-linux-gnu/libnss_compat-2.19.so
7fe376b05000-7fe376b2f000 r-xp 00000000 08:02 6706397                    /usr/lib/jvm/java-8-oracle/jre/lib/amd64/libjava.so
7fe376b2f000-7fe376d2f000 ---p 0002a000 08:02 6706397                    /usr/lib/jvm/java-8-oracle/jre/lib/amd64/libjava.so
7fe376d2f000-7fe376d31000 rw-p 0002a000 08:02 6706397                    /usr/lib/jvm/java-8-oracle/jre/lib/amd64/libjava.so
7fe376d31000-7fe376d3e000 r-xp 00000000 08:02 6706408                    /usr/lib/jvm/java-8-oracle/jre/lib/amd64/libverify.so
7fe376d3e000-7fe376f3e000 ---p 0000d000 08:02 6706408                    /usr/lib/jvm/java-8-oracle/jre/lib/amd64/libverify.so
7fe376f3e000-7fe376f40000 rw-p 0000d000 08:02 6706408                    /usr/lib/jvm/java-8-oracle/jre/lib/amd64/libverify.so
7fe376f40000-7fe376f47000 r-xp 00000000 08:02 4353542                    /lib/x86_64-linux-gnu/librt-2.19.so
7fe376f47000-7fe377146000 ---p 00007000 08:02 4353542                    /lib/x86_64-linux-gnu/librt-2.19.so
7fe377146000-7fe377147000 r--p 00006000 08:02 4353542                    /lib/x86_64-linux-gnu/librt-2.19.so
7fe377147000-7fe377148000 rw-p 00007000 08:02 4353542                    /lib/x86_64-linux-gnu/librt-2.19.so
7fe377148000-7fe37724d000 r-xp 00000000 08:02 4353528                    /lib/x86_64-linux-gnu/libm-2.19.so
7fe37724d000-7fe37744c000 ---p 00105000 08:02 4353528                    /lib/x86_64-linux-gnu/libm-2.19.so
7fe37744c000-7fe37744d000 r--p 00104000 08:02 4353528                    /lib/x86_64-linux-gnu/libm-2.19.so
7fe37744d000-7fe37744e000 rw-p 00105000 08:02 4353528                    /lib/x86_64-linux-gnu/libm-2.19.so
7fe37744e000-7fe37810e000 r-xp 00000000 08:02 6706410                    /usr/lib/jvm/java-8-oracle/jre/lib/amd64/server/libjvm.so
7fe37810e000-7fe37830e000 ---p 00cc0000 08:02 6706410                    /usr/lib/jvm/java-8-oracle/jre/lib/amd64/server/libjvm.so
7fe37830e000-7fe3783e6000 rw-p 00cc0000 08:02 6706410                    /usr/lib/jvm/java-8-oracle/jre/lib/amd64/server/libjvm.so
7fe3783e6000-7fe378431000 rw-p 00000000 00:00 0 
7fe378431000-7fe3785ec000 r-xp 00000000 08:02 4353543                    /lib/x86_64-linux-gnu/libc-2.19.so
7fe3785ec000-7fe3787eb000 ---p 001bb000 08:02 4353543                    /lib/x86_64-linux-gnu/libc-2.19.so
7fe3787eb000-7fe3787ef000 r--p 001ba000 08:02 4353543                    /lib/x86_64-linux-gnu/libc-2.19.so
7fe3787ef000-7fe3787f1000 rw-p 001be000 08:02 4353543                    /lib/x86_64-linux-gnu/libc-2.19.so
7fe3787f1000-7fe3787f6000 rw-p 00000000 00:00 0 
7fe3787f6000-7fe3787f9000 r-xp 00000000 08:02 4353530                    /lib/x86_64-linux-gnu/libdl-2.19.so
7fe3787f9000-7fe3789f8000 ---p 00003000 08:02 4353530                    /lib/x86_64-linux-gnu/libdl-2.19.so
7fe3789f8000-7fe3789f9000 r--p 00002000 08:02 4353530                    /lib/x86_64-linux-gnu/libdl-2.19.so
7fe3789f9000-7fe3789fa000 rw-p 00003000 08:02 4353530                    /lib/x86_64-linux-gnu/libdl-2.19.so
7fe3789fa000-7fe378a0f000 r-xp 00000000 08:02 6728016                    /usr/lib/jvm/java-8-oracle/lib/amd64/jli/libjli.so
7fe378a0f000-7fe378c0f000 ---p 00015000 08:02 6728016                    /usr/lib/jvm/java-8-oracle/lib/amd64/jli/libjli.so
7fe378c0f000-7fe378c10000 rw-p 00015000 08:02 6728016                    /usr/lib/jvm/java-8-oracle/lib/amd64/jli/libjli.so
7fe378c10000-7fe378c29000 r-xp 00000000 08:02 4353535                    /lib/x86_64-linux-gnu/libpthread-2.19.so
7fe378c29000-7fe378e28000 ---p 00019000 08:02 4353535                    /lib/x86_64-linux-gnu/libpthread-2.19.so
7fe378e28000-7fe378e29000 r--p 00018000 08:02 4353535                    /lib/x86_64-linux-gnu/libpthread-2.19.so
7fe378e29000-7fe378e2a000 rw-p 00019000 08:02 4353535                    /lib/x86_64-linux-gnu/libpthread-2.19.so
7fe378e2a000-7fe378e2e000 rw-p 00000000 00:00 0 
7fe378e2e000-7fe378e51000 r-xp 00000000 08:02 4353536                    /lib/x86_64-linux-gnu/ld-2.19.so
7fe378e58000-7fe378f2a000 rw-p 00000000 00:00 0 
7fe378f2a000-7fe378f2d000 ---p 00000000 00:00 0 
7fe378f2d000-7fe379044000 rw-p 00000000 00:00 0                          [stack:19243]
7fe379044000-7fe37904c000 rw-s 00000000 08:02 1976590                    /tmp/hsperfdata_yonatan/19241
7fe37904c000-7fe37904d000 rw-p 00000000 00:00 0 
7fe37904d000-7fe37904e000 ---p 00000000 00:00 0 
7fe37904e000-7fe379050000 rw-p 00000000 00:00 0 
7fe379050000-7fe379051000 r--p 00022000 08:02 4353536                    /lib/x86_64-linux-gnu/ld-2.19.so
7fe379051000-7fe379052000 rw-p 00023000 08:02 4353536                    /lib/x86_64-linux-gnu/ld-2.19.so
7fe379052000-7fe379053000 rw-p 00000000 00:00 0 
7ffd53911000-7ffd53932000 rw-p 00000000 00:00 0                          [stack]
7ffd53943000-7ffd53945000 r-xp 00000000 00:00 0                          [vdso]
7ffd53945000-7ffd53947000 r--p 00000000 00:00 0                          [vvar]
ffffffffff600000-ffffffffff601000 r-xp 00000000 00:00 0                  [vsyscall]

VM Arguments:
jvm_args: -Djava.awt.headless=true -Xmx1024M -Dfile.encoding=UTF-8 -Duser.country=US -Duser.language=en -Duser.variant 
java_command: com.android.dx.command.Main --dex --num-threads=4 --output /home/yonatan/Etty/programing/androidAdvanced/FinalProject/LocationsApp/app/build/intermediates/pre-dexed/debug/com.google.android.gms-play-services-analytics-8.4.0_b397e889d8762123742ac75c705a311a28e51385.jar /home/yonatan/Etty/programing/androidAdvanced/FinalProject/LocationsApp/app/build/intermediates/exploded-aar/com.google.android.gms/play-services-analytics/8.4.0/jars/classes.jar
java_class_path (initial): /home/yonatan/Android/Sdk/build-tools/23.0.2/lib/dx.jar
Launcher Type: SUN_STANDARD

Environment Variables:
JAVA_HOME=/usr/lib/jvm/java-8-oracle
PATH=/usr/local/sbin:/usr/local/bin:/usr/sbin:/usr/bin:/sbin:/bin:/usr/games:/usr/local/games:/usr/lib/jvm/java-8-oracle/bin:/usr/lib/jvm/java-8-oracle/db/bin:/usr/lib/jvm/java-8-oracle/jre/bin
SHELL=/bin/bash
DISPLAY=:0

Signal Handlers:
SIGSEGV: [libjvm.so+0xabca10], sa_mask[0]=11111111011111111101111111111110, sa_flags=SA_RESTART|SA_SIGINFO
SIGBUS: [libjvm.so+0xabca10], sa_mask[0]=11111111011111111101111111111110, sa_flags=SA_RESTART|SA_SIGINFO
SIGFPE: [libjvm.so+0x919a20], sa_mask[0]=11111111011111111101111111111110, sa_flags=SA_RESTART|SA_SIGINFO
SIGPIPE: [libjvm.so+0x919a20], sa_mask[0]=11111111011111111101111111111110, sa_flags=SA_RESTART|SA_SIGINFO
SIGXFSZ: [libjvm.so+0x919a20], sa_mask[0]=11111111011111111101111111111110, sa_flags=SA_RESTART|SA_SIGINFO
SIGILL: [libjvm.so+0x919a20], sa_mask[0]=11111111011111111101111111111110, sa_flags=SA_RESTART|SA_SIGINFO
SIGUSR1: SIG_DFL, sa_mask[0]=00000000000000000000000000000000, sa_flags=none
SIGUSR2: [libjvm.so+0x91b050], sa_mask[0]=00100000000000000000000000000000, sa_flags=SA_RESTART|SA_SIGINFO
SIGHUP: [libjvm.so+0x91c450], sa_mask[0]=11111111011111111101111111111110, sa_flags=SA_RESTART|SA_SIGINFO
SIGINT: [libjvm.so+0x91c450], sa_mask[0]=11111111011111111101111111111110, sa_flags=SA_RESTART|SA_SIGINFO
SIGTERM: [libjvm.so+0x91c450], sa_mask[0]=11111111011111111101111111111110, sa_flags=SA_RESTART|SA_SIGINFO
SIGQUIT: [libjvm.so+0x91c450], sa_mask[0]=11111111011111111101111111111110, sa_flags=SA_RESTART|SA_SIGINFO


---------------  S Y S T E M  ---------------

OS:DISTRIB_ID=Ubuntu
DISTRIB_RELEASE=14.04
DISTRIB_CODENAME=trusty
DISTRIB_DESCRIPTION="Ubuntu 14.04.4 LTS"

uname:Linux 3.16.0-70-generic #90~14.04.1-Ubuntu SMP Wed Apr 6 22:56:34 UTC 2016 x86_64
libc:glibc 2.19 NPTL 2.19 
rlimit: STACK 8192k, CORE 0k, NPROC 14573, NOFILE 4096, AS infinity
load average:21.79 15.34 11.94

/proc/meminfo:
MemTotal:        3931368 kB
MemFree:           94224 kB
MemAvailable:      50932 kB
Buffers:             404 kB
Cached:           207944 kB
SwapCached:          808 kB
Active:          2749576 kB
Inactive:         831896 kB
Active(anon):    2727048 kB
Inactive(anon):   813420 kB
Active(file):      22528 kB
Inactive(file):    18476 kB
Unevictable:          48 kB
Mlocked:              48 kB
SwapTotal:       4077564 kB
SwapFree:              0 kB
Dirty:                 0 kB
Writeback:             0 kB
AnonPages:       3373808 kB
Mapped:            40192 kB
Shmem:            166872 kB
Slab:              88500 kB
SReclaimable:      41340 kB
SUnreclaim:        47160 kB
KernelStack:       16016 kB
PageTables:        76332 kB
NFS_Unstable:          0 kB
Bounce:                0 kB
WritebackTmp:          0 kB
CommitLimit:     6043248 kB
Committed_AS:   16777740 kB
VmallocTotal:   34359738367 kB
VmallocUsed:      356248 kB
VmallocChunk:   34359334032 kB
HardwareCorrupted:     0 kB
AnonHugePages:    714752 kB
HugePages_Total:       0
HugePages_Free:        0
HugePages_Rsvd:        0
HugePages_Surp:        0
Hugepagesize:       2048 kB
DirectMap4k:       92528 kB
DirectMap2M:     3985408 kB


CPU:total 4 (2 cores per cpu, 2 threads per core) family 6 model 58 stepping 9, cmov, cx8, fxsr, mmx, sse, sse2, sse3, ssse3, sse4.1, sse4.2, popcnt, avx, aes, clmul, erms, ht, tsc, tscinvbit, tscinv

/proc/cpuinfo:
processor	: 0
vendor_id	: GenuineIntel
cpu family	: 6
model		: 58
model name	: Intel(R) Core(TM) i5-3317U CPU @ 1.70GHz
stepping	: 9
microcode	: 0x12
cpu MHz		: 2399.988
cache size	: 3072 KB
physical id	: 0
siblings	: 4
core id		: 0
cpu cores	: 2
apicid		: 0
initial apicid	: 0
fpu		: yes
fpu_exception	: yes
cpuid level	: 13
wp		: yes
flags		: fpu vme de pse tsc msr pae mce cx8 apic sep mtrr pge mca cmov pat pse36 clflush dts acpi mmx fxsr sse sse2 ss ht tm pbe syscall nx rdtscp lm constant_tsc arch_perfmon pebs bts rep_good nopl xtopology nonstop_tsc aperfmperf eagerfpu pni pclmulqdq dtes64 monitor ds_cpl vmx est tm2 ssse3 cx16 xtpr pdcm pcid sse4_1 sse4_2 x2apic popcnt tsc_deadline_timer aes xsave avx f16c rdrand lahf_lm ida arat epb xsaveopt pln pts dtherm tpr_shadow vnmi flexpriority ept vpid fsgsbase smep erms
bogomips	: 3392.17
clflush size	: 64
cache_alignment	: 64
address sizes	: 36 bits physical, 48 bits virtual
power management:

processor	: 1
vendor_id	: GenuineIntel
cpu family	: 6
model		: 58
model name	: Intel(R) Core(TM) i5-3317U CPU @ 1.70GHz
stepping	: 9
microcode	: 0x12
cpu MHz		: 2399.988
cache size	: 3072 KB
physical id	: 0
siblings	: 4
core id		: 1
cpu cores	: 2
apicid		: 2
initial apicid	: 2
fpu		: yes
fpu_exception	: yes
cpuid level	: 13
wp		: yes
flags		: fpu vme de pse tsc msr pae mce cx8 apic sep mtrr pge mca cmov pat pse36 clflush dts acpi mmx fxsr sse sse2 ss ht tm pbe syscall nx rdtscp lm constant_tsc arch_perfmon pebs bts rep_good nopl xtopology nonstop_tsc aperfmperf eagerfpu pni pclmulqdq dtes64 monitor ds_cpl vmx est tm2 ssse3 cx16 xtpr pdcm pcid sse4_1 sse4_2 x2apic popcnt tsc_deadline_timer aes xsave avx f16c rdrand lahf_lm ida arat epb xsaveopt pln pts dtherm tpr_shadow vnmi flexpriority ept vpid fsgsbase smep erms
bogomips	: 3392.17
clflush size	: 64
cache_alignment	: 64
address sizes	: 36 bits physical, 48 bits virtual
power management:

processor	: 2
vendor_id	: GenuineIntel
cpu family	: 6
model		: 58
model name	: Intel(R) Core(TM) i5-3317U CPU @ 1.70GHz
stepping	: 9
microcode	: 0x12
cpu MHz		: 2400.054
cache size	: 3072 KB
physical id	: 0
siblings	: 4
core id		: 0
cpu cores	: 2
apicid		: 1
initial apicid	: 1
fpu		: yes
fpu_exception	: yes
cpuid level	: 13
wp		: yes
flags		: fpu vme de pse tsc msr pae mce cx8 apic sep mtrr pge mca cmov pat pse36 clflush dts acpi mmx fxsr sse sse2 ss ht tm pbe syscall nx rdtscp lm constant_tsc arch_perfmon pebs bts rep_good nopl xtopology nonstop_tsc aperfmperf eagerfpu pni pclmulqdq dtes64 monitor ds_cpl vmx est tm2 ssse3 cx16 xtpr pdcm pcid sse4_1 sse4_2 x2apic popcnt tsc_deadline_timer aes xsave avx f16c rdrand lahf_lm ida arat epb xsaveopt pln pts dtherm tpr_shadow vnmi flexpriority ept vpid fsgsbase smep erms
bogomips	: 3392.17
clflush size	: 64
cache_alignment	: 64
address sizes	: 36 bits physical, 48 bits virtual
power management:

processor	: 3
vendor_id	: GenuineIntel
cpu family	: 6
model		: 58
model name	: Intel(R) Core(TM) i5-3317U CPU @ 1.70GHz
stepping	: 9
microcode	: 0x12
cpu MHz		: 2399.988
cache size	: 3072 KB
physical id	: 0
siblings	: 4
core id		: 1
cpu cores	: 2
apicid		: 3
initial apicid	: 3
fpu		: yes
fpu_exception	: yes
cpuid level	: 13
wp		: yes
flags		: fpu vme de pse tsc msr pae mce cx8 apic sep mtrr pge mca cmov pat pse36 clflush dts acpi mmx fxsr sse sse2 ss ht tm pbe syscall nx rdtscp lm constant_tsc arch_perfmon pebs bts rep_good nopl xtopology nonstop_tsc aperfmperf eagerfpu pni pclmulqdq dtes64 monitor ds_cpl vmx est tm2 ssse3 cx16 xtpr pdcm pcid sse4_1 sse4_2 x2apic popcnt tsc_deadline_timer aes xsave avx f16c rdrand lahf_lm ida arat epb xsaveopt pln pts dtherm tpr_shadow vnmi flexpriority ept vpid fsgsbase smep erms
bogomips	: 3392.17
clflush size	: 64
cache_alignment	: 64
address sizes	: 36 bits physical, 48 bits virtual
power management:



Memory: 4k page, physical 3931368k(93876k free), swap 4077564k(0k free)

vm_info: Java HotSpot(TM) 64-Bit Server VM (25.91-b14) for linux-amd64 JRE (1.8.0_91-b14), built on Apr  1 2016 00:57:21 by "java_re" with gcc 4.3.0 20080428 (Red Hat 4.3.0-8)

time: Sat Apr 30 22:17:16 2016
elapsed time: 23 seconds (0d 0h 0m 23s)

