#
# There is insufficient memory for the Java Runtime Environment to continue.
# Native memory allocation (mmap) failed to map 141557760 bytes for committing reserved memory.
# Possible reasons:
#   The system is out of physical RAM or swap space
#   In 32 bit mode, the process size limit was hit
# Possible solutions:
#   Reduce memory load on the system
#   Increase physical memory or swap space
#   Check if swap backing store is full
#   Use 64 bit Java on a 64 bit OS
#   Decrease Java heap size (-Xmx/-Xms)
#   Decrease number of Java threads
#   Decrease Java thread stack sizes (-Xss)
#   Set larger code cache with -XX:ReservedCodeCacheSize=
# This output file may be truncated or incomplete.
#
#  Out of Memory Error (os_linux.cpp:2627), pid=19222, tid=140314186561280
#
# JRE version: Java(TM) SE Runtime Environment (8.0_91-b14) (build 1.8.0_91-b14)
# Java VM: Java HotSpot(TM) 64-Bit Server VM (25.91-b14 mixed mode linux-amd64 compressed oops)
# Failed to write core dump. Core dumps have been disabled. To enable core dumping, try "ulimit -c unlimited" before starting Java again
#

---------------  T H R E A D  ---------------

Current thread (0x00007f9d88078000):  VMThread [stack: 0x00007f9d712f3000,0x00007f9d713f4000] [id=19231]

Stack: [0x00007f9d712f3000,0x00007f9d713f4000],  sp=0x00007f9d713f21e0,  free space=1020k
Native frames: (J=compiled Java code, j=interpreted, Vv=VM code, C=native code)
V  [libjvm.so+0xabc18a]  VMError::report_and_die()+0x2ba
V  [libjvm.so+0x4fafeb]  report_vm_out_of_memory(char const*, int, unsigned long, VMErrorType, char const*)+0x8b
V  [libjvm.so+0x91cbb3]  os::Linux::commit_memory_impl(char*, unsigned long, bool)+0x103
V  [libjvm.so+0x91d109]  os::pd_commit_memory(char*, unsigned long, unsigned long, bool)+0x29
V  [libjvm.so+0x91740a]  os::commit_memory(char*, unsigned long, unsigned long, bool)+0x2a
V  [libjvm.so+0x98b033]  PSVirtualSpace::expand_by(unsigned long)+0x53
V  [libjvm.so+0x98c438]  PSYoungGen::resize_generation(unsigned long, unsigned long)+0xf8
V  [libjvm.so+0x98b592]  PSYoungGen::resize(unsigned long, unsigned long)+0x22
V  [libjvm.so+0x98886b]  PSScavenge::invoke_no_policy()+0xf3b
V  [libjvm.so+0x988ff1]  PSScavenge::invoke()+0x41
V  [libjvm.so+0x9408b0]  ParallelScavengeHeap::failed_mem_allocate(unsigned long)+0x70
V  [libjvm.so+0xabdba7]  VM_ParallelGCFailedAllocation::doit()+0x97
V  [libjvm.so+0xac55d5]  VM_Operation::evaluate()+0x55
V  [libjvm.so+0xac39aa]  VMThread::evaluate_operation(VM_Operation*)+0xba
V  [libjvm.so+0xac3d2e]  VMThread::loop()+0x1ce
V  [libjvm.so+0xac41a0]  VMThread::run()+0x70
V  [libjvm.so+0x91ef78]  java_start(Thread*)+0x108

VM_Operation (0x00007f9d70405b50): ParallelGCFailedAllocation, mode: safepoint, requested by thread 0x00007f9d88139800


---------------  P R O C E S S  ---------------

Java Threads: ( => current thread )
  0x00007f9d8813c000 JavaThread "pool-2-thread-1" [_thread_blocked, id=19257, stack(0x00007f9d70206000,0x00007f9d70307000)]
  0x00007f9d88139800 JavaThread "pool-1-thread-1" [_thread_blocked, id=19254, stack(0x00007f9d70307000,0x00007f9d70408000)]
  0x00007f9d880c1800 JavaThread "Service Thread" daemon [_thread_blocked, id=19238, stack(0x00007f9d70509000,0x00007f9d7060a000)]
  0x00007f9d880be800 JavaThread "C1 CompilerThread2" daemon [_thread_blocked, id=19237, stack(0x00007f9d7060a000,0x00007f9d7070b000)]
  0x00007f9d880bd000 JavaThread "C2 CompilerThread1" daemon [_thread_blocked, id=19236, stack(0x00007f9d7070b000,0x00007f9d7080c000)]
  0x00007f9d880ba000 JavaThread "C2 CompilerThread0" daemon [_thread_blocked, id=19235, stack(0x00007f9d7080c000,0x00007f9d7090d000)]
  0x00007f9d880b8800 JavaThread "Signal Dispatcher" daemon [_thread_blocked, id=19234, stack(0x00007f9d7090d000,0x00007f9d70a0e000)]
  0x00007f9d88084000 JavaThread "Finalizer" daemon [_thread_blocked, id=19233, stack(0x00007f9d710f1000,0x00007f9d711f2000)]
  0x00007f9d8807f800 JavaThread "Reference Handler" daemon [_thread_blocked, id=19232, stack(0x00007f9d711f2000,0x00007f9d712f3000)]
  0x00007f9d8800a000 JavaThread "main" [_thread_blocked, id=19224, stack(0x00007f9d8f9b7000,0x00007f9d8fab8000)]

Other Threads:
=>0x00007f9d88078000 VMThread [stack: 0x00007f9d712f3000,0x00007f9d713f4000] [id=19231]
  0x00007f9d880c4800 WatcherThread [stack: 0x00007f9d70408000,0x00007f9d70509000] [id=19239]

VM state:at safepoint (normal execution)

VM Mutex/Monitor currently owned by a thread:  ([mutex/lock_event])
[0x00007f9d88006550] Threads_lock - owner thread: 0x00007f9d88078000
[0x00007f9d88006a50] Heap_lock - owner thread: 0x00007f9d88139800

Heap:
 PSYoungGen      total 136192K, used 14335K [0x00000000eab00000, 0x00000000f3f00000, 0x0000000100000000)
  eden space 121856K, 0% used [0x00000000eab00000,0x00000000eab00000,0x00000000f2200000)
  from space 14336K, 99% used [0x00000000f2200000,0x00000000f2ffff80,0x00000000f3000000)
  to   space 13312K, 0% used [0x00000000f3000000,0x00000000f3000000,0x00000000f3d00000)
 ParOldGen       total 40960K, used 34058K [0x00000000c0000000, 0x00000000c2800000, 0x00000000eab00000)
  object space 40960K, 83% used [0x00000000c0000000,0x00000000c21429c8,0x00000000c2800000)
 Metaspace       used 6287K, capacity 7128K, committed 7424K, reserved 1056768K
  class space    used 615K, capacity 656K, committed 768K, reserved 1048576K

Card table byte_map: [0x00007f9d8c57a000,0x00007f9d8c77b000] byte_map_base: 0x00007f9d8bf7a000

Marking Bits: (ParMarkBitMap*) 0x00007f9d8ee91d60
 Begin Bits: [0x00007f9d72000000, 0x00007f9d73000000)
 End Bits:   [0x00007f9d73000000, 0x00007f9d74000000)

Polling page: 0x00007f9d8fada000

CodeCache: size=245760Kb used=6459Kb max_used=6459Kb free=239300Kb
 bounds [0x00007f9d79000000, 0x00007f9d79660000, 0x00007f9d88000000]
 total_blobs=1919 nmethods=1651 adapters=182
 compilation: enabled

Compilation events (10 events):
Event: 26.888 Thread 0x00007f9d880be800 2131       2       com.android.dx.cf.code.SwitchList::add (35 bytes)
Event: 26.888 Thread 0x00007f9d880be800 nmethod 2131 0x00007f9d7964ce90 code [0x00007f9d7964d040, 0x00007f9d7964d378]
Event: 26.890 Thread 0x00007f9d880be800 2132       2       com.android.dx.rop.code.SwitchInsn::withNewRegisters (22 bytes)
Event: 26.890 Thread 0x00007f9d880be800 nmethod 2132 0x00007f9d7964d590 code [0x00007f9d7964d700, 0x00007f9d7964d8e8]
Event: 26.963 Thread 0x00007f9d880be800 2133 %     3       com.android.dx.cf.code.Merger::mergeLocals @ 35 (122 bytes)
Event: 26.965 Thread 0x00007f9d880be800 nmethod 2133% 0x00007f9d7964d9d0 code [0x00007f9d7964dc60, 0x00007f9d7964ee68]
Event: 26.965 Thread 0x00007f9d880be800 2134       3       com.android.dx.cf.code.Merger::mergeLocals (122 bytes)
Event: 26.967 Thread 0x00007f9d880be800 nmethod 2134 0x00007f9d7964fb10 code [0x00007f9d7964fda0, 0x00007f9d79650ee8]
Event: 26.981 Thread 0x00007f9d880be800 2135       3       com.android.dx.cf.code.Ropper::getRopMethod (64 bytes)
Event: 26.982 Thread 0x00007f9d880be800 nmethod 2135 0x00007f9d79651b10 code [0x00007f9d79651d60, 0x00007f9d79652ab8]

GC Heap History (10 events):
Event: 3.503 GC heap after
Heap after GC invocations=2 (full 0):
 PSYoungGen      total 33280K, used 2536K [0x00000000eab00000, 0x00000000ece00000, 0x0000000100000000)
  eden space 30720K, 0% used [0x00000000eab00000,0x00000000eab00000,0x00000000ec900000)
  from space 2560K, 99% used [0x00000000ecb80000,0x00000000ecdfa2e8,0x00000000ece00000)
  to   space 2560K, 0% used [0x00000000ec900000,0x00000000ec900000,0x00000000ecb80000)
 ParOldGen       total 40960K, used 2563K [0x00000000c0000000, 0x00000000c2800000, 0x00000000eab00000)
  object space 40960K, 6% used [0x00000000c0000000,0x00000000c0280ef0,0x00000000c2800000)
 Metaspace       used 5802K, capacity 6768K, committed 7040K, reserved 1056768K
  class space    used 593K, capacity 616K, committed 640K, reserved 1048576K
}
Event: 4.497 GC heap before
{Heap before GC invocations=3 (full 0):
 PSYoungGen      total 33280K, used 33256K [0x00000000eab00000, 0x00000000ece00000, 0x0000000100000000)
  eden space 30720K, 100% used [0x00000000eab00000,0x00000000ec900000,0x00000000ec900000)
  from space 2560K, 99% used [0x00000000ecb80000,0x00000000ecdfa2e8,0x00000000ece00000)
  to   space 2560K, 0% used [0x00000000ec900000,0x00000000ec900000,0x00000000ecb80000)
 ParOldGen       total 40960K, used 2563K [0x00000000c0000000, 0x00000000c2800000, 0x00000000eab00000)
  object space 40960K, 6% used [0x00000000c0000000,0x00000000c0280ef0,0x00000000c2800000)
 Metaspace       used 5873K, capacity 6832K, committed 7040K, reserved 1056768K
  class space    used 593K, capacity 616K, committed 640K, reserved 1048576K
Event: 4.589 GC heap after
Heap after GC invocations=3 (full 0):
 PSYoungGen      total 33280K, used 2554K [0x00000000eab00000, 0x00000000eec00000, 0x0000000100000000)
  eden space 30720K, 0% used [0x00000000eab00000,0x00000000eab00000,0x00000000ec900000)
  from space 2560K, 99% used [0x00000000ec900000,0x00000000ecb7ea68,0x00000000ecb80000)
  to   space 2560K, 0% used [0x00000000ee980000,0x00000000ee980000,0x00000000eec00000)
 ParOldGen       total 40960K, used 7447K [0x00000000c0000000, 0x00000000c2800000, 0x00000000eab00000)
  object space 40960K, 18% used [0x00000000c0000000,0x00000000c0745d78,0x00000000c2800000)
 Metaspace       used 5873K, capacity 6832K, committed 7040K, reserved 1056768K
  class space    used 593K, capacity 616K, committed 640K, reserved 1048576K
}
Event: 5.113 GC heap before
{Heap before GC invocations=4 (full 0):
 PSYoungGen      total 33280K, used 33274K [0x00000000eab00000, 0x00000000eec00000, 0x0000000100000000)
  eden space 30720K, 100% used [0x00000000eab00000,0x00000000ec900000,0x00000000ec900000)
  from space 2560K, 99% used [0x00000000ec900000,0x00000000ecb7ea68,0x00000000ecb80000)
  to   space 2560K, 0% used [0x00000000ee980000,0x00000000ee980000,0x00000000eec00000)
 ParOldGen       total 40960K, used 7447K [0x00000000c0000000, 0x00000000c2800000, 0x00000000eab00000)
  object space 40960K, 18% used [0x00000000c0000000,0x00000000c0745d78,0x00000000c2800000)
 Metaspace       used 5912K, capacity 6896K, committed 7040K, reserved 1056768K
  class space    used 593K, capacity 616K, committed 640K, reserved 1048576K
Event: 5.155 GC heap after
Heap after GC invocations=4 (full 0):
 PSYoungGen      total 64000K, used 2536K [0x00000000eab00000, 0x00000000eec00000, 0x0000000100000000)
  eden space 61440K, 0% used [0x00000000eab00000,0x00000000eab00000,0x00000000ee700000)
  from space 2560K, 99% used [0x00000000ee980000,0x00000000eebfa2e0,0x00000000eec00000)
  to   space 2560K, 0% used [0x00000000ee700000,0x00000000ee700000,0x00000000ee980000)
 ParOldGen       total 40960K, used 12149K [0x00000000c0000000, 0x00000000c2800000, 0x00000000eab00000)
  object space 40960K, 29% used [0x00000000c0000000,0x00000000c0bdd6c8,0x00000000c2800000)
 Metaspace       used 5912K, capacity 6896K, committed 7040K, reserved 1056768K
  class space    used 593K, capacity 616K, committed 640K, reserved 1048576K
}
Event: 6.260 GC heap before
{Heap before GC invocations=5 (full 0):
 PSYoungGen      total 64000K, used 63976K [0x00000000eab00000, 0x00000000eec00000, 0x0000000100000000)
  eden space 61440K, 100% used [0x00000000eab00000,0x00000000ee700000,0x00000000ee700000)
  from space 2560K, 99% used [0x00000000ee980000,0x00000000eebfa2e0,0x00000000eec00000)
  to   space 2560K, 0% used [0x00000000ee700000,0x00000000ee700000,0x00000000ee980000)
 ParOldGen       total 40960K, used 12149K [0x00000000c0000000, 0x00000000c2800000, 0x00000000eab00000)
  object space 40960K, 29% used [0x00000000c0000000,0x00000000c0bdd6c8,0x00000000c2800000)
 Metaspace       used 6068K, capacity 6936K, committed 7168K, reserved 1056768K
  class space    used 614K, capacity 656K, committed 768K, reserved 1048576K
Event: 6.369 GC heap after
Heap after GC invocations=5 (full 0):
 PSYoungGen      total 64000K, used 2550K [0x00000000eab00000, 0x00000000f3d00000, 0x0000000100000000)
  eden space 61440K, 0% used [0x00000000eab00000,0x00000000eab00000,0x00000000ee700000)
  from space 2560K, 99% used [0x00000000ee700000,0x00000000ee97db30,0x00000000ee980000)
  to   space 13312K, 0% used [0x00000000f3000000,0x00000000f3000000,0x00000000f3d00000)
 ParOldGen       total 40960K, used 22050K [0x00000000c0000000, 0x00000000c2800000, 0x00000000eab00000)
  object space 40960K, 53% used [0x00000000c0000000,0x00000000c1588af0,0x00000000c2800000)
 Metaspace       used 6068K, capacity 6936K, committed 7168K, reserved 1056768K
  class space    used 614K, capacity 656K, committed 768K, reserved 1048576K
}
Event: 7.870 GC heap before
{Heap before GC invocations=6 (full 0):
 PSYoungGen      total 64000K, used 63990K [0x00000000eab00000, 0x00000000f3d00000, 0x0000000100000000)
  eden space 61440K, 100% used [0x00000000eab00000,0x00000000ee700000,0x00000000ee700000)
  from space 2560K, 99% used [0x00000000ee700000,0x00000000ee97db30,0x00000000ee980000)
  to   space 13312K, 0% used [0x00000000f3000000,0x00000000f3000000,0x00000000f3d00000)
 ParOldGen       total 40960K, used 22050K [0x00000000c0000000, 0x00000000c2800000, 0x00000000eab00000)
  object space 40960K, 53% used [0x00000000c0000000,0x00000000c1588af0,0x00000000c2800000)
 Metaspace       used 6124K, capacity 7000K, committed 7168K, reserved 1056768K
  class space    used 614K, capacity 656K, committed 768K, reserved 1048576K
Event: 8.131 GC heap after
Heap after GC invocations=6 (full 0):
 PSYoungGen      total 135168K, used 10947K [0x00000000eab00000, 0x00000000f3f00000, 0x0000000100000000)
  eden space 121856K, 0% used [0x00000000eab00000,0x00000000eab00000,0x00000000f2200000)
  from space 13312K, 82% used [0x00000000f3000000,0x00000000f3ab0c30,0x00000000f3d00000)
  to   space 14336K, 0% used [0x00000000f2200000,0x00000000f2200000,0x00000000f3000000)
 ParOldGen       total 40960K, used 22058K [0x00000000c0000000, 0x00000000c2800000, 0x00000000eab00000)
  object space 40960K, 53% used [0x00000000c0000000,0x00000000c158aaf0,0x00000000c2800000)
 Metaspace       used 6124K, capacity 7000K, committed 7168K, reserved 1056768K
  class space    used 614K, capacity 656K, committed 768K, reserved 1048576K
}
Event: 26.991 GC heap before
{Heap before GC invocations=7 (full 0):
 PSYoungGen      total 135168K, used 132803K [0x00000000eab00000, 0x00000000f3f00000, 0x0000000100000000)
  eden space 121856K, 100% used [0x00000000eab00000,0x00000000f2200000,0x00000000f2200000)
  from space 13312K, 82% used [0x00000000f3000000,0x00000000f3ab0c30,0x00000000f3d00000)
  to   space 14336K, 0% used [0x00000000f2200000,0x00000000f2200000,0x00000000f3000000)
 ParOldGen       total 40960K, used 22058K [0x00000000c0000000, 0x00000000c2800000, 0x00000000eab00000)
  object space 40960K, 53% used [0x00000000c0000000,0x00000000c158aaf0,0x00000000c2800000)
 Metaspace       used 6287K, capacity 7128K, committed 7424K, reserved 1056768K
  class space    used 615K, capacity 656K, committed 768K, reserved 1048576K

Deoptimization events (10 events):
Event: 4.397 Thread 0x00007f9d8813e000 Uncommon trap: reason=unstable_if action=reinterpret pc=0x00007f9d792154dc method=com.android.dx.rop.cst.Constant.compareTo(Lcom/android/dx/rop/cst/Constant;)I @ 12
Event: 5.186 Thread 0x00007f9d88140800 Uncommon trap: reason=unstable_if action=reinterpret pc=0x00007f9d7938d944 method=com.android.dx.util.IntList.binarysearch(I)I @ 105
Event: 5.356 Thread 0x00007f9d8800a000 Uncommon trap: reason=unstable_if action=reinterpret pc=0x00007f9d792d88e4 method=java.util.HashMap.putVal(ILjava/lang/Object;Ljava/lang/Object;ZZ)Ljava/lang/Object; @ 162
Event: 5.391 Thread 0x00007f9d8800a000 Uncommon trap: reason=unstable_if action=reinterpret pc=0x00007f9d79204b78 method=java.util.HashMap.getNode(ILjava/lang/Object;)Ljava/util/HashMap$Node; @ 84
Event: 5.397 Thread 0x00007f9d8813f000 Uncommon trap: reason=unstable_if action=reinterpret pc=0x00007f9d79221db4 method=java.util.HashMap.getNode(ILjava/lang/Object;)Ljava/util/HashMap$Node; @ 84
Event: 5.445 Thread 0x00007f9d88139800 Uncommon trap: reason=unstable_if action=reinterpret pc=0x00007f9d7939a3bc method=com.android.dx.ssa.SsaMethod.updateOneDefinition(Lcom/android/dx/ssa/SsaInsn;Lcom/android/dx/rop/code/RegisterSpec;)V @ 4
Event: 6.454 Thread 0x00007f9d8813f000 Uncommon trap: reason=unstable_if action=reinterpret pc=0x00007f9d794936c4 method=com.android.dx.ssa.SCCP.simulateStmt(Lcom/android/dx/ssa/SsaInsn;)V @ 59
Event: 6.631 Thread 0x00007f9d8800a000 Uncommon trap: reason=unstable_if action=reinterpret pc=0x00007f9d793e90f0 method=java.util.HashMap.putVal(ILjava/lang/Object;Ljava/lang/Object;ZZ)Ljava/lang/Object; @ 162
Event: 7.786 Thread 0x00007f9d88139800 Uncommon trap: reason=unstable_if action=reinterpret pc=0x00007f9d794a3840 method=com.android.dx.ssa.MoveParamCombiner$1.visitNonMoveInsn(Lcom/android/dx/ssa/NormalSsaInsn;)V @ 27
Event: 9.148 Thread 0x00007f9d8813e000 Uncommon trap: reason=unstable_if action=reinterpret pc=0x00007f9d7939c7c8 method=com.android.dx.dex.code.OutputFinisher.hasLocalInfo(Lcom/android/dx/dex/code/DalvInsn;)Z @ 24

Internal exceptions (6 events):
Event: 0.215 Thread 0x00007f9d8800a000 Exception <a 'java/lang/NoSuchMethodError': Method sun.misc.Unsafe.defineClass(Ljava/lang/String;[BII)Ljava/lang/Class; name or signature does not match> (0x00000000eab07cc0) thrown at [/HUDSON/workspace/8-2-build-linux-amd64/jdk8u91/6644/hotspot/src/shar
Event: 0.215 Thread 0x00007f9d8800a000 Exception <a 'java/lang/NoSuchMethodError': Method sun.misc.Unsafe.prefetchRead(Ljava/lang/Object;J)V name or signature does not match> (0x00000000eab07fa8) thrown at [/HUDSON/workspace/8-2-build-linux-amd64/jdk8u91/6644/hotspot/src/share/vm/prims/jni.cpp
Event: 3.690 Thread 0x00007f9d88140800 Implicit null exception at 0x00007f9d792c13fd to 0x00007f9d792c4339
Event: 5.387 Thread 0x00007f9d8800a000 Exception <a 'java/lang/ArrayIndexOutOfBoundsException': 18> (0x00000000eb940320) thrown at [/HUDSON/workspace/8-2-build-linux-amd64/jdk8u91/6644/hotspot/src/share/vm/interpreter/interpreterRuntime.cpp, line 366]
Event: 5.388 Thread 0x00007f9d8800a000 Exception <a 'java/lang/ArrayIndexOutOfBoundsException': 145> (0x00000000eb941ea0) thrown at [/HUDSON/workspace/8-2-build-linux-amd64/jdk8u91/6644/hotspot/src/share/vm/interpreter/interpreterRuntime.cpp, line 366]
Event: 5.389 Thread 0x00007f9d8800a000 Exception <a 'java/lang/ArrayIndexOutOfBoundsException': 40> (0x00000000eb943188) thrown at [/HUDSON/workspace/8-2-build-linux-amd64/jdk8u91/6644/hotspot/src/share/vm/interpreter/interpreterRuntime.cpp, line 366]

Events (10 events):
Event: 25.789 Thread 0x00007f9d8813e000 DEOPT PACKING pc=0x00007f9d7937ea6c sp=0x00007f9d70204020
Event: 25.789 Thread 0x00007f9d8813e000 DEOPT UNPACKING pc=0x00007f9d79047633 sp=0x00007f9d70203d20 mode 0
Event: 25.941 Thread 0x00007f9d8813e000 Thread exited: 0x00007f9d8813e000
Event: 26.323 Thread 0x00007f9d88139800 DEOPT PACKING pc=0x00007f9d795a4a6f sp=0x00007f9d70405cb0
Event: 26.323 Thread 0x00007f9d88139800 DEOPT UNPACKING pc=0x00007f9d79047633 sp=0x00007f9d70405a50 mode 0
Event: 26.967 Thread 0x00007f9d88139800 DEOPT PACKING pc=0x00007f9d79581b50 sp=0x00007f9d70405ac0
Event: 26.967 Thread 0x00007f9d88139800 DEOPT UNPACKING pc=0x00007f9d79047633 sp=0x00007f9d704058a0 mode 0
Event: 26.982 Thread 0x00007f9d88139800 DEOPT PACKING pc=0x00007f9d794da44a sp=0x00007f9d70406080
Event: 26.982 Thread 0x00007f9d88139800 DEOPT UNPACKING pc=0x00007f9d79047633 sp=0x00007f9d70405e30 mode 0
Event: 26.991 Executing VM operation: ParallelGCFailedAllocation


Dynamic libraries:
00400000-00401000 r-xp 00000000 08:02 6686124                            /usr/lib/jvm/java-8-oracle/bin/java
00600000-00601000 rw-p 00000000 08:02 6686124                            /usr/lib/jvm/java-8-oracle/bin/java
00ea3000-00ec4000 rw-p 00000000 00:00 0                                  [heap]
c0000000-c2800000 rw-p 00000000 00:00 0 
c2800000-eab00000 ---p 00000000 00:00 0 
eab00000-f3f00000 rw-p 00000000 00:00 0 
fc600000-100000000 ---p 00000000 00:00 0 
100000000-1000c0000 rw-p 00000000 00:00 0 
1000c0000-140000000 ---p 00000000 00:00 0 
7f9d24000000-7f9d24026000 rw-p 00000000 00:00 0 
7f9d24026000-7f9d28000000 ---p 00000000 00:00 0 
7f9d2c000000-7f9d2c021000 rw-p 00000000 00:00 0 
7f9d2c021000-7f9d30000000 ---p 00000000 00:00 0 
7f9d30000000-7f9d30021000 rw-p 00000000 00:00 0 
7f9d30021000-7f9d34000000 ---p 00000000 00:00 0 
7f9d34000000-7f9d34024000 rw-p 00000000 00:00 0 
7f9d34024000-7f9d38000000 ---p 00000000 00:00 0 
7f9d38000000-7f9d38021000 rw-p 00000000 00:00 0 
7f9d38021000-7f9d3c000000 ---p 00000000 00:00 0 
7f9d3c000000-7f9d3c021000 rw-p 00000000 00:00 0 
7f9d3c021000-7f9d40000000 ---p 00000000 00:00 0 
7f9d40000000-7f9d40021000 rw-p 00000000 00:00 0 
7f9d40021000-7f9d44000000 ---p 00000000 00:00 0 
7f9d44000000-7f9d44021000 rw-p 00000000 00:00 0 
7f9d44021000-7f9d48000000 ---p 00000000 00:00 0 
7f9d48000000-7f9d48b6d000 rw-p 00000000 00:00 0 
7f9d48b6d000-7f9d4c000000 ---p 00000000 00:00 0 
7f9d4c000000-7f9d4ca71000 rw-p 00000000 00:00 0 
7f9d4ca71000-7f9d50000000 ---p 00000000 00:00 0 
7f9d50000000-7f9d507ac000 rw-p 00000000 00:00 0 
7f9d507ac000-7f9d54000000 ---p 00000000 00:00 0 
7f9d54000000-7f9d54021000 rw-p 00000000 00:00 0 
7f9d54021000-7f9d58000000 ---p 00000000 00:00 0 
7f9d58000000-7f9d58021000 rw-p 00000000 00:00 0 
7f9d58021000-7f9d5c000000 ---p 00000000 00:00 0 
7f9d5c000000-7f9d5c021000 rw-p 00000000 00:00 0 
7f9d5c021000-7f9d60000000 ---p 00000000 00:00 0 
7f9d60000000-7f9d6028c000 rw-p 00000000 00:00 0 
7f9d6028c000-7f9d64000000 ---p 00000000 00:00 0 
7f9d64000000-7f9d64021000 rw-p 00000000 00:00 0 
7f9d64021000-7f9d68000000 ---p 00000000 00:00 0 
7f9d6beff000-7f9d6bf02000 ---p 00000000 00:00 0 
7f9d6bf02000-7f9d6c000000 rw-p 00000000 00:00 0 
7f9d6c000000-7f9d6c021000 rw-p 00000000 00:00 0 
7f9d6c021000-7f9d70000000 ---p 00000000 00:00 0 
7f9d70004000-7f9d70007000 ---p 00000000 00:00 0 
7f9d70007000-7f9d70105000 rw-p 00000000 00:00 0 
7f9d70105000-7f9d70108000 ---p 00000000 00:00 0 
7f9d70108000-7f9d70206000 rw-p 00000000 00:00 0 
7f9d70206000-7f9d70209000 ---p 00000000 00:00 0 
7f9d70209000-7f9d70307000 rw-p 00000000 00:00 0                          [stack:19257]
7f9d70307000-7f9d7030a000 ---p 00000000 00:00 0 
7f9d7030a000-7f9d70408000 rw-p 00000000 00:00 0                          [stack:19254]
7f9d70408000-7f9d70409000 ---p 00000000 00:00 0 
7f9d70409000-7f9d70509000 rw-p 00000000 00:00 0                          [stack:19239]
7f9d70509000-7f9d7050c000 ---p 00000000 00:00 0 
7f9d7050c000-7f9d7060a000 rw-p 00000000 00:00 0                          [stack:19238]
7f9d7060a000-7f9d7060d000 ---p 00000000 00:00 0 
7f9d7060d000-7f9d7070b000 rw-p 00000000 00:00 0                          [stack:19237]
7f9d7070b000-7f9d7070e000 ---p 00000000 00:00 0 
7f9d7070e000-7f9d7080c000 rw-p 00000000 00:00 0                          [stack:19236]
7f9d7080c000-7f9d7080f000 ---p 00000000 00:00 0 
7f9d7080f000-7f9d7090d000 rw-p 00000000 00:00 0                          [stack:19235]
7f9d7090d000-7f9d70910000 ---p 00000000 00:00 0 
7f9d70910000-7f9d70a0e000 rw-p 00000000 00:00 0                          [stack:19234]
7f9d70a0e000-7f9d710f1000 r--p 00000000 08:02 6691839                    /usr/lib/locale/locale-archive
7f9d710f1000-7f9d710f4000 ---p 00000000 00:00 0 
7f9d710f4000-7f9d711f2000 rw-p 00000000 00:00 0                          [stack:19233]
7f9d711f2000-7f9d711f5000 ---p 00000000 00:00 0 
7f9d711f5000-7f9d712f3000 rw-p 00000000 00:00 0                          [stack:19232]
7f9d712f3000-7f9d712f4000 ---p 00000000 00:00 0 
7f9d712f4000-7f9d74000000 rw-p 00000000 00:00 0                          [stack:19231]
7f9d74000000-7f9d74021000 rw-p 00000000 00:00 0 
7f9d74021000-7f9d78000000 ---p 00000000 00:00 0 
7f9d78009000-7f9d783b1000 rw-p 00000000 00:00 0 
7f9d783b1000-7f9d7858a000 r--s 03d1f000 08:02 6706386                    /usr/lib/jvm/java-8-oracle/jre/lib/rt.jar
7f9d7858a000-7f9d78c80000 rw-p 00000000 00:00 0 
7f9d78c80000-7f9d78e00000 ---p 00000000 00:00 0 
7f9d78e00000-7f9d79000000 rw-p 00000000 00:00 0 
7f9d79000000-7f9d79660000 rwxp 00000000 00:00 0 
7f9d79660000-7f9d88000000 ---p 00000000 00:00 0 
7f9d88000000-7f9d8838d000 rw-p 00000000 00:00 0 
7f9d8838d000-7f9d8c000000 ---p 00000000 00:00 0 
7f9d8c011000-7f9d8c020000 r--s 000df000 08:02 3824912                    /home/yonatan/Android/Sdk/build-tools/23.0.2/lib/dx.jar
7f9d8c020000-7f9d8c021000 ---p 00000000 00:00 0 
7f9d8c021000-7f9d8c121000 rw-p 00000000 00:00 0                          [stack:19230]
7f9d8c121000-7f9d8c122000 ---p 00000000 00:00 0 
7f9d8c122000-7f9d8c222000 rw-p 00000000 00:00 0                          [stack:19229]
7f9d8c222000-7f9d8c223000 ---p 00000000 00:00 0 
7f9d8c223000-7f9d8c323000 rw-p 00000000 00:00 0                          [stack:19228]
7f9d8c323000-7f9d8c324000 ---p 00000000 00:00 0 
7f9d8c324000-7f9d8c438000 rw-p 00000000 00:00 0                          [stack:19227]
7f9d8c438000-7f9d8c57a000 ---p 00000000 00:00 0 
7f9d8c57a000-7f9d8c58e000 rw-p 00000000 00:00 0 
7f9d8c58e000-7f9d8c6cf000 ---p 00000000 00:00 0 
7f9d8c6cf000-7f9d8c71a000 rw-p 00000000 00:00 0 
7f9d8c71a000-7f9d8c77a000 ---p 00000000 00:00 0 
7f9d8c77a000-7f9d8c795000 rw-p 00000000 00:00 0 
7f9d8c795000-7f9d8cb3b000 ---p 00000000 00:00 0 
7f9d8cb3b000-7f9d8cb55000 r-xp 00000000 08:02 6706420                    /usr/lib/jvm/java-8-oracle/jre/lib/amd64/libzip.so
7f9d8cb55000-7f9d8cd55000 ---p 0001a000 08:02 6706420                    /usr/lib/jvm/java-8-oracle/jre/lib/amd64/libzip.so
7f9d8cd55000-7f9d8cd56000 rw-p 0001a000 08:02 6706420                    /usr/lib/jvm/java-8-oracle/jre/lib/amd64/libzip.so
7f9d8cd56000-7f9d8cd61000 r-xp 00000000 08:02 4353546                    /lib/x86_64-linux-gnu/libnss_files-2.19.so
7f9d8cd61000-7f9d8cf60000 ---p 0000b000 08:02 4353546                    /lib/x86_64-linux-gnu/libnss_files-2.19.so
7f9d8cf60000-7f9d8cf61000 r--p 0000a000 08:02 4353546                    /lib/x86_64-linux-gnu/libnss_files-2.19.so
7f9d8cf61000-7f9d8cf62000 rw-p 0000b000 08:02 4353546                    /lib/x86_64-linux-gnu/libnss_files-2.19.so
7f9d8cf62000-7f9d8cf6d000 r-xp 00000000 08:02 4353538                    /lib/x86_64-linux-gnu/libnss_nis-2.19.so
7f9d8cf6d000-7f9d8d16c000 ---p 0000b000 08:02 4353538                    /lib/x86_64-linux-gnu/libnss_nis-2.19.so
7f9d8d16c000-7f9d8d16d000 r--p 0000a000 08:02 4353538                    /lib/x86_64-linux-gnu/libnss_nis-2.19.so
7f9d8d16d000-7f9d8d16e000 rw-p 0000b000 08:02 4353538                    /lib/x86_64-linux-gnu/libnss_nis-2.19.so
7f9d8d16e000-7f9d8d185000 r-xp 00000000 08:02 4353534                    /lib/x86_64-linux-gnu/libnsl-2.19.so
7f9d8d185000-7f9d8d384000 ---p 00017000 08:02 4353534                    /lib/x86_64-linux-gnu/libnsl-2.19.so
7f9d8d384000-7f9d8d385000 r--p 00016000 08:02 4353534                    /lib/x86_64-linux-gnu/libnsl-2.19.so
7f9d8d385000-7f9d8d386000 rw-p 00017000 08:02 4353534                    /lib/x86_64-linux-gnu/libnsl-2.19.so
7f9d8d386000-7f9d8d388000 rw-p 00000000 00:00 0 
7f9d8d388000-7f9d8d391000 r-xp 00000000 08:02 4353533                    /lib/x86_64-linux-gnu/libnss_compat-2.19.so
7f9d8d391000-7f9d8d590000 ---p 00009000 08:02 4353533                    /lib/x86_64-linux-gnu/libnss_compat-2.19.so
7f9d8d590000-7f9d8d591000 r--p 00008000 08:02 4353533                    /lib/x86_64-linux-gnu/libnss_compat-2.19.so
7f9d8d591000-7f9d8d592000 rw-p 00009000 08:02 4353533                    /lib/x86_64-linux-gnu/libnss_compat-2.19.so
7f9d8d592000-7f9d8d5bc000 r-xp 00000000 08:02 6706397                    /usr/lib/jvm/java-8-oracle/jre/lib/amd64/libjava.so
7f9d8d5bc000-7f9d8d7bc000 ---p 0002a000 08:02 6706397                    /usr/lib/jvm/java-8-oracle/jre/lib/amd64/libjava.so
7f9d8d7bc000-7f9d8d7be000 rw-p 0002a000 08:02 6706397                    /usr/lib/jvm/java-8-oracle/jre/lib/amd64/libjava.so
7f9d8d7be000-7f9d8d7cb000 r-xp 00000000 08:02 6706408                    /usr/lib/jvm/java-8-oracle/jre/lib/amd64/libverify.so
7f9d8d7cb000-7f9d8d9cb000 ---p 0000d000 08:02 6706408                    /usr/lib/jvm/java-8-oracle/jre/lib/amd64/libverify.so
7f9d8d9cb000-7f9d8d9cd000 rw-p 0000d000 08:02 6706408                    /usr/lib/jvm/java-8-oracle/jre/lib/amd64/libverify.so
7f9d8d9cd000-7f9d8d9d4000 r-xp 00000000 08:02 4353542                    /lib/x86_64-linux-gnu/librt-2.19.so
7f9d8d9d4000-7f9d8dbd3000 ---p 00007000 08:02 4353542                    /lib/x86_64-linux-gnu/librt-2.19.so
7f9d8dbd3000-7f9d8dbd4000 r--p 00006000 08:02 4353542                    /lib/x86_64-linux-gnu/librt-2.19.so
7f9d8dbd4000-7f9d8dbd5000 rw-p 00007000 08:02 4353542                    /lib/x86_64-linux-gnu/librt-2.19.so
7f9d8dbd5000-7f9d8dcda000 r-xp 00000000 08:02 4353528                    /lib/x86_64-linux-gnu/libm-2.19.so
7f9d8dcda000-7f9d8ded9000 ---p 00105000 08:02 4353528                    /lib/x86_64-linux-gnu/libm-2.19.so
7f9d8ded9000-7f9d8deda000 r--p 00104000 08:02 4353528                    /lib/x86_64-linux-gnu/libm-2.19.so
7f9d8deda000-7f9d8dedb000 rw-p 00105000 08:02 4353528                    /lib/x86_64-linux-gnu/libm-2.19.so
7f9d8dedb000-7f9d8eb9b000 r-xp 00000000 08:02 6706410                    /usr/lib/jvm/java-8-oracle/jre/lib/amd64/server/libjvm.so
7f9d8eb9b000-7f9d8ed9b000 ---p 00cc0000 08:02 6706410                    /usr/lib/jvm/java-8-oracle/jre/lib/amd64/server/libjvm.so
7f9d8ed9b000-7f9d8ee73000 rw-p 00cc0000 08:02 6706410                    /usr/lib/jvm/java-8-oracle/jre/lib/amd64/server/libjvm.so
7f9d8ee73000-7f9d8eebe000 rw-p 00000000 00:00 0 
7f9d8eebe000-7f9d8f079000 r-xp 00000000 08:02 4353543                    /lib/x86_64-linux-gnu/libc-2.19.so
7f9d8f079000-7f9d8f278000 ---p 001bb000 08:02 4353543                    /lib/x86_64-linux-gnu/libc-2.19.so
7f9d8f278000-7f9d8f27c000 r--p 001ba000 08:02 4353543                    /lib/x86_64-linux-gnu/libc-2.19.so
7f9d8f27c000-7f9d8f27e000 rw-p 001be000 08:02 4353543                    /lib/x86_64-linux-gnu/libc-2.19.so
7f9d8f27e000-7f9d8f283000 rw-p 00000000 00:00 0 
7f9d8f283000-7f9d8f286000 r-xp 00000000 08:02 4353530                    /lib/x86_64-linux-gnu/libdl-2.19.so
7f9d8f286000-7f9d8f485000 ---p 00003000 08:02 4353530                    /lib/x86_64-linux-gnu/libdl-2.19.so
7f9d8f485000-7f9d8f486000 r--p 00002000 08:02 4353530                    /lib/x86_64-linux-gnu/libdl-2.19.so
7f9d8f486000-7f9d8f487000 rw-p 00003000 08:02 4353530                    /lib/x86_64-linux-gnu/libdl-2.19.so
7f9d8f487000-7f9d8f49c000 r-xp 00000000 08:02 6728016                    /usr/lib/jvm/java-8-oracle/lib/amd64/jli/libjli.so
7f9d8f49c000-7f9d8f69c000 ---p 00015000 08:02 6728016                    /usr/lib/jvm/java-8-oracle/lib/amd64/jli/libjli.so
7f9d8f69c000-7f9d8f69d000 rw-p 00015000 08:02 6728016                    /usr/lib/jvm/java-8-oracle/lib/amd64/jli/libjli.so
7f9d8f69d000-7f9d8f6b6000 r-xp 00000000 08:02 4353535                    /lib/x86_64-linux-gnu/libpthread-2.19.so
7f9d8f6b6000-7f9d8f8b5000 ---p 00019000 08:02 4353535                    /lib/x86_64-linux-gnu/libpthread-2.19.so
7f9d8f8b5000-7f9d8f8b6000 r--p 00018000 08:02 4353535                    /lib/x86_64-linux-gnu/libpthread-2.19.so
7f9d8f8b6000-7f9d8f8b7000 rw-p 00019000 08:02 4353535                    /lib/x86_64-linux-gnu/libpthread-2.19.so
7f9d8f8b7000-7f9d8f8bb000 rw-p 00000000 00:00 0 
7f9d8f8bb000-7f9d8f8de000 r-xp 00000000 08:02 4353536                    /lib/x86_64-linux-gnu/ld-2.19.so
7f9d8f8e5000-7f9d8f9b7000 rw-p 00000000 00:00 0 
7f9d8f9b7000-7f9d8f9ba000 ---p 00000000 00:00 0 
7f9d8f9ba000-7f9d8fad1000 rw-p 00000000 00:00 0                          [stack:19224]
7f9d8fad1000-7f9d8fad9000 rw-s 00000000 08:02 1976547                    /tmp/hsperfdata_yonatan/19222
7f9d8fad9000-7f9d8fada000 rw-p 00000000 00:00 0 
7f9d8fada000-7f9d8fadb000 ---p 00000000 00:00 0 
7f9d8fadb000-7f9d8fadd000 rw-p 00000000 00:00 0 
7f9d8fadd000-7f9d8fade000 r--p 00022000 08:02 4353536                    /lib/x86_64-linux-gnu/ld-2.19.so
7f9d8fade000-7f9d8fadf000 rw-p 00023000 08:02 4353536                    /lib/x86_64-linux-gnu/ld-2.19.so
7f9d8fadf000-7f9d8fae0000 rw-p 00000000 00:00 0 
7fffaed88000-7fffaeda9000 rw-p 00000000 00:00 0                          [stack]
7fffaedd2000-7fffaedd4000 r-xp 00000000 00:00 0                          [vdso]
7fffaedd4000-7fffaedd6000 r--p 00000000 00:00 0                          [vvar]
ffffffffff600000-ffffffffff601000 r-xp 00000000 00:00 0                  [vsyscall]

VM Arguments:
jvm_args: -Djava.awt.headless=true -Xmx1024M -Dfile.encoding=UTF-8 -Duser.country=US -Duser.language=en -Duser.variant 
java_command: com.android.dx.command.Main --dex --num-threads=4 --output /home/yonatan/Etty/programing/androidAdvanced/FinalProject/LocationsApp/app/build/intermediates/pre-dexed/debug/com.android.support-appcompat-v7-23.2.1_c8cd1e3fa6f7169d08fe8eb944a6cd4d1c9e8198.jar /home/yonatan/Etty/programing/androidAdvanced/FinalProject/LocationsApp/app/build/intermediates/exploded-aar/com.android.support/appcompat-v7/23.2.1/jars/classes.jar
java_class_path (initial): /home/yonatan/Android/Sdk/build-tools/23.0.2/lib/dx.jar
Launcher Type: SUN_STANDARD

Environment Variables:
JAVA_HOME=/usr/lib/jvm/java-8-oracle
PATH=/usr/local/sbin:/usr/local/bin:/usr/sbin:/usr/bin:/sbin:/bin:/usr/games:/usr/local/games:/usr/lib/jvm/java-8-oracle/bin:/usr/lib/jvm/java-8-oracle/db/bin:/usr/lib/jvm/java-8-oracle/jre/bin
SHELL=/bin/bash
DISPLAY=:0

Signal Handlers:
SIGSEGV: [libjvm.so+0xabca10], sa_mask[0]=11111111011111111101111111111110, sa_flags=SA_RESTART|SA_SIGINFO
SIGBUS: [libjvm.so+0xabca10], sa_mask[0]=11111111011111111101111111111110, sa_flags=SA_RESTART|SA_SIGINFO
SIGFPE: [libjvm.so+0x919a20], sa_mask[0]=11111111011111111101111111111110, sa_flags=SA_RESTART|SA_SIGINFO
SIGPIPE: [libjvm.so+0x919a20], sa_mask[0]=11111111011111111101111111111110, sa_flags=SA_RESTART|SA_SIGINFO
SIGXFSZ: [libjvm.so+0x919a20], sa_mask[0]=11111111011111111101111111111110, sa_flags=SA_RESTART|SA_SIGINFO
SIGILL: [libjvm.so+0x919a20], sa_mask[0]=11111111011111111101111111111110, sa_flags=SA_RESTART|SA_SIGINFO
SIGUSR1: SIG_DFL, sa_mask[0]=00000000000000000000000000000000, sa_flags=none
SIGUSR2: [libjvm.so+0x91b050], sa_mask[0]=00100000000000000000000000000000, sa_flags=SA_RESTART|SA_SIGINFO
SIGHUP: [libjvm.so+0x91c450], sa_mask[0]=11111111011111111101111111111110, sa_flags=SA_RESTART|SA_SIGINFO
SIGINT: [libjvm.so+0x91c450], sa_mask[0]=11111111011111111101111111111110, sa_flags=SA_RESTART|SA_SIGINFO
SIGTERM: [libjvm.so+0x91c450], sa_mask[0]=11111111011111111101111111111110, sa_flags=SA_RESTART|SA_SIGINFO
SIGQUIT: [libjvm.so+0x91c450], sa_mask[0]=11111111011111111101111111111110, sa_flags=SA_RESTART|SA_SIGINFO


---------------  S Y S T E M  ---------------

OS:DISTRIB_ID=Ubuntu
DISTRIB_RELEASE=14.04
DISTRIB_CODENAME=trusty
DISTRIB_DESCRIPTION="Ubuntu 14.04.4 LTS"

uname:Linux 3.16.0-70-generic #90~14.04.1-Ubuntu SMP Wed Apr 6 22:56:34 UTC 2016 x86_64
libc:glibc 2.19 NPTL 2.19 
rlimit: STACK 8192k, CORE 0k, NPROC 14573, NOFILE 4096, AS infinity
load average:24.77 16.06 12.19

/proc/meminfo:
MemTotal:        3931368 kB
MemFree:           85260 kB
MemAvailable:      37464 kB
Buffers:             556 kB
Cached:           205780 kB
SwapCached:         2968 kB
Active:          2727264 kB
Inactive:         865900 kB
Active(anon):    2708556 kB
Inactive(anon):   852464 kB
Active(file):      18708 kB
Inactive(file):    13436 kB
Unevictable:          48 kB
Mlocked:              48 kB
SwapTotal:       4077564 kB
SwapFree:              0 kB
Dirty:               140 kB
Writeback:             0 kB
AnonPages:       3385200 kB
Mapped:            33848 kB
Shmem:            173544 kB
Slab:              88324 kB
SReclaimable:      41200 kB
SUnreclaim:        47124 kB
KernelStack:       15808 kB
PageTables:        76284 kB
NFS_Unstable:          0 kB
Bounce:                0 kB
WritebackTmp:          0 kB
CommitLimit:     6043248 kB
Committed_AS:   16788188 kB
VmallocTotal:   34359738367 kB
VmallocUsed:      356248 kB
VmallocChunk:   34359334032 kB
HardwareCorrupted:     0 kB
AnonHugePages:    718848 kB
HugePages_Total:       0
HugePages_Free:        0
HugePages_Rsvd:        0
HugePages_Surp:        0
Hugepagesize:       2048 kB
DirectMap4k:       92528 kB
DirectMap2M:     3985408 kB


CPU:total 4 (2 cores per cpu, 2 threads per core) family 6 model 58 stepping 9, cmov, cx8, fxsr, mmx, sse, sse2, sse3, ssse3, sse4.1, sse4.2, popcnt, avx, aes, clmul, erms, ht, tsc, tscinvbit, tscinv

/proc/cpuinfo:
processor	: 0
vendor_id	: GenuineIntel
cpu family	: 6
model		: 58
model name	: Intel(R) Core(TM) i5-3317U CPU @ 1.70GHz
stepping	: 9
microcode	: 0x12
cpu MHz		: 2399.988
cache size	: 3072 KB
physical id	: 0
siblings	: 4
core id		: 0
cpu cores	: 2
apicid		: 0
initial apicid	: 0
fpu		: yes
fpu_exception	: yes
cpuid level	: 13
wp		: yes
flags		: fpu vme de pse tsc msr pae mce cx8 apic sep mtrr pge mca cmov pat pse36 clflush dts acpi mmx fxsr sse sse2 ss ht tm pbe syscall nx rdtscp lm constant_tsc arch_perfmon pebs bts rep_good nopl xtopology nonstop_tsc aperfmperf eagerfpu pni pclmulqdq dtes64 monitor ds_cpl vmx est tm2 ssse3 cx16 xtpr pdcm pcid sse4_1 sse4_2 x2apic popcnt tsc_deadline_timer aes xsave avx f16c rdrand lahf_lm ida arat epb xsaveopt pln pts dtherm tpr_shadow vnmi flexpriority ept vpid fsgsbase smep erms
bogomips	: 3392.17
clflush size	: 64
cache_alignment	: 64
address sizes	: 36 bits physical, 48 bits virtual
power management:

processor	: 1
vendor_id	: GenuineIntel
cpu family	: 6
model		: 58
model name	: Intel(R) Core(TM) i5-3317U CPU @ 1.70GHz
stepping	: 9
microcode	: 0x12
cpu MHz		: 2399.988
cache size	: 3072 KB
physical id	: 0
siblings	: 4
core id		: 1
cpu cores	: 2
apicid		: 2
initial apicid	: 2
fpu		: yes
fpu_exception	: yes
cpuid level	: 13
wp		: yes
flags		: fpu vme de pse tsc msr pae mce cx8 apic sep mtrr pge mca cmov pat pse36 clflush dts acpi mmx fxsr sse sse2 ss ht tm pbe syscall nx rdtscp lm constant_tsc arch_perfmon pebs bts rep_good nopl xtopology nonstop_tsc aperfmperf eagerfpu pni pclmulqdq dtes64 monitor ds_cpl vmx est tm2 ssse3 cx16 xtpr pdcm pcid sse4_1 sse4_2 x2apic popcnt tsc_deadline_timer aes xsave avx f16c rdrand lahf_lm ida arat epb xsaveopt pln pts dtherm tpr_shadow vnmi flexpriority ept vpid fsgsbase smep erms
bogomips	: 3392.17
clflush size	: 64
cache_alignment	: 64
address sizes	: 36 bits physical, 48 bits virtual
power management:

processor	: 2
vendor_id	: GenuineIntel
cpu family	: 6
model		: 58
model name	: Intel(R) Core(TM) i5-3317U CPU @ 1.70GHz
stepping	: 9
microcode	: 0x12
cpu MHz		: 2399.988
cache size	: 3072 KB
physical id	: 0
siblings	: 4
core id		: 0
cpu cores	: 2
apicid		: 1
initial apicid	: 1
fpu		: yes
fpu_exception	: yes
cpuid level	: 13
wp		: yes
flags		: fpu vme de pse tsc msr pae mce cx8 apic sep mtrr pge mca cmov pat pse36 clflush dts acpi mmx fxsr sse sse2 ss ht tm pbe syscall nx rdtscp lm constant_tsc arch_perfmon pebs bts rep_good nopl xtopology nonstop_tsc aperfmperf eagerfpu pni pclmulqdq dtes64 monitor ds_cpl vmx est tm2 ssse3 cx16 xtpr pdcm pcid sse4_1 sse4_2 x2apic popcnt tsc_deadline_timer aes xsave avx f16c rdrand lahf_lm ida arat epb xsaveopt pln pts dtherm tpr_shadow vnmi flexpriority ept vpid fsgsbase smep erms
bogomips	: 3392.17
clflush size	: 64
cache_alignment	: 64
address sizes	: 36 bits physical, 48 bits virtual
power management:

processor	: 3
vendor_id	: GenuineIntel
cpu family	: 6
model		: 58
model name	: Intel(R) Core(TM) i5-3317U CPU @ 1.70GHz
stepping	: 9
microcode	: 0x12
cpu MHz		: 2399.988
cache size	: 3072 KB
physical id	: 0
siblings	: 4
core id		: 1
cpu cores	: 2
apicid		: 3
initial apicid	: 3
fpu		: yes
fpu_exception	: yes
cpuid level	: 13
wp		: yes
flags		: fpu vme de pse tsc msr pae mce cx8 apic sep mtrr pge mca cmov pat pse36 clflush dts acpi mmx fxsr sse sse2 ss ht tm pbe syscall nx rdtscp lm constant_tsc arch_perfmon pebs bts rep_good nopl xtopology nonstop_tsc aperfmperf eagerfpu pni pclmulqdq dtes64 monitor ds_cpl vmx est tm2 ssse3 cx16 xtpr pdcm pcid sse4_1 sse4_2 x2apic popcnt tsc_deadline_timer aes xsave avx f16c rdrand lahf_lm ida arat epb xsaveopt pln pts dtherm tpr_shadow vnmi flexpriority ept vpid fsgsbase smep erms
bogomips	: 3392.17
clflush size	: 64
cache_alignment	: 64
address sizes	: 36 bits physical, 48 bits virtual
power management:



Memory: 4k page, physical 3931368k(84820k free), swap 4077564k(0k free)

vm_info: Java HotSpot(TM) 64-Bit Server VM (25.91-b14) for linux-amd64 JRE (1.8.0_91-b14), built on Apr  1 2016 00:57:21 by "java_re" with gcc 4.3.0 20080428 (Red Hat 4.3.0-8)

time: Sat Apr 30 22:17:21 2016
elapsed time: 30 seconds (0d 0h 0m 30s)

