#
# There is insufficient memory for the Java Runtime Environment to continue.
# Native memory allocation (mmap) failed to map 70254592 bytes for committing reserved memory.
# Possible reasons:
#   The system is out of physical RAM or swap space
#   In 32 bit mode, the process size limit was hit
# Possible solutions:
#   Reduce memory load on the system
#   Increase physical memory or swap space
#   Check if swap backing store is full
#   Use 64 bit Java on a 64 bit OS
#   Decrease Java heap size (-Xmx/-Xms)
#   Decrease number of Java threads
#   Decrease Java thread stack sizes (-Xss)
#   Set larger code cache with -XX:ReservedCodeCacheSize=
# This output file may be truncated or incomplete.
#
#  Out of Memory Error (os_linux.cpp:2627), pid=7859, tid=0x00007f42efafa700
#
# JRE version: Java(TM) SE Runtime Environment (8.0_92-b14) (build 1.8.0_92-b14)
# Java VM: Java HotSpot(TM) 64-Bit Server VM (25.92-b14 mixed mode linux-amd64 compressed oops)
# Failed to write core dump. Core dumps have been disabled. To enable core dumping, try "ulimit -c unlimited" before starting Java again
#

---------------  T H R E A D  ---------------

Current thread (0x00007f4310078000):  VMThread [stack: 0x00007f42ef9fa000,0x00007f42efafb000] [id=7879]

Stack: [0x00007f42ef9fa000,0x00007f42efafb000],  sp=0x00007f42efaf8f60,  free space=1019k
Native frames: (J=compiled Java code, j=interpreted, Vv=VM code, C=native code)
V  [libjvm.so+0xabd65a]  VMError::report_and_die()+0x2ba
V  [libjvm.so+0x4fb4db]  report_vm_out_of_memory(char const*, int, unsigned long, VMErrorType, char const*)+0x8b
V  [libjvm.so+0x91d713]  os::Linux::commit_memory_impl(char*, unsigned long, bool)+0x103
V  [libjvm.so+0x91dc69]  os::pd_commit_memory(char*, unsigned long, unsigned long, bool)+0x29
V  [libjvm.so+0x917f6a]  os::commit_memory(char*, unsigned long, unsigned long, bool)+0x2a
V  [libjvm.so+0x98c343]  PSVirtualSpace::expand_by(unsigned long)+0x53
V  [libjvm.so+0x98d748]  PSYoungGen::resize_generation(unsigned long, unsigned long)+0xf8
V  [libjvm.so+0x98c8a2]  PSYoungGen::resize(unsigned long, unsigned long)+0x22
V  [libjvm.so+0x989b7b]  PSScavenge::invoke_no_policy()+0xf3b
V  [libjvm.so+0x98a301]  PSScavenge::invoke()+0x41
V  [libjvm.so+0x941410]  ParallelScavengeHeap::failed_mem_allocate(unsigned long)+0x70
V  [libjvm.so+0xabf077]  VM_ParallelGCFailedAllocation::doit()+0x97
V  [libjvm.so+0xac6aa5]  VM_Operation::evaluate()+0x55
V  [libjvm.so+0xac4e7a]  VMThread::evaluate_operation(VM_Operation*)+0xba
V  [libjvm.so+0xac51fe]  VMThread::loop()+0x1ce
V  [libjvm.so+0xac5670]  VMThread::run()+0x70
V  [libjvm.so+0x91fad8]  java_start(Thread*)+0x108

VM_Operation (0x00007f42ee708250): ParallelGCFailedAllocation, mode: safepoint, requested by thread 0x00007f4310146800


---------------  P R O C E S S  ---------------

Java Threads: ( => current thread )
  0x00007f4310146800 JavaThread "pool-1-thread-4" [_thread_blocked, id=7925, stack(0x00007f42ee60a000,0x00007f42ee70b000)]
  0x00007f4310145000 JavaThread "pool-1-thread-3" [_thread_blocked, id=7924, stack(0x00007f42ee70b000,0x00007f42ee80c000)]
  0x00007f4310144000 JavaThread "pool-1-thread-2" [_thread_blocked, id=7923, stack(0x00007f42ee80c000,0x00007f42ee90d000)]
  0x00007f4310142000 JavaThread "pool-2-thread-1" [_thread_blocked, id=7922, stack(0x00007f42ee90d000,0x00007f42eea0e000)]
  0x00007f431013f800 JavaThread "pool-1-thread-1" [_thread_blocked, id=7921, stack(0x00007f42eea0e000,0x00007f42eeb0f000)]
  0x00007f43100c1800 JavaThread "Service Thread" daemon [_thread_blocked, id=7895, stack(0x00007f42eec10000,0x00007f42eed11000)]
  0x00007f43100be800 JavaThread "C1 CompilerThread2" daemon [_thread_blocked, id=7894, stack(0x00007f42eed11000,0x00007f42eee12000)]
  0x00007f43100bd000 JavaThread "C2 CompilerThread1" daemon [_thread_blocked, id=7893, stack(0x00007f42eee12000,0x00007f42eef13000)]
  0x00007f43100ba000 JavaThread "C2 CompilerThread0" daemon [_thread_blocked, id=7892, stack(0x00007f42eef13000,0x00007f42ef014000)]
  0x00007f43100b8800 JavaThread "Signal Dispatcher" daemon [_thread_blocked, id=7890, stack(0x00007f42ef014000,0x00007f42ef115000)]
  0x00007f4310084000 JavaThread "Finalizer" daemon [_thread_blocked, id=7883, stack(0x00007f42ef7f8000,0x00007f42ef8f9000)]
  0x00007f431007f800 JavaThread "Reference Handler" daemon [_thread_blocked, id=7880, stack(0x00007f42ef8f9000,0x00007f42ef9fa000)]
  0x00007f431000a000 JavaThread "main" [_thread_blocked, id=7863, stack(0x00007f431614f000,0x00007f4316250000)]

Other Threads:
=>0x00007f4310078000 VMThread [stack: 0x00007f42ef9fa000,0x00007f42efafb000] [id=7879]
  0x00007f43100c4800 WatcherThread [stack: 0x00007f42eeb0f000,0x00007f42eec10000] [id=7896]

VM state:at safepoint (normal execution)

VM Mutex/Monitor currently owned by a thread:  ([mutex/lock_event])
[0x00007f4310006550] Threads_lock - owner thread: 0x00007f4310078000
[0x00007f4310006a50] Heap_lock - owner thread: 0x00007f4310146800

Heap:
 PSYoungGen      total 70656K, used 10237K [0x00000000eab00000, 0x00000000efb00000, 0x0000000100000000)
  eden space 60416K, 0% used [0x00000000eab00000,0x00000000eab00000,0x00000000ee600000)
  from space 10240K, 99% used [0x00000000ee600000,0x00000000eefff550,0x00000000ef000000)
  to   space 9216K, 0% used [0x00000000ef000000,0x00000000ef000000,0x00000000ef900000)
 ParOldGen       total 40960K, used 18148K [0x00000000c0000000, 0x00000000c2800000, 0x00000000eab00000)
  object space 40960K, 44% used [0x00000000c0000000,0x00000000c11b9280,0x00000000c2800000)
 Metaspace       used 6017K, capacity 6960K, committed 7040K, reserved 1056768K
  class space    used 594K, capacity 616K, committed 640K, reserved 1048576K

Card table byte_map: [0x00007f42ffbad000,0x00007f42ffdae000] byte_map_base: 0x00007f42ff5ad000

Marking Bits: (ParMarkBitMap*) 0x00007f43156294c0
 Begin Bits: [0x00007f42fd7a9000, 0x00007f42fe7a9000)
 End Bits:   [0x00007f42fe7a9000, 0x00007f42ff7a9000)

Polling page: 0x00007f4316272000

CodeCache: size=245760Kb used=5107Kb max_used=5107Kb free=240652Kb
 bounds [0x00007f430016e000, 0x00007f430067e000, 0x00007f430f16e000]
 total_blobs=1581 nmethods=1313 adapters=182
 compilation: enabled

Compilation events (10 events):
Event: 7.580 Thread 0x00007f43100be800 nmethod 1529 0x00007f430066e610 code [0x00007f430066e780, 0x00007f430066e908]
Event: 7.580 Thread 0x00007f43100be800 1427       2       com.android.dx.ssa.BasicRegisterMapper::<init> (17 bytes)
Event: 7.581 Thread 0x00007f43100be800 nmethod 1427 0x00007f430066ea50 code [0x00007f430066ebc0, 0x00007f430066edc8]
Event: 7.581 Thread 0x00007f43100be800 1462       2       com.android.dx.rop.code.Rops::opMoveParam (69 bytes)
Event: 7.581 Thread 0x00007f43100be800 nmethod 1462 0x00007f430066ee90 code [0x00007f430066f060, 0x00007f430066f538]
Event: 7.581 Thread 0x00007f43100be800 1434       2       com.android.dx.cf.code.ConcreteMethod::getMaxLocals (8 bytes)
Event: 7.582 Thread 0x00007f43100be800 nmethod 1434 0x00007f430066f850 code [0x00007f430066f9a0, 0x00007f430066faf0]
Event: 7.582 Thread 0x00007f43100be800 1476       2       java.util.HashMap::tableSizeFor (59 bytes)
Event: 7.582 Thread 0x00007f43100be800 nmethod 1476 0x00007f430066fb90 code [0x00007f430066fce0, 0x00007f430066fe70]
Event: 7.582 Thread 0x00007f43100be800 1468       2       com.android.dx.cf.code.Simulator$SimVisitor::visitNoArgs (2108 bytes)

GC Heap History (10 events):
Event: 2.975 GC heap after
Heap after GC invocations=2 (full 0):
 PSYoungGen      total 17920K, used 2547K [0x00000000eab00000, 0x00000000ece00000, 0x0000000100000000)
  eden space 15360K, 0% used [0x00000000eab00000,0x00000000eab00000,0x00000000eba00000)
  from space 2560K, 99% used [0x00000000ebc80000,0x00000000ebefccb8,0x00000000ebf00000)
  to   space 2560K, 0% used [0x00000000eba00000,0x00000000eba00000,0x00000000ebc80000)
 ParOldGen       total 40960K, used 2142K [0x00000000c0000000, 0x00000000c2800000, 0x00000000eab00000)
  object space 40960K, 5% used [0x00000000c0000000,0x00000000c02179d8,0x00000000c2800000)
 Metaspace       used 5752K, capacity 6704K, committed 6784K, reserved 1056768K
  class space    used 591K, capacity 616K, committed 640K, reserved 1048576K
}
Event: 4.230 GC heap before
{Heap before GC invocations=3 (full 0):
 PSYoungGen      total 17920K, used 17907K [0x00000000eab00000, 0x00000000ece00000, 0x0000000100000000)
  eden space 15360K, 100% used [0x00000000eab00000,0x00000000eba00000,0x00000000eba00000)
  from space 2560K, 99% used [0x00000000ebc80000,0x00000000ebefccb8,0x00000000ebf00000)
  to   space 2560K, 0% used [0x00000000eba00000,0x00000000eba00000,0x00000000ebc80000)
 ParOldGen       total 40960K, used 2142K [0x00000000c0000000, 0x00000000c2800000, 0x00000000eab00000)
  object space 40960K, 5% used [0x00000000c0000000,0x00000000c02179d8,0x00000000c2800000)
 Metaspace       used 5839K, capacity 6768K, committed 7040K, reserved 1056768K
  class space    used 593K, capacity 616K, committed 640K, reserved 1048576K
Event: 4.258 GC heap after
Heap after GC invocations=3 (full 0):
 PSYoungGen      total 17920K, used 2541K [0x00000000eab00000, 0x00000000ece00000, 0x0000000100000000)
  eden space 15360K, 0% used [0x00000000eab00000,0x00000000eab00000,0x00000000eba00000)
  from space 2560K, 99% used [0x00000000eba00000,0x00000000ebc7b488,0x00000000ebc80000)
  to   space 2560K, 0% used [0x00000000ecb80000,0x00000000ecb80000,0x00000000ece00000)
 ParOldGen       total 40960K, used 5084K [0x00000000c0000000, 0x00000000c2800000, 0x00000000eab00000)
  object space 40960K, 12% used [0x00000000c0000000,0x00000000c04f7130,0x00000000c2800000)
 Metaspace       used 5839K, capacity 6768K, committed 7040K, reserved 1056768K
  class space    used 593K, capacity 616K, committed 640K, reserved 1048576K
}
Event: 4.751 GC heap before
{Heap before GC invocations=4 (full 0):
 PSYoungGen      total 17920K, used 17901K [0x00000000eab00000, 0x00000000ece00000, 0x0000000100000000)
  eden space 15360K, 100% used [0x00000000eab00000,0x00000000eba00000,0x00000000eba00000)
  from space 2560K, 99% used [0x00000000eba00000,0x00000000ebc7b488,0x00000000ebc80000)
  to   space 2560K, 0% used [0x00000000ecb80000,0x00000000ecb80000,0x00000000ece00000)
 ParOldGen       total 40960K, used 5084K [0x00000000c0000000, 0x00000000c2800000, 0x00000000eab00000)
  object space 40960K, 12% used [0x00000000c0000000,0x00000000c04f7130,0x00000000c2800000)
 Metaspace       used 5852K, capacity 6832K, committed 7040K, reserved 1056768K
  class space    used 593K, capacity 616K, committed 640K, reserved 1048576K
Event: 4.799 GC heap after
Heap after GC invocations=4 (full 0):
 PSYoungGen      total 33280K, used 2541K [0x00000000eab00000, 0x00000000ece00000, 0x0000000100000000)
  eden space 30720K, 0% used [0x00000000eab00000,0x00000000eab00000,0x00000000ec900000)
  from space 2560K, 99% used [0x00000000ecb80000,0x00000000ecdfb488,0x00000000ece00000)
  to   space 2560K, 0% used [0x00000000ec900000,0x00000000ec900000,0x00000000ecb80000)
 ParOldGen       total 40960K, used 7384K [0x00000000c0000000, 0x00000000c2800000, 0x00000000eab00000)
  object space 40960K, 18% used [0x00000000c0000000,0x00000000c0736000,0x00000000c2800000)
 Metaspace       used 5852K, capacity 6832K, committed 7040K, reserved 1056768K
  class space    used 593K, capacity 616K, committed 640K, reserved 1048576K
}
Event: 5.589 GC heap before
{Heap before GC invocations=5 (full 0):
 PSYoungGen      total 33280K, used 33261K [0x00000000eab00000, 0x00000000ece00000, 0x0000000100000000)
  eden space 30720K, 100% used [0x00000000eab00000,0x00000000ec900000,0x00000000ec900000)
  from space 2560K, 99% used [0x00000000ecb80000,0x00000000ecdfb488,0x00000000ece00000)
  to   space 2560K, 0% used [0x00000000ec900000,0x00000000ec900000,0x00000000ecb80000)
 ParOldGen       total 40960K, used 7384K [0x00000000c0000000, 0x00000000c2800000, 0x00000000eab00000)
  object space 40960K, 18% used [0x00000000c0000000,0x00000000c0736000,0x00000000c2800000)
 Metaspace       used 5879K, capacity 6832K, committed 7040K, reserved 1056768K
  class space    used 594K, capacity 616K, committed 640K, reserved 1048576K
Event: 5.710 GC heap after
Heap after GC invocations=5 (full 0):
 PSYoungGen      total 33280K, used 2528K [0x00000000eab00000, 0x00000000ef900000, 0x0000000100000000)
  eden space 30720K, 0% used [0x00000000eab00000,0x00000000eab00000,0x00000000ec900000)
  from space 2560K, 98% used [0x00000000ec900000,0x00000000ecb781c8,0x00000000ecb80000)
  to   space 9216K, 0% used [0x00000000ef000000,0x00000000ef000000,0x00000000ef900000)
 ParOldGen       total 40960K, used 12282K [0x00000000c0000000, 0x00000000c2800000, 0x00000000eab00000)
  object space 40960K, 29% used [0x00000000c0000000,0x00000000c0bfeb48,0x00000000c2800000)
 Metaspace       used 5879K, capacity 6832K, committed 7040K, reserved 1056768K
  class space    used 594K, capacity 616K, committed 640K, reserved 1048576K
}
Event: 6.432 GC heap before
{Heap before GC invocations=6 (full 0):
 PSYoungGen      total 33280K, used 33248K [0x00000000eab00000, 0x00000000ef900000, 0x0000000100000000)
  eden space 30720K, 100% used [0x00000000eab00000,0x00000000ec900000,0x00000000ec900000)
  from space 2560K, 98% used [0x00000000ec900000,0x00000000ecb781c8,0x00000000ecb80000)
  to   space 9216K, 0% used [0x00000000ef000000,0x00000000ef000000,0x00000000ef900000)
 ParOldGen       total 40960K, used 12282K [0x00000000c0000000, 0x00000000c2800000, 0x00000000eab00000)
  object space 40960K, 29% used [0x00000000c0000000,0x00000000c0bfeb48,0x00000000c2800000)
 Metaspace       used 5904K, capacity 6832K, committed 7040K, reserved 1056768K
  class space    used 594K, capacity 616K, committed 640K, reserved 1048576K
Event: 6.490 GC heap after
Heap after GC invocations=6 (full 0):
 PSYoungGen      total 69632K, used 7600K [0x00000000eab00000, 0x00000000efb00000, 0x0000000100000000)
  eden space 60416K, 0% used [0x00000000eab00000,0x00000000eab00000,0x00000000ee600000)
  from space 9216K, 82% used [0x00000000ef000000,0x00000000ef76c1e8,0x00000000ef900000)
  to   space 10240K, 0% used [0x00000000ee600000,0x00000000ee600000,0x00000000ef000000)
 ParOldGen       total 40960K, used 12282K [0x00000000c0000000, 0x00000000c2800000, 0x00000000eab00000)
  object space 40960K, 29% used [0x00000000c0000000,0x00000000c0bfeb48,0x00000000c2800000)
 Metaspace       used 5904K, capacity 6832K, committed 7040K, reserved 1056768K
  class space    used 594K, capacity 616K, committed 640K, reserved 1048576K
}
Event: 7.628 GC heap before
{Heap before GC invocations=7 (full 0):
 PSYoungGen      total 69632K, used 68016K [0x00000000eab00000, 0x00000000efb00000, 0x0000000100000000)
  eden space 60416K, 100% used [0x00000000eab00000,0x00000000ee600000,0x00000000ee600000)
  from space 9216K, 82% used [0x00000000ef000000,0x00000000ef76c1e8,0x00000000ef900000)
  to   space 10240K, 0% used [0x00000000ee600000,0x00000000ee600000,0x00000000ef000000)
 ParOldGen       total 40960K, used 12282K [0x00000000c0000000, 0x00000000c2800000, 0x00000000eab00000)
  object space 40960K, 29% used [0x00000000c0000000,0x00000000c0bfeb48,0x00000000c2800000)
 Metaspace       used 6017K, capacity 6960K, committed 7040K, reserved 1056768K
  class space    used 594K, capacity 616K, committed 640K, reserved 1048576K

Deoptimization events (10 events):
Event: 4.852 Thread 0x00007f431013f800 Uncommon trap: reason=unstable_if action=reinterpret pc=0x00007f4300402b1c method=com.android.dx.rop.cst.Constant.compareTo(Lcom/android/dx/rop/cst/Constant;)I @ 12
Event: 4.871 Thread 0x00007f431000a000 Uncommon trap: reason=bimorphic action=maybe_recompile pc=0x00007f4300401b20 method=java.util.HashMap.getNode(ILjava/lang/Object;)Ljava/util/HashMap$Node; @ 126
Event: 4.871 Thread 0x00007f431000a000 Uncommon trap: reason=bimorphic action=maybe_recompile pc=0x00007f4300401b20 method=java.util.HashMap.getNode(ILjava/lang/Object;)Ljava/util/HashMap$Node; @ 126
Event: 4.872 Thread 0x00007f431000a000 Uncommon trap: reason=bimorphic action=maybe_recompile pc=0x00007f4300401b20 method=java.util.HashMap.getNode(ILjava/lang/Object;)Ljava/util/HashMap$Node; @ 126
Event: 4.872 Thread 0x00007f431000a000 Uncommon trap: reason=bimorphic action=maybe_recompile pc=0x00007f4300401b20 method=java.util.HashMap.getNode(ILjava/lang/Object;)Ljava/util/HashMap$Node; @ 126
Event: 4.925 Thread 0x00007f4310146800 Uncommon trap: reason=unstable_if action=reinterpret pc=0x00007f43004cda44 method=com.android.dx.util.IntList.binarysearch(I)I @ 105
Event: 5.038 Thread 0x00007f4310146800 Uncommon trap: reason=null_check action=make_not_entrant pc=0x00007f4300441384 method=com.android.dx.ssa.SsaRenamer.getLocalForNewReg(I)Lcom/android/dx/rop/code/LocalItem; @ 19
Event: 5.260 Thread 0x00007f4310145000 Uncommon trap: reason=unstable_if action=reinterpret pc=0x00007f43004c40fc method=com.android.dx.ssa.SsaMethod.updateOneDefinition(Lcom/android/dx/ssa/SsaInsn;Lcom/android/dx/rop/code/RegisterSpec;)V @ 4
Event: 7.541 Thread 0x00007f431013f800 Uncommon trap: reason=unstable_if action=reinterpret pc=0x00007f430061b22c method=com.android.dx.ssa.SCCP.simulateStmt(Lcom/android/dx/ssa/SsaInsn;)V @ 53
Event: 7.587 Thread 0x00007f431013f800 Uncommon trap: reason=bimorphic action=maybe_recompile pc=0x00007f4300521380 method=java.util.HashMap.putVal(ILjava/lang/Object;Ljava/lang/Object;ZZ)Ljava/lang/Object; @ 203

Internal exceptions (3 events):
Event: 0.222 Thread 0x00007f431000a000 Exception <a 'java/lang/NoSuchMethodError': Method sun.misc.Unsafe.defineClass(Ljava/lang/String;[BII)Ljava/lang/Class; name or signature does not match> (0x00000000eab07cc0) thrown at [/HUDSON/workspace/8-2-build-linux-amd64/jdk8u92/6642/hotspot/src/shar
Event: 0.222 Thread 0x00007f431000a000 Exception <a 'java/lang/NoSuchMethodError': Method sun.misc.Unsafe.prefetchRead(Ljava/lang/Object;J)V name or signature does not match> (0x00000000eab07fa8) thrown at [/HUDSON/workspace/8-2-build-linux-amd64/jdk8u92/6642/hotspot/src/share/vm/prims/jni.cpp
Event: 5.038 Thread 0x00007f4310146800 Implicit null exception at 0x00007f430043e46c to 0x00007f4300441341

Events (10 events):
Event: 7.325 Thread 0x00007f431013f800 DEOPT UNPACKING pc=0x00007f43001b5633 sp=0x00007f42eeb0cc78 mode 0
Event: 7.473 Thread 0x00007f4310146800 DEOPT PACKING pc=0x00007f43005bc01d sp=0x00007f42ee7090d0
Event: 7.473 Thread 0x00007f4310146800 DEOPT UNPACKING pc=0x00007f43001b5633 sp=0x00007f42ee708e88 mode 0
Event: 7.541 Thread 0x00007f431013f800 Uncommon trap: trap_request=0xffffff65 fr.pc=0x00007f430061b22c
Event: 7.541 Thread 0x00007f431013f800 DEOPT PACKING pc=0x00007f430061b22c sp=0x00007f42eeb0cd90
Event: 7.541 Thread 0x00007f431013f800 DEOPT UNPACKING pc=0x00007f4300173229 sp=0x00007f42eeb0cd78 mode 2
Event: 7.587 Thread 0x00007f431013f800 Uncommon trap: trap_request=0xffffffc6 fr.pc=0x00007f4300521380
Event: 7.587 Thread 0x00007f431013f800 DEOPT PACKING pc=0x00007f4300521380 sp=0x00007f42eeb0ccd0
Event: 7.587 Thread 0x00007f431013f800 DEOPT UNPACKING pc=0x00007f4300173229 sp=0x00007f42eeb0cc78 mode 2
Event: 7.610 Executing VM operation: ParallelGCFailedAllocation


Dynamic libraries:
00400000-00401000 r-xp 00000000 08:02 6689750                            /usr/lib/jvm/java-8-oracle/bin/java
00600000-00601000 rw-p 00000000 08:02 6689750                            /usr/lib/jvm/java-8-oracle/bin/java
023ab000-023cc000 rw-p 00000000 00:00 0                                  [heap]
c0000000-c2800000 rw-p 00000000 00:00 0 
c2800000-eab00000 ---p 00000000 00:00 0 
eab00000-efb00000 rw-p 00000000 00:00 0 
f3e00000-100000000 ---p 00000000 00:00 0 
100000000-1000a0000 rw-p 00000000 00:00 0 
1000a0000-140000000 ---p 00000000 00:00 0 
7f42ac000000-7f42ac021000 rw-p 00000000 00:00 0 
7f42ac021000-7f42b0000000 ---p 00000000 00:00 0 
7f42b4000000-7f42b4021000 rw-p 00000000 00:00 0 
7f42b4021000-7f42b8000000 ---p 00000000 00:00 0 
7f42b8000000-7f42b8021000 rw-p 00000000 00:00 0 
7f42b8021000-7f42bc000000 ---p 00000000 00:00 0 
7f42bc000000-7f42bc036000 rw-p 00000000 00:00 0 
7f42bc036000-7f42c0000000 ---p 00000000 00:00 0 
7f42c0000000-7f42c0021000 rw-p 00000000 00:00 0 
7f42c0021000-7f42c4000000 ---p 00000000 00:00 0 
7f42c4000000-7f42c4021000 rw-p 00000000 00:00 0 
7f42c4021000-7f42c8000000 ---p 00000000 00:00 0 
7f42c8000000-7f42c8021000 rw-p 00000000 00:00 0 
7f42c8021000-7f42cc000000 ---p 00000000 00:00 0 
7f42cc000000-7f42cc4ea000 rw-p 00000000 00:00 0 
7f42cc4ea000-7f42d0000000 ---p 00000000 00:00 0 
7f42d0000000-7f42d083a000 rw-p 00000000 00:00 0 
7f42d083a000-7f42d4000000 ---p 00000000 00:00 0 
7f42d4000000-7f42d4021000 rw-p 00000000 00:00 0 
7f42d4021000-7f42d8000000 ---p 00000000 00:00 0 
7f42d8000000-7f42d8406000 rw-p 00000000 00:00 0 
7f42d8406000-7f42dc000000 ---p 00000000 00:00 0 
7f42dc000000-7f42dc021000 rw-p 00000000 00:00 0 
7f42dc021000-7f42e0000000 ---p 00000000 00:00 0 
7f42e0000000-7f42e0021000 rw-p 00000000 00:00 0 
7f42e0021000-7f42e4000000 ---p 00000000 00:00 0 
7f42e4000000-7f42e428c000 rw-p 00000000 00:00 0 
7f42e428c000-7f42e8000000 ---p 00000000 00:00 0 
7f42e8000000-7f42e8021000 rw-p 00000000 00:00 0 
7f42e8021000-7f42ec000000 ---p 00000000 00:00 0 
7f42ee60a000-7f42ee60d000 ---p 00000000 00:00 0 
7f42ee60d000-7f42ee70b000 rw-p 00000000 00:00 0                          [stack:7925]
7f42ee70b000-7f42ee70e000 ---p 00000000 00:00 0 
7f42ee70e000-7f42ee80c000 rw-p 00000000 00:00 0                          [stack:7924]
7f42ee80c000-7f42ee80f000 ---p 00000000 00:00 0 
7f42ee80f000-7f42ee90d000 rw-p 00000000 00:00 0                          [stack:7923]
7f42ee90d000-7f42ee910000 ---p 00000000 00:00 0 
7f42ee910000-7f42eea0e000 rw-p 00000000 00:00 0                          [stack:7922]
7f42eea0e000-7f42eea11000 ---p 00000000 00:00 0 
7f42eea11000-7f42eeb0f000 rw-p 00000000 00:00 0                          [stack:7921]
7f42eeb0f000-7f42eeb10000 ---p 00000000 00:00 0 
7f42eeb10000-7f42eec10000 rw-p 00000000 00:00 0                          [stack:7896]
7f42eec10000-7f42eec13000 ---p 00000000 00:00 0 
7f42eec13000-7f42eed11000 rw-p 00000000 00:00 0                          [stack:7895]
7f42eed11000-7f42eed14000 ---p 00000000 00:00 0 
7f42eed14000-7f42eee12000 rw-p 00000000 00:00 0                          [stack:7894]
7f42eee12000-7f42eee15000 ---p 00000000 00:00 0 
7f42eee15000-7f42eef13000 rw-p 00000000 00:00 0                          [stack:7893]
7f42eef13000-7f42eef16000 ---p 00000000 00:00 0 
7f42eef16000-7f42ef014000 rw-p 00000000 00:00 0                          [stack:7892]
7f42ef014000-7f42ef017000 ---p 00000000 00:00 0 
7f42ef017000-7f42ef115000 rw-p 00000000 00:00 0                          [stack:7890]
7f42ef115000-7f42ef7f8000 r--p 00000000 08:02 6691839                    /usr/lib/locale/locale-archive
7f42ef7f8000-7f42ef7fb000 ---p 00000000 00:00 0 
7f42ef7fb000-7f42ef8f9000 rw-p 00000000 00:00 0                          [stack:7883]
7f42ef8f9000-7f42ef8fc000 ---p 00000000 00:00 0 
7f42ef8fc000-7f42ef9fa000 rw-p 00000000 00:00 0                          [stack:7880]
7f42ef9fa000-7f42ef9fb000 ---p 00000000 00:00 0 
7f42ef9fb000-7f42f0000000 rw-p 00000000 00:00 0                          [stack:7879]
7f42f0000000-7f42f0021000 rw-p 00000000 00:00 0 
7f42f0021000-7f42f4000000 ---p 00000000 00:00 0 
7f42f4000000-7f42f4021000 rw-p 00000000 00:00 0 
7f42f4021000-7f42f8000000 ---p 00000000 00:00 0 
7f42f8000000-7f42f8021000 rw-p 00000000 00:00 0 
7f42f8021000-7f42fc000000 ---p 00000000 00:00 0 
7f42fc086000-7f42fc09c000 r--s 000f0000 08:02 3985862                    /home/yonatan/Etty/programing/androidAdvanced/FinalProject/LocationsApp/app/build/intermediates/exploded-aar/com.android.support/support-v4/23.2.1/jars/classes.jar
7f42fc09c000-7f42fc0ab000 r--s 000df000 08:02 3824912                    /home/yonatan/Android/Sdk/build-tools/23.0.2/lib/dx.jar
7f42fc0ab000-7f42fcb5a000 rw-p 00000000 00:00 0 
7f42fcb5a000-7f42fcd33000 r--s 03d24000 08:02 6706420                    /usr/lib/jvm/java-8-oracle/jre/lib/rt.jar
7f42fcd33000-7f42fd3e9000 rw-p 00000000 00:00 0 
7f42fd3e9000-7f42fd5a9000 ---p 00000000 00:00 0 
7f42fd5a9000-7f42ff7a9000 rw-p 00000000 00:00 0 
7f42ff7a9000-7f42ff7aa000 ---p 00000000 00:00 0 
7f42ff7aa000-7f42ff8aa000 rw-p 00000000 00:00 0                          [stack:7874]
7f42ff8aa000-7f42ff8ab000 ---p 00000000 00:00 0 
7f42ff8ab000-7f42ff9ab000 rw-p 00000000 00:00 0                          [stack:7871]
7f42ff9ab000-7f42ff9ac000 ---p 00000000 00:00 0 
7f42ff9ac000-7f42ffaac000 rw-p 00000000 00:00 0                          [stack:7867]
7f42ffaac000-7f42ffaad000 ---p 00000000 00:00 0 
7f42ffaad000-7f42ffbc1000 rw-p 00000000 00:00 0                          [stack:7866]
7f42ffbc1000-7f42ffd02000 ---p 00000000 00:00 0 
7f42ffd02000-7f42ffd2b000 rw-p 00000000 00:00 0 
7f42ffd2b000-7f42ffdad000 ---p 00000000 00:00 0 
7f42ffdad000-7f42ffdc3000 rw-p 00000000 00:00 0 
7f42ffdc3000-7f430016e000 ---p 00000000 00:00 0 
7f430016e000-7f430067e000 rwxp 00000000 00:00 0 
7f430067e000-7f430f16e000 ---p 00000000 00:00 0 
7f430f16e000-7f430f188000 r-xp 00000000 08:02 6706459                    /usr/lib/jvm/java-8-oracle/jre/lib/amd64/libzip.so
7f430f188000-7f430f388000 ---p 0001a000 08:02 6706459                    /usr/lib/jvm/java-8-oracle/jre/lib/amd64/libzip.so
7f430f388000-7f430f389000 rw-p 0001a000 08:02 6706459                    /usr/lib/jvm/java-8-oracle/jre/lib/amd64/libzip.so
7f430f389000-7f430f394000 r-xp 00000000 08:02 4353546                    /lib/x86_64-linux-gnu/libnss_files-2.19.so
7f430f394000-7f430f593000 ---p 0000b000 08:02 4353546                    /lib/x86_64-linux-gnu/libnss_files-2.19.so
7f430f593000-7f430f594000 r--p 0000a000 08:02 4353546                    /lib/x86_64-linux-gnu/libnss_files-2.19.so
7f430f594000-7f430f595000 rw-p 0000b000 08:02 4353546                    /lib/x86_64-linux-gnu/libnss_files-2.19.so
7f430f595000-7f430f5a0000 r-xp 00000000 08:02 4353538                    /lib/x86_64-linux-gnu/libnss_nis-2.19.so
7f430f5a0000-7f430f79f000 ---p 0000b000 08:02 4353538                    /lib/x86_64-linux-gnu/libnss_nis-2.19.so
7f430f79f000-7f430f7a0000 r--p 0000a000 08:02 4353538                    /lib/x86_64-linux-gnu/libnss_nis-2.19.so
7f430f7a0000-7f430f7a1000 rw-p 0000b000 08:02 4353538                    /lib/x86_64-linux-gnu/libnss_nis-2.19.so
7f430f7a1000-7f430f7b8000 r-xp 00000000 08:02 4353534                    /lib/x86_64-linux-gnu/libnsl-2.19.so
7f430f7b8000-7f430f9b7000 ---p 00017000 08:02 4353534                    /lib/x86_64-linux-gnu/libnsl-2.19.so
7f430f9b7000-7f430f9b8000 r--p 00016000 08:02 4353534                    /lib/x86_64-linux-gnu/libnsl-2.19.so
7f430f9b8000-7f430f9b9000 rw-p 00017000 08:02 4353534                    /lib/x86_64-linux-gnu/libnsl-2.19.so
7f430f9b9000-7f430f9bb000 rw-p 00000000 00:00 0 
7f430f9bb000-7f430f9c4000 r-xp 00000000 08:02 4353533                    /lib/x86_64-linux-gnu/libnss_compat-2.19.so
7f430f9c4000-7f430fbc3000 ---p 00009000 08:02 4353533                    /lib/x86_64-linux-gnu/libnss_compat-2.19.so
7f430fbc3000-7f430fbc4000 r--p 00008000 08:02 4353533                    /lib/x86_64-linux-gnu/libnss_compat-2.19.so
7f430fbc4000-7f430fbc5000 rw-p 00009000 08:02 4353533                    /lib/x86_64-linux-gnu/libnss_compat-2.19.so
7f430fbc5000-7f430fbef000 r-xp 00000000 08:02 6706432                    /usr/lib/jvm/java-8-oracle/jre/lib/amd64/libjava.so
7f430fbef000-7f430fdef000 ---p 0002a000 08:02 6706432                    /usr/lib/jvm/java-8-oracle/jre/lib/amd64/libjava.so
7f430fdef000-7f430fdf1000 rw-p 0002a000 08:02 6706432                    /usr/lib/jvm/java-8-oracle/jre/lib/amd64/libjava.so
7f430fdf1000-7f430fdfe000 r-xp 00000000 08:02 6706446                    /usr/lib/jvm/java-8-oracle/jre/lib/amd64/libverify.so
7f430fdfe000-7f430fffe000 ---p 0000d000 08:02 6706446                    /usr/lib/jvm/java-8-oracle/jre/lib/amd64/libverify.so
7f430fffe000-7f4310000000 rw-p 0000d000 08:02 6706446                    /usr/lib/jvm/java-8-oracle/jre/lib/amd64/libverify.so
7f4310000000-7f431038d000 rw-p 00000000 00:00 0 
7f431038d000-7f4314000000 ---p 00000000 00:00 0 
7f431400c000-7f4314020000 rw-p 00000000 00:00 0 
7f4314020000-7f4314162000 ---p 00000000 00:00 0 
7f4314162000-7f4314169000 r-xp 00000000 08:02 4353542                    /lib/x86_64-linux-gnu/librt-2.19.so
7f4314169000-7f4314368000 ---p 00007000 08:02 4353542                    /lib/x86_64-linux-gnu/librt-2.19.so
7f4314368000-7f4314369000 r--p 00006000 08:02 4353542                    /lib/x86_64-linux-gnu/librt-2.19.so
7f4314369000-7f431436a000 rw-p 00007000 08:02 4353542                    /lib/x86_64-linux-gnu/librt-2.19.so
7f431436a000-7f431446f000 r-xp 00000000 08:02 4353528                    /lib/x86_64-linux-gnu/libm-2.19.so
7f431446f000-7f431466e000 ---p 00105000 08:02 4353528                    /lib/x86_64-linux-gnu/libm-2.19.so
7f431466e000-7f431466f000 r--p 00104000 08:02 4353528                    /lib/x86_64-linux-gnu/libm-2.19.so
7f431466f000-7f4314670000 rw-p 00105000 08:02 4353528                    /lib/x86_64-linux-gnu/libm-2.19.so
7f4314670000-7f4315333000 r-xp 00000000 08:02 6706450                    /usr/lib/jvm/java-8-oracle/jre/lib/amd64/server/libjvm.so
7f4315333000-7f4315532000 ---p 00cc3000 08:02 6706450                    /usr/lib/jvm/java-8-oracle/jre/lib/amd64/server/libjvm.so
7f4315532000-7f431560b000 rw-p 00cc2000 08:02 6706450                    /usr/lib/jvm/java-8-oracle/jre/lib/amd64/server/libjvm.so
7f431560b000-7f4315656000 rw-p 00000000 00:00 0 
7f4315656000-7f4315811000 r-xp 00000000 08:02 4353543                    /lib/x86_64-linux-gnu/libc-2.19.so
7f4315811000-7f4315a10000 ---p 001bb000 08:02 4353543                    /lib/x86_64-linux-gnu/libc-2.19.so
7f4315a10000-7f4315a14000 r--p 001ba000 08:02 4353543                    /lib/x86_64-linux-gnu/libc-2.19.so
7f4315a14000-7f4315a16000 rw-p 001be000 08:02 4353543                    /lib/x86_64-linux-gnu/libc-2.19.so
7f4315a16000-7f4315a1b000 rw-p 00000000 00:00 0 
7f4315a1b000-7f4315a1e000 r-xp 00000000 08:02 4353530                    /lib/x86_64-linux-gnu/libdl-2.19.so
7f4315a1e000-7f4315c1d000 ---p 00003000 08:02 4353530                    /lib/x86_64-linux-gnu/libdl-2.19.so
7f4315c1d000-7f4315c1e000 r--p 00002000 08:02 4353530                    /lib/x86_64-linux-gnu/libdl-2.19.so
7f4315c1e000-7f4315c1f000 rw-p 00003000 08:02 4353530                    /lib/x86_64-linux-gnu/libdl-2.19.so
7f4315c1f000-7f4315c34000 r-xp 00000000 08:02 6728050                    /usr/lib/jvm/java-8-oracle/lib/amd64/jli/libjli.so
7f4315c34000-7f4315e34000 ---p 00015000 08:02 6728050                    /usr/lib/jvm/java-8-oracle/lib/amd64/jli/libjli.so
7f4315e34000-7f4315e35000 rw-p 00015000 08:02 6728050                    /usr/lib/jvm/java-8-oracle/lib/amd64/jli/libjli.so
7f4315e35000-7f4315e4e000 r-xp 00000000 08:02 4353535                    /lib/x86_64-linux-gnu/libpthread-2.19.so
7f4315e4e000-7f431604d000 ---p 00019000 08:02 4353535                    /lib/x86_64-linux-gnu/libpthread-2.19.so
7f431604d000-7f431604e000 r--p 00018000 08:02 4353535                    /lib/x86_64-linux-gnu/libpthread-2.19.so
7f431604e000-7f431604f000 rw-p 00019000 08:02 4353535                    /lib/x86_64-linux-gnu/libpthread-2.19.so
7f431604f000-7f4316053000 rw-p 00000000 00:00 0 
7f4316053000-7f4316076000 r-xp 00000000 08:02 4353536                    /lib/x86_64-linux-gnu/ld-2.19.so
7f431607d000-7f431614f000 rw-p 00000000 00:00 0 
7f431614f000-7f4316152000 ---p 00000000 00:00 0 
7f4316152000-7f4316269000 rw-p 00000000 00:00 0                          [stack:7863]
7f4316269000-7f4316271000 rw-s 00000000 08:02 1976638                    /tmp/hsperfdata_yonatan/7859
7f4316271000-7f4316272000 rw-p 00000000 00:00 0 
7f4316272000-7f4316273000 ---p 00000000 00:00 0 
7f4316273000-7f4316275000 rw-p 00000000 00:00 0 
7f4316275000-7f4316276000 r--p 00022000 08:02 4353536                    /lib/x86_64-linux-gnu/ld-2.19.so
7f4316276000-7f4316277000 rw-p 00023000 08:02 4353536                    /lib/x86_64-linux-gnu/ld-2.19.so
7f4316277000-7f4316278000 rw-p 00000000 00:00 0 
7ffdfac08000-7ffdfac29000 rw-p 00000000 00:00 0                          [stack]
7ffdfad9b000-7ffdfad9d000 r-xp 00000000 00:00 0                          [vdso]
7ffdfad9d000-7ffdfad9f000 r--p 00000000 00:00 0                          [vvar]
ffffffffff600000-ffffffffff601000 r-xp 00000000 00:00 0                  [vsyscall]

VM Arguments:
jvm_args: -Djava.awt.headless=true -Xmx1024M -Dfile.encoding=UTF-8 -Duser.country=US -Duser.language=en -Duser.variant 
java_command: com.android.dx.command.Main --dex --num-threads=4 --output /home/yonatan/Etty/programing/androidAdvanced/FinalProject/LocationsApp/app/build/intermediates/pre-dexed/debug/com.android.support-support-v4-23.2.1_1f6ce99611f8d108391021d51fc3e218d2500071.jar /home/yonatan/Etty/programing/androidAdvanced/FinalProject/LocationsApp/app/build/intermediates/exploded-aar/com.android.support/support-v4/23.2.1/jars/classes.jar
java_class_path (initial): /home/yonatan/Android/Sdk/build-tools/23.0.2/lib/dx.jar
Launcher Type: SUN_STANDARD

Environment Variables:
JAVA_HOME=/usr/lib/jvm/java-8-oracle
PATH=/usr/local/sbin:/usr/local/bin:/usr/sbin:/usr/bin:/sbin:/bin:/usr/games:/usr/local/games:/usr/lib/jvm/java-8-oracle/bin:/usr/lib/jvm/java-8-oracle/db/bin:/usr/lib/jvm/java-8-oracle/jre/bin
SHELL=/bin/bash
DISPLAY=:0

Signal Handlers:
SIGSEGV: [libjvm.so+0xabdee0], sa_mask[0]=11111111011111111101111111111110, sa_flags=SA_RESTART|SA_SIGINFO
SIGBUS: [libjvm.so+0xabdee0], sa_mask[0]=11111111011111111101111111111110, sa_flags=SA_RESTART|SA_SIGINFO
SIGFPE: [libjvm.so+0x91a580], sa_mask[0]=11111111011111111101111111111110, sa_flags=SA_RESTART|SA_SIGINFO
SIGPIPE: [libjvm.so+0x91a580], sa_mask[0]=11111111011111111101111111111110, sa_flags=SA_RESTART|SA_SIGINFO
SIGXFSZ: [libjvm.so+0x91a580], sa_mask[0]=11111111011111111101111111111110, sa_flags=SA_RESTART|SA_SIGINFO
SIGILL: [libjvm.so+0x91a580], sa_mask[0]=11111111011111111101111111111110, sa_flags=SA_RESTART|SA_SIGINFO
SIGUSR1: SIG_DFL, sa_mask[0]=00000000000000000000000000000000, sa_flags=none
SIGUSR2: [libjvm.so+0x91bbb0], sa_mask[0]=00100000000000000000000000000000, sa_flags=SA_RESTART|SA_SIGINFO
SIGHUP: [libjvm.so+0x91cfb0], sa_mask[0]=11111111011111111101111111111110, sa_flags=SA_RESTART|SA_SIGINFO
SIGINT: [libjvm.so+0x91cfb0], sa_mask[0]=11111111011111111101111111111110, sa_flags=SA_RESTART|SA_SIGINFO
SIGTERM: [libjvm.so+0x91cfb0], sa_mask[0]=11111111011111111101111111111110, sa_flags=SA_RESTART|SA_SIGINFO
SIGQUIT: [libjvm.so+0x91cfb0], sa_mask[0]=11111111011111111101111111111110, sa_flags=SA_RESTART|SA_SIGINFO


---------------  S Y S T E M  ---------------

OS:DISTRIB_ID=Ubuntu
DISTRIB_RELEASE=14.04
DISTRIB_CODENAME=trusty
DISTRIB_DESCRIPTION="Ubuntu 14.04.4 LTS"

uname:Linux 3.16.0-70-generic #90~14.04.1-Ubuntu SMP Wed Apr 6 22:56:34 UTC 2016 x86_64
libc:glibc 2.19 NPTL 2.19 
rlimit: STACK 8192k, CORE 0k, NPROC 14573, NOFILE 4096, AS infinity
load average:15.36 11.45 15.33

/proc/meminfo:
MemTotal:        3931368 kB
MemFree:          106040 kB
MemAvailable:      60540 kB
Buffers:             268 kB
Cached:           136988 kB
SwapCached:          748 kB
Active:          2717136 kB
Inactive:         857768 kB
Active(anon):    2706224 kB
Inactive(anon):   834468 kB
Active(file):      10912 kB
Inactive(file):    23300 kB
Unevictable:          48 kB
Mlocked:              48 kB
SwapTotal:       4077564 kB
SwapFree:             28 kB
Dirty:                64 kB
Writeback:             4 kB
AnonPages:       3438720 kB
Mapped:            29304 kB
Shmem:            102200 kB
Slab:              92432 kB
SReclaimable:      43720 kB
SUnreclaim:        48712 kB
KernelStack:       14448 kB
PageTables:        77048 kB
NFS_Unstable:          0 kB
Bounce:                0 kB
WritebackTmp:          0 kB
CommitLimit:     6043248 kB
Committed_AS:   17032576 kB
VmallocTotal:   34359738367 kB
VmallocUsed:      353164 kB
VmallocChunk:   34359285816 kB
HardwareCorrupted:     0 kB
AnonHugePages:    579584 kB
HugePages_Total:       0
HugePages_Free:        0
HugePages_Rsvd:        0
HugePages_Surp:        0
Hugepagesize:       2048 kB
DirectMap4k:       78192 kB
DirectMap2M:     3999744 kB


CPU:total 4 (2 cores per cpu, 2 threads per core) family 6 model 58 stepping 9, cmov, cx8, fxsr, mmx, sse, sse2, sse3, ssse3, sse4.1, sse4.2, popcnt, avx, aes, clmul, erms, ht, tsc, tscinvbit, tscinv

/proc/cpuinfo:
processor	: 0
vendor_id	: GenuineIntel
cpu family	: 6
model		: 58
model name	: Intel(R) Core(TM) i5-3317U CPU @ 1.70GHz
stepping	: 9
microcode	: 0x12
cpu MHz		: 2399.988
cache size	: 3072 KB
physical id	: 0
siblings	: 4
core id		: 0
cpu cores	: 2
apicid		: 0
initial apicid	: 0
fpu		: yes
fpu_exception	: yes
cpuid level	: 13
wp		: yes
flags		: fpu vme de pse tsc msr pae mce cx8 apic sep mtrr pge mca cmov pat pse36 clflush dts acpi mmx fxsr sse sse2 ss ht tm pbe syscall nx rdtscp lm constant_tsc arch_perfmon pebs bts rep_good nopl xtopology nonstop_tsc aperfmperf eagerfpu pni pclmulqdq dtes64 monitor ds_cpl vmx est tm2 ssse3 cx16 xtpr pdcm pcid sse4_1 sse4_2 x2apic popcnt tsc_deadline_timer aes xsave avx f16c rdrand lahf_lm ida arat epb xsaveopt pln pts dtherm tpr_shadow vnmi flexpriority ept vpid fsgsbase smep erms
bogomips	: 3392.02
clflush size	: 64
cache_alignment	: 64
address sizes	: 36 bits physical, 48 bits virtual
power management:

processor	: 1
vendor_id	: GenuineIntel
cpu family	: 6
model		: 58
model name	: Intel(R) Core(TM) i5-3317U CPU @ 1.70GHz
stepping	: 9
microcode	: 0x12
cpu MHz		: 2399.988
cache size	: 3072 KB
physical id	: 0
siblings	: 4
core id		: 1
cpu cores	: 2
apicid		: 2
initial apicid	: 2
fpu		: yes
fpu_exception	: yes
cpuid level	: 13
wp		: yes
flags		: fpu vme de pse tsc msr pae mce cx8 apic sep mtrr pge mca cmov pat pse36 clflush dts acpi mmx fxsr sse sse2 ss ht tm pbe syscall nx rdtscp lm constant_tsc arch_perfmon pebs bts rep_good nopl xtopology nonstop_tsc aperfmperf eagerfpu pni pclmulqdq dtes64 monitor ds_cpl vmx est tm2 ssse3 cx16 xtpr pdcm pcid sse4_1 sse4_2 x2apic popcnt tsc_deadline_timer aes xsave avx f16c rdrand lahf_lm ida arat epb xsaveopt pln pts dtherm tpr_shadow vnmi flexpriority ept vpid fsgsbase smep erms
bogomips	: 3392.02
clflush size	: 64
cache_alignment	: 64
address sizes	: 36 bits physical, 48 bits virtual
power management:

processor	: 2
vendor_id	: GenuineIntel
cpu family	: 6
model		: 58
model name	: Intel(R) Core(TM) i5-3317U CPU @ 1.70GHz
stepping	: 9
microcode	: 0x12
cpu MHz		: 2399.988
cache size	: 3072 KB
physical id	: 0
siblings	: 4
core id		: 0
cpu cores	: 2
apicid		: 1
initial apicid	: 1
fpu		: yes
fpu_exception	: yes
cpuid level	: 13
wp		: yes
flags		: fpu vme de pse tsc msr pae mce cx8 apic sep mtrr pge mca cmov pat pse36 clflush dts acpi mmx fxsr sse sse2 ss ht tm pbe syscall nx rdtscp lm constant_tsc arch_perfmon pebs bts rep_good nopl xtopology nonstop_tsc aperfmperf eagerfpu pni pclmulqdq dtes64 monitor ds_cpl vmx est tm2 ssse3 cx16 xtpr pdcm pcid sse4_1 sse4_2 x2apic popcnt tsc_deadline_timer aes xsave avx f16c rdrand lahf_lm ida arat epb xsaveopt pln pts dtherm tpr_shadow vnmi flexpriority ept vpid fsgsbase smep erms
bogomips	: 3392.02
clflush size	: 64
cache_alignment	: 64
address sizes	: 36 bits physical, 48 bits virtual
power management:

processor	: 3
vendor_id	: GenuineIntel
cpu family	: 6
model		: 58
model name	: Intel(R) Core(TM) i5-3317U CPU @ 1.70GHz
stepping	: 9
microcode	: 0x12
cpu MHz		: 2399.988
cache size	: 3072 KB
physical id	: 0
siblings	: 4
core id		: 1
cpu cores	: 2
apicid		: 3
initial apicid	: 3
fpu		: yes
fpu_exception	: yes
cpuid level	: 13
wp		: yes
flags		: fpu vme de pse tsc msr pae mce cx8 apic sep mtrr pge mca cmov pat pse36 clflush dts acpi mmx fxsr sse sse2 ss ht tm pbe syscall nx rdtscp lm constant_tsc arch_perfmon pebs bts rep_good nopl xtopology nonstop_tsc aperfmperf eagerfpu pni pclmulqdq dtes64 monitor ds_cpl vmx est tm2 ssse3 cx16 xtpr pdcm pcid sse4_1 sse4_2 x2apic popcnt tsc_deadline_timer aes xsave avx f16c rdrand lahf_lm ida arat epb xsaveopt pln pts dtherm tpr_shadow vnmi flexpriority ept vpid fsgsbase smep erms
bogomips	: 3392.02
clflush size	: 64
cache_alignment	: 64
address sizes	: 36 bits physical, 48 bits virtual
power management:



Memory: 4k page, physical 3931368k(106040k free), swap 4077564k(28k free)

vm_info: Java HotSpot(TM) 64-Bit Server VM (25.92-b14) for linux-amd64 JRE (1.8.0_92-b14), built on Mar 31 2016 21:08:29 by "java_re" with gcc 4.3.0 20080428 (Red Hat 4.3.0-8)

time: Wed Apr 27 20:39:17 2016
elapsed time: 10 seconds (0d 0h 0m 10s)

