#
# There is insufficient memory for the Java Runtime Environment to continue.
# Native memory allocation (mmap) failed to map 31457280 bytes for committing reserved memory.
# Possible reasons:
#   The system is out of physical RAM or swap space
#   In 32 bit mode, the process size limit was hit
# Possible solutions:
#   Reduce memory load on the system
#   Increase physical memory or swap space
#   Check if swap backing store is full
#   Use 64 bit Java on a 64 bit OS
#   Decrease Java heap size (-Xmx/-Xms)
#   Decrease number of Java threads
#   Decrease Java thread stack sizes (-Xss)
#   Set larger code cache with -XX:ReservedCodeCacheSize=
# This output file may be truncated or incomplete.
#
#  Out of Memory Error (os_linux.cpp:2627), pid=23156, tid=139799563290368
#
# JRE version: Java(TM) SE Runtime Environment (8.0_77-b03) (build 1.8.0_77-b03)
# Java VM: Java HotSpot(TM) 64-Bit Server VM (25.77-b03 mixed mode linux-amd64 compressed oops)
# Failed to write core dump. Core dumps have been disabled. To enable core dumping, try "ulimit -c unlimited" before starting Java again
#

---------------  T H R E A D  ---------------

Current thread (0x00007f25b4078000):  VMThread [stack: 0x00007f259f3f4000,0x00007f259f4f5000] [id=23169]

Stack: [0x00007f259f3f4000,0x00007f259f4f5000],  sp=0x00007f259f4f32e0,  free space=1020k
Native frames: (J=compiled Java code, j=interpreted, Vv=VM code, C=native code)
V  [libjvm.so+0xaba7ea]  VMError::report_and_die()+0x2ba
V  [libjvm.so+0x4f9e3b]  report_vm_out_of_memory(char const*, int, unsigned long, VMErrorType, char const*)+0x8b
V  [libjvm.so+0x91b613]  os::Linux::commit_memory_impl(char*, unsigned long, bool)+0x103
V  [libjvm.so+0x91bb69]  os::pd_commit_memory(char*, unsigned long, unsigned long, bool)+0x29
V  [libjvm.so+0x915e6a]  os::commit_memory(char*, unsigned long, unsigned long, bool)+0x2a
V  [libjvm.so+0x989543]  PSVirtualSpace::expand_by(unsigned long)+0x53
V  [libjvm.so+0x98a948]  PSYoungGen::resize_generation(unsigned long, unsigned long)+0xf8
V  [libjvm.so+0x989aa2]  PSYoungGen::resize(unsigned long, unsigned long)+0x22
V  [libjvm.so+0x986d7b]  PSScavenge::invoke_no_policy()+0xf3b
V  [libjvm.so+0x987501]  PSScavenge::invoke()+0x41
V  [libjvm.so+0x93f300]  ParallelScavengeHeap::failed_mem_allocate(unsigned long)+0x70
V  [libjvm.so+0xabc207]  VM_ParallelGCFailedAllocation::doit()+0x97
V  [libjvm.so+0xac3c35]  VM_Operation::evaluate()+0x55
V  [libjvm.so+0xac200a]  VMThread::evaluate_operation(VM_Operation*)+0xba
V  [libjvm.so+0xac238e]  VMThread::loop()+0x1ce
V  [libjvm.so+0xac2800]  VMThread::run()+0x70
V  [libjvm.so+0x91d9d8]  java_start(Thread*)+0x108

VM_Operation (0x00007f259e202ea0): ParallelGCFailedAllocation, mode: safepoint, requested by thread 0x00007f25b4146000


---------------  P R O C E S S  ---------------

Java Threads: ( => current thread )
  0x00007f25b4148000 JavaThread "pool-1-thread-4" [_thread_blocked, id=23203, stack(0x00007f259e004000,0x00007f259e105000)]
  0x00007f25b4146000 JavaThread "pool-1-thread-3" [_thread_blocked, id=23200, stack(0x00007f259e105000,0x00007f259e206000)]
  0x00007f25b4144800 JavaThread "pool-1-thread-2" [_thread_blocked, id=23198, stack(0x00007f259e206000,0x00007f259e307000)]
  0x00007f25b4143000 JavaThread "pool-2-thread-1" [_thread_blocked, id=23197, stack(0x00007f259e307000,0x00007f259e408000)]
  0x00007f25b4140800 JavaThread "pool-1-thread-1" [_thread_blocked, id=23196, stack(0x00007f259e408000,0x00007f259e509000)]
  0x00007f25b40c9800 JavaThread "Service Thread" daemon [_thread_blocked, id=23180, stack(0x00007f259e60a000,0x00007f259e70b000)]
  0x00007f25b40be800 JavaThread "C1 CompilerThread2" daemon [_thread_blocked, id=23178, stack(0x00007f259e70b000,0x00007f259e80c000)]
  0x00007f25b40bc800 JavaThread "C2 CompilerThread1" daemon [_thread_in_native, id=23176, stack(0x00007f259e80c000,0x00007f259e90d000)]
  0x00007f25b40ba000 JavaThread "C2 CompilerThread0" daemon [_thread_in_native, id=23174, stack(0x00007f259e90d000,0x00007f259ea0e000)]
  0x00007f25b40b8800 JavaThread "Signal Dispatcher" daemon [_thread_blocked, id=23172, stack(0x00007f259ea0e000,0x00007f259eb0f000)]
  0x00007f25b4084000 JavaThread "Finalizer" daemon [_thread_blocked, id=23171, stack(0x00007f259f1f2000,0x00007f259f2f3000)]
  0x00007f25b407f800 JavaThread "Reference Handler" daemon [_thread_blocked, id=23170, stack(0x00007f259f2f3000,0x00007f259f3f4000)]
  0x00007f25b400a000 JavaThread "main" [_thread_blocked, id=23158, stack(0x00007f25bdad4000,0x00007f25bdbd5000)]

Other Threads:
=>0x00007f25b4078000 VMThread [stack: 0x00007f259f3f4000,0x00007f259f4f5000] [id=23169]
  0x00007f25b40cc800 WatcherThread [stack: 0x00007f259e509000,0x00007f259e60a000] [id=23182]

VM state:at safepoint (normal execution)

VM Mutex/Monitor currently owned by a thread:  ([mutex/lock_event])
[0x00007f25b4006570] Threads_lock - owner thread: 0x00007f25b4078000
[0x00007f25b4006a70] Heap_lock - owner thread: 0x00007f25b4146000

Heap:
 PSYoungGen      total 33280K, used 2536K [0x00000000eab00000, 0x00000000ece00000, 0x0000000100000000)
  eden space 30720K, 0% used [0x00000000eab00000,0x00000000eab00000,0x00000000ec900000)
  from space 2560K, 99% used [0x00000000ec900000,0x00000000ecb7a240,0x00000000ecb80000)
  to   space 2560K, 0% used [0x00000000ecb80000,0x00000000ecb80000,0x00000000ece00000)
 ParOldGen       total 40960K, used 8800K [0x00000000c0000000, 0x00000000c2800000, 0x00000000eab00000)
  object space 40960K, 21% used [0x00000000c0000000,0x00000000c08983b0,0x00000000c2800000)
 Metaspace       used 5818K, capacity 6832K, committed 7040K, reserved 1056768K
  class space    used 592K, capacity 616K, committed 640K, reserved 1048576K

Card table byte_map: [0x00007f25ba69a000,0x00007f25ba89b000] byte_map_base: 0x00007f25ba09a000

Marking Bits: (ParMarkBitMap*) 0x00007f25bcfb0100
 Begin Bits: [0x00007f25b8140000, 0x00007f25b9140000)
 End Bits:   [0x00007f25b9140000, 0x00007f25ba140000)

Polling page: 0x00007f25bdbf7000

CodeCache: size=245760Kb used=3430Kb max_used=3430Kb free=242329Kb
 bounds [0x00007f25a5000000, 0x00007f25a5360000, 0x00007f25b4000000]
 total_blobs=1210 nmethods=942 adapters=182
 compilation: enabled

Compilation events (10 events):
Event: 5.187 Thread 0x00007f25b40be800 nmethod 1092 0x00007f25a5359dd0 code [0x00007f25a5359f40, 0x00007f25a535a148]
Event: 5.187 Thread 0x00007f25b40be800 1120       2       com.android.dx.rop.cst.CstMemberRef::<init> (43 bytes)
Event: 5.187 Thread 0x00007f25b40be800 nmethod 1120 0x00007f25a535a210 code [0x00007f25a535a3a0, 0x00007f25a535a678]
Event: 5.187 Thread 0x00007f25b40be800 1083       2       com.android.dx.dex.code.OutputFinisher::hasLocalInfo (75 bytes)
Event: 5.188 Thread 0x00007f25b40be800 nmethod 1083 0x00007f25a535a7d0 code [0x00007f25a535a980, 0x00007f25a535add8]
Event: 5.188 Thread 0x00007f25b40be800 1077       2       com.android.dx.cf.code.BasicBlocker::visitThrowing (59 bytes)
Event: 5.189 Thread 0x00007f25b40be800 nmethod 1077 0x00007f25a535b1d0 code [0x00007f25a535b380, 0x00007f25a535b778]
Event: 5.189 Thread 0x00007f25b40be800 1064       2       com.android.dx.cf.code.BasicBlocker::visitLocal (34 bytes)
Event: 5.190 Thread 0x00007f25b40be800 nmethod 1064 0x00007f25a535bd90 code [0x00007f25a535bf20, 0x00007f25a535c248]
Event: 5.190 Thread 0x00007f25b40be800 1044       2       java.util.TreeMap$PrivateEntryIterator::nextEntry (54 bytes)

GC Heap History (5 events):
Event: 2.343 GC heap before
{Heap before GC invocations=1 (full 0):
 PSYoungGen      total 17920K, used 15360K [0x00000000eab00000, 0x00000000ebf00000, 0x0000000100000000)
  eden space 15360K, 100% used [0x00000000eab00000,0x00000000eba00000,0x00000000eba00000)
  from space 2560K, 0% used [0x00000000ebc80000,0x00000000ebc80000,0x00000000ebf00000)
  to   space 2560K, 0% used [0x00000000eba00000,0x00000000eba00000,0x00000000ebc80000)
 ParOldGen       total 40960K, used 0K [0x00000000c0000000, 0x00000000c2800000, 0x00000000eab00000)
  object space 40960K, 0% used [0x00000000c0000000,0x00000000c0000000,0x00000000c2800000)
 Metaspace       used 5593K, capacity 6640K, committed 6784K, reserved 1056768K
  class space    used 591K, capacity 616K, committed 640K, reserved 1048576K
Event: 2.382 GC heap after
Heap after GC invocations=1 (full 0):
 PSYoungGen      total 17920K, used 2551K [0x00000000eab00000, 0x00000000ece00000, 0x0000000100000000)
  eden space 15360K, 0% used [0x00000000eab00000,0x00000000eab00000,0x00000000eba00000)
  from space 2560K, 99% used [0x00000000eba00000,0x00000000ebc7dc78,0x00000000ebc80000)
  to   space 2560K, 0% used [0x00000000ecb80000,0x00000000ecb80000,0x00000000ece00000)
 ParOldGen       total 40960K, used 1519K [0x00000000c0000000, 0x00000000c2800000, 0x00000000eab00000)
  object space 40960K, 3% used [0x00000000c0000000,0x00000000c017beb8,0x00000000c2800000)
 Metaspace       used 5593K, capacity 6640K, committed 6784K, reserved 1056768K
  class space    used 591K, capacity 616K, committed 640K, reserved 1048576K
}
Event: 3.334 GC heap before
{Heap before GC invocations=2 (full 0):
 PSYoungGen      total 17920K, used 17911K [0x00000000eab00000, 0x00000000ece00000, 0x0000000100000000)
  eden space 15360K, 100% used [0x00000000eab00000,0x00000000eba00000,0x00000000eba00000)
  from space 2560K, 99% used [0x00000000eba00000,0x00000000ebc7dc78,0x00000000ebc80000)
  to   space 2560K, 0% used [0x00000000ecb80000,0x00000000ecb80000,0x00000000ece00000)
 ParOldGen       total 40960K, used 1519K [0x00000000c0000000, 0x00000000c2800000, 0x00000000eab00000)
  object space 40960K, 3% used [0x00000000c0000000,0x00000000c017beb8,0x00000000c2800000)
 Metaspace       used 5752K, capacity 6768K, committed 7040K, reserved 1056768K
  class space    used 592K, capacity 616K, committed 640K, reserved 1048576K
Event: 3.364 GC heap after
Heap after GC invocations=2 (full 0):
 PSYoungGen      total 33280K, used 2535K [0x00000000eab00000, 0x00000000ece00000, 0x0000000100000000)
  eden space 30720K, 0% used [0x00000000eab00000,0x00000000eab00000,0x00000000ec900000)
  from space 2560K, 99% used [0x00000000ecb80000,0x00000000ecdf9d98,0x00000000ece00000)
  to   space 2560K, 0% used [0x00000000ec900000,0x00000000ec900000,0x00000000ecb80000)
 ParOldGen       total 40960K, used 3951K [0x00000000c0000000, 0x00000000c2800000, 0x00000000eab00000)
  object space 40960K, 9% used [0x00000000c0000000,0x00000000c03dbf88,0x00000000c2800000)
 Metaspace       used 5752K, capacity 6768K, committed 7040K, reserved 1056768K
  class space    used 592K, capacity 616K, committed 640K, reserved 1048576K
}
Event: 5.227 GC heap before
{Heap before GC invocations=3 (full 0):
 PSYoungGen      total 33280K, used 33255K [0x00000000eab00000, 0x00000000ece00000, 0x0000000100000000)
  eden space 30720K, 100% used [0x00000000eab00000,0x00000000ec900000,0x00000000ec900000)
  from space 2560K, 99% used [0x00000000ecb80000,0x00000000ecdf9d98,0x00000000ece00000)
  to   space 2560K, 0% used [0x00000000ec900000,0x00000000ec900000,0x00000000ecb80000)
 ParOldGen       total 40960K, used 3951K [0x00000000c0000000, 0x00000000c2800000, 0x00000000eab00000)
  object space 40960K, 9% used [0x00000000c0000000,0x00000000c03dbf88,0x00000000c2800000)
 Metaspace       used 5818K, capacity 6832K, committed 7040K, reserved 1056768K
  class space    used 592K, capacity 616K, committed 640K, reserved 1048576K

Deoptimization events (10 events):
Event: 2.410 Thread 0x00007f25b4148000 Uncommon trap: reason=class_check action=maybe_recompile pc=0x00007f25a51f6284 method=com.android.dx.ssa.NormalSsaInsn.accept(Lcom/android/dx/ssa/SsaInsn$Visitor;)V @ 9
Event: 2.410 Thread 0x00007f25b4148000 Uncommon trap: reason=class_check action=maybe_recompile pc=0x00007f25a51f6284 method=com.android.dx.ssa.NormalSsaInsn.accept(Lcom/android/dx/ssa/SsaInsn$Visitor;)V @ 9
Event: 2.427 Thread 0x00007f25b4148000 Uncommon trap: reason=class_check action=maybe_recompile pc=0x00007f25a51f6284 method=com.android.dx.ssa.NormalSsaInsn.accept(Lcom/android/dx/ssa/SsaInsn$Visitor;)V @ 9
Event: 2.428 Thread 0x00007f25b4148000 Uncommon trap: reason=class_check action=maybe_recompile pc=0x00007f25a51f6284 method=com.android.dx.ssa.NormalSsaInsn.accept(Lcom/android/dx/ssa/SsaInsn$Visitor;)V @ 9
Event: 2.428 Thread 0x00007f25b4148000 Uncommon trap: reason=class_check action=maybe_recompile pc=0x00007f25a51df690 method=com.android.dx.ssa.NormalSsaInsn.accept(Lcom/android/dx/ssa/SsaInsn$Visitor;)V @ 9
Event: 2.447 Thread 0x00007f25b400a000 Uncommon trap: reason=unstable_if action=reinterpret pc=0x00007f25a5200c0c method=java.util.HashMap.getNode(ILjava/lang/Object;)Ljava/util/HashMap$Node; @ 129
Event: 2.653 Thread 0x00007f25b400a000 Uncommon trap: reason=unstable_if action=reinterpret pc=0x00007f25a51e33b8 method=java.util.BitSet.ensureCapacity(I)V @ 6
Event: 3.702 Thread 0x00007f25b4140800 Uncommon trap: reason=null_check action=make_not_entrant pc=0x00007f25a52cc238 method=com.android.dx.ssa.SsaRenamer.getLocalForNewReg(I)Lcom/android/dx/rop/code/LocalItem; @ 19
Event: 4.061 Thread 0x00007f25b400a000 Uncommon trap: reason=unstable_if action=reinterpret pc=0x00007f25a52180f0 method=com.android.dx.rop.code.RegisterSpec.equals(ILcom/android/dx/rop/type/TypeBearer;Lcom/android/dx/rop/code/LocalItem;)Z @ 42
Event: 4.276 Thread 0x00007f25b4148000 Uncommon trap: reason=null_check action=make_not_entrant pc=0x00007f25a530d578 method=com.android.dx.ssa.SsaRenamer.getLocalForNewReg(I)Lcom/android/dx/rop/code/LocalItem; @ 19

Internal exceptions (4 events):
Event: 0.138 Thread 0x00007f25b400a000 Exception <a 'java/lang/NoSuchMethodError': Method sun.misc.Unsafe.defineClass(Ljava/lang/String;[BII)Ljava/lang/Class; name or signature does not match> (0x00000000eab07cc0) thrown at [/HUDSON/workspace/8-2-build-linux-amd64/jdk8u77/6540/hotspot/src/shar
Event: 0.138 Thread 0x00007f25b400a000 Exception <a 'java/lang/NoSuchMethodError': Method sun.misc.Unsafe.prefetchRead(Ljava/lang/Object;J)V name or signature does not match> (0x00000000eab07fa8) thrown at [/HUDSON/workspace/8-2-build-linux-amd64/jdk8u77/6540/hotspot/src/share/vm/prims/jni.cpp
Event: 3.702 Thread 0x00007f25b4140800 Implicit null exception at 0x00007f25a52c9f2f to 0x00007f25a52cc1f1
Event: 4.276 Thread 0x00007f25b4148000 Implicit null exception at 0x00007f25a530aa46 to 0x00007f25a530d555

Events (10 events):
Event: 3.702 Thread 0x00007f25b4140800 DEOPT UNPACKING pc=0x00007f25a5005229 sp=0x00007f259e506db8 mode 2
Event: 4.061 Thread 0x00007f25b400a000 Uncommon trap: trap_request=0xffffff65 fr.pc=0x00007f25a52180f0
Event: 4.061 Thread 0x00007f25b400a000 DEOPT PACKING pc=0x00007f25a52180f0 sp=0x00007f25bdbd27a0
Event: 4.061 Thread 0x00007f25b400a000 DEOPT UNPACKING pc=0x00007f25a5005229 sp=0x00007f25bdbd2748 mode 2
Event: 4.276 Thread 0x00007f25b4148000 Uncommon trap: trap_request=0xfffffff4 fr.pc=0x00007f25a530d578
Event: 4.276 Thread 0x00007f25b4148000 DEOPT PACKING pc=0x00007f25a530d578 sp=0x00007f259e102cc0
Event: 4.276 Thread 0x00007f25b4148000 DEOPT UNPACKING pc=0x00007f25a5005229 sp=0x00007f259e102b88 mode 2
Event: 4.465 Executing VM operation: EnableBiasedLocking
Event: 4.528 Executing VM operation: EnableBiasedLocking done
Event: 5.192 Executing VM operation: ParallelGCFailedAllocation


Dynamic libraries:
00400000-00401000 r-xp 00000000 08:02 6688811                            /usr/lib/jvm/java-8-oracle/bin/java
00600000-00601000 rw-p 00000000 08:02 6688811                            /usr/lib/jvm/java-8-oracle/bin/java
01820000-01841000 rw-p 00000000 00:00 0                                  [heap]
c0000000-c2800000 rw-p 00000000 00:00 0 
c2800000-eab00000 ---p 00000000 00:00 0 
eab00000-ece00000 rw-p 00000000 00:00 0 
eec00000-100000000 ---p 00000000 00:00 0 
100000000-1000a0000 rw-p 00000000 00:00 0 
1000a0000-140000000 ---p 00000000 00:00 0 
7f2558000000-7f2558021000 rw-p 00000000 00:00 0 
7f2558021000-7f255c000000 ---p 00000000 00:00 0 
7f255c000000-7f255c021000 rw-p 00000000 00:00 0 
7f255c021000-7f2560000000 ---p 00000000 00:00 0 
7f2560000000-7f2560021000 rw-p 00000000 00:00 0 
7f2560021000-7f2564000000 ---p 00000000 00:00 0 
7f2564000000-7f2564021000 rw-p 00000000 00:00 0 
7f2564021000-7f2568000000 ---p 00000000 00:00 0 
7f2568000000-7f2568021000 rw-p 00000000 00:00 0 
7f2568021000-7f256c000000 ---p 00000000 00:00 0 
7f256c000000-7f256c021000 rw-p 00000000 00:00 0 
7f256c021000-7f2570000000 ---p 00000000 00:00 0 
7f2570000000-7f25706d0000 rw-p 00000000 00:00 0 
7f25706d0000-7f2574000000 ---p 00000000 00:00 0 
7f2574000000-7f2574021000 rw-p 00000000 00:00 0 
7f2574021000-7f2578000000 ---p 00000000 00:00 0 
7f2578000000-7f2578649000 rw-p 00000000 00:00 0 
7f2578649000-7f257c000000 ---p 00000000 00:00 0 
7f257c000000-7f257c5e9000 rw-p 00000000 00:00 0 
7f257c5e9000-7f2580000000 ---p 00000000 00:00 0 
7f2580000000-7f2580021000 rw-p 00000000 00:00 0 
7f2580021000-7f2584000000 ---p 00000000 00:00 0 
7f2584000000-7f2584021000 rw-p 00000000 00:00 0 
7f2584021000-7f2588000000 ---p 00000000 00:00 0 
7f2588000000-7f258828c000 rw-p 00000000 00:00 0 
7f258828c000-7f258c000000 ---p 00000000 00:00 0 
7f258c000000-7f258c021000 rw-p 00000000 00:00 0 
7f258c021000-7f2590000000 ---p 00000000 00:00 0 
7f2590000000-7f2590021000 rw-p 00000000 00:00 0 
7f2590021000-7f2594000000 ---p 00000000 00:00 0 
7f2594000000-7f2594021000 rw-p 00000000 00:00 0 
7f2594021000-7f2598000000 ---p 00000000 00:00 0 
7f2598000000-7f2598021000 rw-p 00000000 00:00 0 
7f2598021000-7f259c000000 ---p 00000000 00:00 0 
7f259e004000-7f259e007000 ---p 00000000 00:00 0 
7f259e007000-7f259e105000 rw-p 00000000 00:00 0                          [stack:23203]
7f259e105000-7f259e108000 ---p 00000000 00:00 0 
7f259e108000-7f259e206000 rw-p 00000000 00:00 0                          [stack:23200]
7f259e206000-7f259e209000 ---p 00000000 00:00 0 
7f259e209000-7f259e307000 rw-p 00000000 00:00 0                          [stack:23198]
7f259e307000-7f259e30a000 ---p 00000000 00:00 0 
7f259e30a000-7f259e408000 rw-p 00000000 00:00 0                          [stack:23197]
7f259e408000-7f259e40b000 ---p 00000000 00:00 0 
7f259e40b000-7f259e509000 rw-p 00000000 00:00 0                          [stack:23196]
7f259e509000-7f259e50a000 ---p 00000000 00:00 0 
7f259e50a000-7f259e60a000 rw-p 00000000 00:00 0                          [stack:23182]
7f259e60a000-7f259e60d000 ---p 00000000 00:00 0 
7f259e60d000-7f259e70b000 rw-p 00000000 00:00 0                          [stack:23180]
7f259e70b000-7f259e70e000 ---p 00000000 00:00 0 
7f259e70e000-7f259e80c000 rw-p 00000000 00:00 0                          [stack:23178]
7f259e80c000-7f259e80f000 ---p 00000000 00:00 0 
7f259e80f000-7f259e90d000 rw-p 00000000 00:00 0                          [stack:23176]
7f259e90d000-7f259e910000 ---p 00000000 00:00 0 
7f259e910000-7f259ea0e000 rw-p 00000000 00:00 0                          [stack:23174]
7f259ea0e000-7f259ea11000 ---p 00000000 00:00 0 
7f259ea11000-7f259eb0f000 rw-p 00000000 00:00 0                          [stack:23172]
7f259eb0f000-7f259f1f2000 r--p 00000000 08:02 6691839                    /usr/lib/locale/locale-archive
7f259f1f2000-7f259f1f5000 ---p 00000000 00:00 0 
7f259f1f5000-7f259f2f3000 rw-p 00000000 00:00 0                          [stack:23171]
7f259f2f3000-7f259f2f6000 ---p 00000000 00:00 0 
7f259f2f6000-7f259f3f4000 rw-p 00000000 00:00 0                          [stack:23170]
7f259f3f4000-7f259f3f5000 ---p 00000000 00:00 0 
7f259f3f5000-7f25a0000000 rw-p 00000000 00:00 0                          [stack:23169]
7f25a0000000-7f25a0021000 rw-p 00000000 00:00 0 
7f25a0021000-7f25a4000000 ---p 00000000 00:00 0 
7f25a4024000-7f25a4428000 rw-p 00000000 00:00 0 
7f25a4428000-7f25a4600000 r--s 03d1e000 08:02 6706415                    /usr/lib/jvm/java-8-oracle/jre/lib/rt.jar
7f25a4600000-7f25a4c40000 rw-p 00000000 00:00 0 
7f25a4c40000-7f25a4e00000 ---p 00000000 00:00 0 
7f25a4e00000-7f25a5000000 rw-p 00000000 00:00 0 
7f25a5000000-7f25a5360000 rwxp 00000000 00:00 0 
7f25a5360000-7f25b4000000 ---p 00000000 00:00 0 
7f25b4000000-7f25b4395000 rw-p 00000000 00:00 0 
7f25b4395000-7f25b8000000 ---p 00000000 00:00 0 
7f25b8016000-7f25b8025000 r--s 000df000 08:02 3824912                    /home/yonatan/Android/Sdk/build-tools/23.0.2/lib/dx.jar
7f25b8025000-7f25ba140000 rw-p 00000000 00:00 0 
7f25ba140000-7f25ba141000 ---p 00000000 00:00 0 
7f25ba141000-7f25ba241000 rw-p 00000000 00:00 0                          [stack:23166]
7f25ba241000-7f25ba242000 ---p 00000000 00:00 0 
7f25ba242000-7f25ba342000 rw-p 00000000 00:00 0                          [stack:23165]
7f25ba342000-7f25ba343000 ---p 00000000 00:00 0 
7f25ba343000-7f25ba443000 rw-p 00000000 00:00 0                          [stack:23162]
7f25ba443000-7f25ba444000 ---p 00000000 00:00 0 
7f25ba444000-7f25ba558000 rw-p 00000000 00:00 0                          [stack:23160]
7f25ba558000-7f25ba69a000 ---p 00000000 00:00 0 
7f25ba69a000-7f25ba6ae000 rw-p 00000000 00:00 0 
7f25ba6ae000-7f25ba7ef000 ---p 00000000 00:00 0 
7f25ba7ef000-7f25ba801000 rw-p 00000000 00:00 0 
7f25ba801000-7f25ba89a000 ---p 00000000 00:00 0 
7f25ba89a000-7f25ba8a9000 rw-p 00000000 00:00 0 
7f25ba8a9000-7f25bac5b000 ---p 00000000 00:00 0 
7f25bac5b000-7f25bac75000 r-xp 00000000 08:02 6706448                    /usr/lib/jvm/java-8-oracle/jre/lib/amd64/libzip.so
7f25bac75000-7f25bae75000 ---p 0001a000 08:02 6706448                    /usr/lib/jvm/java-8-oracle/jre/lib/amd64/libzip.so
7f25bae75000-7f25bae76000 rw-p 0001a000 08:02 6706448                    /usr/lib/jvm/java-8-oracle/jre/lib/amd64/libzip.so
7f25bae76000-7f25bae81000 r-xp 00000000 08:02 4353546                    /lib/x86_64-linux-gnu/libnss_files-2.19.so
7f25bae81000-7f25bb080000 ---p 0000b000 08:02 4353546                    /lib/x86_64-linux-gnu/libnss_files-2.19.so
7f25bb080000-7f25bb081000 r--p 0000a000 08:02 4353546                    /lib/x86_64-linux-gnu/libnss_files-2.19.so
7f25bb081000-7f25bb082000 rw-p 0000b000 08:02 4353546                    /lib/x86_64-linux-gnu/libnss_files-2.19.so
7f25bb082000-7f25bb08d000 r-xp 00000000 08:02 4353538                    /lib/x86_64-linux-gnu/libnss_nis-2.19.so
7f25bb08d000-7f25bb28c000 ---p 0000b000 08:02 4353538                    /lib/x86_64-linux-gnu/libnss_nis-2.19.so
7f25bb28c000-7f25bb28d000 r--p 0000a000 08:02 4353538                    /lib/x86_64-linux-gnu/libnss_nis-2.19.so
7f25bb28d000-7f25bb28e000 rw-p 0000b000 08:02 4353538                    /lib/x86_64-linux-gnu/libnss_nis-2.19.so
7f25bb28e000-7f25bb2a5000 r-xp 00000000 08:02 4353534                    /lib/x86_64-linux-gnu/libnsl-2.19.so
7f25bb2a5000-7f25bb4a4000 ---p 00017000 08:02 4353534                    /lib/x86_64-linux-gnu/libnsl-2.19.so
7f25bb4a4000-7f25bb4a5000 r--p 00016000 08:02 4353534                    /lib/x86_64-linux-gnu/libnsl-2.19.so
7f25bb4a5000-7f25bb4a6000 rw-p 00017000 08:02 4353534                    /lib/x86_64-linux-gnu/libnsl-2.19.so
7f25bb4a6000-7f25bb4a8000 rw-p 00000000 00:00 0 
7f25bb4a8000-7f25bb4b1000 r-xp 00000000 08:02 4353533                    /lib/x86_64-linux-gnu/libnss_compat-2.19.so
7f25bb4b1000-7f25bb6b0000 ---p 00009000 08:02 4353533                    /lib/x86_64-linux-gnu/libnss_compat-2.19.so
7f25bb6b0000-7f25bb6b1000 r--p 00008000 08:02 4353533                    /lib/x86_64-linux-gnu/libnss_compat-2.19.so
7f25bb6b1000-7f25bb6b2000 rw-p 00009000 08:02 4353533                    /lib/x86_64-linux-gnu/libnss_compat-2.19.so
7f25bb6b2000-7f25bb6dc000 r-xp 00000000 08:02 6706426                    /usr/lib/jvm/java-8-oracle/jre/lib/amd64/libjava.so
7f25bb6dc000-7f25bb8dc000 ---p 0002a000 08:02 6706426                    /usr/lib/jvm/java-8-oracle/jre/lib/amd64/libjava.so
7f25bb8dc000-7f25bb8de000 rw-p 0002a000 08:02 6706426                    /usr/lib/jvm/java-8-oracle/jre/lib/amd64/libjava.so
7f25bb8de000-7f25bb8eb000 r-xp 00000000 08:02 6706437                    /usr/lib/jvm/java-8-oracle/jre/lib/amd64/libverify.so
7f25bb8eb000-7f25bbaeb000 ---p 0000d000 08:02 6706437                    /usr/lib/jvm/java-8-oracle/jre/lib/amd64/libverify.so
7f25bbaeb000-7f25bbaed000 rw-p 0000d000 08:02 6706437                    /usr/lib/jvm/java-8-oracle/jre/lib/amd64/libverify.so
7f25bbaed000-7f25bbaf4000 r-xp 00000000 08:02 4353542                    /lib/x86_64-linux-gnu/librt-2.19.so
7f25bbaf4000-7f25bbcf3000 ---p 00007000 08:02 4353542                    /lib/x86_64-linux-gnu/librt-2.19.so
7f25bbcf3000-7f25bbcf4000 r--p 00006000 08:02 4353542                    /lib/x86_64-linux-gnu/librt-2.19.so
7f25bbcf4000-7f25bbcf5000 rw-p 00007000 08:02 4353542                    /lib/x86_64-linux-gnu/librt-2.19.so
7f25bbcf5000-7f25bbdfa000 r-xp 00000000 08:02 4353528                    /lib/x86_64-linux-gnu/libm-2.19.so
7f25bbdfa000-7f25bbff9000 ---p 00105000 08:02 4353528                    /lib/x86_64-linux-gnu/libm-2.19.so
7f25bbff9000-7f25bbffa000 r--p 00104000 08:02 4353528                    /lib/x86_64-linux-gnu/libm-2.19.so
7f25bbffa000-7f25bbffb000 rw-p 00105000 08:02 4353528                    /lib/x86_64-linux-gnu/libm-2.19.so
7f25bbffb000-7f25bccba000 r-xp 00000000 08:02 6706439                    /usr/lib/jvm/java-8-oracle/jre/lib/amd64/server/libjvm.so
7f25bccba000-7f25bceb9000 ---p 00cbf000 08:02 6706439                    /usr/lib/jvm/java-8-oracle/jre/lib/amd64/server/libjvm.so
7f25bceb9000-7f25bcf92000 rw-p 00cbe000 08:02 6706439                    /usr/lib/jvm/java-8-oracle/jre/lib/amd64/server/libjvm.so
7f25bcf92000-7f25bcfdb000 rw-p 00000000 00:00 0 
7f25bcfdb000-7f25bd196000 r-xp 00000000 08:02 4353543                    /lib/x86_64-linux-gnu/libc-2.19.so
7f25bd196000-7f25bd395000 ---p 001bb000 08:02 4353543                    /lib/x86_64-linux-gnu/libc-2.19.so
7f25bd395000-7f25bd399000 r--p 001ba000 08:02 4353543                    /lib/x86_64-linux-gnu/libc-2.19.so
7f25bd399000-7f25bd39b000 rw-p 001be000 08:02 4353543                    /lib/x86_64-linux-gnu/libc-2.19.so
7f25bd39b000-7f25bd3a0000 rw-p 00000000 00:00 0 
7f25bd3a0000-7f25bd3a3000 r-xp 00000000 08:02 4353530                    /lib/x86_64-linux-gnu/libdl-2.19.so
7f25bd3a3000-7f25bd5a2000 ---p 00003000 08:02 4353530                    /lib/x86_64-linux-gnu/libdl-2.19.so
7f25bd5a2000-7f25bd5a3000 r--p 00002000 08:02 4353530                    /lib/x86_64-linux-gnu/libdl-2.19.so
7f25bd5a3000-7f25bd5a4000 rw-p 00003000 08:02 4353530                    /lib/x86_64-linux-gnu/libdl-2.19.so
7f25bd5a4000-7f25bd5b9000 r-xp 00000000 08:02 6728044                    /usr/lib/jvm/java-8-oracle/lib/amd64/jli/libjli.so
7f25bd5b9000-7f25bd7b9000 ---p 00015000 08:02 6728044                    /usr/lib/jvm/java-8-oracle/lib/amd64/jli/libjli.so
7f25bd7b9000-7f25bd7ba000 rw-p 00015000 08:02 6728044                    /usr/lib/jvm/java-8-oracle/lib/amd64/jli/libjli.so
7f25bd7ba000-7f25bd7d3000 r-xp 00000000 08:02 4353535                    /lib/x86_64-linux-gnu/libpthread-2.19.so
7f25bd7d3000-7f25bd9d2000 ---p 00019000 08:02 4353535                    /lib/x86_64-linux-gnu/libpthread-2.19.so
7f25bd9d2000-7f25bd9d3000 r--p 00018000 08:02 4353535                    /lib/x86_64-linux-gnu/libpthread-2.19.so
7f25bd9d3000-7f25bd9d4000 rw-p 00019000 08:02 4353535                    /lib/x86_64-linux-gnu/libpthread-2.19.so
7f25bd9d4000-7f25bd9d8000 rw-p 00000000 00:00 0 
7f25bd9d8000-7f25bd9fb000 r-xp 00000000 08:02 4353536                    /lib/x86_64-linux-gnu/ld-2.19.so
7f25bd9fe000-7f25bda02000 r--s 00025000 08:02 3985663                    /home/yonatan/Etty/programing/androidAdvanced/FinalProject/LocationsApp/app/build/intermediates/exploded-aar/com.android.support/mediarouter-v7/23.0.0/jars/classes.jar
7f25bda02000-7f25bdad4000 rw-p 00000000 00:00 0 
7f25bdad4000-7f25bdad7000 ---p 00000000 00:00 0 
7f25bdad7000-7f25bdbee000 rw-p 00000000 00:00 0                          [stack:23158]
7f25bdbee000-7f25bdbf6000 rw-s 00000000 08:02 1976004                    /tmp/hsperfdata_yonatan/23156
7f25bdbf6000-7f25bdbf7000 rw-p 00000000 00:00 0 
7f25bdbf7000-7f25bdbf8000 ---p 00000000 00:00 0 
7f25bdbf8000-7f25bdbfa000 rw-p 00000000 00:00 0 
7f25bdbfa000-7f25bdbfb000 r--p 00022000 08:02 4353536                    /lib/x86_64-linux-gnu/ld-2.19.so
7f25bdbfb000-7f25bdbfc000 rw-p 00023000 08:02 4353536                    /lib/x86_64-linux-gnu/ld-2.19.so
7f25bdbfc000-7f25bdbfd000 rw-p 00000000 00:00 0 
7ffeb0712000-7ffeb0733000 rw-p 00000000 00:00 0                          [stack]
7ffeb0745000-7ffeb0747000 r-xp 00000000 00:00 0                          [vdso]
7ffeb0747000-7ffeb0749000 r--p 00000000 00:00 0                          [vvar]
ffffffffff600000-ffffffffff601000 r-xp 00000000 00:00 0                  [vsyscall]

VM Arguments:
jvm_args: -Djava.awt.headless=true -Xmx1024M -Dfile.encoding=UTF-8 -Duser.country=US -Duser.language=en -Duser.variant 
java_command: com.android.dx.command.Main --dex --num-threads=4 --output /home/yonatan/Etty/programing/androidAdvanced/FinalProject/LocationsApp/app/build/intermediates/pre-dexed/debug/com.android.support-mediarouter-v7-23.0.0_b074c9a649e55efbd7b79a73c3dbbb5a630658c6.jar /home/yonatan/Etty/programing/androidAdvanced/FinalProject/LocationsApp/app/build/intermediates/exploded-aar/com.android.support/mediarouter-v7/23.0.0/jars/classes.jar
java_class_path (initial): /home/yonatan/Android/Sdk/build-tools/23.0.2/lib/dx.jar
Launcher Type: SUN_STANDARD

Environment Variables:
JAVA_HOME=/usr/lib/jvm/java-8-oracle
PATH=/usr/local/sbin:/usr/local/bin:/usr/sbin:/usr/bin:/sbin:/bin:/usr/games:/usr/local/games:/usr/lib/jvm/java-8-oracle/bin:/usr/lib/jvm/java-8-oracle/db/bin:/usr/lib/jvm/java-8-oracle/jre/bin
SHELL=/bin/bash
DISPLAY=:0

Signal Handlers:
SIGSEGV: [libjvm.so+0xabb070], sa_mask[0]=11111111011111111101111111111110, sa_flags=SA_RESTART|SA_SIGINFO
SIGBUS: [libjvm.so+0xabb070], sa_mask[0]=11111111011111111101111111111110, sa_flags=SA_RESTART|SA_SIGINFO
SIGFPE: [libjvm.so+0x918480], sa_mask[0]=11111111011111111101111111111110, sa_flags=SA_RESTART|SA_SIGINFO
SIGPIPE: [libjvm.so+0x918480], sa_mask[0]=11111111011111111101111111111110, sa_flags=SA_RESTART|SA_SIGINFO
SIGXFSZ: [libjvm.so+0x918480], sa_mask[0]=11111111011111111101111111111110, sa_flags=SA_RESTART|SA_SIGINFO
SIGILL: [libjvm.so+0x918480], sa_mask[0]=11111111011111111101111111111110, sa_flags=SA_RESTART|SA_SIGINFO
SIGUSR1: SIG_DFL, sa_mask[0]=00000000000000000000000000000000, sa_flags=none
SIGUSR2: [libjvm.so+0x919ab0], sa_mask[0]=00100000000000000000000000000000, sa_flags=SA_RESTART|SA_SIGINFO
SIGHUP: [libjvm.so+0x91aeb0], sa_mask[0]=11111111011111111101111111111110, sa_flags=SA_RESTART|SA_SIGINFO
SIGINT: [libjvm.so+0x91aeb0], sa_mask[0]=11111111011111111101111111111110, sa_flags=SA_RESTART|SA_SIGINFO
SIGTERM: [libjvm.so+0x91aeb0], sa_mask[0]=11111111011111111101111111111110, sa_flags=SA_RESTART|SA_SIGINFO
SIGQUIT: [libjvm.so+0x91aeb0], sa_mask[0]=11111111011111111101111111111110, sa_flags=SA_RESTART|SA_SIGINFO


---------------  S Y S T E M  ---------------

OS:DISTRIB_ID=Ubuntu
DISTRIB_RELEASE=14.04
DISTRIB_CODENAME=trusty
DISTRIB_DESCRIPTION="Ubuntu 14.04.4 LTS"

uname:Linux 3.16.0-70-generic #90~14.04.1-Ubuntu SMP Wed Apr 6 22:56:34 UTC 2016 x86_64
libc:glibc 2.19 NPTL 2.19 
rlimit: STACK 8192k, CORE 0k, NPROC 14573, NOFILE 4096, AS infinity
load average:46.83 34.32 15.93

/proc/meminfo:
MemTotal:        3931368 kB
MemFree:           88936 kB
MemAvailable:      40796 kB
Buffers:             520 kB
Cached:           252120 kB
SwapCached:         8892 kB
Active:          2758860 kB
Inactive:         827300 kB
Active(anon):    2751536 kB
Inactive(anon):   800080 kB
Active(file):       7324 kB
Inactive(file):    27220 kB
Unevictable:          48 kB
Mlocked:              48 kB
SwapTotal:       4077564 kB
SwapFree:         160520 kB
Dirty:                 0 kB
Writeback:          1536 kB
AnonPages:       3327504 kB
Mapped:            26664 kB
Shmem:            217152 kB
Slab:              86088 kB
SReclaimable:      38108 kB
SUnreclaim:        47980 kB
KernelStack:       15200 kB
PageTables:        82204 kB
NFS_Unstable:          0 kB
Bounce:                0 kB
WritebackTmp:          0 kB
CommitLimit:     6043248 kB
Committed_AS:   17790624 kB
VmallocTotal:   34359738367 kB
VmallocUsed:      353132 kB
VmallocChunk:   34359293488 kB
HardwareCorrupted:     0 kB
AnonHugePages:    581632 kB
HugePages_Total:       0
HugePages_Free:        0
HugePages_Rsvd:        0
HugePages_Surp:        0
Hugepagesize:       2048 kB
DirectMap4k:       78192 kB
DirectMap2M:     3999744 kB


CPU:total 4 (2 cores per cpu, 2 threads per core) family 6 model 58 stepping 9, cmov, cx8, fxsr, mmx, sse, sse2, sse3, ssse3, sse4.1, sse4.2, popcnt, avx, aes, clmul, erms, ht, tsc, tscinvbit, tscinv

/proc/cpuinfo:
processor	: 0
vendor_id	: GenuineIntel
cpu family	: 6
model		: 58
model name	: Intel(R) Core(TM) i5-3317U CPU @ 1.70GHz
stepping	: 9
microcode	: 0x12
cpu MHz		: 1708.632
cache size	: 3072 KB
physical id	: 0
siblings	: 4
core id		: 0
cpu cores	: 2
apicid		: 0
initial apicid	: 0
fpu		: yes
fpu_exception	: yes
cpuid level	: 13
wp		: yes
flags		: fpu vme de pse tsc msr pae mce cx8 apic sep mtrr pge mca cmov pat pse36 clflush dts acpi mmx fxsr sse sse2 ss ht tm pbe syscall nx rdtscp lm constant_tsc arch_perfmon pebs bts rep_good nopl xtopology nonstop_tsc aperfmperf eagerfpu pni pclmulqdq dtes64 monitor ds_cpl vmx est tm2 ssse3 cx16 xtpr pdcm pcid sse4_1 sse4_2 x2apic popcnt tsc_deadline_timer aes xsave avx f16c rdrand lahf_lm ida arat epb xsaveopt pln pts dtherm tpr_shadow vnmi flexpriority ept vpid fsgsbase smep erms
bogomips	: 3392.02
clflush size	: 64
cache_alignment	: 64
address sizes	: 36 bits physical, 48 bits virtual
power management:

processor	: 1
vendor_id	: GenuineIntel
cpu family	: 6
model		: 58
model name	: Intel(R) Core(TM) i5-3317U CPU @ 1.70GHz
stepping	: 9
microcode	: 0x12
cpu MHz		: 1896.164
cache size	: 3072 KB
physical id	: 0
siblings	: 4
core id		: 1
cpu cores	: 2
apicid		: 2
initial apicid	: 2
fpu		: yes
fpu_exception	: yes
cpuid level	: 13
wp		: yes
flags		: fpu vme de pse tsc msr pae mce cx8 apic sep mtrr pge mca cmov pat pse36 clflush dts acpi mmx fxsr sse sse2 ss ht tm pbe syscall nx rdtscp lm constant_tsc arch_perfmon pebs bts rep_good nopl xtopology nonstop_tsc aperfmperf eagerfpu pni pclmulqdq dtes64 monitor ds_cpl vmx est tm2 ssse3 cx16 xtpr pdcm pcid sse4_1 sse4_2 x2apic popcnt tsc_deadline_timer aes xsave avx f16c rdrand lahf_lm ida arat epb xsaveopt pln pts dtherm tpr_shadow vnmi flexpriority ept vpid fsgsbase smep erms
bogomips	: 3392.02
clflush size	: 64
cache_alignment	: 64
address sizes	: 36 bits physical, 48 bits virtual
power management:

processor	: 2
vendor_id	: GenuineIntel
cpu family	: 6
model		: 58
model name	: Intel(R) Core(TM) i5-3317U CPU @ 1.70GHz
stepping	: 9
microcode	: 0x12
cpu MHz		: 1644.218
cache size	: 3072 KB
physical id	: 0
siblings	: 4
core id		: 0
cpu cores	: 2
apicid		: 1
initial apicid	: 1
fpu		: yes
fpu_exception	: yes
cpuid level	: 13
wp		: yes
flags		: fpu vme de pse tsc msr pae mce cx8 apic sep mtrr pge mca cmov pat pse36 clflush dts acpi mmx fxsr sse sse2 ss ht tm pbe syscall nx rdtscp lm constant_tsc arch_perfmon pebs bts rep_good nopl xtopology nonstop_tsc aperfmperf eagerfpu pni pclmulqdq dtes64 monitor ds_cpl vmx est tm2 ssse3 cx16 xtpr pdcm pcid sse4_1 sse4_2 x2apic popcnt tsc_deadline_timer aes xsave avx f16c rdrand lahf_lm ida arat epb xsaveopt pln pts dtherm tpr_shadow vnmi flexpriority ept vpid fsgsbase smep erms
bogomips	: 3392.02
clflush size	: 64
cache_alignment	: 64
address sizes	: 36 bits physical, 48 bits virtual
power management:

processor	: 3
vendor_id	: GenuineIntel
cpu family	: 6
model		: 58
model name	: Intel(R) Core(TM) i5-3317U CPU @ 1.70GHz
stepping	: 9
microcode	: 0x12
cpu MHz		: 1777.761
cache size	: 3072 KB
physical id	: 0
siblings	: 4
core id		: 1
cpu cores	: 2
apicid		: 3
initial apicid	: 3
fpu		: yes
fpu_exception	: yes
cpuid level	: 13
wp		: yes
flags		: fpu vme de pse tsc msr pae mce cx8 apic sep mtrr pge mca cmov pat pse36 clflush dts acpi mmx fxsr sse sse2 ss ht tm pbe syscall nx rdtscp lm constant_tsc arch_perfmon pebs bts rep_good nopl xtopology nonstop_tsc aperfmperf eagerfpu pni pclmulqdq dtes64 monitor ds_cpl vmx est tm2 ssse3 cx16 xtpr pdcm pcid sse4_1 sse4_2 x2apic popcnt tsc_deadline_timer aes xsave avx f16c rdrand lahf_lm ida arat epb xsaveopt pln pts dtherm tpr_shadow vnmi flexpriority ept vpid fsgsbase smep erms
bogomips	: 3392.02
clflush size	: 64
cache_alignment	: 64
address sizes	: 36 bits physical, 48 bits virtual
power management:



Memory: 4k page, physical 3931368k(88936k free), swap 4077564k(160344k free)

vm_info: Java HotSpot(TM) 64-Bit Server VM (25.77-b03) for linux-amd64 JRE (1.8.0_77-b03), built on Mar 20 2016 22:00:46 by "java_re" with gcc 4.3.0 20080428 (Red Hat 4.3.0-8)

time: Wed Apr 27 12:01:36 2016
elapsed time: 30 seconds (0d 0h 0m 30s)

