#
# There is insufficient memory for the Java Runtime Environment to continue.
# Native memory allocation (mmap) failed to map 81788928 bytes for committing reserved memory.
# Possible reasons:
#   The system is out of physical RAM or swap space
#   In 32 bit mode, the process size limit was hit
# Possible solutions:
#   Reduce memory load on the system
#   Increase physical memory or swap space
#   Check if swap backing store is full
#   Use 64 bit Java on a 64 bit OS
#   Decrease Java heap size (-Xmx/-Xms)
#   Decrease number of Java threads
#   Decrease Java thread stack sizes (-Xss)
#   Set larger code cache with -XX:ReservedCodeCacheSize=
# This output file may be truncated or incomplete.
#
#  Out of Memory Error (os_linux.cpp:2627), pid=18599, tid=140046169347840
#
# JRE version: Java(TM) SE Runtime Environment (8.0_91-b14) (build 1.8.0_91-b14)
# Java VM: Java HotSpot(TM) 64-Bit Server VM (25.91-b14 mixed mode linux-amd64 compressed oops)
# Failed to write core dump. Core dumps have been disabled. To enable core dumping, try "ulimit -c unlimited" before starting Java again
#

---------------  T H R E A D  ---------------

Current thread (0x00007f5f1c078000):  VMThread [stack: 0x00007f5f0a1d1000,0x00007f5f0a2d2000] [id=18611]

Stack: [0x00007f5f0a1d1000,0x00007f5f0a2d2000],  sp=0x00007f5f0a2d0160,  free space=1020k
Native frames: (J=compiled Java code, j=interpreted, Vv=VM code, C=native code)
V  [libjvm.so+0xabc18a]  VMError::report_and_die()+0x2ba
V  [libjvm.so+0x4fafeb]  report_vm_out_of_memory(char const*, int, unsigned long, VMErrorType, char const*)+0x8b
V  [libjvm.so+0x91cbb3]  os::Linux::commit_memory_impl(char*, unsigned long, bool)+0x103
V  [libjvm.so+0x91d109]  os::pd_commit_memory(char*, unsigned long, unsigned long, bool)+0x29
V  [libjvm.so+0x91740a]  os::commit_memory(char*, unsigned long, unsigned long, bool)+0x2a
V  [libjvm.so+0x98b033]  PSVirtualSpace::expand_by(unsigned long)+0x53
V  [libjvm.so+0x98c438]  PSYoungGen::resize_generation(unsigned long, unsigned long)+0xf8
V  [libjvm.so+0x98b592]  PSYoungGen::resize(unsigned long, unsigned long)+0x22
V  [libjvm.so+0x98886b]  PSScavenge::invoke_no_policy()+0xf3b
V  [libjvm.so+0x988ff1]  PSScavenge::invoke()+0x41
V  [libjvm.so+0x9408b0]  ParallelScavengeHeap::failed_mem_allocate(unsigned long)+0x70
V  [libjvm.so+0xabdba7]  VM_ParallelGCFailedAllocation::doit()+0x97
V  [libjvm.so+0xac55d5]  VM_Operation::evaluate()+0x55
V  [libjvm.so+0xac39aa]  VMThread::evaluate_operation(VM_Operation*)+0xba
V  [libjvm.so+0xac3d2e]  VMThread::loop()+0x1ce
V  [libjvm.so+0xac41a0]  VMThread::run()+0x70
V  [libjvm.so+0x91ef78]  java_start(Thread*)+0x108

VM_Operation (0x00007f5f08edfa80): ParallelGCFailedAllocation, mode: safepoint, requested by thread 0x00007f5f1c146000


---------------  P R O C E S S  ---------------

Java Threads: ( => current thread )
  0x00007f5f1c146000 JavaThread "pool-1-thread-4" [_thread_blocked, id=18650, stack(0x00007f5f08de1000,0x00007f5f08ee2000)]
  0x00007f5f1c143800 JavaThread "pool-1-thread-2" [_thread_blocked, id=18648, stack(0x00007f5f08fe3000,0x00007f5f090e4000)]
  0x00007f5f1c130000 JavaThread "pool-2-thread-1" [_thread_blocked, id=18647, stack(0x00007f5f090e4000,0x00007f5f091e5000)]
  0x00007f5f1c12e800 JavaThread "pool-1-thread-1" [_thread_blocked, id=18646, stack(0x00007f5f091e5000,0x00007f5f092e6000)]
  0x00007f5f1c0c1800 JavaThread "Service Thread" daemon [_thread_blocked, id=18624, stack(0x00007f5f093e7000,0x00007f5f094e8000)]
  0x00007f5f1c0be800 JavaThread "C1 CompilerThread2" daemon [_thread_blocked, id=18623, stack(0x00007f5f094e8000,0x00007f5f095e9000)]
  0x00007f5f1c0bc800 JavaThread "C2 CompilerThread1" daemon [_thread_blocked, id=18622, stack(0x00007f5f095e9000,0x00007f5f096ea000)]
  0x00007f5f1c0ba000 JavaThread "C2 CompilerThread0" daemon [_thread_blocked, id=18621, stack(0x00007f5f096ea000,0x00007f5f097eb000)]
  0x00007f5f1c0b8800 JavaThread "Signal Dispatcher" daemon [_thread_blocked, id=18620, stack(0x00007f5f097eb000,0x00007f5f098ec000)]
  0x00007f5f1c084000 JavaThread "Finalizer" daemon [_thread_blocked, id=18613, stack(0x00007f5f09fcf000,0x00007f5f0a0d0000)]
  0x00007f5f1c07f800 JavaThread "Reference Handler" daemon [_thread_blocked, id=18612, stack(0x00007f5f0a0d0000,0x00007f5f0a1d1000)]
  0x00007f5f1c00a000 JavaThread "main" [_thread_blocked, id=18601, stack(0x00007f5f24882000,0x00007f5f24983000)]

Other Threads:
=>0x00007f5f1c078000 VMThread [stack: 0x00007f5f0a1d1000,0x00007f5f0a2d2000] [id=18611]
  0x00007f5f1c0c4800 WatcherThread [stack: 0x00007f5f092e6000,0x00007f5f093e7000] [id=18625]

VM state:at safepoint (normal execution)

VM Mutex/Monitor currently owned by a thread:  ([mutex/lock_event])
[0x00007f5f1c006590] Threads_lock - owner thread: 0x00007f5f1c078000
[0x00007f5f1c006a90] Heap_lock - owner thread: 0x00007f5f1c146000

Heap:
 PSYoungGen      total 64000K, used 2528K [0x00000000eab00000, 0x00000000eec00000, 0x0000000100000000)
  eden space 61440K, 0% used [0x00000000eab00000,0x00000000eab00000,0x00000000ee700000)
  from space 2560K, 98% used [0x00000000ee700000,0x00000000ee9783e8,0x00000000ee980000)
  to   space 2560K, 0% used [0x00000000ee980000,0x00000000ee980000,0x00000000eec00000)
 ParOldGen       total 40960K, used 20962K [0x00000000c0000000, 0x00000000c2800000, 0x00000000eab00000)
  object space 40960K, 51% used [0x00000000c0000000,0x00000000c1478bb0,0x00000000c2800000)
 Metaspace       used 5909K, capacity 6896K, committed 7040K, reserved 1056768K
  class space    used 593K, capacity 616K, committed 640K, reserved 1048576K

Card table byte_map: [0x00007f5f21445000,0x00007f5f21646000] byte_map_base: 0x00007f5f20e45000

Marking Bits: (ParMarkBitMap*) 0x00007f5f23d5cd60
 Begin Bits: [0x00007f5f0b000000, 0x00007f5f0c000000)
 End Bits:   [0x00007f5f0c000000, 0x00007f5f0d000000)

Polling page: 0x00007f5f249a5000

CodeCache: size=245760Kb used=4498Kb max_used=4498Kb free=241261Kb
 bounds [0x00007f5f0d000000, 0x00007f5f0d470000, 0x00007f5f1c000000]
 total_blobs=1448 nmethods=1180 adapters=182
 compilation: enabled

Compilation events (10 events):
Event: 7.106 Thread 0x00007f5f1c0be800 nmethod 1466 0x00007f5f0d45f610 code [0x00007f5f0d45f9c0, 0x00007f5f0d460fa8]
Event: 7.106 Thread 0x00007f5f1c0be800 1505 %     3       com.android.dx.ssa.back.FirstFitLocalCombiningAllocator::handleNormalUnassociated @ 60 (99 bytes)
Event: 7.114 Thread 0x00007f5f1c0be800 nmethod 1505% 0x00007f5f0d462350 code [0x00007f5f0d462620, 0x00007f5f0d463b38]
Event: 7.114 Thread 0x00007f5f1c0be800 1508 %     3       com.android.dx.cf.code.Ropper::addExceptionSetupBlocks @ 8 (203 bytes)
Event: 7.169 Thread 0x00007f5f1c0bc800 nmethod 1475 0x00007f5f0d466110 code [0x00007f5f0d466280, 0x00007f5f0d466618]
Event: 7.169 Thread 0x00007f5f1c0bc800 1471       4       com.android.dx.ssa.SsaBasicBlock::getCountPhiInsns (45 bytes)
Event: 7.206 Thread 0x00007f5f1c0be800 nmethod 1508% 0x00007f5f0d4667d0 code [0x00007f5f0d466bc0, 0x00007f5f0d468f88]
Event: 7.206 Thread 0x00007f5f1c0be800 1513   !   3       com.android.dx.cf.code.Simulator::simulate (74 bytes)
Event: 7.232 Thread 0x00007f5f1c0be800 nmethod 1513 0x00007f5f0d456610 code [0x00007f5f0d4567e0, 0x00007f5f0d457098]
Event: 7.232 Thread 0x00007f5f1c0be800 1514 %     3       com.android.dx.ssa.SCCP::run @ 133 (298 bytes)

GC Heap History (9 events):
Event: 2.521 GC heap before
{Heap before GC invocations=1 (full 0):
 PSYoungGen      total 17920K, used 15360K [0x00000000eab00000, 0x00000000ebf00000, 0x0000000100000000)
  eden space 15360K, 100% used [0x00000000eab00000,0x00000000eba00000,0x00000000eba00000)
  from space 2560K, 0% used [0x00000000ebc80000,0x00000000ebc80000,0x00000000ebf00000)
  to   space 2560K, 0% used [0x00000000eba00000,0x00000000eba00000,0x00000000ebc80000)
 ParOldGen       total 40960K, used 0K [0x00000000c0000000, 0x00000000c2800000, 0x00000000eab00000)
  object space 40960K, 0% used [0x00000000c0000000,0x00000000c0000000,0x00000000c2800000)
 Metaspace       used 5525K, capacity 6576K, committed 6784K, reserved 1056768K
  class space    used 581K, capacity 616K, committed 640K, reserved 1048576K
Event: 2.554 GC heap after
Heap after GC invocations=1 (full 0):
 PSYoungGen      total 17920K, used 2549K [0x00000000eab00000, 0x00000000ece00000, 0x0000000100000000)
  eden space 15360K, 0% used [0x00000000eab00000,0x00000000eab00000,0x00000000eba00000)
  from space 2560K, 99% used [0x00000000eba00000,0x00000000ebc7d618,0x00000000ebc80000)
  to   space 2560K, 0% used [0x00000000ecb80000,0x00000000ecb80000,0x00000000ece00000)
 ParOldGen       total 40960K, used 1255K [0x00000000c0000000, 0x00000000c2800000, 0x00000000eab00000)
  object space 40960K, 3% used [0x00000000c0000000,0x00000000c0139ca8,0x00000000c2800000)
 Metaspace       used 5525K, capacity 6576K, committed 6784K, reserved 1056768K
  class space    used 581K, capacity 616K, committed 640K, reserved 1048576K
}
Event: 3.642 GC heap before
{Heap before GC invocations=2 (full 0):
 PSYoungGen      total 17920K, used 17909K [0x00000000eab00000, 0x00000000ece00000, 0x0000000100000000)
  eden space 15360K, 100% used [0x00000000eab00000,0x00000000eba00000,0x00000000eba00000)
  from space 2560K, 99% used [0x00000000eba00000,0x00000000ebc7d618,0x00000000ebc80000)
  to   space 2560K, 0% used [0x00000000ecb80000,0x00000000ecb80000,0x00000000ece00000)
 ParOldGen       total 40960K, used 1255K [0x00000000c0000000, 0x00000000c2800000, 0x00000000eab00000)
  object space 40960K, 3% used [0x00000000c0000000,0x00000000c0139ca8,0x00000000c2800000)
 Metaspace       used 5698K, capacity 6704K, committed 6784K, reserved 1056768K
  class space    used 586K, capacity 616K, committed 640K, reserved 1048576K
Event: 3.699 GC heap after
Heap after GC invocations=2 (full 0):
 PSYoungGen      total 33280K, used 2551K [0x00000000eab00000, 0x00000000ece00000, 0x0000000100000000)
  eden space 30720K, 0% used [0x00000000eab00000,0x00000000eab00000,0x00000000ec900000)
  from space 2560K, 99% used [0x00000000ecb80000,0x00000000ecdfdc78,0x00000000ece00000)
  to   space 2560K, 0% used [0x00000000ec900000,0x00000000ec900000,0x00000000ecb80000)
 ParOldGen       total 40960K, used 3134K [0x00000000c0000000, 0x00000000c2800000, 0x00000000eab00000)
  object space 40960K, 7% used [0x00000000c0000000,0x00000000c030fa80,0x00000000c2800000)
 Metaspace       used 5698K, capacity 6704K, committed 6784K, reserved 1056768K
  class space    used 586K, capacity 616K, committed 640K, reserved 1048576K
}
Event: 5.087 GC heap before
{Heap before GC invocations=3 (full 0):
 PSYoungGen      total 33280K, used 33271K [0x00000000eab00000, 0x00000000ece00000, 0x0000000100000000)
  eden space 30720K, 100% used [0x00000000eab00000,0x00000000ec900000,0x00000000ec900000)
  from space 2560K, 99% used [0x00000000ecb80000,0x00000000ecdfdc78,0x00000000ece00000)
  to   space 2560K, 0% used [0x00000000ec900000,0x00000000ec900000,0x00000000ecb80000)
 ParOldGen       total 40960K, used 3134K [0x00000000c0000000, 0x00000000c2800000, 0x00000000eab00000)
  object space 40960K, 7% used [0x00000000c0000000,0x00000000c030fa80,0x00000000c2800000)
 Metaspace       used 5764K, capacity 6768K, committed 7040K, reserved 1056768K
  class space    used 588K, capacity 616K, committed 640K, reserved 1048576K
Event: 5.145 GC heap after
Heap after GC invocations=3 (full 0):
 PSYoungGen      total 33280K, used 2528K [0x00000000eab00000, 0x00000000eec00000, 0x0000000100000000)
  eden space 30720K, 0% used [0x00000000eab00000,0x00000000eab00000,0x00000000ec900000)
  from space 2560K, 98% used [0x00000000ec900000,0x00000000ecb78018,0x00000000ecb80000)
  to   space 2560K, 0% used [0x00000000ee980000,0x00000000ee980000,0x00000000eec00000)
 ParOldGen       total 40960K, used 7748K [0x00000000c0000000, 0x00000000c2800000, 0x00000000eab00000)
  object space 40960K, 18% used [0x00000000c0000000,0x00000000c07911e8,0x00000000c2800000)
 Metaspace       used 5764K, capacity 6768K, committed 7040K, reserved 1056768K
  class space    used 588K, capacity 616K, committed 640K, reserved 1048576K
}
Event: 5.815 GC heap before
{Heap before GC invocations=4 (full 0):
 PSYoungGen      total 33280K, used 33248K [0x00000000eab00000, 0x00000000eec00000, 0x0000000100000000)
  eden space 30720K, 100% used [0x00000000eab00000,0x00000000ec900000,0x00000000ec900000)
  from space 2560K, 98% used [0x00000000ec900000,0x00000000ecb78018,0x00000000ecb80000)
  to   space 2560K, 0% used [0x00000000ee980000,0x00000000ee980000,0x00000000eec00000)
 ParOldGen       total 40960K, used 7748K [0x00000000c0000000, 0x00000000c2800000, 0x00000000eab00000)
  object space 40960K, 18% used [0x00000000c0000000,0x00000000c07911e8,0x00000000c2800000)
 Metaspace       used 5828K, capacity 6832K, committed 7040K, reserved 1056768K
  class space    used 591K, capacity 616K, committed 640K, reserved 1048576K
Event: 5.871 GC heap after
Heap after GC invocations=4 (full 0):
 PSYoungGen      total 64000K, used 2529K [0x00000000eab00000, 0x00000000eec00000, 0x0000000100000000)
  eden space 61440K, 0% used [0x00000000eab00000,0x00000000eab00000,0x00000000ee700000)
  from space 2560K, 98% used [0x00000000ee980000,0x00000000eebf8538,0x00000000eec00000)
  to   space 2560K, 0% used [0x00000000ee700000,0x00000000ee700000,0x00000000ee980000)
 ParOldGen       total 40960K, used 12203K [0x00000000c0000000, 0x00000000c2800000, 0x00000000eab00000)
  object space 40960K, 29% used [0x00000000c0000000,0x00000000c0beaf20,0x00000000c2800000)
 Metaspace       used 5828K, capacity 6832K, committed 7040K, reserved 1056768K
  class space    used 591K, capacity 616K, committed 640K, reserved 1048576K
}
Event: 7.330 GC heap before
{Heap before GC invocations=5 (full 0):
 PSYoungGen      total 64000K, used 63969K [0x00000000eab00000, 0x00000000eec00000, 0x0000000100000000)
  eden space 61440K, 100% used [0x00000000eab00000,0x00000000ee700000,0x00000000ee700000)
  from space 2560K, 98% used [0x00000000ee980000,0x00000000eebf8538,0x00000000eec00000)
  to   space 2560K, 0% used [0x00000000ee700000,0x00000000ee700000,0x00000000ee980000)
 ParOldGen       total 40960K, used 12203K [0x00000000c0000000, 0x00000000c2800000, 0x00000000eab00000)
  object space 40960K, 29% used [0x00000000c0000000,0x00000000c0beaf20,0x00000000c2800000)
 Metaspace       used 5909K, capacity 6896K, committed 7040K, reserved 1056768K
  class space    used 593K, capacity 616K, committed 640K, reserved 1048576K

Deoptimization events (10 events):
Event: 4.354 Thread 0x00007f5f1c144000 Uncommon trap: reason=class_check action=maybe_recompile pc=0x00007f5f0d1e6084 method=com.android.dx.ssa.NormalSsaInsn.accept(Lcom/android/dx/ssa/SsaInsn$Visitor;)V @ 9
Event: 5.072 Thread 0x00007f5f1c00a000 Uncommon trap: reason=unstable_if action=reinterpret pc=0x00007f5f0d33c290 method=java.lang.String.<init>([CII)V @ 18
Event: 5.237 Thread 0x00007f5f1c143800 Uncommon trap: reason=bimorphic action=maybe_recompile pc=0x00007f5f0d2d7138 method=java.util.HashMap.getNode(ILjava/lang/Object;)Ljava/util/HashMap$Node; @ 126
Event: 5.237 Thread 0x00007f5f1c143800 Uncommon trap: reason=bimorphic action=maybe_recompile pc=0x00007f5f0d2d7138 method=java.util.HashMap.getNode(ILjava/lang/Object;)Ljava/util/HashMap$Node; @ 126
Event: 5.391 Thread 0x00007f5f1c00a000 Uncommon trap: reason=unstable_if action=reinterpret pc=0x00007f5f0d300c9c method=com.android.dx.rop.cst.Constant.compareTo(Lcom/android/dx/rop/cst/Constant;)I @ 12
Event: 5.611 Thread 0x00007f5f1c00a000 Uncommon trap: reason=unstable_if action=reinterpret pc=0x00007f5f0d3221b0 method=com.android.dx.rop.code.LocalItem.hashCode()I @ 25
Event: 5.951 Thread 0x00007f5f1c00a000 Uncommon trap: reason=unstable_if action=reinterpret pc=0x00007f5f0d1c24d4 method=java.lang.String.<init>([CII)V @ 18
Event: 6.088 Thread 0x00007f5f1c00a000 Uncommon trap: reason=bimorphic action=maybe_recompile pc=0x00007f5f0d2d7138 method=java.util.HashMap.getNode(ILjava/lang/Object;)Ljava/util/HashMap$Node; @ 126
Event: 6.525 Thread 0x00007f5f1c144000 Uncommon trap: reason=bimorphic action=maybe_recompile pc=0x00007f5f0d2d7138 method=java.util.HashMap.getNode(ILjava/lang/Object;)Ljava/util/HashMap$Node; @ 126
Event: 6.525 Thread 0x00007f5f1c144000 Uncommon trap: reason=bimorphic action=maybe_recompile pc=0x00007f5f0d2ccbe8 method=java.util.HashMap.getNode(ILjava/lang/Object;)Ljava/util/HashMap$Node; @ 126

Internal exceptions (3 events):
Event: 0.190 Thread 0x00007f5f1c00a000 Exception <a 'java/lang/NoSuchMethodError': Method sun.misc.Unsafe.defineClass(Ljava/lang/String;[BII)Ljava/lang/Class; name or signature does not match> (0x00000000eab07cc0) thrown at [/HUDSON/workspace/8-2-build-linux-amd64/jdk8u91/6644/hotspot/src/shar
Event: 0.190 Thread 0x00007f5f1c00a000 Exception <a 'java/lang/NoSuchMethodError': Method sun.misc.Unsafe.prefetchRead(Ljava/lang/Object;J)V name or signature does not match> (0x00000000eab07fa8) thrown at [/HUDSON/workspace/8-2-build-linux-amd64/jdk8u91/6644/hotspot/src/share/vm/prims/jni.cpp
Event: 4.208 Thread 0x00007f5f1c12e800 Implicit null exception at 0x00007f5f0d220822 to 0x00007f5f0d220913

Events (10 events):
Event: 7.172 Thread 0x00007f5f1c143800 DEOPT UNPACKING pc=0x00007f5f0d047633 sp=0x00007f5f090e1c58 mode 0
Event: 7.174 Thread 0x00007f5f1c143800 DEOPT PACKING pc=0x00007f5f0d27072d sp=0x00007f5f090e1ed0
Event: 7.174 Thread 0x00007f5f1c143800 DEOPT UNPACKING pc=0x00007f5f0d047633 sp=0x00007f5f090e1c58 mode 0
Event: 7.187 loading class java/util/HashMap$KeySet done
Event: 7.193 loading class java/util/HashMap$KeyIterator
Event: 7.194 loading class java/util/HashMap$KeyIterator done
Event: 7.198 Thread 0x00007f5f1c144000 Thread exited: 0x00007f5f1c144000
Event: 7.237 Thread 0x00007f5f1c146000 DEOPT PACKING pc=0x00007f5f0d27072d sp=0x00007f5f08edfbd0
Event: 7.237 Thread 0x00007f5f1c146000 DEOPT UNPACKING pc=0x00007f5f0d047633 sp=0x00007f5f08edf958 mode 0
Event: 7.267 Executing VM operation: ParallelGCFailedAllocation


Dynamic libraries:
00400000-00401000 r-xp 00000000 08:02 6686124                            /usr/lib/jvm/java-8-oracle/bin/java
00600000-00601000 rw-p 00000000 08:02 6686124                            /usr/lib/jvm/java-8-oracle/bin/java
00fc1000-00fe2000 rw-p 00000000 00:00 0                                  [heap]
c0000000-c2800000 rw-p 00000000 00:00 0 
c2800000-eab00000 ---p 00000000 00:00 0 
eab00000-eec00000 rw-p 00000000 00:00 0 
f3a00000-100000000 ---p 00000000 00:00 0 
100000000-1000a0000 rw-p 00000000 00:00 0 
1000a0000-140000000 ---p 00000000 00:00 0 
7f5ebc000000-7f5ebc021000 rw-p 00000000 00:00 0 
7f5ebc021000-7f5ec0000000 ---p 00000000 00:00 0 
7f5ec0000000-7f5ec0021000 rw-p 00000000 00:00 0 
7f5ec0021000-7f5ec4000000 ---p 00000000 00:00 0 
7f5ec4000000-7f5ec4021000 rw-p 00000000 00:00 0 
7f5ec4021000-7f5ec8000000 ---p 00000000 00:00 0 
7f5ec8000000-7f5ec802d000 rw-p 00000000 00:00 0 
7f5ec802d000-7f5ecc000000 ---p 00000000 00:00 0 
7f5ecc000000-7f5ecc021000 rw-p 00000000 00:00 0 
7f5ecc021000-7f5ed0000000 ---p 00000000 00:00 0 
7f5ed0000000-7f5ed0034000 rw-p 00000000 00:00 0 
7f5ed0034000-7f5ed4000000 ---p 00000000 00:00 0 
7f5ed4000000-7f5ed458e000 rw-p 00000000 00:00 0 
7f5ed458e000-7f5ed8000000 ---p 00000000 00:00 0 
7f5ed8000000-7f5ed8021000 rw-p 00000000 00:00 0 
7f5ed8021000-7f5edc000000 ---p 00000000 00:00 0 
7f5edc000000-7f5edc461000 rw-p 00000000 00:00 0 
7f5edc461000-7f5ee0000000 ---p 00000000 00:00 0 
7f5ee0000000-7f5ee0573000 rw-p 00000000 00:00 0 
7f5ee0573000-7f5ee4000000 ---p 00000000 00:00 0 
7f5ee4000000-7f5ee4021000 rw-p 00000000 00:00 0 
7f5ee4021000-7f5ee8000000 ---p 00000000 00:00 0 
7f5ee8000000-7f5ee8021000 rw-p 00000000 00:00 0 
7f5ee8021000-7f5eec000000 ---p 00000000 00:00 0 
7f5eec000000-7f5eec28c000 rw-p 00000000 00:00 0 
7f5eec28c000-7f5ef0000000 ---p 00000000 00:00 0 
7f5ef0000000-7f5ef0021000 rw-p 00000000 00:00 0 
7f5ef0021000-7f5ef4000000 ---p 00000000 00:00 0 
7f5ef4000000-7f5ef4021000 rw-p 00000000 00:00 0 
7f5ef4021000-7f5ef8000000 ---p 00000000 00:00 0 
7f5ef8000000-7f5ef8021000 rw-p 00000000 00:00 0 
7f5ef8021000-7f5efc000000 ---p 00000000 00:00 0 
7f5efc000000-7f5efc021000 rw-p 00000000 00:00 0 
7f5efc021000-7f5f00000000 ---p 00000000 00:00 0 
7f5f04000000-7f5f04021000 rw-p 00000000 00:00 0 
7f5f04021000-7f5f08000000 ---p 00000000 00:00 0 
7f5f08de1000-7f5f08de4000 ---p 00000000 00:00 0 
7f5f08de4000-7f5f08ee2000 rw-p 00000000 00:00 0                          [stack:18650]
7f5f08ee2000-7f5f08ee5000 ---p 00000000 00:00 0 
7f5f08ee5000-7f5f08fe3000 rw-p 00000000 00:00 0 
7f5f08fe3000-7f5f08fe6000 ---p 00000000 00:00 0 
7f5f08fe6000-7f5f090e4000 rw-p 00000000 00:00 0                          [stack:18648]
7f5f090e4000-7f5f090e7000 ---p 00000000 00:00 0 
7f5f090e7000-7f5f091e5000 rw-p 00000000 00:00 0                          [stack:18647]
7f5f091e5000-7f5f091e8000 ---p 00000000 00:00 0 
7f5f091e8000-7f5f092e6000 rw-p 00000000 00:00 0                          [stack:18646]
7f5f092e6000-7f5f092e7000 ---p 00000000 00:00 0 
7f5f092e7000-7f5f093e7000 rw-p 00000000 00:00 0                          [stack:18625]
7f5f093e7000-7f5f093ea000 ---p 00000000 00:00 0 
7f5f093ea000-7f5f094e8000 rw-p 00000000 00:00 0                          [stack:18624]
7f5f094e8000-7f5f094eb000 ---p 00000000 00:00 0 
7f5f094eb000-7f5f095e9000 rw-p 00000000 00:00 0                          [stack:18623]
7f5f095e9000-7f5f095ec000 ---p 00000000 00:00 0 
7f5f095ec000-7f5f096ea000 rw-p 00000000 00:00 0                          [stack:18622]
7f5f096ea000-7f5f096ed000 ---p 00000000 00:00 0 
7f5f096ed000-7f5f097eb000 rw-p 00000000 00:00 0                          [stack:18621]
7f5f097eb000-7f5f097ee000 ---p 00000000 00:00 0 
7f5f097ee000-7f5f098ec000 rw-p 00000000 00:00 0                          [stack:18620]
7f5f098ec000-7f5f09fcf000 r--p 00000000 08:02 6691839                    /usr/lib/locale/locale-archive
7f5f09fcf000-7f5f09fd2000 ---p 00000000 00:00 0 
7f5f09fd2000-7f5f0a0d0000 rw-p 00000000 00:00 0                          [stack:18613]
7f5f0a0d0000-7f5f0a0d3000 ---p 00000000 00:00 0 
7f5f0a0d3000-7f5f0a1d1000 rw-p 00000000 00:00 0                          [stack:18612]
7f5f0a1d1000-7f5f0a1d2000 ---p 00000000 00:00 0 
7f5f0a1d2000-7f5f0d000000 rw-p 00000000 00:00 0                          [stack:18611]
7f5f0d000000-7f5f0d470000 rwxp 00000000 00:00 0 
7f5f0d470000-7f5f1c000000 ---p 00000000 00:00 0 
7f5f1c000000-7f5f1c38d000 rw-p 00000000 00:00 0 
7f5f1c38d000-7f5f20000000 ---p 00000000 00:00 0 
7f5f20007000-7f5f20016000 r--s 000df000 08:02 3824912                    /home/yonatan/Android/Sdk/build-tools/23.0.2/lib/dx.jar
7f5f20016000-7f5f2029c000 rw-p 00000000 00:00 0 
7f5f2029c000-7f5f20475000 r--s 03d1f000 08:02 6706386                    /usr/lib/jvm/java-8-oracle/jre/lib/rt.jar
7f5f20475000-7f5f20b2b000 rw-p 00000000 00:00 0 
7f5f20b2b000-7f5f20ceb000 ---p 00000000 00:00 0 
7f5f20ceb000-7f5f20eeb000 rw-p 00000000 00:00 0 
7f5f20eeb000-7f5f20eec000 ---p 00000000 00:00 0 
7f5f20eec000-7f5f20fec000 rw-p 00000000 00:00 0                          [stack:18608]
7f5f20fec000-7f5f20fed000 ---p 00000000 00:00 0 
7f5f20fed000-7f5f210ed000 rw-p 00000000 00:00 0                          [stack:18607]
7f5f210ed000-7f5f210ee000 ---p 00000000 00:00 0 
7f5f210ee000-7f5f211ee000 rw-p 00000000 00:00 0                          [stack:18605]
7f5f211ee000-7f5f211ef000 ---p 00000000 00:00 0 
7f5f211ef000-7f5f21303000 rw-p 00000000 00:00 0                          [stack:18604]
7f5f21303000-7f5f21445000 ---p 00000000 00:00 0 
7f5f21445000-7f5f21459000 rw-p 00000000 00:00 0 
7f5f21459000-7f5f2159a000 ---p 00000000 00:00 0 
7f5f2159a000-7f5f215bb000 rw-p 00000000 00:00 0 
7f5f215bb000-7f5f21645000 ---p 00000000 00:00 0 
7f5f21645000-7f5f21658000 rw-p 00000000 00:00 0 
7f5f21658000-7f5f21a06000 ---p 00000000 00:00 0 
7f5f21a06000-7f5f21a20000 r-xp 00000000 08:02 6706420                    /usr/lib/jvm/java-8-oracle/jre/lib/amd64/libzip.so
7f5f21a20000-7f5f21c20000 ---p 0001a000 08:02 6706420                    /usr/lib/jvm/java-8-oracle/jre/lib/amd64/libzip.so
7f5f21c20000-7f5f21c21000 rw-p 0001a000 08:02 6706420                    /usr/lib/jvm/java-8-oracle/jre/lib/amd64/libzip.so
7f5f21c21000-7f5f21c2c000 r-xp 00000000 08:02 4353546                    /lib/x86_64-linux-gnu/libnss_files-2.19.so
7f5f21c2c000-7f5f21e2b000 ---p 0000b000 08:02 4353546                    /lib/x86_64-linux-gnu/libnss_files-2.19.so
7f5f21e2b000-7f5f21e2c000 r--p 0000a000 08:02 4353546                    /lib/x86_64-linux-gnu/libnss_files-2.19.so
7f5f21e2c000-7f5f21e2d000 rw-p 0000b000 08:02 4353546                    /lib/x86_64-linux-gnu/libnss_files-2.19.so
7f5f21e2d000-7f5f21e38000 r-xp 00000000 08:02 4353538                    /lib/x86_64-linux-gnu/libnss_nis-2.19.so
7f5f21e38000-7f5f22037000 ---p 0000b000 08:02 4353538                    /lib/x86_64-linux-gnu/libnss_nis-2.19.so
7f5f22037000-7f5f22038000 r--p 0000a000 08:02 4353538                    /lib/x86_64-linux-gnu/libnss_nis-2.19.so
7f5f22038000-7f5f22039000 rw-p 0000b000 08:02 4353538                    /lib/x86_64-linux-gnu/libnss_nis-2.19.so
7f5f22039000-7f5f22050000 r-xp 00000000 08:02 4353534                    /lib/x86_64-linux-gnu/libnsl-2.19.so
7f5f22050000-7f5f2224f000 ---p 00017000 08:02 4353534                    /lib/x86_64-linux-gnu/libnsl-2.19.so
7f5f2224f000-7f5f22250000 r--p 00016000 08:02 4353534                    /lib/x86_64-linux-gnu/libnsl-2.19.so
7f5f22250000-7f5f22251000 rw-p 00017000 08:02 4353534                    /lib/x86_64-linux-gnu/libnsl-2.19.so
7f5f22251000-7f5f22253000 rw-p 00000000 00:00 0 
7f5f22253000-7f5f2225c000 r-xp 00000000 08:02 4353533                    /lib/x86_64-linux-gnu/libnss_compat-2.19.so
7f5f2225c000-7f5f2245b000 ---p 00009000 08:02 4353533                    /lib/x86_64-linux-gnu/libnss_compat-2.19.so
7f5f2245b000-7f5f2245c000 r--p 00008000 08:02 4353533                    /lib/x86_64-linux-gnu/libnss_compat-2.19.so
7f5f2245c000-7f5f2245d000 rw-p 00009000 08:02 4353533                    /lib/x86_64-linux-gnu/libnss_compat-2.19.so
7f5f2245d000-7f5f22487000 r-xp 00000000 08:02 6706397                    /usr/lib/jvm/java-8-oracle/jre/lib/amd64/libjava.so
7f5f22487000-7f5f22687000 ---p 0002a000 08:02 6706397                    /usr/lib/jvm/java-8-oracle/jre/lib/amd64/libjava.so
7f5f22687000-7f5f22689000 rw-p 0002a000 08:02 6706397                    /usr/lib/jvm/java-8-oracle/jre/lib/amd64/libjava.so
7f5f22689000-7f5f22696000 r-xp 00000000 08:02 6706408                    /usr/lib/jvm/java-8-oracle/jre/lib/amd64/libverify.so
7f5f22696000-7f5f22896000 ---p 0000d000 08:02 6706408                    /usr/lib/jvm/java-8-oracle/jre/lib/amd64/libverify.so
7f5f22896000-7f5f22898000 rw-p 0000d000 08:02 6706408                    /usr/lib/jvm/java-8-oracle/jre/lib/amd64/libverify.so
7f5f22898000-7f5f2289f000 r-xp 00000000 08:02 4353542                    /lib/x86_64-linux-gnu/librt-2.19.so
7f5f2289f000-7f5f22a9e000 ---p 00007000 08:02 4353542                    /lib/x86_64-linux-gnu/librt-2.19.so
7f5f22a9e000-7f5f22a9f000 r--p 00006000 08:02 4353542                    /lib/x86_64-linux-gnu/librt-2.19.so
7f5f22a9f000-7f5f22aa0000 rw-p 00007000 08:02 4353542                    /lib/x86_64-linux-gnu/librt-2.19.so
7f5f22aa0000-7f5f22ba5000 r-xp 00000000 08:02 4353528                    /lib/x86_64-linux-gnu/libm-2.19.so
7f5f22ba5000-7f5f22da4000 ---p 00105000 08:02 4353528                    /lib/x86_64-linux-gnu/libm-2.19.so
7f5f22da4000-7f5f22da5000 r--p 00104000 08:02 4353528                    /lib/x86_64-linux-gnu/libm-2.19.so
7f5f22da5000-7f5f22da6000 rw-p 00105000 08:02 4353528                    /lib/x86_64-linux-gnu/libm-2.19.so
7f5f22da6000-7f5f23a66000 r-xp 00000000 08:02 6706410                    /usr/lib/jvm/java-8-oracle/jre/lib/amd64/server/libjvm.so
7f5f23a66000-7f5f23c66000 ---p 00cc0000 08:02 6706410                    /usr/lib/jvm/java-8-oracle/jre/lib/amd64/server/libjvm.so
7f5f23c66000-7f5f23d3e000 rw-p 00cc0000 08:02 6706410                    /usr/lib/jvm/java-8-oracle/jre/lib/amd64/server/libjvm.so
7f5f23d3e000-7f5f23d89000 rw-p 00000000 00:00 0 
7f5f23d89000-7f5f23f44000 r-xp 00000000 08:02 4353543                    /lib/x86_64-linux-gnu/libc-2.19.so
7f5f23f44000-7f5f24143000 ---p 001bb000 08:02 4353543                    /lib/x86_64-linux-gnu/libc-2.19.so
7f5f24143000-7f5f24147000 r--p 001ba000 08:02 4353543                    /lib/x86_64-linux-gnu/libc-2.19.so
7f5f24147000-7f5f24149000 rw-p 001be000 08:02 4353543                    /lib/x86_64-linux-gnu/libc-2.19.so
7f5f24149000-7f5f2414e000 rw-p 00000000 00:00 0 
7f5f2414e000-7f5f24151000 r-xp 00000000 08:02 4353530                    /lib/x86_64-linux-gnu/libdl-2.19.so
7f5f24151000-7f5f24350000 ---p 00003000 08:02 4353530                    /lib/x86_64-linux-gnu/libdl-2.19.so
7f5f24350000-7f5f24351000 r--p 00002000 08:02 4353530                    /lib/x86_64-linux-gnu/libdl-2.19.so
7f5f24351000-7f5f24352000 rw-p 00003000 08:02 4353530                    /lib/x86_64-linux-gnu/libdl-2.19.so
7f5f24352000-7f5f24367000 r-xp 00000000 08:02 6728016                    /usr/lib/jvm/java-8-oracle/lib/amd64/jli/libjli.so
7f5f24367000-7f5f24567000 ---p 00015000 08:02 6728016                    /usr/lib/jvm/java-8-oracle/lib/amd64/jli/libjli.so
7f5f24567000-7f5f24568000 rw-p 00015000 08:02 6728016                    /usr/lib/jvm/java-8-oracle/lib/amd64/jli/libjli.so
7f5f24568000-7f5f24581000 r-xp 00000000 08:02 4353535                    /lib/x86_64-linux-gnu/libpthread-2.19.so
7f5f24581000-7f5f24780000 ---p 00019000 08:02 4353535                    /lib/x86_64-linux-gnu/libpthread-2.19.so
7f5f24780000-7f5f24781000 r--p 00018000 08:02 4353535                    /lib/x86_64-linux-gnu/libpthread-2.19.so
7f5f24781000-7f5f24782000 rw-p 00019000 08:02 4353535                    /lib/x86_64-linux-gnu/libpthread-2.19.so
7f5f24782000-7f5f24786000 rw-p 00000000 00:00 0 
7f5f24786000-7f5f247a9000 r-xp 00000000 08:02 4353536                    /lib/x86_64-linux-gnu/ld-2.19.so
7f5f247b0000-7f5f24882000 rw-p 00000000 00:00 0 
7f5f24882000-7f5f24885000 ---p 00000000 00:00 0 
7f5f24885000-7f5f2499c000 rw-p 00000000 00:00 0                          [stack:18601]
7f5f2499c000-7f5f249a4000 rw-s 00000000 08:02 1976047                    /tmp/hsperfdata_yonatan/18599
7f5f249a4000-7f5f249a5000 rw-p 00000000 00:00 0 
7f5f249a5000-7f5f249a6000 ---p 00000000 00:00 0 
7f5f249a6000-7f5f249a8000 rw-p 00000000 00:00 0 
7f5f249a8000-7f5f249a9000 r--p 00022000 08:02 4353536                    /lib/x86_64-linux-gnu/ld-2.19.so
7f5f249a9000-7f5f249aa000 rw-p 00023000 08:02 4353536                    /lib/x86_64-linux-gnu/ld-2.19.so
7f5f249aa000-7f5f249ab000 rw-p 00000000 00:00 0 
7ffd987d0000-7ffd987f1000 rw-p 00000000 00:00 0                          [stack]
7ffd987f3000-7ffd987f5000 r-xp 00000000 00:00 0                          [vdso]
7ffd987f5000-7ffd987f7000 r--p 00000000 00:00 0                          [vvar]
ffffffffff600000-ffffffffff601000 r-xp 00000000 00:00 0                  [vsyscall]

VM Arguments:
jvm_args: -Djava.awt.headless=true -Xmx1024M -Dfile.encoding=UTF-8 -Duser.country=US -Duser.language=en -Duser.variant 
java_command: com.android.dx.command.Main --dex --num-threads=4 --output /home/yonatan/Etty/programing/androidAdvanced/FinalProject/LocationsApp/app/build/intermediates/pre-dexed/debug/com.google.android.gms-play-services-measurement-8.4.0_0f6a265bd822d30dc1841d61fd96b0bc0bbb56b4.jar /home/yonatan/Etty/programing/androidAdvanced/FinalProject/LocationsApp/app/build/intermediates/exploded-aar/com.google.android.gms/play-services-measurement/8.4.0/jars/classes.jar
java_class_path (initial): /home/yonatan/Android/Sdk/build-tools/23.0.2/lib/dx.jar
Launcher Type: SUN_STANDARD

Environment Variables:
JAVA_HOME=/usr/lib/jvm/java-8-oracle
PATH=/usr/local/sbin:/usr/local/bin:/usr/sbin:/usr/bin:/sbin:/bin:/usr/games:/usr/local/games:/usr/lib/jvm/java-8-oracle/bin:/usr/lib/jvm/java-8-oracle/db/bin:/usr/lib/jvm/java-8-oracle/jre/bin
SHELL=/bin/bash
DISPLAY=:0

Signal Handlers:
SIGSEGV: [libjvm.so+0xabca10], sa_mask[0]=11111111011111111101111111111110, sa_flags=SA_RESTART|SA_SIGINFO
SIGBUS: [libjvm.so+0xabca10], sa_mask[0]=11111111011111111101111111111110, sa_flags=SA_RESTART|SA_SIGINFO
SIGFPE: [libjvm.so+0x919a20], sa_mask[0]=11111111011111111101111111111110, sa_flags=SA_RESTART|SA_SIGINFO
SIGPIPE: [libjvm.so+0x919a20], sa_mask[0]=11111111011111111101111111111110, sa_flags=SA_RESTART|SA_SIGINFO
SIGXFSZ: [libjvm.so+0x919a20], sa_mask[0]=11111111011111111101111111111110, sa_flags=SA_RESTART|SA_SIGINFO
SIGILL: [libjvm.so+0x919a20], sa_mask[0]=11111111011111111101111111111110, sa_flags=SA_RESTART|SA_SIGINFO
SIGUSR1: SIG_DFL, sa_mask[0]=00000000000000000000000000000000, sa_flags=none
SIGUSR2: [libjvm.so+0x91b050], sa_mask[0]=00100000000000000000000000000000, sa_flags=SA_RESTART|SA_SIGINFO
SIGHUP: [libjvm.so+0x91c450], sa_mask[0]=11111111011111111101111111111110, sa_flags=SA_RESTART|SA_SIGINFO
SIGINT: [libjvm.so+0x91c450], sa_mask[0]=11111111011111111101111111111110, sa_flags=SA_RESTART|SA_SIGINFO
SIGTERM: [libjvm.so+0x91c450], sa_mask[0]=11111111011111111101111111111110, sa_flags=SA_RESTART|SA_SIGINFO
SIGQUIT: [libjvm.so+0x91c450], sa_mask[0]=11111111011111111101111111111110, sa_flags=SA_RESTART|SA_SIGINFO


---------------  S Y S T E M  ---------------

OS:DISTRIB_ID=Ubuntu
DISTRIB_RELEASE=14.04
DISTRIB_CODENAME=trusty
DISTRIB_DESCRIPTION="Ubuntu 14.04.4 LTS"

uname:Linux 3.16.0-70-generic #90~14.04.1-Ubuntu SMP Wed Apr 6 22:56:34 UTC 2016 x86_64
libc:glibc 2.19 NPTL 2.19 
rlimit: STACK 8192k, CORE 0k, NPROC 14573, NOFILE 4096, AS infinity
load average:49.64 26.07 12.89

/proc/meminfo:
MemTotal:        3931368 kB
MemFree:           92016 kB
MemAvailable:      31872 kB
Buffers:             152 kB
Cached:           205992 kB
SwapCached:          300 kB
Active:          2728092 kB
Inactive:         857412 kB
Active(anon):    2724304 kB
Inactive(anon):   853584 kB
Active(file):       3788 kB
Inactive(file):     3828 kB
Unevictable:          48 kB
Mlocked:              48 kB
SwapTotal:       4077564 kB
SwapFree:              0 kB
Dirty:                 4 kB
Writeback:             0 kB
AnonPages:       3380380 kB
Mapped:             6688 kB
Shmem:            197340 kB
Slab:              88164 kB
SReclaimable:      41028 kB
SUnreclaim:        47136 kB
KernelStack:       15472 kB
PageTables:        76332 kB
NFS_Unstable:          0 kB
Bounce:                0 kB
WritebackTmp:          0 kB
CommitLimit:     6043248 kB
Committed_AS:   16940436 kB
VmallocTotal:   34359738367 kB
VmallocUsed:      356248 kB
VmallocChunk:   34359334032 kB
HardwareCorrupted:     0 kB
AnonHugePages:    780288 kB
HugePages_Total:       0
HugePages_Free:        0
HugePages_Rsvd:        0
HugePages_Surp:        0
Hugepagesize:       2048 kB
DirectMap4k:       92528 kB
DirectMap2M:     3985408 kB


CPU:total 4 (2 cores per cpu, 2 threads per core) family 6 model 58 stepping 9, cmov, cx8, fxsr, mmx, sse, sse2, sse3, ssse3, sse4.1, sse4.2, popcnt, avx, aes, clmul, erms, ht, tsc, tscinvbit, tscinv

/proc/cpuinfo:
processor	: 0
vendor_id	: GenuineIntel
cpu family	: 6
model		: 58
model name	: Intel(R) Core(TM) i5-3317U CPU @ 1.70GHz
stepping	: 9
microcode	: 0x12
cpu MHz		: 2399.988
cache size	: 3072 KB
physical id	: 0
siblings	: 4
core id		: 0
cpu cores	: 2
apicid		: 0
initial apicid	: 0
fpu		: yes
fpu_exception	: yes
cpuid level	: 13
wp		: yes
flags		: fpu vme de pse tsc msr pae mce cx8 apic sep mtrr pge mca cmov pat pse36 clflush dts acpi mmx fxsr sse sse2 ss ht tm pbe syscall nx rdtscp lm constant_tsc arch_perfmon pebs bts rep_good nopl xtopology nonstop_tsc aperfmperf eagerfpu pni pclmulqdq dtes64 monitor ds_cpl vmx est tm2 ssse3 cx16 xtpr pdcm pcid sse4_1 sse4_2 x2apic popcnt tsc_deadline_timer aes xsave avx f16c rdrand lahf_lm ida arat epb xsaveopt pln pts dtherm tpr_shadow vnmi flexpriority ept vpid fsgsbase smep erms
bogomips	: 3392.17
clflush size	: 64
cache_alignment	: 64
address sizes	: 36 bits physical, 48 bits virtual
power management:

processor	: 1
vendor_id	: GenuineIntel
cpu family	: 6
model		: 58
model name	: Intel(R) Core(TM) i5-3317U CPU @ 1.70GHz
stepping	: 9
microcode	: 0x12
cpu MHz		: 2399.988
cache size	: 3072 KB
physical id	: 0
siblings	: 4
core id		: 1
cpu cores	: 2
apicid		: 2
initial apicid	: 2
fpu		: yes
fpu_exception	: yes
cpuid level	: 13
wp		: yes
flags		: fpu vme de pse tsc msr pae mce cx8 apic sep mtrr pge mca cmov pat pse36 clflush dts acpi mmx fxsr sse sse2 ss ht tm pbe syscall nx rdtscp lm constant_tsc arch_perfmon pebs bts rep_good nopl xtopology nonstop_tsc aperfmperf eagerfpu pni pclmulqdq dtes64 monitor ds_cpl vmx est tm2 ssse3 cx16 xtpr pdcm pcid sse4_1 sse4_2 x2apic popcnt tsc_deadline_timer aes xsave avx f16c rdrand lahf_lm ida arat epb xsaveopt pln pts dtherm tpr_shadow vnmi flexpriority ept vpid fsgsbase smep erms
bogomips	: 3392.17
clflush size	: 64
cache_alignment	: 64
address sizes	: 36 bits physical, 48 bits virtual
power management:

processor	: 2
vendor_id	: GenuineIntel
cpu family	: 6
model		: 58
model name	: Intel(R) Core(TM) i5-3317U CPU @ 1.70GHz
stepping	: 9
microcode	: 0x12
cpu MHz		: 2399.988
cache size	: 3072 KB
physical id	: 0
siblings	: 4
core id		: 0
cpu cores	: 2
apicid		: 1
initial apicid	: 1
fpu		: yes
fpu_exception	: yes
cpuid level	: 13
wp		: yes
flags		: fpu vme de pse tsc msr pae mce cx8 apic sep mtrr pge mca cmov pat pse36 clflush dts acpi mmx fxsr sse sse2 ss ht tm pbe syscall nx rdtscp lm constant_tsc arch_perfmon pebs bts rep_good nopl xtopology nonstop_tsc aperfmperf eagerfpu pni pclmulqdq dtes64 monitor ds_cpl vmx est tm2 ssse3 cx16 xtpr pdcm pcid sse4_1 sse4_2 x2apic popcnt tsc_deadline_timer aes xsave avx f16c rdrand lahf_lm ida arat epb xsaveopt pln pts dtherm tpr_shadow vnmi flexpriority ept vpid fsgsbase smep erms
bogomips	: 3392.17
clflush size	: 64
cache_alignment	: 64
address sizes	: 36 bits physical, 48 bits virtual
power management:

processor	: 3
vendor_id	: GenuineIntel
cpu family	: 6
model		: 58
model name	: Intel(R) Core(TM) i5-3317U CPU @ 1.70GHz
stepping	: 9
microcode	: 0x12
cpu MHz		: 2399.988
cache size	: 3072 KB
physical id	: 0
siblings	: 4
core id		: 1
cpu cores	: 2
apicid		: 3
initial apicid	: 3
fpu		: yes
fpu_exception	: yes
cpuid level	: 13
wp		: yes
flags		: fpu vme de pse tsc msr pae mce cx8 apic sep mtrr pge mca cmov pat pse36 clflush dts acpi mmx fxsr sse sse2 ss ht tm pbe syscall nx rdtscp lm constant_tsc arch_perfmon pebs bts rep_good nopl xtopology nonstop_tsc aperfmperf eagerfpu pni pclmulqdq dtes64 monitor ds_cpl vmx est tm2 ssse3 cx16 xtpr pdcm pcid sse4_1 sse4_2 x2apic popcnt tsc_deadline_timer aes xsave avx f16c rdrand lahf_lm ida arat epb xsaveopt pln pts dtherm tpr_shadow vnmi flexpriority ept vpid fsgsbase smep erms
bogomips	: 3392.17
clflush size	: 64
cache_alignment	: 64
address sizes	: 36 bits physical, 48 bits virtual
power management:



Memory: 4k page, physical 3931368k(92532k free), swap 4077564k(0k free)

vm_info: Java HotSpot(TM) 64-Bit Server VM (25.91-b14) for linux-amd64 JRE (1.8.0_91-b14), built on Apr  1 2016 00:57:21 by "java_re" with gcc 4.3.0 20080428 (Red Hat 4.3.0-8)

time: Sat Apr 30 22:11:16 2016
elapsed time: 78 seconds (0d 0h 1m 18s)

