#
# There is insufficient memory for the Java Runtime Environment to continue.
# Native memory allocation (mmap) failed to map 74973184 bytes for committing reserved memory.
# Possible reasons:
#   The system is out of physical RAM or swap space
#   In 32 bit mode, the process size limit was hit
# Possible solutions:
#   Reduce memory load on the system
#   Increase physical memory or swap space
#   Check if swap backing store is full
#   Use 64 bit Java on a 64 bit OS
#   Decrease Java heap size (-Xmx/-Xms)
#   Decrease number of Java threads
#   Decrease Java thread stack sizes (-Xss)
#   Set larger code cache with -XX:ReservedCodeCacheSize=
# This output file may be truncated or incomplete.
#
#  Out of Memory Error (os_linux.cpp:2627), pid=29356, tid=139938900313856
#
# JRE version: Java(TM) SE Runtime Environment (8.0_77-b03) (build 1.8.0_77-b03)
# Java VM: Java HotSpot(TM) 64-Bit Server VM (25.77-b03 mixed mode linux-amd64 compressed oops)
# Failed to write core dump. Core dumps have been disabled. To enable core dumping, try "ulimit -c unlimited" before starting Java again
#

---------------  T H R E A D  ---------------

Current thread (0x00007f462807b000):  VMThread [stack: 0x00007f4610618000,0x00007f4610719000] [id=29366]

Stack: [0x00007f4610618000,0x00007f4610719000],  sp=0x00007f46107172e0,  free space=1020k
Native frames: (J=compiled Java code, j=interpreted, Vv=VM code, C=native code)
V  [libjvm.so+0xaba7ea]  VMError::report_and_die()+0x2ba
V  [libjvm.so+0x4f9e3b]  report_vm_out_of_memory(char const*, int, unsigned long, VMErrorType, char const*)+0x8b
V  [libjvm.so+0x91b613]  os::Linux::commit_memory_impl(char*, unsigned long, bool)+0x103
V  [libjvm.so+0x91bb69]  os::pd_commit_memory(char*, unsigned long, unsigned long, bool)+0x29
V  [libjvm.so+0x915e6a]  os::commit_memory(char*, unsigned long, unsigned long, bool)+0x2a
V  [libjvm.so+0x989543]  PSVirtualSpace::expand_by(unsigned long)+0x53
V  [libjvm.so+0x98a948]  PSYoungGen::resize_generation(unsigned long, unsigned long)+0xf8
V  [libjvm.so+0x989aa2]  PSYoungGen::resize(unsigned long, unsigned long)+0x22
V  [libjvm.so+0x986d7b]  PSScavenge::invoke_no_policy()+0xf3b
V  [libjvm.so+0x987501]  PSScavenge::invoke()+0x41
V  [libjvm.so+0x93f300]  ParallelScavengeHeap::failed_mem_allocate(unsigned long)+0x70
V  [libjvm.so+0xabc207]  VM_ParallelGCFailedAllocation::doit()+0x97
V  [libjvm.so+0xac3c35]  VM_Operation::evaluate()+0x55
V  [libjvm.so+0xac200a]  VMThread::evaluate_operation(VM_Operation*)+0xba
V  [libjvm.so+0xac238e]  VMThread::loop()+0x1ce
V  [libjvm.so+0xac2800]  VMThread::run()+0x70
V  [libjvm.so+0x91d9d8]  java_start(Thread*)+0x108

VM_Operation (0x00007f462ee0b2f0): ParallelGCFailedAllocation, mode: safepoint, requested by thread 0x00007f462800d800


---------------  P R O C E S S  ---------------

Java Threads: ( => current thread )
  0x00007f46280c5000 JavaThread "Service Thread" daemon [_thread_blocked, id=29374, stack(0x00007f460b81c000,0x00007f460b91d000)]
  0x00007f46280c2000 JavaThread "C1 CompilerThread2" daemon [_thread_blocked, id=29372, stack(0x00007f4610012000,0x00007f4610113000)]
  0x00007f46280c0000 JavaThread "C2 CompilerThread1" daemon [_thread_blocked, id=29371, stack(0x00007f4610113000,0x00007f4610214000)]
  0x00007f46280bd000 JavaThread "C2 CompilerThread0" daemon [_thread_blocked, id=29370, stack(0x00007f4610214000,0x00007f4610315000)]
  0x00007f46280bb800 JavaThread "Signal Dispatcher" daemon [_thread_blocked, id=29369, stack(0x00007f4610315000,0x00007f4610416000)]
  0x00007f4628087800 JavaThread "Finalizer" daemon [_thread_blocked, id=29368, stack(0x00007f4610416000,0x00007f4610517000)]
  0x00007f4628083000 JavaThread "Reference Handler" daemon [_thread_blocked, id=29367, stack(0x00007f4610517000,0x00007f4610618000)]
  0x00007f462800d800 JavaThread "main" [_thread_blocked, id=29361, stack(0x00007f462ed0c000,0x00007f462ee0d000)]

Other Threads:
=>0x00007f462807b000 VMThread [stack: 0x00007f4610618000,0x00007f4610719000] [id=29366]
  0x00007f46280c7800 WatcherThread [stack: 0x00007f460b71b000,0x00007f460b81c000] [id=29375]

VM state:at safepoint (normal execution)

VM Mutex/Monitor currently owned by a thread:  ([mutex/lock_event])
[0x00007f4628009930] Threads_lock - owner thread: 0x00007f462807b000
[0x00007f4628009e30] Heap_lock - owner thread: 0x00007f462800d800

Heap:
 PSYoungGen      total 29696K, used 896K [0x00000000eab00000, 0x00000000ecc00000, 0x0000000100000000)
  eden space 27136K, 0% used [0x00000000eab00000,0x00000000eab00000,0x00000000ec580000)
  from space 2560K, 35% used [0x00000000ec700000,0x00000000ec7e0000,0x00000000ec980000)
  to   space 512K, 0% used [0x00000000ecb80000,0x00000000ecb80000,0x00000000ecc00000)
 ParOldGen       total 67072K, used 18851K [0x00000000c0000000, 0x00000000c4180000, 0x00000000eab00000)
  object space 67072K, 28% used [0x00000000c0000000,0x00000000c1268d68,0x00000000c4180000)
 Metaspace       used 3942K, capacity 5008K, committed 5120K, reserved 1056768K
  class space    used 412K, capacity 456K, committed 512K, reserved 1048576K

Card table byte_map: [0x00007f4618824000,0x00007f4618a25000] byte_map_base: 0x00007f4618224000

Marking Bits: (ParMarkBitMap*) 0x00007f462e1e8100
 Begin Bits: [0x00007f4612000000, 0x00007f4613000000)
 End Bits:   [0x00007f4613000000, 0x00007f4614000000)

Polling page: 0x00007f462ee2f000

CodeCache: size=245760Kb used=2376Kb max_used=2379Kb free=243383Kb
 bounds [0x00007f4618de5000, 0x00007f4619055000, 0x00007f4627de5000]
 total_blobs=814 nmethods=559 adapters=167
 compilation: enabled

Compilation events (10 events):
Event: 1.039 Thread 0x00007f46280c0000 nmethod 553 0x00007f4619030150 code [0x00007f46190302a0, 0x00007f4619030398]
Event: 1.039 Thread 0x00007f46280c0000  552       4       com.android.dx.merge.IndexMap::adjust (36 bytes)
Event: 1.043 Thread 0x00007f46280c0000 nmethod 552 0x00007f46190316d0 code [0x00007f4619031840, 0x00007f4619031ad8]
Event: 1.043 Thread 0x00007f46280c0000  554       4       com.android.dx.merge.DexMerger$5::write (9 bytes)
Event: 1.046 Thread 0x00007f46280bd000 nmethod 523% 0x00007f4619038f10 code [0x00007f4619039220, 0x00007f461903ac88]
Event: 1.046 Thread 0x00007f46280bd000  548       4       com.android.dex.FieldId::compareTo (9 bytes)
Event: 1.047 Thread 0x00007f46280bd000 nmethod 548 0x00007f46190313d0 code [0x00007f4619031520, 0x00007f4619031618]
Event: 1.047 Thread 0x00007f46280bd000  550       4       com.android.dex.Dex$Section::writeUnsignedShort (44 bytes)
Event: 1.050 Thread 0x00007f46280bd000 nmethod 550 0x00007f4619030d50 code [0x00007f4619030ec0, 0x00007f4619031098]
Event: 1.050 Thread 0x00007f46280bd000  573 %     4       com.android.dx.merge.DexMerger$IdMerger::mergeSorted @ 196 (382 bytes)

GC Heap History (10 events):
Event: 0.444 GC heap after
Heap after GC invocations=1 (full 0):
 PSYoungGen      total 17920K, used 2538K [0x00000000eab00000, 0x00000000ebf00000, 0x0000000100000000)
  eden space 15360K, 0% used [0x00000000eab00000,0x00000000eab00000,0x00000000eba00000)
  from space 2560K, 99% used [0x00000000eba00000,0x00000000ebc7ab20,0x00000000ebc80000)
  to   space 2560K, 0% used [0x00000000ebc80000,0x00000000ebc80000,0x00000000ebf00000)
 ParOldGen       total 40960K, used 2134K [0x00000000c0000000, 0x00000000c2800000, 0x00000000eab00000)
  object space 40960K, 5% used [0x00000000c0000000,0x00000000c02158d8,0x00000000c2800000)
 Metaspace       used 3505K, capacity 4720K, committed 4864K, reserved 1056768K
  class space    used 376K, capacity 424K, committed 512K, reserved 1048576K
}
Event: 0.509 GC heap before
{Heap before GC invocations=2 (full 0):
 PSYoungGen      total 17920K, used 17740K [0x00000000eab00000, 0x00000000ebf00000, 0x0000000100000000)
  eden space 15360K, 98% used [0x00000000eab00000,0x00000000eb9d8848,0x00000000eba00000)
  from space 2560K, 99% used [0x00000000eba00000,0x00000000ebc7ab20,0x00000000ebc80000)
  to   space 2560K, 0% used [0x00000000ebc80000,0x00000000ebc80000,0x00000000ebf00000)
 ParOldGen       total 40960K, used 2134K [0x00000000c0000000, 0x00000000c2800000, 0x00000000eab00000)
  object space 40960K, 5% used [0x00000000c0000000,0x00000000c02158d8,0x00000000c2800000)
 Metaspace       used 3541K, capacity 4720K, committed 4864K, reserved 1056768K
  class space    used 376K, capacity 424K, committed 512K, reserved 1048576K
Event: 0.512 GC heap after
Heap after GC invocations=2 (full 0):
 PSYoungGen      total 17920K, used 2528K [0x00000000eab00000, 0x00000000ece00000, 0x0000000100000000)
  eden space 15360K, 0% used [0x00000000eab00000,0x00000000eab00000,0x00000000eba00000)
  from space 2560K, 98% used [0x00000000ebc80000,0x00000000ebef8168,0x00000000ebf00000)
  to   space 2560K, 0% used [0x00000000eba00000,0x00000000eba00000,0x00000000ebc80000)
 ParOldGen       total 40960K, used 6033K [0x00000000c0000000, 0x00000000c2800000, 0x00000000eab00000)
  object space 40960K, 14% used [0x00000000c0000000,0x00000000c05e4660,0x00000000c2800000)
 Metaspace       used 3541K, capacity 4720K, committed 4864K, reserved 1056768K
  class space    used 376K, capacity 424K, committed 512K, reserved 1048576K
}
Event: 0.620 GC heap before
{Heap before GC invocations=3 (full 0):
 PSYoungGen      total 17920K, used 17888K [0x00000000eab00000, 0x00000000ece00000, 0x0000000100000000)
  eden space 15360K, 100% used [0x00000000eab00000,0x00000000eba00000,0x00000000eba00000)
  from space 2560K, 98% used [0x00000000ebc80000,0x00000000ebef8168,0x00000000ebf00000)
  to   space 2560K, 0% used [0x00000000eba00000,0x00000000eba00000,0x00000000ebc80000)
 ParOldGen       total 40960K, used 6033K [0x00000000c0000000, 0x00000000c2800000, 0x00000000eab00000)
  object space 40960K, 14% used [0x00000000c0000000,0x00000000c05e4660,0x00000000c2800000)
 Metaspace       used 3830K, capacity 4944K, committed 5120K, reserved 1056768K
  class space    used 406K, capacity 456K, committed 512K, reserved 1048576K
Event: 0.677 GC heap after
Heap after GC invocations=3 (full 0):
 PSYoungGen      total 17920K, used 2559K [0x00000000eab00000, 0x00000000ece00000, 0x0000000100000000)
  eden space 15360K, 0% used [0x00000000eab00000,0x00000000eab00000,0x00000000eba00000)
  from space 2560K, 99% used [0x00000000eba00000,0x00000000ebc7fc30,0x00000000ebc80000)
  to   space 2560K, 0% used [0x00000000ecb80000,0x00000000ecb80000,0x00000000ece00000)
 ParOldGen       total 40960K, used 34624K [0x00000000c0000000, 0x00000000c2800000, 0x00000000eab00000)
  object space 40960K, 84% used [0x00000000c0000000,0x00000000c21d0110,0x00000000c2800000)
 Metaspace       used 3830K, capacity 4944K, committed 5120K, reserved 1056768K
  class space    used 406K, capacity 456K, committed 512K, reserved 1048576K
}
Event: 0.678 GC heap before
{Heap before GC invocations=4 (full 1):
 PSYoungGen      total 17920K, used 2559K [0x00000000eab00000, 0x00000000ece00000, 0x0000000100000000)
  eden space 15360K, 0% used [0x00000000eab00000,0x00000000eab00000,0x00000000eba00000)
  from space 2560K, 99% used [0x00000000eba00000,0x00000000ebc7fc30,0x00000000ebc80000)
  to   space 2560K, 0% used [0x00000000ecb80000,0x00000000ecb80000,0x00000000ece00000)
 ParOldGen       total 40960K, used 34624K [0x00000000c0000000, 0x00000000c2800000, 0x00000000eab00000)
  object space 40960K, 84% used [0x00000000c0000000,0x00000000c21d0110,0x00000000c2800000)
 Metaspace       used 3830K, capacity 4944K, committed 5120K, reserved 1056768K
  class space    used 406K, capacity 456K, committed 512K, reserved 1048576K
Event: 0.700 GC heap after
Heap after GC invocations=4 (full 1):
 PSYoungGen      total 17920K, used 0K [0x00000000eab00000, 0x00000000ece00000, 0x0000000100000000)
  eden space 15360K, 0% used [0x00000000eab00000,0x00000000eab00000,0x00000000eba00000)
  from space 2560K, 0% used [0x00000000eba00000,0x00000000eba00000,0x00000000ebc80000)
  to   space 2560K, 0% used [0x00000000ecb80000,0x00000000ecb80000,0x00000000ece00000)
 ParOldGen       total 67072K, used 18835K [0x00000000c0000000, 0x00000000c4180000, 0x00000000eab00000)
  object space 67072K, 28% used [0x00000000c0000000,0x00000000c1264d68,0x00000000c4180000)
 Metaspace       used 3830K, capacity 4944K, committed 5120K, reserved 1056768K
  class space    used 406K, capacity 456K, committed 512K, reserved 1048576K
}
Event: 0.829 GC heap before
{Heap before GC invocations=5 (full 1):
 PSYoungGen      total 17920K, used 15360K [0x00000000eab00000, 0x00000000ece00000, 0x0000000100000000)
  eden space 15360K, 100% used [0x00000000eab00000,0x00000000eba00000,0x00000000eba00000)
  from space 2560K, 0% used [0x00000000eba00000,0x00000000eba00000,0x00000000ebc80000)
  to   space 2560K, 0% used [0x00000000ecb80000,0x00000000ecb80000,0x00000000ece00000)
 ParOldGen       total 67072K, used 18835K [0x00000000c0000000, 0x00000000c4180000, 0x00000000eab00000)
  object space 67072K, 28% used [0x00000000c0000000,0x00000000c1264d68,0x00000000c4180000)
 Metaspace       used 3837K, capacity 4944K, committed 5120K, reserved 1056768K
  class space    used 406K, capacity 456K, committed 512K, reserved 1048576K
Event: 0.833 GC heap after
Heap after GC invocations=5 (full 1):
 PSYoungGen      total 27648K, used 96K [0x00000000eab00000, 0x00000000ecc00000, 0x0000000100000000)
  eden space 27136K, 0% used [0x00000000eab00000,0x00000000eab00000,0x00000000ec580000)
  from space 512K, 18% used [0x00000000ecb80000,0x00000000ecb98000,0x00000000ecc00000)
  to   space 2560K, 0% used [0x00000000ec700000,0x00000000ec700000,0x00000000ec980000)
 ParOldGen       total 67072K, used 18843K [0x00000000c0000000, 0x00000000c4180000, 0x00000000eab00000)
  object space 67072K, 28% used [0x00000000c0000000,0x00000000c1266d68,0x00000000c4180000)
 Metaspace       used 3837K, capacity 4944K, committed 5120K, reserved 1056768K
  class space    used 406K, capacity 456K, committed 512K, reserved 1048576K
}
Event: 1.052 GC heap before
{Heap before GC invocations=6 (full 1):
 PSYoungGen      total 27648K, used 27232K [0x00000000eab00000, 0x00000000ecc00000, 0x0000000100000000)
  eden space 27136K, 100% used [0x00000000eab00000,0x00000000ec580000,0x00000000ec580000)
  from space 512K, 18% used [0x00000000ecb80000,0x00000000ecb98000,0x00000000ecc00000)
  to   space 2560K, 0% used [0x00000000ec700000,0x00000000ec700000,0x00000000ec980000)
 ParOldGen       total 67072K, used 18843K [0x00000000c0000000, 0x00000000c4180000, 0x00000000eab00000)
  object space 67072K, 28% used [0x00000000c0000000,0x00000000c1266d68,0x00000000c4180000)
 Metaspace       used 3942K, capacity 5008K, committed 5120K, reserved 1056768K
  class space    used 412K, capacity 456K, committed 512K, reserved 1048576K

Deoptimization events (10 events):
Event: 0.861 Thread 0x00007f462800d800 Uncommon trap: reason=class_check action=maybe_recompile pc=0x00007f4618fb5e4c method=java.util.TreeMap.getEntry(Ljava/lang/Object;)Ljava/util/TreeMap$Entry; @ 26
Event: 0.861 Thread 0x00007f462800d800 Uncommon trap: reason=class_check action=maybe_recompile pc=0x00007f4618fd0814 method=java.util.TreeMap.put(Ljava/lang/Object;Ljava/lang/Object;)Ljava/lang/Object; @ 127
Event: 0.861 Thread 0x00007f462800d800 Uncommon trap: reason=class_check action=maybe_recompile pc=0x00007f4618fd0814 method=java.util.TreeMap.put(Ljava/lang/Object;Ljava/lang/Object;)Ljava/lang/Object; @ 127
Event: 0.861 Thread 0x00007f462800d800 Uncommon trap: reason=class_check action=maybe_recompile pc=0x00007f4618fd0814 method=java.util.TreeMap.put(Ljava/lang/Object;Ljava/lang/Object;)Ljava/lang/Object; @ 127
Event: 0.940 Thread 0x00007f462800d800 Uncommon trap: reason=predicate action=maybe_recompile pc=0x00007f4618fe160c method=java.util.TreeMap.getEntry(Ljava/lang/Object;)Ljava/util/TreeMap$Entry; @ 39
Event: 0.940 Thread 0x00007f462800d800 Uncommon trap: reason=predicate action=maybe_recompile pc=0x00007f4619000194 method=java.util.TreeMap.put(Ljava/lang/Object;Ljava/lang/Object;)Ljava/lang/Object; @ 132
Event: 0.952 Thread 0x00007f462800d800 Uncommon trap: reason=bimorphic action=maybe_recompile pc=0x00007f4619018c50 method=com.android.dx.merge.DexMerger$IdMerger.readIntoMap(Lcom/android/dex/Dex$Section;Lcom/android/dex/TableOfContents$Section;Lcom/android/dx/merge/IndexMap;ILjava/util/TreeMa
Event: 0.952 Thread 0x00007f462800d800 Uncommon trap: reason=bimorphic action=maybe_recompile pc=0x00007f4619018c50 method=com.android.dx.merge.DexMerger$IdMerger.readIntoMap(Lcom/android/dex/Dex$Section;Lcom/android/dex/TableOfContents$Section;Lcom/android/dx/merge/IndexMap;ILjava/util/TreeMa
Event: 0.952 Thread 0x00007f462800d800 Uncommon trap: reason=bimorphic action=maybe_recompile pc=0x00007f4619018c50 method=com.android.dx.merge.DexMerger$IdMerger.readIntoMap(Lcom/android/dex/Dex$Section;Lcom/android/dex/TableOfContents$Section;Lcom/android/dx/merge/IndexMap;ILjava/util/TreeMa
Event: 0.952 Thread 0x00007f462800d800 Uncommon trap: reason=bimorphic action=maybe_recompile pc=0x00007f4619018c50 method=com.android.dx.merge.DexMerger$IdMerger.readIntoMap(Lcom/android/dex/Dex$Section;Lcom/android/dex/TableOfContents$Section;Lcom/android/dx/merge/IndexMap;ILjava/util/TreeMa

Internal exceptions (2 events):
Event: 0.111 Thread 0x00007f462800d800 Exception <a 'java/lang/NoSuchMethodError': Method sun.misc.Unsafe.defineClass(Ljava/lang/String;[BII)Ljava/lang/Class; name or signature does not match> (0x00000000eab07cc0) thrown at [/HUDSON/workspace/8-2-build-linux-amd64/jdk8u77/6540/hotspot/src/shar
Event: 0.111 Thread 0x00007f462800d800 Exception <a 'java/lang/NoSuchMethodError': Method sun.misc.Unsafe.prefetchRead(Ljava/lang/Object;J)V name or signature does not match> (0x00000000eab07fa8) thrown at [/HUDSON/workspace/8-2-build-linux-amd64/jdk8u77/6540/hotspot/src/share/vm/prims/jni.cpp

Events (10 events):
Event: 0.975 Thread 0x00007f462800d800 DEOPT UNPACKING pc=0x00007f4618e2c633 sp=0x00007f462ee0b1a0 mode 0
Event: 0.998 loading class com/android/dx/merge/DexMerger$5
Event: 0.998 loading class com/android/dx/merge/DexMerger$5 done
Event: 0.999 loading class com/android/dex/FieldId
Event: 0.999 loading class com/android/dex/FieldId done
Event: 1.025 loading class com/android/dx/merge/DexMerger$6
Event: 1.025 loading class com/android/dx/merge/DexMerger$6 done
Event: 1.026 loading class com/android/dex/MethodId
Event: 1.026 loading class com/android/dex/MethodId done
Event: 1.052 Executing VM operation: ParallelGCFailedAllocation


Dynamic libraries:
00400000-00401000 r-xp 00000000 08:02 6688811                            /usr/lib/jvm/java-8-oracle/bin/java
00600000-00601000 rw-p 00000000 08:02 6688811                            /usr/lib/jvm/java-8-oracle/bin/java
01206000-01227000 rw-p 00000000 00:00 0                                  [heap]
c0000000-c4180000 rw-p 00000000 00:00 0 
c4180000-eab00000 ---p 00000000 00:00 0 
eab00000-ecc00000 rw-p 00000000 00:00 0 
f1380000-100000000 ---p 00000000 00:00 0 
100000000-100080000 rw-p 00000000 00:00 0 
100080000-140000000 ---p 00000000 00:00 0 
7f45dc000000-7f45dc021000 rw-p 00000000 00:00 0 
7f45dc021000-7f45e0000000 ---p 00000000 00:00 0 
7f45e0000000-7f45e0021000 rw-p 00000000 00:00 0 
7f45e0021000-7f45e4000000 ---p 00000000 00:00 0 
7f45e4000000-7f45e42a8000 rw-p 00000000 00:00 0 
7f45e42a8000-7f45e8000000 ---p 00000000 00:00 0 
7f45e8000000-7f45e829c000 rw-p 00000000 00:00 0 
7f45e829c000-7f45ec000000 ---p 00000000 00:00 0 
7f45ec000000-7f45ec021000 rw-p 00000000 00:00 0 
7f45ec021000-7f45f0000000 ---p 00000000 00:00 0 
7f45f0000000-7f45f02ae000 rw-p 00000000 00:00 0 
7f45f02ae000-7f45f4000000 ---p 00000000 00:00 0 
7f45f4000000-7f45f4021000 rw-p 00000000 00:00 0 
7f45f4021000-7f45f8000000 ---p 00000000 00:00 0 
7f45f8000000-7f45f8021000 rw-p 00000000 00:00 0 
7f45f8021000-7f45fc000000 ---p 00000000 00:00 0 
7f45fc000000-7f45fc021000 rw-p 00000000 00:00 0 
7f45fc021000-7f4600000000 ---p 00000000 00:00 0 
7f4600000000-7f460028c000 rw-p 00000000 00:00 0 
7f460028c000-7f4604000000 ---p 00000000 00:00 0 
7f4604000000-7f4604021000 rw-p 00000000 00:00 0 
7f4604021000-7f4608000000 ---p 00000000 00:00 0 
7f460b71b000-7f460b71c000 ---p 00000000 00:00 0 
7f460b71c000-7f460b81c000 rw-p 00000000 00:00 0                          [stack:29375]
7f460b81c000-7f460b81f000 ---p 00000000 00:00 0 
7f460b81f000-7f460b91d000 rw-p 00000000 00:00 0                          [stack:29374]
7f460b91d000-7f460c000000 r--p 00000000 08:02 6691839                    /usr/lib/locale/locale-archive
7f460c000000-7f460c021000 rw-p 00000000 00:00 0 
7f460c021000-7f4610000000 ---p 00000000 00:00 0 
7f4610012000-7f4610015000 ---p 00000000 00:00 0 
7f4610015000-7f4610113000 rw-p 00000000 00:00 0                          [stack:29372]
7f4610113000-7f4610116000 ---p 00000000 00:00 0 
7f4610116000-7f4610214000 rw-p 00000000 00:00 0                          [stack:29371]
7f4610214000-7f4610217000 ---p 00000000 00:00 0 
7f4610217000-7f4610315000 rw-p 00000000 00:00 0                          [stack:29370]
7f4610315000-7f4610318000 ---p 00000000 00:00 0 
7f4610318000-7f4610416000 rw-p 00000000 00:00 0                          [stack:29369]
7f4610416000-7f4610419000 ---p 00000000 00:00 0 
7f4610419000-7f4610517000 rw-p 00000000 00:00 0                          [stack:29368]
7f4610517000-7f461051a000 ---p 00000000 00:00 0 
7f461051a000-7f4610618000 rw-p 00000000 00:00 0                          [stack:29367]
7f4610618000-7f4610619000 ---p 00000000 00:00 0 
7f4610619000-7f4611628000 rw-p 00000000 00:00 0                          [stack:29366]
7f4611628000-7f4611800000 r--s 03d1e000 08:02 6706415                    /usr/lib/jvm/java-8-oracle/jre/lib/rt.jar
7f4611800000-7f4611c80000 rw-p 00000000 00:00 0 
7f4611c80000-7f4612000000 ---p 00000000 00:00 0 
7f4612000000-7f4614000000 rw-p 00000000 00:00 0 
7f4614000000-7f4614021000 rw-p 00000000 00:00 0 
7f4614021000-7f4618000000 ---p 00000000 00:00 0 
7f4618046000-7f46182ca000 rw-p 00000000 00:00 0 
7f46182ca000-7f46182cb000 ---p 00000000 00:00 0 
7f46182cb000-7f46183cb000 rw-p 00000000 00:00 0                          [stack:29365]
7f46183cb000-7f46183cc000 ---p 00000000 00:00 0 
7f46183cc000-7f46184cc000 rw-p 00000000 00:00 0                          [stack:29364]
7f46184cc000-7f46184cd000 ---p 00000000 00:00 0 
7f46184cd000-7f46185cd000 rw-p 00000000 00:00 0                          [stack:29363]
7f46185cd000-7f46185ce000 ---p 00000000 00:00 0 
7f46185ce000-7f46186ef000 rw-p 00000000 00:00 0                          [stack:29362]
7f46186ef000-7f4618824000 ---p 00000000 00:00 0 
7f4618824000-7f4618845000 rw-p 00000000 00:00 0 
7f4618845000-7f4618979000 ---p 00000000 00:00 0 
7f4618979000-7f461898a000 rw-p 00000000 00:00 0 
7f461898a000-7f4618a24000 ---p 00000000 00:00 0 
7f4618a24000-7f4618a2f000 rw-p 00000000 00:00 0 
7f4618a2f000-7f4618de5000 ---p 00000000 00:00 0 
7f4618de5000-7f4619055000 rwxp 00000000 00:00 0 
7f4619055000-7f4627de5000 ---p 00000000 00:00 0 
7f4627de5000-7f4627dff000 r-xp 00000000 08:02 6706448                    /usr/lib/jvm/java-8-oracle/jre/lib/amd64/libzip.so
7f4627dff000-7f4627fff000 ---p 0001a000 08:02 6706448                    /usr/lib/jvm/java-8-oracle/jre/lib/amd64/libzip.so
7f4627fff000-7f4628000000 rw-p 0001a000 08:02 6706448                    /usr/lib/jvm/java-8-oracle/jre/lib/amd64/libzip.so
7f4628000000-7f46283c8000 rw-p 00000000 00:00 0 
7f46283c8000-7f462c000000 ---p 00000000 00:00 0 
7f462c008000-7f462c017000 r--s 000df000 08:02 3824912                    /home/yonatan/Android/Sdk/build-tools/23.0.2/lib/dx.jar
7f462c017000-7f462c0ae000 rw-p 00000000 00:00 0 
7f462c0ae000-7f462c0b9000 r-xp 00000000 08:02 4353546                    /lib/x86_64-linux-gnu/libnss_files-2.19.so
7f462c0b9000-7f462c2b8000 ---p 0000b000 08:02 4353546                    /lib/x86_64-linux-gnu/libnss_files-2.19.so
7f462c2b8000-7f462c2b9000 r--p 0000a000 08:02 4353546                    /lib/x86_64-linux-gnu/libnss_files-2.19.so
7f462c2b9000-7f462c2ba000 rw-p 0000b000 08:02 4353546                    /lib/x86_64-linux-gnu/libnss_files-2.19.so
7f462c2ba000-7f462c2c5000 r-xp 00000000 08:02 4353538                    /lib/x86_64-linux-gnu/libnss_nis-2.19.so
7f462c2c5000-7f462c4c4000 ---p 0000b000 08:02 4353538                    /lib/x86_64-linux-gnu/libnss_nis-2.19.so
7f462c4c4000-7f462c4c5000 r--p 0000a000 08:02 4353538                    /lib/x86_64-linux-gnu/libnss_nis-2.19.so
7f462c4c5000-7f462c4c6000 rw-p 0000b000 08:02 4353538                    /lib/x86_64-linux-gnu/libnss_nis-2.19.so
7f462c4c6000-7f462c4dd000 r-xp 00000000 08:02 4353534                    /lib/x86_64-linux-gnu/libnsl-2.19.so
7f462c4dd000-7f462c6dc000 ---p 00017000 08:02 4353534                    /lib/x86_64-linux-gnu/libnsl-2.19.so
7f462c6dc000-7f462c6dd000 r--p 00016000 08:02 4353534                    /lib/x86_64-linux-gnu/libnsl-2.19.so
7f462c6dd000-7f462c6de000 rw-p 00017000 08:02 4353534                    /lib/x86_64-linux-gnu/libnsl-2.19.so
7f462c6de000-7f462c6e0000 rw-p 00000000 00:00 0 
7f462c6e0000-7f462c6e9000 r-xp 00000000 08:02 4353533                    /lib/x86_64-linux-gnu/libnss_compat-2.19.so
7f462c6e9000-7f462c8e8000 ---p 00009000 08:02 4353533                    /lib/x86_64-linux-gnu/libnss_compat-2.19.so
7f462c8e8000-7f462c8e9000 r--p 00008000 08:02 4353533                    /lib/x86_64-linux-gnu/libnss_compat-2.19.so
7f462c8e9000-7f462c8ea000 rw-p 00009000 08:02 4353533                    /lib/x86_64-linux-gnu/libnss_compat-2.19.so
7f462c8ea000-7f462c914000 r-xp 00000000 08:02 6706426                    /usr/lib/jvm/java-8-oracle/jre/lib/amd64/libjava.so
7f462c914000-7f462cb14000 ---p 0002a000 08:02 6706426                    /usr/lib/jvm/java-8-oracle/jre/lib/amd64/libjava.so
7f462cb14000-7f462cb16000 rw-p 0002a000 08:02 6706426                    /usr/lib/jvm/java-8-oracle/jre/lib/amd64/libjava.so
7f462cb16000-7f462cb23000 r-xp 00000000 08:02 6706437                    /usr/lib/jvm/java-8-oracle/jre/lib/amd64/libverify.so
7f462cb23000-7f462cd23000 ---p 0000d000 08:02 6706437                    /usr/lib/jvm/java-8-oracle/jre/lib/amd64/libverify.so
7f462cd23000-7f462cd25000 rw-p 0000d000 08:02 6706437                    /usr/lib/jvm/java-8-oracle/jre/lib/amd64/libverify.so
7f462cd25000-7f462cd2c000 r-xp 00000000 08:02 4353542                    /lib/x86_64-linux-gnu/librt-2.19.so
7f462cd2c000-7f462cf2b000 ---p 00007000 08:02 4353542                    /lib/x86_64-linux-gnu/librt-2.19.so
7f462cf2b000-7f462cf2c000 r--p 00006000 08:02 4353542                    /lib/x86_64-linux-gnu/librt-2.19.so
7f462cf2c000-7f462cf2d000 rw-p 00007000 08:02 4353542                    /lib/x86_64-linux-gnu/librt-2.19.so
7f462cf2d000-7f462d032000 r-xp 00000000 08:02 4353528                    /lib/x86_64-linux-gnu/libm-2.19.so
7f462d032000-7f462d231000 ---p 00105000 08:02 4353528                    /lib/x86_64-linux-gnu/libm-2.19.so
7f462d231000-7f462d232000 r--p 00104000 08:02 4353528                    /lib/x86_64-linux-gnu/libm-2.19.so
7f462d232000-7f462d233000 rw-p 00105000 08:02 4353528                    /lib/x86_64-linux-gnu/libm-2.19.so
7f462d233000-7f462def2000 r-xp 00000000 08:02 6706439                    /usr/lib/jvm/java-8-oracle/jre/lib/amd64/server/libjvm.so
7f462def2000-7f462e0f1000 ---p 00cbf000 08:02 6706439                    /usr/lib/jvm/java-8-oracle/jre/lib/amd64/server/libjvm.so
7f462e0f1000-7f462e1ca000 rw-p 00cbe000 08:02 6706439                    /usr/lib/jvm/java-8-oracle/jre/lib/amd64/server/libjvm.so
7f462e1ca000-7f462e213000 rw-p 00000000 00:00 0 
7f462e213000-7f462e3ce000 r-xp 00000000 08:02 4353543                    /lib/x86_64-linux-gnu/libc-2.19.so
7f462e3ce000-7f462e5cd000 ---p 001bb000 08:02 4353543                    /lib/x86_64-linux-gnu/libc-2.19.so
7f462e5cd000-7f462e5d1000 r--p 001ba000 08:02 4353543                    /lib/x86_64-linux-gnu/libc-2.19.so
7f462e5d1000-7f462e5d3000 rw-p 001be000 08:02 4353543                    /lib/x86_64-linux-gnu/libc-2.19.so
7f462e5d3000-7f462e5d8000 rw-p 00000000 00:00 0 
7f462e5d8000-7f462e5db000 r-xp 00000000 08:02 4353530                    /lib/x86_64-linux-gnu/libdl-2.19.so
7f462e5db000-7f462e7da000 ---p 00003000 08:02 4353530                    /lib/x86_64-linux-gnu/libdl-2.19.so
7f462e7da000-7f462e7db000 r--p 00002000 08:02 4353530                    /lib/x86_64-linux-gnu/libdl-2.19.so
7f462e7db000-7f462e7dc000 rw-p 00003000 08:02 4353530                    /lib/x86_64-linux-gnu/libdl-2.19.so
7f462e7dc000-7f462e7f1000 r-xp 00000000 08:02 6728044                    /usr/lib/jvm/java-8-oracle/lib/amd64/jli/libjli.so
7f462e7f1000-7f462e9f1000 ---p 00015000 08:02 6728044                    /usr/lib/jvm/java-8-oracle/lib/amd64/jli/libjli.so
7f462e9f1000-7f462e9f2000 rw-p 00015000 08:02 6728044                    /usr/lib/jvm/java-8-oracle/lib/amd64/jli/libjli.so
7f462e9f2000-7f462ea0b000 r-xp 00000000 08:02 4353535                    /lib/x86_64-linux-gnu/libpthread-2.19.so
7f462ea0b000-7f462ec0a000 ---p 00019000 08:02 4353535                    /lib/x86_64-linux-gnu/libpthread-2.19.so
7f462ec0a000-7f462ec0b000 r--p 00018000 08:02 4353535                    /lib/x86_64-linux-gnu/libpthread-2.19.so
7f462ec0b000-7f462ec0c000 rw-p 00019000 08:02 4353535                    /lib/x86_64-linux-gnu/libpthread-2.19.so
7f462ec0c000-7f462ec10000 rw-p 00000000 00:00 0 
7f462ec10000-7f462ec33000 r-xp 00000000 08:02 4353536                    /lib/x86_64-linux-gnu/ld-2.19.so
7f462ec3a000-7f462ed0c000 rw-p 00000000 00:00 0 
7f462ed0c000-7f462ed0f000 ---p 00000000 00:00 0 
7f462ed0f000-7f462ee26000 rw-p 00000000 00:00 0                          [stack:29361]
7f462ee26000-7f462ee2e000 rw-s 00000000 08:02 1975052                    /tmp/hsperfdata_yonatan/29356
7f462ee2e000-7f462ee2f000 rw-p 00000000 00:00 0 
7f462ee2f000-7f462ee30000 ---p 00000000 00:00 0 
7f462ee30000-7f462ee32000 rw-p 00000000 00:00 0 
7f462ee32000-7f462ee33000 r--p 00022000 08:02 4353536                    /lib/x86_64-linux-gnu/ld-2.19.so
7f462ee33000-7f462ee34000 rw-p 00023000 08:02 4353536                    /lib/x86_64-linux-gnu/ld-2.19.so
7f462ee34000-7f462ee35000 rw-p 00000000 00:00 0 
7fff93db2000-7fff93dd5000 rw-p 00000000 00:00 0                          [stack]
7fff93dd6000-7fff93dd8000 r-xp 00000000 00:00 0                          [vdso]
7fff93dd8000-7fff93dda000 r--p 00000000 00:00 0                          [vvar]
ffffffffff600000-ffffffffff601000 r-xp 00000000 00:00 0                  [vsyscall]

VM Arguments:
jvm_args: -Djava.awt.headless=true -Xmx1024M -Dfile.encoding=UTF-8 -Duser.country=US -Duser.language=en -Duser.variant 
java_command: com.android.dx.command.Main --dex --num-threads=4 --output /home/yonatan/Etty/programing/androidAdvanced/FinalProject/LocationsApp/app/build/intermediates/transforms/dex/debug/folders/1000/1f/main /home/yonatan/Etty/programing/androidAdvanced/FinalProject/LocationsApp/app/build/intermediates/pre-dexed/debug/support-annotations-23.2.1_36b13389ce98580532ca6328c08c85266bf2d31c.jar /home/yonatan/Etty/programing/androidAdvanced/FinalProject/LocationsApp/app/build/intermediates/pre-dexed/debug/com.google.android.gms-play-services-panorama-8.4.0_43dc764d6a31db41574056f0bc02919ffab804c4.jar /home/yonatan/Etty/programing/androidAdvanced/FinalProject/LocationsApp/app/build/intermediates/pre-dexed/debug/com.android.support-animated-vector-drawable-23.2.1_42f51e6fa26f52fdfad46d34baaff5a6f134804b.jar /home/yonatan/Etty/programing/androidAdvanced/FinalProject/LocationsApp/app/build/intermediates/pre-dexed/debug/internal_impl-23.0.0_e233fa064eef5458307b112bcb00268ec5bd4636.jar /home/yonatan/Etty/programing/androidAdvanced/FinalProject/LocationsApp/app/build/intermediates/pre-dexed/debug/com.google.android.gms-play-services-safetynet-8.4.0_1f234987a8b09198b805c9e830081f514cd834ef.jar /home/yonatan/Etty/programing/androidAdvanced/FinalProject/LocationsApp/app/build/intermediates/pre-dexed/debug/com.google.android.gms-play-services-identity-8.4.0_bbb718707d02740a217643fdfc0aa0d2951462af.jar /home/yonatan/Etty/programing/androidAdvanced/FinalProject/LocationsApp/app/build/intermediates/pre-dexed/debug/com.google.android.gms-play-services-appinvite-8.4.0_690c3e264c7fba63a41c581c9f46e69732b611ce.jar /home/yonatan/Etty/programing/androidAdvanced/FinalProject/LocationsApp/app/build/intermediates/pre-dexed/debug/com.android.support-support-vector-drawable-23.2.1_1ea5d51ae6ded7438a014f679fcfd23a85d1e4be.jar /home/yonatan/Etty/programing/androidAdvanced/FinalProject/LocationsApp/app/build/intermediates/pre-dexed/debug/com.google.android.gms-play-services-appindexing-8.4.0_92e
java_class_path (initial): /home/yonatan/Android/Sdk/build-tools/23.0.2/lib/dx.jar
Launcher Type: SUN_STANDARD

Environment Variables:
JAVA_HOME=/usr/lib/jvm/java-8-oracle
PATH=/usr/local/sbin:/usr/local/bin:/usr/sbin:/usr/bin:/sbin:/bin:/usr/games:/usr/local/games:/usr/lib/jvm/java-8-oracle/bin:/usr/lib/jvm/java-8-oracle/db/bin:/usr/lib/jvm/java-8-oracle/jre/bin
SHELL=/bin/bash
DISPLAY=:0

Signal Handlers:
SIGSEGV: [libjvm.so+0xabb070], sa_mask[0]=11111111011111111101111111111110, sa_flags=SA_RESTART|SA_SIGINFO
SIGBUS: [libjvm.so+0xabb070], sa_mask[0]=11111111011111111101111111111110, sa_flags=SA_RESTART|SA_SIGINFO
SIGFPE: [libjvm.so+0x918480], sa_mask[0]=11111111011111111101111111111110, sa_flags=SA_RESTART|SA_SIGINFO
SIGPIPE: [libjvm.so+0x918480], sa_mask[0]=11111111011111111101111111111110, sa_flags=SA_RESTART|SA_SIGINFO
SIGXFSZ: [libjvm.so+0x918480], sa_mask[0]=11111111011111111101111111111110, sa_flags=SA_RESTART|SA_SIGINFO
SIGILL: [libjvm.so+0x918480], sa_mask[0]=11111111011111111101111111111110, sa_flags=SA_RESTART|SA_SIGINFO
SIGUSR1: SIG_DFL, sa_mask[0]=00000000000000000000000000000000, sa_flags=none
SIGUSR2: [libjvm.so+0x919ab0], sa_mask[0]=00100000000000000000000000000000, sa_flags=SA_RESTART|SA_SIGINFO
SIGHUP: [libjvm.so+0x91aeb0], sa_mask[0]=11111111011111111101111111111110, sa_flags=SA_RESTART|SA_SIGINFO
SIGINT: [libjvm.so+0x91aeb0], sa_mask[0]=11111111011111111101111111111110, sa_flags=SA_RESTART|SA_SIGINFO
SIGTERM: [libjvm.so+0x91aeb0], sa_mask[0]=11111111011111111101111111111110, sa_flags=SA_RESTART|SA_SIGINFO
SIGQUIT: [libjvm.so+0x91aeb0], sa_mask[0]=11111111011111111101111111111110, sa_flags=SA_RESTART|SA_SIGINFO


---------------  S Y S T E M  ---------------

OS:DISTRIB_ID=Ubuntu
DISTRIB_RELEASE=14.04
DISTRIB_CODENAME=trusty
DISTRIB_DESCRIPTION="Ubuntu 14.04.4 LTS"

uname:Linux 3.16.0-70-generic #90~14.04.1-Ubuntu SMP Wed Apr 6 22:56:34 UTC 2016 x86_64
libc:glibc 2.19 NPTL 2.19 
rlimit: STACK 8192k, CORE 0k, NPROC 14573, NOFILE 4096, AS infinity
load average:1.09 0.44 0.31

/proc/meminfo:
MemTotal:        3931368 kB
MemFree:          110564 kB
MemAvailable:      56444 kB
Buffers:            1280 kB
Cached:           240572 kB
SwapCached:         4432 kB
Active:          2711220 kB
Inactive:         839808 kB
Active(anon):    2700468 kB
Inactive(anon):   831112 kB
Active(file):      10752 kB
Inactive(file):     8696 kB
Unevictable:          48 kB
Mlocked:              48 kB
SwapTotal:       4077564 kB
SwapFree:              0 kB
Dirty:               208 kB
Writeback:             0 kB
AnonPages:       3308644 kB
Mapped:           117848 kB
Shmem:            221444 kB
Slab:              90172 kB
SReclaimable:      41244 kB
SUnreclaim:        48928 kB
KernelStack:       14432 kB
PageTables:        84880 kB
NFS_Unstable:          0 kB
Bounce:                0 kB
WritebackTmp:          0 kB
CommitLimit:     6043248 kB
Committed_AS:   18744232 kB
VmallocTotal:   34359738367 kB
VmallocUsed:      353100 kB
VmallocChunk:   34359295408 kB
HardwareCorrupted:     0 kB
AnonHugePages:    135168 kB
HugePages_Total:       0
HugePages_Free:        0
HugePages_Rsvd:        0
HugePages_Surp:        0
Hugepagesize:       2048 kB
DirectMap4k:      125296 kB
DirectMap2M:     3952640 kB


CPU:total 4 (2 cores per cpu, 2 threads per core) family 6 model 58 stepping 9, cmov, cx8, fxsr, mmx, sse, sse2, sse3, ssse3, sse4.1, sse4.2, popcnt, avx, aes, clmul, erms, ht, tsc, tscinvbit, tscinv

/proc/cpuinfo:
processor	: 0
vendor_id	: GenuineIntel
cpu family	: 6
model		: 58
model name	: Intel(R) Core(TM) i5-3317U CPU @ 1.70GHz
stepping	: 9
microcode	: 0x12
cpu MHz		: 2399.988
cache size	: 3072 KB
physical id	: 0
siblings	: 4
core id		: 0
cpu cores	: 2
apicid		: 0
initial apicid	: 0
fpu		: yes
fpu_exception	: yes
cpuid level	: 13
wp		: yes
flags		: fpu vme de pse tsc msr pae mce cx8 apic sep mtrr pge mca cmov pat pse36 clflush dts acpi mmx fxsr sse sse2 ss ht tm pbe syscall nx rdtscp lm constant_tsc arch_perfmon pebs bts rep_good nopl xtopology nonstop_tsc aperfmperf eagerfpu pni pclmulqdq dtes64 monitor ds_cpl vmx est tm2 ssse3 cx16 xtpr pdcm pcid sse4_1 sse4_2 x2apic popcnt tsc_deadline_timer aes xsave avx f16c rdrand lahf_lm ida arat epb xsaveopt pln pts dtherm tpr_shadow vnmi flexpriority ept vpid fsgsbase smep erms
bogomips	: 3392.21
clflush size	: 64
cache_alignment	: 64
address sizes	: 36 bits physical, 48 bits virtual
power management:

processor	: 1
vendor_id	: GenuineIntel
cpu family	: 6
model		: 58
model name	: Intel(R) Core(TM) i5-3317U CPU @ 1.70GHz
stepping	: 9
microcode	: 0x12
cpu MHz		: 2400.054
cache size	: 3072 KB
physical id	: 0
siblings	: 4
core id		: 1
cpu cores	: 2
apicid		: 2
initial apicid	: 2
fpu		: yes
fpu_exception	: yes
cpuid level	: 13
wp		: yes
flags		: fpu vme de pse tsc msr pae mce cx8 apic sep mtrr pge mca cmov pat pse36 clflush dts acpi mmx fxsr sse sse2 ss ht tm pbe syscall nx rdtscp lm constant_tsc arch_perfmon pebs bts rep_good nopl xtopology nonstop_tsc aperfmperf eagerfpu pni pclmulqdq dtes64 monitor ds_cpl vmx est tm2 ssse3 cx16 xtpr pdcm pcid sse4_1 sse4_2 x2apic popcnt tsc_deadline_timer aes xsave avx f16c rdrand lahf_lm ida arat epb xsaveopt pln pts dtherm tpr_shadow vnmi flexpriority ept vpid fsgsbase smep erms
bogomips	: 3392.21
clflush size	: 64
cache_alignment	: 64
address sizes	: 36 bits physical, 48 bits virtual
power management:

processor	: 2
vendor_id	: GenuineIntel
cpu family	: 6
model		: 58
model name	: Intel(R) Core(TM) i5-3317U CPU @ 1.70GHz
stepping	: 9
microcode	: 0x12
cpu MHz		: 2399.988
cache size	: 3072 KB
physical id	: 0
siblings	: 4
core id		: 0
cpu cores	: 2
apicid		: 1
initial apicid	: 1
fpu		: yes
fpu_exception	: yes
cpuid level	: 13
wp		: yes
flags		: fpu vme de pse tsc msr pae mce cx8 apic sep mtrr pge mca cmov pat pse36 clflush dts acpi mmx fxsr sse sse2 ss ht tm pbe syscall nx rdtscp lm constant_tsc arch_perfmon pebs bts rep_good nopl xtopology nonstop_tsc aperfmperf eagerfpu pni pclmulqdq dtes64 monitor ds_cpl vmx est tm2 ssse3 cx16 xtpr pdcm pcid sse4_1 sse4_2 x2apic popcnt tsc_deadline_timer aes xsave avx f16c rdrand lahf_lm ida arat epb xsaveopt pln pts dtherm tpr_shadow vnmi flexpriority ept vpid fsgsbase smep erms
bogomips	: 3392.21
clflush size	: 64
cache_alignment	: 64
address sizes	: 36 bits physical, 48 bits virtual
power management:

processor	: 3
vendor_id	: GenuineIntel
cpu family	: 6
model		: 58
model name	: Intel(R) Core(TM) i5-3317U CPU @ 1.70GHz
stepping	: 9
microcode	: 0x12
cpu MHz		: 2395.007
cache size	: 3072 KB
physical id	: 0
siblings	: 4
core id		: 1
cpu cores	: 2
apicid		: 3
initial apicid	: 3
fpu		: yes
fpu_exception	: yes
cpuid level	: 13
wp		: yes
flags		: fpu vme de pse tsc msr pae mce cx8 apic sep mtrr pge mca cmov pat pse36 clflush dts acpi mmx fxsr sse sse2 ss ht tm pbe syscall nx rdtscp lm constant_tsc arch_perfmon pebs bts rep_good nopl xtopology nonstop_tsc aperfmperf eagerfpu pni pclmulqdq dtes64 monitor ds_cpl vmx est tm2 ssse3 cx16 xtpr pdcm pcid sse4_1 sse4_2 x2apic popcnt tsc_deadline_timer aes xsave avx f16c rdrand lahf_lm ida arat epb xsaveopt pln pts dtherm tpr_shadow vnmi flexpriority ept vpid fsgsbase smep erms
bogomips	: 3392.21
clflush size	: 64
cache_alignment	: 64
address sizes	: 36 bits physical, 48 bits virtual
power management:



Memory: 4k page, physical 3931368k(111304k free), swap 4077564k(0k free)

vm_info: Java HotSpot(TM) 64-Bit Server VM (25.77-b03) for linux-amd64 JRE (1.8.0_77-b03), built on Mar 20 2016 22:00:46 by "java_re" with gcc 4.3.0 20080428 (Red Hat 4.3.0-8)

time: Sun Apr 24 19:32:38 2016
elapsed time: 1 seconds (0d 0h 0m 1s)

