#
# There is insufficient memory for the Java Runtime Environment to continue.
# Native memory allocation (mmap) failed to map 71303168 bytes for committing reserved memory.
# Possible reasons:
#   The system is out of physical RAM or swap space
#   In 32 bit mode, the process size limit was hit
# Possible solutions:
#   Reduce memory load on the system
#   Increase physical memory or swap space
#   Check if swap backing store is full
#   Use 64 bit Java on a 64 bit OS
#   Decrease Java heap size (-Xmx/-Xms)
#   Decrease number of Java threads
#   Decrease Java thread stack sizes (-Xss)
#   Set larger code cache with -XX:ReservedCodeCacheSize=
# This output file may be truncated or incomplete.
#
#  Out of Memory Error (os_linux.cpp:2627), pid=3944, tid=0x00007fb1bfafa700
#
# JRE version: Java(TM) SE Runtime Environment (8.0_92-b14) (build 1.8.0_92-b14)
# Java VM: Java HotSpot(TM) 64-Bit Server VM (25.92-b14 mixed mode linux-amd64 compressed oops)
# Failed to write core dump. Core dumps have been disabled. To enable core dumping, try "ulimit -c unlimited" before starting Java again
#

---------------  T H R E A D  ---------------

Current thread (0x00007fb1d8078000):  VMThread [stack: 0x00007fb1bf9fa000,0x00007fb1bfafb000] [id=3953]

Stack: [0x00007fb1bf9fa000,0x00007fb1bfafb000],  sp=0x00007fb1bfaf90e0,  free space=1020k
Native frames: (J=compiled Java code, j=interpreted, Vv=VM code, C=native code)
V  [libjvm.so+0xabd65a]  VMError::report_and_die()+0x2ba
V  [libjvm.so+0x4fb4db]  report_vm_out_of_memory(char const*, int, unsigned long, VMErrorType, char const*)+0x8b
V  [libjvm.so+0x91d713]  os::Linux::commit_memory_impl(char*, unsigned long, bool)+0x103
V  [libjvm.so+0x91dc69]  os::pd_commit_memory(char*, unsigned long, unsigned long, bool)+0x29
V  [libjvm.so+0x917f6a]  os::commit_memory(char*, unsigned long, unsigned long, bool)+0x2a
V  [libjvm.so+0x98c343]  PSVirtualSpace::expand_by(unsigned long)+0x53
V  [libjvm.so+0x98d748]  PSYoungGen::resize_generation(unsigned long, unsigned long)+0xf8
V  [libjvm.so+0x98c8a2]  PSYoungGen::resize(unsigned long, unsigned long)+0x22
V  [libjvm.so+0x989b7b]  PSScavenge::invoke_no_policy()+0xf3b
V  [libjvm.so+0x98a301]  PSScavenge::invoke()+0x41
V  [libjvm.so+0x941410]  ParallelScavengeHeap::failed_mem_allocate(unsigned long)+0x70
V  [libjvm.so+0xabf077]  VM_ParallelGCFailedAllocation::doit()+0x97
V  [libjvm.so+0xac6aa5]  VM_Operation::evaluate()+0x55
V  [libjvm.so+0xac4e7a]  VMThread::evaluate_operation(VM_Operation*)+0xba
V  [libjvm.so+0xac51fe]  VMThread::loop()+0x1ce
V  [libjvm.so+0xac5670]  VMThread::run()+0x70
V  [libjvm.so+0x91fad8]  java_start(Thread*)+0x108

VM_Operation (0x00007fb1be708db0): ParallelGCFailedAllocation, mode: safepoint, requested by thread 0x00007fb1d813e000


---------------  P R O C E S S  ---------------

Java Threads: ( => current thread )
  0x00007fb1d813e000 JavaThread "pool-1-thread-4" [_thread_blocked, id=3971, stack(0x00007fb1be60a000,0x00007fb1be70b000)]
  0x00007fb1d813d000 JavaThread "pool-1-thread-3" [_thread_blocked, id=3970, stack(0x00007fb1be70b000,0x00007fb1be80c000)]
  0x00007fb1d813b000 JavaThread "pool-1-thread-2" [_thread_blocked, id=3969, stack(0x00007fb1be80c000,0x00007fb1be90d000)]
  0x00007fb1d813a000 JavaThread "pool-2-thread-1" [_thread_blocked, id=3968, stack(0x00007fb1be90d000,0x00007fb1bea0e000)]
  0x00007fb1d8137800 JavaThread "pool-1-thread-1" [_thread_blocked, id=3967, stack(0x00007fb1bea0e000,0x00007fb1beb0f000)]
  0x00007fb1d80c1800 JavaThread "Service Thread" daemon [_thread_blocked, id=3960, stack(0x00007fb1bec10000,0x00007fb1bed11000)]
  0x00007fb1d80be800 JavaThread "C1 CompilerThread2" daemon [_thread_blocked, id=3959, stack(0x00007fb1bed11000,0x00007fb1bee12000)]
  0x00007fb1d80bd000 JavaThread "C2 CompilerThread1" daemon [_thread_in_native, id=3958, stack(0x00007fb1bee12000,0x00007fb1bef13000)]
  0x00007fb1d80ba000 JavaThread "C2 CompilerThread0" daemon [_thread_blocked, id=3957, stack(0x00007fb1bef13000,0x00007fb1bf014000)]
  0x00007fb1d80b8800 JavaThread "Signal Dispatcher" daemon [_thread_blocked, id=3956, stack(0x00007fb1bf014000,0x00007fb1bf115000)]
  0x00007fb1d8084000 JavaThread "Finalizer" daemon [_thread_blocked, id=3955, stack(0x00007fb1bf7f8000,0x00007fb1bf8f9000)]
  0x00007fb1d807f800 JavaThread "Reference Handler" daemon [_thread_blocked, id=3954, stack(0x00007fb1bf8f9000,0x00007fb1bf9fa000)]
  0x00007fb1d800a000 JavaThread "main" [_thread_blocked, id=3946, stack(0x00007fb1de16c000,0x00007fb1de26d000)]

Other Threads:
=>0x00007fb1d8078000 VMThread [stack: 0x00007fb1bf9fa000,0x00007fb1bfafb000] [id=3953]
  0x00007fb1d80c4800 WatcherThread [stack: 0x00007fb1beb0f000,0x00007fb1bec10000] [id=3961]

VM state:at safepoint (normal execution)

VM Mutex/Monitor currently owned by a thread:  ([mutex/lock_event])
[0x00007fb1d8006570] Threads_lock - owner thread: 0x00007fb1d8078000
[0x00007fb1d8006a70] Heap_lock - owner thread: 0x00007fb1d813e000

Heap:
 PSYoungGen      total 69632K, used 9184K [0x00000000eab00000, 0x00000000ef900000, 0x0000000100000000)
  eden space 60416K, 0% used [0x00000000eab00000,0x00000000eab00000,0x00000000ee600000)
  from space 9216K, 99% used [0x00000000ee600000,0x00000000eeef8020,0x00000000eef00000)
  to   space 8192K, 0% used [0x00000000eef00000,0x00000000eef00000,0x00000000ef700000)
 ParOldGen       total 40960K, used 19064K [0x00000000c0000000, 0x00000000c2800000, 0x00000000eab00000)
  object space 40960K, 46% used [0x00000000c0000000,0x00000000c129e0d8,0x00000000c2800000)
 Metaspace       used 6094K, capacity 7024K, committed 7296K, reserved 1056768K
  class space    used 589K, capacity 616K, committed 640K, reserved 1048576K

Card table byte_map: [0x00007fb1c7bad000,0x00007fb1c7dae000] byte_map_base: 0x00007fb1c75ad000

Marking Bits: (ParMarkBitMap*) 0x00007fb1dd6464c0
 Begin Bits: [0x00007fb1c57a9000, 0x00007fb1c67a9000)
 End Bits:   [0x00007fb1c67a9000, 0x00007fb1c77a9000)

Polling page: 0x00007fb1de28f000

CodeCache: size=245760Kb used=5246Kb max_used=5246Kb free=240513Kb
 bounds [0x00007fb1c816e000, 0x00007fb1c869e000, 0x00007fb1d716e000]
 total_blobs=1727 nmethods=1459 adapters=182
 compilation: enabled

Compilation events (10 events):
Event: 161.980 Thread 0x00007fb1d80be800 nmethod 1660 0x00007fb1c8688310 code [0x00007fb1c8688480, 0x00007fb1c86885e8]
Event: 161.980 Thread 0x00007fb1d80be800 1661       2       com.android.dx.dex.file.ClassDefItem::addVirtualMethod (9 bytes)
Event: 161.992 Thread 0x00007fb1d80be800 nmethod 1661 0x00007fb1c8688690 code [0x00007fb1c8688820, 0x00007fb1c8688b58]
Event: 161.992 Thread 0x00007fb1d80be800 1777       3       com.android.dx.ssa.ConstCollector::updateConstUses (248 bytes)
Event: 162.025 Thread 0x00007fb1d80be800 nmethod 1777 0x00007fb1c8688e10 code [0x00007fb1c86891c0, 0x00007fb1c868b678]
Event: 162.025 Thread 0x00007fb1d80be800 1778       3       com.android.dx.ssa.DeadCodeRemover::run (194 bytes)
Event: 162.051 Thread 0x00007fb1d80be800 nmethod 1778 0x00007fb1c868cb90 code [0x00007fb1c868cf00, 0x00007fb1c868ec88]
Event: 162.051 Thread 0x00007fb1d80be800 1743       3       com.android.dx.ssa.PhiTypeResolver::run (179 bytes)
Event: 162.089 Thread 0x00007fb1d80be800 nmethod 1743 0x00007fb1c868fd50 code [0x00007fb1c868ffe0, 0x00007fb1c8691168]
Event: 162.089 Thread 0x00007fb1d80be800 1776   !   3       com.android.dx.cf.code.Ropper::doit (126 bytes)

GC Heap History (10 events):
Event: 3.961 GC heap after
Heap after GC invocations=2 (full 0):
 PSYoungGen      total 17920K, used 2554K [0x00000000eab00000, 0x00000000ebf00000, 0x0000000100000000)
  eden space 15360K, 0% used [0x00000000eab00000,0x00000000eab00000,0x00000000eba00000)
  from space 2560K, 99% used [0x00000000ebc80000,0x00000000ebefead8,0x00000000ebf00000)
  to   space 2560K, 0% used [0x00000000eba00000,0x00000000eba00000,0x00000000ebc80000)
 ParOldGen       total 40960K, used 1516K [0x00000000c0000000, 0x00000000c2800000, 0x00000000eab00000)
  object space 40960K, 3% used [0x00000000c0000000,0x00000000c017b3f8,0x00000000c2800000)
 Metaspace       used 5807K, capacity 6768K, committed 7040K, reserved 1056768K
  class space    used 588K, capacity 616K, committed 640K, reserved 1048576K
}
Event: 4.721 GC heap before
{Heap before GC invocations=3 (full 0):
 PSYoungGen      total 17920K, used 17914K [0x00000000eab00000, 0x00000000ebf00000, 0x0000000100000000)
  eden space 15360K, 100% used [0x00000000eab00000,0x00000000eba00000,0x00000000eba00000)
  from space 2560K, 99% used [0x00000000ebc80000,0x00000000ebefead8,0x00000000ebf00000)
  to   space 2560K, 0% used [0x00000000eba00000,0x00000000eba00000,0x00000000ebc80000)
 ParOldGen       total 40960K, used 1516K [0x00000000c0000000, 0x00000000c2800000, 0x00000000eab00000)
  object space 40960K, 3% used [0x00000000c0000000,0x00000000c017b3f8,0x00000000c2800000)
 Metaspace       used 5889K, capacity 6832K, committed 7040K, reserved 1056768K
  class space    used 588K, capacity 616K, committed 640K, reserved 1048576K
Event: 4.762 GC heap after
Heap after GC invocations=3 (full 0):
 PSYoungGen      total 17920K, used 2554K [0x00000000eab00000, 0x00000000ece00000, 0x0000000100000000)
  eden space 15360K, 0% used [0x00000000eab00000,0x00000000eab00000,0x00000000eba00000)
  from space 2560K, 99% used [0x00000000eba00000,0x00000000ebc7ea98,0x00000000ebc80000)
  to   space 2560K, 0% used [0x00000000ecb80000,0x00000000ecb80000,0x00000000ece00000)
 ParOldGen       total 40960K, used 3878K [0x00000000c0000000, 0x00000000c2800000, 0x00000000eab00000)
  object space 40960K, 9% used [0x00000000c0000000,0x00000000c03c9820,0x00000000c2800000)
 Metaspace       used 5889K, capacity 6832K, committed 7040K, reserved 1056768K
  class space    used 588K, capacity 616K, committed 640K, reserved 1048576K
}
Event: 21.675 GC heap before
{Heap before GC invocations=4 (full 0):
 PSYoungGen      total 17920K, used 17914K [0x00000000eab00000, 0x00000000ece00000, 0x0000000100000000)
  eden space 15360K, 100% used [0x00000000eab00000,0x00000000eba00000,0x00000000eba00000)
  from space 2560K, 99% used [0x00000000eba00000,0x00000000ebc7ea98,0x00000000ebc80000)
  to   space 2560K, 0% used [0x00000000ecb80000,0x00000000ecb80000,0x00000000ece00000)
 ParOldGen       total 40960K, used 3878K [0x00000000c0000000, 0x00000000c2800000, 0x00000000eab00000)
  object space 40960K, 9% used [0x00000000c0000000,0x00000000c03c9820,0x00000000c2800000)
 Metaspace       used 5899K, capacity 6832K, committed 7040K, reserved 1056768K
  class space    used 588K, capacity 616K, committed 640K, reserved 1048576K
Event: 21.840 GC heap after
Heap after GC invocations=4 (full 0):
 PSYoungGen      total 33280K, used 2528K [0x00000000eab00000, 0x00000000ece00000, 0x0000000100000000)
  eden space 30720K, 0% used [0x00000000eab00000,0x00000000eab00000,0x00000000ec900000)
  from space 2560K, 98% used [0x00000000ecb80000,0x00000000ecdf8018,0x00000000ece00000)
  to   space 2560K, 0% used [0x00000000ec900000,0x00000000ec900000,0x00000000ecb80000)
 ParOldGen       total 40960K, used 6567K [0x00000000c0000000, 0x00000000c2800000, 0x00000000eab00000)
  object space 40960K, 16% used [0x00000000c0000000,0x00000000c0669da8,0x00000000c2800000)
 Metaspace       used 5899K, capacity 6832K, committed 7040K, reserved 1056768K
  class space    used 588K, capacity 616K, committed 640K, reserved 1048576K
}
Event: 158.852 GC heap before
{Heap before GC invocations=5 (full 0):
 PSYoungGen      total 33280K, used 33248K [0x00000000eab00000, 0x00000000ece00000, 0x0000000100000000)
  eden space 30720K, 100% used [0x00000000eab00000,0x00000000ec900000,0x00000000ec900000)
  from space 2560K, 98% used [0x00000000ecb80000,0x00000000ecdf8018,0x00000000ece00000)
  to   space 2560K, 0% used [0x00000000ec900000,0x00000000ec900000,0x00000000ecb80000)
 ParOldGen       total 40960K, used 6812K [0x00000000c0000000, 0x00000000c2800000, 0x00000000eab00000)
  object space 40960K, 16% used [0x00000000c0000000,0x00000000c06a73f8,0x00000000c2800000)
 Metaspace       used 5923K, capacity 6896K, committed 7040K, reserved 1056768K
  class space    used 588K, capacity 616K, committed 640K, reserved 1048576K
Event: 158.932 GC heap after
Heap after GC invocations=5 (full 0):
 PSYoungGen      total 33280K, used 2548K [0x00000000eab00000, 0x00000000ef700000, 0x0000000100000000)
  eden space 30720K, 0% used [0x00000000eab00000,0x00000000eab00000,0x00000000ec900000)
  from space 2560K, 99% used [0x00000000ec900000,0x00000000ecb7d250,0x00000000ecb80000)
  to   space 8192K, 0% used [0x00000000eef00000,0x00000000eef00000,0x00000000ef700000)
 ParOldGen       total 40960K, used 11468K [0x00000000c0000000, 0x00000000c2800000, 0x00000000eab00000)
  object space 40960K, 27% used [0x00000000c0000000,0x00000000c0b332d0,0x00000000c2800000)
 Metaspace       used 5923K, capacity 6896K, committed 7040K, reserved 1056768K
  class space    used 588K, capacity 616K, committed 640K, reserved 1048576K
}
Event: 160.033 GC heap before
{Heap before GC invocations=6 (full 0):
 PSYoungGen      total 33280K, used 33268K [0x00000000eab00000, 0x00000000ef700000, 0x0000000100000000)
  eden space 30720K, 100% used [0x00000000eab00000,0x00000000ec900000,0x00000000ec900000)
  from space 2560K, 99% used [0x00000000ec900000,0x00000000ecb7d250,0x00000000ecb80000)
  to   space 8192K, 0% used [0x00000000eef00000,0x00000000eef00000,0x00000000ef700000)
 ParOldGen       total 40960K, used 11475K [0x00000000c0000000, 0x00000000c2800000, 0x00000000eab00000)
  object space 40960K, 28% used [0x00000000c0000000,0x00000000c0b34f90,0x00000000c2800000)
 Metaspace       used 5981K, capacity 6960K, committed 7040K, reserved 1056768K
  class space    used 589K, capacity 616K, committed 640K, reserved 1048576K
Event: 160.186 GC heap after
Heap after GC invocations=6 (full 0):
 PSYoungGen      total 68608K, used 7188K [0x00000000eab00000, 0x00000000ef900000, 0x0000000100000000)
  eden space 60416K, 0% used [0x00000000eab00000,0x00000000eab00000,0x00000000ee600000)
  from space 8192K, 87% used [0x00000000eef00000,0x00000000ef605250,0x00000000ef700000)
  to   space 9216K, 0% used [0x00000000ee600000,0x00000000ee600000,0x00000000eef00000)
 ParOldGen       total 40960K, used 11475K [0x00000000c0000000, 0x00000000c2800000, 0x00000000eab00000)
  object space 40960K, 28% used [0x00000000c0000000,0x00000000c0b34f90,0x00000000c2800000)
 Metaspace       used 5981K, capacity 6960K, committed 7040K, reserved 1056768K
  class space    used 589K, capacity 616K, committed 640K, reserved 1048576K
}
Event: 162.107 GC heap before
{Heap before GC invocations=7 (full 0):
 PSYoungGen      total 68608K, used 67604K [0x00000000eab00000, 0x00000000ef900000, 0x0000000100000000)
  eden space 60416K, 100% used [0x00000000eab00000,0x00000000ee600000,0x00000000ee600000)
  from space 8192K, 87% used [0x00000000eef00000,0x00000000ef605250,0x00000000ef700000)
  to   space 9216K, 0% used [0x00000000ee600000,0x00000000ee600000,0x00000000eef00000)
 ParOldGen       total 40960K, used 11475K [0x00000000c0000000, 0x00000000c2800000, 0x00000000eab00000)
  object space 40960K, 28% used [0x00000000c0000000,0x00000000c0b34f90,0x00000000c2800000)
 Metaspace       used 6094K, capacity 7024K, committed 7296K, reserved 1056768K
  class space    used 589K, capacity 616K, committed 640K, reserved 1048576K

Deoptimization events (7 events):
Event: 1.359 Thread 0x00007fb1d800a000 Uncommon trap: reason=unstable_if action=reinterpret pc=0x00007fb1c82cc1d0 method=java.lang.String.indexOf(II)I @ 49
Event: 2.588 Thread 0x00007fb1d8137800 Uncommon trap: reason=unstable_if action=reinterpret pc=0x00007fb1c836effc method=java.util.HashMap.getNode(ILjava/lang/Object;)Ljava/util/HashMap$Node; @ 129
Event: 43.027 Thread 0x00007fb1d800a000 Uncommon trap: reason=bimorphic action=maybe_recompile pc=0x00007fb1c839b73c method=java.util.HashMap.getNode(ILjava/lang/Object;)Ljava/util/HashMap$Node; @ 126
Event: 43.027 Thread 0x00007fb1d813b000 Uncommon trap: reason=class_check action=maybe_recompile pc=0x00007fb1c839b78c method=com.android.dx.rop.type.Type.equals(Ljava/lang/Object;)Z @ 8
Event: 46.396 Thread 0x00007fb1d813b000 Uncommon trap: reason=class_check action=maybe_recompile pc=0x00007fb1c839b78c method=com.android.dx.rop.type.Type.equals(Ljava/lang/Object;)Z @ 8
Event: 59.422 Thread 0x00007fb1d813b000 Uncommon trap: reason=class_check action=maybe_recompile pc=0x00007fb1c839b78c method=com.android.dx.rop.type.Type.equals(Ljava/lang/Object;)Z @ 8
Event: 81.746 Thread 0x00007fb1d813d000 Uncommon trap: reason=class_check action=maybe_recompile pc=0x00007fb1c839b78c method=com.android.dx.rop.type.Type.equals(Ljava/lang/Object;)Z @ 8

Internal exceptions (2 events):
Event: 0.217 Thread 0x00007fb1d800a000 Exception <a 'java/lang/NoSuchMethodError': Method sun.misc.Unsafe.defineClass(Ljava/lang/String;[BII)Ljava/lang/Class; name or signature does not match> (0x00000000eab07cc0) thrown at [/HUDSON/workspace/8-2-build-linux-amd64/jdk8u92/6642/hotspot/src/shar
Event: 0.217 Thread 0x00007fb1d800a000 Exception <a 'java/lang/NoSuchMethodError': Method sun.misc.Unsafe.prefetchRead(Ljava/lang/Object;J)V name or signature does not match> (0x00000000eab07fa8) thrown at [/HUDSON/workspace/8-2-build-linux-amd64/jdk8u92/6642/hotspot/src/share/vm/prims/jni.cpp

Events (10 events):
Event: 160.024 loading class com/android/dx/cf/attrib/AttRuntimeInvisibleAnnotations done
Event: 160.031 Executing VM operation: ParallelGCFailedAllocation
Event: 160.186 Executing VM operation: ParallelGCFailedAllocation done
Event: 160.545 Thread 0x00007fb1d813e000 DEOPT PACKING pc=0x00007fb1c852fa2c sp=0x00007fb1be709070
Event: 160.545 Thread 0x00007fb1d813e000 DEOPT UNPACKING pc=0x00007fb1c81b5633 sp=0x00007fb1be708d70 mode 0
Event: 161.217 Thread 0x00007fb1d813d000 DEOPT PACKING pc=0x00007fb1c852fa2c sp=0x00007fb1be80a260
Event: 161.217 Thread 0x00007fb1d813d000 DEOPT UNPACKING pc=0x00007fb1c81b5633 sp=0x00007fb1be809f60 mode 0
Event: 161.812 Thread 0x00007fb1d813b000 DEOPT PACKING pc=0x00007fb1c852fa2c sp=0x00007fb1be90ada0
Event: 161.812 Thread 0x00007fb1d813b000 DEOPT UNPACKING pc=0x00007fb1c81b5633 sp=0x00007fb1be90aaa0 mode 0
Event: 162.089 Executing VM operation: ParallelGCFailedAllocation


Dynamic libraries:
00400000-00401000 r-xp 00000000 08:02 6689750                            /usr/lib/jvm/java-8-oracle/bin/java
00600000-00601000 rw-p 00000000 08:02 6689750                            /usr/lib/jvm/java-8-oracle/bin/java
00638000-00659000 rw-p 00000000 00:00 0                                  [heap]
c0000000-c2800000 rw-p 00000000 00:00 0 
c2800000-eab00000 ---p 00000000 00:00 0 
eab00000-ef900000 rw-p 00000000 00:00 0 
f3d00000-100000000 ---p 00000000 00:00 0 
100000000-1000a0000 rw-p 00000000 00:00 0 
1000a0000-140000000 ---p 00000000 00:00 0 
7fb170000000-7fb170025000 rw-p 00000000 00:00 0 
7fb170025000-7fb174000000 ---p 00000000 00:00 0 
7fb178000000-7fb178021000 rw-p 00000000 00:00 0 
7fb178021000-7fb17c000000 ---p 00000000 00:00 0 
7fb17c000000-7fb17c021000 rw-p 00000000 00:00 0 
7fb17c021000-7fb180000000 ---p 00000000 00:00 0 
7fb180000000-7fb180030000 rw-p 00000000 00:00 0 
7fb180030000-7fb184000000 ---p 00000000 00:00 0 
7fb184000000-7fb184021000 rw-p 00000000 00:00 0 
7fb184021000-7fb188000000 ---p 00000000 00:00 0 
7fb188000000-7fb188021000 rw-p 00000000 00:00 0 
7fb188021000-7fb18c000000 ---p 00000000 00:00 0 
7fb18c000000-7fb18c021000 rw-p 00000000 00:00 0 
7fb18c021000-7fb190000000 ---p 00000000 00:00 0 
7fb190000000-7fb19068b000 rw-p 00000000 00:00 0 
7fb19068b000-7fb194000000 ---p 00000000 00:00 0 
7fb194000000-7fb194818000 rw-p 00000000 00:00 0 
7fb194818000-7fb198000000 ---p 00000000 00:00 0 
7fb198000000-7fb198021000 rw-p 00000000 00:00 0 
7fb198021000-7fb19c000000 ---p 00000000 00:00 0 
7fb19c000000-7fb19c681000 rw-p 00000000 00:00 0 
7fb19c681000-7fb1a0000000 ---p 00000000 00:00 0 
7fb1a0000000-7fb1a0021000 rw-p 00000000 00:00 0 
7fb1a0021000-7fb1a4000000 ---p 00000000 00:00 0 
7fb1a4000000-7fb1a4021000 rw-p 00000000 00:00 0 
7fb1a4021000-7fb1a8000000 ---p 00000000 00:00 0 
7fb1a8000000-7fb1a8021000 rw-p 00000000 00:00 0 
7fb1a8021000-7fb1ac000000 ---p 00000000 00:00 0 
7fb1ac000000-7fb1ac28c000 rw-p 00000000 00:00 0 
7fb1ac28c000-7fb1b0000000 ---p 00000000 00:00 0 
7fb1b0000000-7fb1b0021000 rw-p 00000000 00:00 0 
7fb1b0021000-7fb1b4000000 ---p 00000000 00:00 0 
7fb1b8000000-7fb1b8021000 rw-p 00000000 00:00 0 
7fb1b8021000-7fb1bc000000 ---p 00000000 00:00 0 
7fb1be60a000-7fb1be60d000 ---p 00000000 00:00 0 
7fb1be60d000-7fb1be70b000 rw-p 00000000 00:00 0                          [stack:3971]
7fb1be70b000-7fb1be70e000 ---p 00000000 00:00 0 
7fb1be70e000-7fb1be80c000 rw-p 00000000 00:00 0                          [stack:3970]
7fb1be80c000-7fb1be80f000 ---p 00000000 00:00 0 
7fb1be80f000-7fb1be90d000 rw-p 00000000 00:00 0                          [stack:3969]
7fb1be90d000-7fb1be910000 ---p 00000000 00:00 0 
7fb1be910000-7fb1bea0e000 rw-p 00000000 00:00 0                          [stack:3968]
7fb1bea0e000-7fb1bea11000 ---p 00000000 00:00 0 
7fb1bea11000-7fb1beb0f000 rw-p 00000000 00:00 0                          [stack:3967]
7fb1beb0f000-7fb1beb10000 ---p 00000000 00:00 0 
7fb1beb10000-7fb1bec10000 rw-p 00000000 00:00 0                          [stack:3961]
7fb1bec10000-7fb1bec13000 ---p 00000000 00:00 0 
7fb1bec13000-7fb1bed11000 rw-p 00000000 00:00 0                          [stack:3960]
7fb1bed11000-7fb1bed14000 ---p 00000000 00:00 0 
7fb1bed14000-7fb1bee12000 rw-p 00000000 00:00 0                          [stack:3959]
7fb1bee12000-7fb1bee15000 ---p 00000000 00:00 0 
7fb1bee15000-7fb1bef13000 rw-p 00000000 00:00 0                          [stack:3958]
7fb1bef13000-7fb1bef16000 ---p 00000000 00:00 0 
7fb1bef16000-7fb1bf014000 rw-p 00000000 00:00 0                          [stack:3957]
7fb1bf014000-7fb1bf017000 ---p 00000000 00:00 0 
7fb1bf017000-7fb1bf115000 rw-p 00000000 00:00 0                          [stack:3956]
7fb1bf115000-7fb1bf7f8000 r--p 00000000 08:02 6691839                    /usr/lib/locale/locale-archive
7fb1bf7f8000-7fb1bf7fb000 ---p 00000000 00:00 0 
7fb1bf7fb000-7fb1bf8f9000 rw-p 00000000 00:00 0                          [stack:3955]
7fb1bf8f9000-7fb1bf8fc000 ---p 00000000 00:00 0 
7fb1bf8fc000-7fb1bf9fa000 rw-p 00000000 00:00 0                          [stack:3954]
7fb1bf9fa000-7fb1bf9fb000 ---p 00000000 00:00 0 
7fb1bf9fb000-7fb1c0000000 rw-p 00000000 00:00 0                          [stack:3953]
7fb1c0000000-7fb1c0021000 rw-p 00000000 00:00 0 
7fb1c0021000-7fb1c4000000 ---p 00000000 00:00 0 
7fb1c40b0000-7fb1c40bd000 r--s 00066000 08:02 4085632                    /home/yonatan/Etty/programing/androidAdvanced/FinalProject/LocationsApp/app/build/intermediates/exploded-aar/com.google.android.gms/play-services-drive/8.4.0/jars/classes.jar
7fb1c40bd000-7fb1c40cc000 r--s 000df000 08:02 3824912                    /home/yonatan/Android/Sdk/build-tools/23.0.2/lib/dx.jar
7fb1c40cc000-7fb1c4b5a000 rw-p 00000000 00:00 0 
7fb1c4b5a000-7fb1c4d33000 r--s 03d24000 08:02 6706420                    /usr/lib/jvm/java-8-oracle/jre/lib/rt.jar
7fb1c4d33000-7fb1c5429000 rw-p 00000000 00:00 0 
7fb1c5429000-7fb1c55a9000 ---p 00000000 00:00 0 
7fb1c55a9000-7fb1c77a9000 rw-p 00000000 00:00 0 
7fb1c77a9000-7fb1c77aa000 ---p 00000000 00:00 0 
7fb1c77aa000-7fb1c78aa000 rw-p 00000000 00:00 0                          [stack:3952]
7fb1c78aa000-7fb1c78ab000 ---p 00000000 00:00 0 
7fb1c78ab000-7fb1c79ab000 rw-p 00000000 00:00 0                          [stack:3951]
7fb1c79ab000-7fb1c79ac000 ---p 00000000 00:00 0 
7fb1c79ac000-7fb1c7aac000 rw-p 00000000 00:00 0                          [stack:3950]
7fb1c7aac000-7fb1c7aad000 ---p 00000000 00:00 0 
7fb1c7aad000-7fb1c7bc1000 rw-p 00000000 00:00 0                          [stack:3949]
7fb1c7bc1000-7fb1c7d02000 ---p 00000000 00:00 0 
7fb1c7d02000-7fb1c7d2a000 rw-p 00000000 00:00 0 
7fb1c7d2a000-7fb1c7dad000 ---p 00000000 00:00 0 
7fb1c7dad000-7fb1c7dc3000 rw-p 00000000 00:00 0 
7fb1c7dc3000-7fb1c816e000 ---p 00000000 00:00 0 
7fb1c816e000-7fb1c869e000 rwxp 00000000 00:00 0 
7fb1c869e000-7fb1d716e000 ---p 00000000 00:00 0 
7fb1d716e000-7fb1d7188000 r-xp 00000000 08:02 6706459                    /usr/lib/jvm/java-8-oracle/jre/lib/amd64/libzip.so
7fb1d7188000-7fb1d7388000 ---p 0001a000 08:02 6706459                    /usr/lib/jvm/java-8-oracle/jre/lib/amd64/libzip.so
7fb1d7388000-7fb1d7389000 rw-p 0001a000 08:02 6706459                    /usr/lib/jvm/java-8-oracle/jre/lib/amd64/libzip.so
7fb1d7389000-7fb1d7394000 r-xp 00000000 08:02 4353546                    /lib/x86_64-linux-gnu/libnss_files-2.19.so
7fb1d7394000-7fb1d7593000 ---p 0000b000 08:02 4353546                    /lib/x86_64-linux-gnu/libnss_files-2.19.so
7fb1d7593000-7fb1d7594000 r--p 0000a000 08:02 4353546                    /lib/x86_64-linux-gnu/libnss_files-2.19.so
7fb1d7594000-7fb1d7595000 rw-p 0000b000 08:02 4353546                    /lib/x86_64-linux-gnu/libnss_files-2.19.so
7fb1d7595000-7fb1d75a0000 r-xp 00000000 08:02 4353538                    /lib/x86_64-linux-gnu/libnss_nis-2.19.so
7fb1d75a0000-7fb1d779f000 ---p 0000b000 08:02 4353538                    /lib/x86_64-linux-gnu/libnss_nis-2.19.so
7fb1d779f000-7fb1d77a0000 r--p 0000a000 08:02 4353538                    /lib/x86_64-linux-gnu/libnss_nis-2.19.so
7fb1d77a0000-7fb1d77a1000 rw-p 0000b000 08:02 4353538                    /lib/x86_64-linux-gnu/libnss_nis-2.19.so
7fb1d77a1000-7fb1d77b8000 r-xp 00000000 08:02 4353534                    /lib/x86_64-linux-gnu/libnsl-2.19.so
7fb1d77b8000-7fb1d79b7000 ---p 00017000 08:02 4353534                    /lib/x86_64-linux-gnu/libnsl-2.19.so
7fb1d79b7000-7fb1d79b8000 r--p 00016000 08:02 4353534                    /lib/x86_64-linux-gnu/libnsl-2.19.so
7fb1d79b8000-7fb1d79b9000 rw-p 00017000 08:02 4353534                    /lib/x86_64-linux-gnu/libnsl-2.19.so
7fb1d79b9000-7fb1d79bb000 rw-p 00000000 00:00 0 
7fb1d79bb000-7fb1d79c4000 r-xp 00000000 08:02 4353533                    /lib/x86_64-linux-gnu/libnss_compat-2.19.so
7fb1d79c4000-7fb1d7bc3000 ---p 00009000 08:02 4353533                    /lib/x86_64-linux-gnu/libnss_compat-2.19.so
7fb1d7bc3000-7fb1d7bc4000 r--p 00008000 08:02 4353533                    /lib/x86_64-linux-gnu/libnss_compat-2.19.so
7fb1d7bc4000-7fb1d7bc5000 rw-p 00009000 08:02 4353533                    /lib/x86_64-linux-gnu/libnss_compat-2.19.so
7fb1d7bc5000-7fb1d7bef000 r-xp 00000000 08:02 6706432                    /usr/lib/jvm/java-8-oracle/jre/lib/amd64/libjava.so
7fb1d7bef000-7fb1d7def000 ---p 0002a000 08:02 6706432                    /usr/lib/jvm/java-8-oracle/jre/lib/amd64/libjava.so
7fb1d7def000-7fb1d7df1000 rw-p 0002a000 08:02 6706432                    /usr/lib/jvm/java-8-oracle/jre/lib/amd64/libjava.so
7fb1d7df1000-7fb1d7dfe000 r-xp 00000000 08:02 6706446                    /usr/lib/jvm/java-8-oracle/jre/lib/amd64/libverify.so
7fb1d7dfe000-7fb1d7ffe000 ---p 0000d000 08:02 6706446                    /usr/lib/jvm/java-8-oracle/jre/lib/amd64/libverify.so
7fb1d7ffe000-7fb1d8000000 rw-p 0000d000 08:02 6706446                    /usr/lib/jvm/java-8-oracle/jre/lib/amd64/libverify.so
7fb1d8000000-7fb1d838d000 rw-p 00000000 00:00 0 
7fb1d838d000-7fb1dc000000 ---p 00000000 00:00 0 
7fb1dc008000-7fb1dc03d000 rw-p 00000000 00:00 0 
7fb1dc03d000-7fb1dc17f000 ---p 00000000 00:00 0 
7fb1dc17f000-7fb1dc186000 r-xp 00000000 08:02 4353542                    /lib/x86_64-linux-gnu/librt-2.19.so
7fb1dc186000-7fb1dc385000 ---p 00007000 08:02 4353542                    /lib/x86_64-linux-gnu/librt-2.19.so
7fb1dc385000-7fb1dc386000 r--p 00006000 08:02 4353542                    /lib/x86_64-linux-gnu/librt-2.19.so
7fb1dc386000-7fb1dc387000 rw-p 00007000 08:02 4353542                    /lib/x86_64-linux-gnu/librt-2.19.so
7fb1dc387000-7fb1dc48c000 r-xp 00000000 08:02 4353528                    /lib/x86_64-linux-gnu/libm-2.19.so
7fb1dc48c000-7fb1dc68b000 ---p 00105000 08:02 4353528                    /lib/x86_64-linux-gnu/libm-2.19.so
7fb1dc68b000-7fb1dc68c000 r--p 00104000 08:02 4353528                    /lib/x86_64-linux-gnu/libm-2.19.so
7fb1dc68c000-7fb1dc68d000 rw-p 00105000 08:02 4353528                    /lib/x86_64-linux-gnu/libm-2.19.so
7fb1dc68d000-7fb1dd350000 r-xp 00000000 08:02 6706450                    /usr/lib/jvm/java-8-oracle/jre/lib/amd64/server/libjvm.so
7fb1dd350000-7fb1dd54f000 ---p 00cc3000 08:02 6706450                    /usr/lib/jvm/java-8-oracle/jre/lib/amd64/server/libjvm.so
7fb1dd54f000-7fb1dd628000 rw-p 00cc2000 08:02 6706450                    /usr/lib/jvm/java-8-oracle/jre/lib/amd64/server/libjvm.so
7fb1dd628000-7fb1dd673000 rw-p 00000000 00:00 0 
7fb1dd673000-7fb1dd82e000 r-xp 00000000 08:02 4353543                    /lib/x86_64-linux-gnu/libc-2.19.so
7fb1dd82e000-7fb1dda2d000 ---p 001bb000 08:02 4353543                    /lib/x86_64-linux-gnu/libc-2.19.so
7fb1dda2d000-7fb1dda31000 r--p 001ba000 08:02 4353543                    /lib/x86_64-linux-gnu/libc-2.19.so
7fb1dda31000-7fb1dda33000 rw-p 001be000 08:02 4353543                    /lib/x86_64-linux-gnu/libc-2.19.so
7fb1dda33000-7fb1dda38000 rw-p 00000000 00:00 0 
7fb1dda38000-7fb1dda3b000 r-xp 00000000 08:02 4353530                    /lib/x86_64-linux-gnu/libdl-2.19.so
7fb1dda3b000-7fb1ddc3a000 ---p 00003000 08:02 4353530                    /lib/x86_64-linux-gnu/libdl-2.19.so
7fb1ddc3a000-7fb1ddc3b000 r--p 00002000 08:02 4353530                    /lib/x86_64-linux-gnu/libdl-2.19.so
7fb1ddc3b000-7fb1ddc3c000 rw-p 00003000 08:02 4353530                    /lib/x86_64-linux-gnu/libdl-2.19.so
7fb1ddc3c000-7fb1ddc51000 r-xp 00000000 08:02 6728050                    /usr/lib/jvm/java-8-oracle/lib/amd64/jli/libjli.so
7fb1ddc51000-7fb1dde51000 ---p 00015000 08:02 6728050                    /usr/lib/jvm/java-8-oracle/lib/amd64/jli/libjli.so
7fb1dde51000-7fb1dde52000 rw-p 00015000 08:02 6728050                    /usr/lib/jvm/java-8-oracle/lib/amd64/jli/libjli.so
7fb1dde52000-7fb1dde6b000 r-xp 00000000 08:02 4353535                    /lib/x86_64-linux-gnu/libpthread-2.19.so
7fb1dde6b000-7fb1de06a000 ---p 00019000 08:02 4353535                    /lib/x86_64-linux-gnu/libpthread-2.19.so
7fb1de06a000-7fb1de06b000 r--p 00018000 08:02 4353535                    /lib/x86_64-linux-gnu/libpthread-2.19.so
7fb1de06b000-7fb1de06c000 rw-p 00019000 08:02 4353535                    /lib/x86_64-linux-gnu/libpthread-2.19.so
7fb1de06c000-7fb1de070000 rw-p 00000000 00:00 0 
7fb1de070000-7fb1de093000 r-xp 00000000 08:02 4353536                    /lib/x86_64-linux-gnu/ld-2.19.so
7fb1de09a000-7fb1de16c000 rw-p 00000000 00:00 0 
7fb1de16c000-7fb1de16f000 ---p 00000000 00:00 0 
7fb1de16f000-7fb1de286000 rw-p 00000000 00:00 0                          [stack:3946]
7fb1de286000-7fb1de28e000 rw-s 00000000 08:02 1976632                    /tmp/hsperfdata_yonatan/3944
7fb1de28e000-7fb1de28f000 rw-p 00000000 00:00 0 
7fb1de28f000-7fb1de290000 ---p 00000000 00:00 0 
7fb1de290000-7fb1de292000 rw-p 00000000 00:00 0 
7fb1de292000-7fb1de293000 r--p 00022000 08:02 4353536                    /lib/x86_64-linux-gnu/ld-2.19.so
7fb1de293000-7fb1de294000 rw-p 00023000 08:02 4353536                    /lib/x86_64-linux-gnu/ld-2.19.so
7fb1de294000-7fb1de295000 rw-p 00000000 00:00 0 
7ffd7a6f6000-7ffd7a717000 rw-p 00000000 00:00 0                          [stack]
7ffd7a7e9000-7ffd7a7eb000 r-xp 00000000 00:00 0                          [vdso]
7ffd7a7eb000-7ffd7a7ed000 r--p 00000000 00:00 0                          [vvar]
ffffffffff600000-ffffffffff601000 r-xp 00000000 00:00 0                  [vsyscall]

VM Arguments:
jvm_args: -Djava.awt.headless=true -Xmx1024M -Dfile.encoding=UTF-8 -Duser.country=US -Duser.language=en -Duser.variant 
java_command: com.android.dx.command.Main --dex --num-threads=4 --output /home/yonatan/Etty/programing/androidAdvanced/FinalProject/LocationsApp/app/build/intermediates/pre-dexed/debug/com.google.android.gms-play-services-drive-8.4.0_7aba24af880354b38db93bdff1b97c8fc87d0dfb.jar /home/yonatan/Etty/programing/androidAdvanced/FinalProject/LocationsApp/app/build/intermediates/exploded-aar/com.google.android.gms/play-services-drive/8.4.0/jars/classes.jar
java_class_path (initial): /home/yonatan/Android/Sdk/build-tools/23.0.2/lib/dx.jar
Launcher Type: SUN_STANDARD

Environment Variables:
JAVA_HOME=/usr/lib/jvm/java-8-oracle
PATH=/usr/local/sbin:/usr/local/bin:/usr/sbin:/usr/bin:/sbin:/bin:/usr/games:/usr/local/games:/usr/lib/jvm/java-8-oracle/bin:/usr/lib/jvm/java-8-oracle/db/bin:/usr/lib/jvm/java-8-oracle/jre/bin
SHELL=/bin/bash
DISPLAY=:0

Signal Handlers:
SIGSEGV: [libjvm.so+0xabdee0], sa_mask[0]=11111111011111111101111111111110, sa_flags=SA_RESTART|SA_SIGINFO
SIGBUS: [libjvm.so+0xabdee0], sa_mask[0]=11111111011111111101111111111110, sa_flags=SA_RESTART|SA_SIGINFO
SIGFPE: [libjvm.so+0x91a580], sa_mask[0]=11111111011111111101111111111110, sa_flags=SA_RESTART|SA_SIGINFO
SIGPIPE: [libjvm.so+0x91a580], sa_mask[0]=11111111011111111101111111111110, sa_flags=SA_RESTART|SA_SIGINFO
SIGXFSZ: [libjvm.so+0x91a580], sa_mask[0]=11111111011111111101111111111110, sa_flags=SA_RESTART|SA_SIGINFO
SIGILL: [libjvm.so+0x91a580], sa_mask[0]=11111111011111111101111111111110, sa_flags=SA_RESTART|SA_SIGINFO
SIGUSR1: SIG_DFL, sa_mask[0]=00000000000000000000000000000000, sa_flags=none
SIGUSR2: [libjvm.so+0x91bbb0], sa_mask[0]=00100000000000000000000000000000, sa_flags=SA_RESTART|SA_SIGINFO
SIGHUP: [libjvm.so+0x91cfb0], sa_mask[0]=11111111011111111101111111111110, sa_flags=SA_RESTART|SA_SIGINFO
SIGINT: [libjvm.so+0x91cfb0], sa_mask[0]=11111111011111111101111111111110, sa_flags=SA_RESTART|SA_SIGINFO
SIGTERM: [libjvm.so+0x91cfb0], sa_mask[0]=11111111011111111101111111111110, sa_flags=SA_RESTART|SA_SIGINFO
SIGQUIT: [libjvm.so+0x91cfb0], sa_mask[0]=11111111011111111101111111111110, sa_flags=SA_RESTART|SA_SIGINFO


---------------  S Y S T E M  ---------------

OS:DISTRIB_ID=Ubuntu
DISTRIB_RELEASE=14.04
DISTRIB_CODENAME=trusty
DISTRIB_DESCRIPTION="Ubuntu 14.04.4 LTS"

uname:Linux 3.16.0-70-generic #90~14.04.1-Ubuntu SMP Wed Apr 6 22:56:34 UTC 2016 x86_64
libc:glibc 2.19 NPTL 2.19 
rlimit: STACK 8192k, CORE 0k, NPROC 14573, NOFILE 4096, AS infinity
load average:58.38 27.12 10.82

/proc/meminfo:
MemTotal:        3931368 kB
MemFree:           89608 kB
MemAvailable:      41744 kB
Buffers:            1136 kB
Cached:           282520 kB
SwapCached:         2244 kB
Active:          2724748 kB
Inactive:         855044 kB
Active(anon):    2711324 kB
Inactive(anon):   838112 kB
Active(file):      13424 kB
Inactive(file):    16932 kB
Unevictable:          48 kB
Mlocked:              48 kB
SwapTotal:       4077564 kB
SwapFree:             12 kB
Dirty:                 0 kB
Writeback:             0 kB
AnonPages:       3297352 kB
Mapped:            23836 kB
Shmem:            250408 kB
Slab:              92884 kB
SReclaimable:      42844 kB
SUnreclaim:        50040 kB
KernelStack:       15088 kB
PageTables:        81332 kB
NFS_Unstable:          0 kB
Bounce:                0 kB
WritebackTmp:          0 kB
CommitLimit:     6043248 kB
Committed_AS:   18060568 kB
VmallocTotal:   34359738367 kB
VmallocUsed:      353164 kB
VmallocChunk:   34359285816 kB
HardwareCorrupted:     0 kB
AnonHugePages:    516096 kB
HugePages_Total:       0
HugePages_Free:        0
HugePages_Rsvd:        0
HugePages_Surp:        0
Hugepagesize:       2048 kB
DirectMap4k:       78192 kB
DirectMap2M:     3999744 kB


CPU:total 4 (2 cores per cpu, 2 threads per core) family 6 model 58 stepping 9, cmov, cx8, fxsr, mmx, sse, sse2, sse3, ssse3, sse4.1, sse4.2, popcnt, avx, aes, clmul, erms, ht, tsc, tscinvbit, tscinv

/proc/cpuinfo:
processor	: 0
vendor_id	: GenuineIntel
cpu family	: 6
model		: 58
model name	: Intel(R) Core(TM) i5-3317U CPU @ 1.70GHz
stepping	: 9
microcode	: 0x12
cpu MHz		: 2399.988
cache size	: 3072 KB
physical id	: 0
siblings	: 4
core id		: 0
cpu cores	: 2
apicid		: 0
initial apicid	: 0
fpu		: yes
fpu_exception	: yes
cpuid level	: 13
wp		: yes
flags		: fpu vme de pse tsc msr pae mce cx8 apic sep mtrr pge mca cmov pat pse36 clflush dts acpi mmx fxsr sse sse2 ss ht tm pbe syscall nx rdtscp lm constant_tsc arch_perfmon pebs bts rep_good nopl xtopology nonstop_tsc aperfmperf eagerfpu pni pclmulqdq dtes64 monitor ds_cpl vmx est tm2 ssse3 cx16 xtpr pdcm pcid sse4_1 sse4_2 x2apic popcnt tsc_deadline_timer aes xsave avx f16c rdrand lahf_lm ida arat epb xsaveopt pln pts dtherm tpr_shadow vnmi flexpriority ept vpid fsgsbase smep erms
bogomips	: 3392.02
clflush size	: 64
cache_alignment	: 64
address sizes	: 36 bits physical, 48 bits virtual
power management:

processor	: 1
vendor_id	: GenuineIntel
cpu family	: 6
model		: 58
model name	: Intel(R) Core(TM) i5-3317U CPU @ 1.70GHz
stepping	: 9
microcode	: 0x12
cpu MHz		: 2399.988
cache size	: 3072 KB
physical id	: 0
siblings	: 4
core id		: 1
cpu cores	: 2
apicid		: 2
initial apicid	: 2
fpu		: yes
fpu_exception	: yes
cpuid level	: 13
wp		: yes
flags		: fpu vme de pse tsc msr pae mce cx8 apic sep mtrr pge mca cmov pat pse36 clflush dts acpi mmx fxsr sse sse2 ss ht tm pbe syscall nx rdtscp lm constant_tsc arch_perfmon pebs bts rep_good nopl xtopology nonstop_tsc aperfmperf eagerfpu pni pclmulqdq dtes64 monitor ds_cpl vmx est tm2 ssse3 cx16 xtpr pdcm pcid sse4_1 sse4_2 x2apic popcnt tsc_deadline_timer aes xsave avx f16c rdrand lahf_lm ida arat epb xsaveopt pln pts dtherm tpr_shadow vnmi flexpriority ept vpid fsgsbase smep erms
bogomips	: 3392.02
clflush size	: 64
cache_alignment	: 64
address sizes	: 36 bits physical, 48 bits virtual
power management:

processor	: 2
vendor_id	: GenuineIntel
cpu family	: 6
model		: 58
model name	: Intel(R) Core(TM) i5-3317U CPU @ 1.70GHz
stepping	: 9
microcode	: 0x12
cpu MHz		: 2399.988
cache size	: 3072 KB
physical id	: 0
siblings	: 4
core id		: 0
cpu cores	: 2
apicid		: 1
initial apicid	: 1
fpu		: yes
fpu_exception	: yes
cpuid level	: 13
wp		: yes
flags		: fpu vme de pse tsc msr pae mce cx8 apic sep mtrr pge mca cmov pat pse36 clflush dts acpi mmx fxsr sse sse2 ss ht tm pbe syscall nx rdtscp lm constant_tsc arch_perfmon pebs bts rep_good nopl xtopology nonstop_tsc aperfmperf eagerfpu pni pclmulqdq dtes64 monitor ds_cpl vmx est tm2 ssse3 cx16 xtpr pdcm pcid sse4_1 sse4_2 x2apic popcnt tsc_deadline_timer aes xsave avx f16c rdrand lahf_lm ida arat epb xsaveopt pln pts dtherm tpr_shadow vnmi flexpriority ept vpid fsgsbase smep erms
bogomips	: 3392.02
clflush size	: 64
cache_alignment	: 64
address sizes	: 36 bits physical, 48 bits virtual
power management:

processor	: 3
vendor_id	: GenuineIntel
cpu family	: 6
model		: 58
model name	: Intel(R) Core(TM) i5-3317U CPU @ 1.70GHz
stepping	: 9
microcode	: 0x12
cpu MHz		: 2400.054
cache size	: 3072 KB
physical id	: 0
siblings	: 4
core id		: 1
cpu cores	: 2
apicid		: 3
initial apicid	: 3
fpu		: yes
fpu_exception	: yes
cpuid level	: 13
wp		: yes
flags		: fpu vme de pse tsc msr pae mce cx8 apic sep mtrr pge mca cmov pat pse36 clflush dts acpi mmx fxsr sse sse2 ss ht tm pbe syscall nx rdtscp lm constant_tsc arch_perfmon pebs bts rep_good nopl xtopology nonstop_tsc aperfmperf eagerfpu pni pclmulqdq dtes64 monitor ds_cpl vmx est tm2 ssse3 cx16 xtpr pdcm pcid sse4_1 sse4_2 x2apic popcnt tsc_deadline_timer aes xsave avx f16c rdrand lahf_lm ida arat epb xsaveopt pln pts dtherm tpr_shadow vnmi flexpriority ept vpid fsgsbase smep erms
bogomips	: 3392.02
clflush size	: 64
cache_alignment	: 64
address sizes	: 36 bits physical, 48 bits virtual
power management:



Memory: 4k page, physical 3931368k(89360k free), swap 4077564k(28k free)

vm_info: Java HotSpot(TM) 64-Bit Server VM (25.92-b14) for linux-amd64 JRE (1.8.0_92-b14), built on Mar 31 2016 21:08:29 by "java_re" with gcc 4.3.0 20080428 (Red Hat 4.3.0-8)

time: Wed Apr 27 20:18:22 2016
elapsed time: 162 seconds (0d 0h 2m 42s)

