#
# There is insufficient memory for the Java Runtime Environment to continue.
# Native memory allocation (mmap) failed to map 38797312 bytes for committing reserved memory.
# Possible reasons:
#   The system is out of physical RAM or swap space
#   In 32 bit mode, the process size limit was hit
# Possible solutions:
#   Reduce memory load on the system
#   Increase physical memory or swap space
#   Check if swap backing store is full
#   Use 64 bit Java on a 64 bit OS
#   Decrease Java heap size (-Xmx/-Xms)
#   Decrease number of Java threads
#   Decrease Java thread stack sizes (-Xss)
#   Set larger code cache with -XX:ReservedCodeCacheSize=
# This output file may be truncated or incomplete.
#
#  Out of Memory Error (os_linux.cpp:2627), pid=13972, tid=140575114245888
#
# JRE version: Java(TM) SE Runtime Environment (8.0_91-b14) (build 1.8.0_91-b14)
# Java VM: Java HotSpot(TM) 64-Bit Server VM (25.91-b14 mixed mode linux-amd64 compressed oops)
# Failed to write core dump. Core dumps have been disabled. To enable core dumping, try "ulimit -c unlimited" before starting Java again
#

---------------  T H R E A D  ---------------

Current thread (0x00007fda4807b000):  VMThread [stack: 0x00007fda31afb000,0x00007fda31bfc000] [id=13982]

Stack: [0x00007fda31afb000,0x00007fda31bfc000],  sp=0x00007fda31bfa2e0,  free space=1020k
Native frames: (J=compiled Java code, j=interpreted, Vv=VM code, C=native code)
V  [libjvm.so+0xabc18a]  VMError::report_and_die()+0x2ba
V  [libjvm.so+0x4fafeb]  report_vm_out_of_memory(char const*, int, unsigned long, VMErrorType, char const*)+0x8b
V  [libjvm.so+0x91cbb3]  os::Linux::commit_memory_impl(char*, unsigned long, bool)+0x103
V  [libjvm.so+0x91d109]  os::pd_commit_memory(char*, unsigned long, unsigned long, bool)+0x29
V  [libjvm.so+0x91740a]  os::commit_memory(char*, unsigned long, unsigned long, bool)+0x2a
V  [libjvm.so+0x98b033]  PSVirtualSpace::expand_by(unsigned long)+0x53
V  [libjvm.so+0x98c438]  PSYoungGen::resize_generation(unsigned long, unsigned long)+0xf8
V  [libjvm.so+0x98b592]  PSYoungGen::resize(unsigned long, unsigned long)+0x22
V  [libjvm.so+0x98886b]  PSScavenge::invoke_no_policy()+0xf3b
V  [libjvm.so+0x988ff1]  PSScavenge::invoke()+0x41
V  [libjvm.so+0x9408b0]  ParallelScavengeHeap::failed_mem_allocate(unsigned long)+0x70
V  [libjvm.so+0xabdba7]  VM_ParallelGCFailedAllocation::doit()+0x97
V  [libjvm.so+0xac55d5]  VM_Operation::evaluate()+0x55
V  [libjvm.so+0xac39aa]  VMThread::evaluate_operation(VM_Operation*)+0xba
V  [libjvm.so+0xac3d2e]  VMThread::loop()+0x1ce
V  [libjvm.so+0xac41a0]  VMThread::run()+0x70
V  [libjvm.so+0x91ef78]  java_start(Thread*)+0x108

VM_Operation (0x00007fda503c9240): ParallelGCFailedAllocation, mode: safepoint, requested by thread 0x00007fda4800d800


---------------  P R O C E S S  ---------------

Java Threads: ( => current thread )
  0x00007fda480cd000 JavaThread "Service Thread" daemon [_thread_blocked, id=13989, stack(0x00007fda30d11000,0x00007fda30e12000)]
  0x00007fda480c2000 JavaThread "C1 CompilerThread2" daemon [_thread_blocked, id=13988, stack(0x00007fda30e12000,0x00007fda30f13000)]
  0x00007fda480c0000 JavaThread "C2 CompilerThread1" daemon [_thread_blocked, id=13987, stack(0x00007fda30f13000,0x00007fda31014000)]
  0x00007fda480bd000 JavaThread "C2 CompilerThread0" daemon [_thread_blocked, id=13986, stack(0x00007fda31014000,0x00007fda31115000)]
  0x00007fda480bb800 JavaThread "Signal Dispatcher" daemon [_thread_blocked, id=13985, stack(0x00007fda31115000,0x00007fda31216000)]
  0x00007fda48087800 JavaThread "Finalizer" daemon [_thread_blocked, id=13984, stack(0x00007fda318f9000,0x00007fda319fa000)]
  0x00007fda48083000 JavaThread "Reference Handler" daemon [_thread_blocked, id=13983, stack(0x00007fda319fa000,0x00007fda31afb000)]
  0x00007fda4800d800 JavaThread "main" [_thread_blocked, id=13977, stack(0x00007fda502ca000,0x00007fda503cb000)]

Other Threads:
=>0x00007fda4807b000 VMThread [stack: 0x00007fda31afb000,0x00007fda31bfc000] [id=13982]
  0x00007fda480d0000 WatcherThread [stack: 0x00007fda30c10000,0x00007fda30d11000] [id=13990]

VM state:at safepoint (normal execution)

VM Mutex/Monitor currently owned by a thread:  ([mutex/lock_event])
[0x00007fda48009930] Threads_lock - owner thread: 0x00007fda4807b000
[0x00007fda48009e30] Heap_lock - owner thread: 0x00007fda4800d800

Heap:
 PSYoungGen      total 124928K, used 26712K [0x00000000eab00000, 0x00000000f6500000, 0x0000000100000000)
  eden space 80384K, 0% used [0x00000000eab00000,0x00000000eab00000,0x00000000ef980000)
  from space 44544K, 59% used [0x00000000ef980000,0x00000000f13963a8,0x00000000f2500000)
  to   space 37888K, 0% used [0x00000000f2500000,0x00000000f2500000,0x00000000f4a00000)
 ParOldGen       total 77312K, used 20296K [0x00000000c0000000, 0x00000000c4b80000, 0x00000000eab00000)
  object space 77312K, 26% used [0x00000000c0000000,0x00000000c13d2138,0x00000000c4b80000)
 Metaspace       used 4765K, capacity 5464K, committed 5760K, reserved 1056768K
  class space    used 497K, capacity 528K, committed 640K, reserved 1048576K

Card table byte_map: [0x00007fda4ce8d000,0x00007fda4d08e000] byte_map_base: 0x00007fda4c88d000

Marking Bits: (ParMarkBitMap*) 0x00007fda4f7a4d60
 Begin Bits: [0x00007fda32000000, 0x00007fda33000000)
 End Bits:   [0x00007fda33000000, 0x00007fda34000000)

Polling page: 0x00007fda503ed000

CodeCache: size=245760Kb used=4160Kb max_used=4174Kb free=241599Kb
 bounds [0x00007fda39000000, 0x00007fda39420000, 0x00007fda48000000]
 total_blobs=1505 nmethods=1231 adapters=188
 compilation: enabled

Compilation events (10 events):
Event: 2.212 Thread 0x00007fda480c2000 nmethod 1249 0x00007fda3940ee10 code [0x00007fda3940f000, 0x00007fda3940fd48]
Event: 2.212 Thread 0x00007fda480c2000 1251       3       com.android.dx.io.instructions.InstructionCodec$6::decode (40 bytes)
Event: 2.212 Thread 0x00007fda480c2000 nmethod 1251 0x00007fda39410450 code [0x00007fda39410600, 0x00007fda39410ae8]
Event: 2.212 Thread 0x00007fda480c2000 1252       3       com.android.dx.io.instructions.InstructionCodec$6::encode (26 bytes)
Event: 2.213 Thread 0x00007fda480c2000 nmethod 1252 0x00007fda39410d90 code [0x00007fda39410f40, 0x00007fda39411598]
Event: 2.213 Thread 0x00007fda480c2000 1253       3       com.android.dx.io.instructions.DecodedInstruction::getTargetByte (48 bytes)
Event: 2.214 Thread 0x00007fda480c2000 nmethod 1253 0x00007fda39411850 code [0x00007fda39411a40, 0x00007fda39412388]
Event: 2.214 Thread 0x00007fda480c2000 1250       3       com.android.dx.io.instructions.DecodedInstruction::getAUnit (46 bytes)
Event: 2.215 Thread 0x00007fda480c2000 nmethod 1250 0x00007fda394127d0 code [0x00007fda394129e0, 0x00007fda39413318]
Event: 2.218 Thread 0x00007fda480c0000 nmethod 1194 0x00007fda39417050 code [0x00007fda39417260, 0x00007fda39417f98]

GC Heap History (10 events):
Event: 0.491 GC heap after
Heap after GC invocations=3 (full 0):
 PSYoungGen      total 33280K, used 2549K [0x00000000eab00000, 0x00000000eec00000, 0x0000000100000000)
  eden space 30720K, 0% used [0x00000000eab00000,0x00000000eab00000,0x00000000ec900000)
  from space 2560K, 99% used [0x00000000ec900000,0x00000000ecb7d5f0,0x00000000ecb80000)
  to   space 2560K, 0% used [0x00000000ee980000,0x00000000ee980000,0x00000000eec00000)
 ParOldGen       total 50176K, used 44129K [0x00000000c0000000, 0x00000000c3100000, 0x00000000eab00000)
  object space 50176K, 87% used [0x00000000c0000000,0x00000000c2b18718,0x00000000c3100000)
 Metaspace       used 3839K, capacity 4944K, committed 5120K, reserved 1056768K
  class space    used 406K, capacity 456K, committed 512K, reserved 1048576K
}
Event: 0.491 GC heap before
{Heap before GC invocations=4 (full 1):
 PSYoungGen      total 33280K, used 2549K [0x00000000eab00000, 0x00000000eec00000, 0x0000000100000000)
  eden space 30720K, 0% used [0x00000000eab00000,0x00000000eab00000,0x00000000ec900000)
  from space 2560K, 99% used [0x00000000ec900000,0x00000000ecb7d5f0,0x00000000ecb80000)
  to   space 2560K, 0% used [0x00000000ee980000,0x00000000ee980000,0x00000000eec00000)
 ParOldGen       total 50176K, used 44129K [0x00000000c0000000, 0x00000000c3100000, 0x00000000eab00000)
  object space 50176K, 87% used [0x00000000c0000000,0x00000000c2b18718,0x00000000c3100000)
 Metaspace       used 3839K, capacity 4944K, committed 5120K, reserved 1056768K
  class space    used 406K, capacity 456K, committed 512K, reserved 1048576K
Event: 0.505 GC heap after
Heap after GC invocations=4 (full 1):
 PSYoungGen      total 33280K, used 0K [0x00000000eab00000, 0x00000000eec00000, 0x0000000100000000)
  eden space 30720K, 0% used [0x00000000eab00000,0x00000000eab00000,0x00000000ec900000)
  from space 2560K, 0% used [0x00000000ec900000,0x00000000ec900000,0x00000000ecb80000)
  to   space 2560K, 0% used [0x00000000ee980000,0x00000000ee980000,0x00000000eec00000)
 ParOldGen       total 77312K, used 18552K [0x00000000c0000000, 0x00000000c4b80000, 0x00000000eab00000)
  object space 77312K, 23% used [0x00000000c0000000,0x00000000c121e148,0x00000000c4b80000)
 Metaspace       used 3839K, capacity 4944K, committed 5120K, reserved 1056768K
  class space    used 406K, capacity 456K, committed 512K, reserved 1048576K
}
Event: 0.725 GC heap before
{Heap before GC invocations=5 (full 1):
 PSYoungGen      total 33280K, used 30720K [0x00000000eab00000, 0x00000000eec00000, 0x0000000100000000)
  eden space 30720K, 100% used [0x00000000eab00000,0x00000000ec900000,0x00000000ec900000)
  from space 2560K, 0% used [0x00000000ec900000,0x00000000ec900000,0x00000000ecb80000)
  to   space 2560K, 0% used [0x00000000ee980000,0x00000000ee980000,0x00000000eec00000)
 ParOldGen       total 77312K, used 18552K [0x00000000c0000000, 0x00000000c4b80000, 0x00000000eab00000)
  object space 77312K, 23% used [0x00000000c0000000,0x00000000c121e148,0x00000000c4b80000)
 Metaspace       used 3938K, capacity 5008K, committed 5120K, reserved 1056768K
  class space    used 412K, capacity 456K, committed 512K, reserved 1048576K
Event: 0.731 GC heap after
Heap after GC invocations=5 (full 1):
 PSYoungGen      total 53248K, used 928K [0x00000000eab00000, 0x00000000eea80000, 0x0000000100000000)
  eden space 52224K, 0% used [0x00000000eab00000,0x00000000eab00000,0x00000000ede00000)
  from space 1024K, 90% used [0x00000000ee980000,0x00000000eea68000,0x00000000eea80000)
  to   space 2560K, 0% used [0x00000000ee580000,0x00000000ee580000,0x00000000ee800000)
 ParOldGen       total 77312K, used 18560K [0x00000000c0000000, 0x00000000c4b80000, 0x00000000eab00000)
  object space 77312K, 24% used [0x00000000c0000000,0x00000000c1220148,0x00000000c4b80000)
 Metaspace       used 3938K, capacity 5008K, committed 5120K, reserved 1056768K
  class space    used 412K, capacity 456K, committed 512K, reserved 1048576K
}
Event: 1.387 GC heap before
{Heap before GC invocations=6 (full 1):
 PSYoungGen      total 53248K, used 53152K [0x00000000eab00000, 0x00000000eea80000, 0x0000000100000000)
  eden space 52224K, 100% used [0x00000000eab00000,0x00000000ede00000,0x00000000ede00000)
  from space 1024K, 90% used [0x00000000ee980000,0x00000000eea68000,0x00000000eea80000)
  to   space 2560K, 0% used [0x00000000ee580000,0x00000000ee580000,0x00000000ee800000)
 ParOldGen       total 77312K, used 18560K [0x00000000c0000000, 0x00000000c4b80000, 0x00000000eab00000)
  object space 77312K, 24% used [0x00000000c0000000,0x00000000c1220148,0x00000000c4b80000)
 Metaspace       used 4423K, capacity 5424K, committed 5632K, reserved 1056768K
  class space    used 460K, capacity 488K, committed 512K, reserved 1048576K
Event: 1.401 GC heap after
Heap after GC invocations=6 (full 1):
 PSYoungGen      total 62464K, used 2558K [0x00000000eab00000, 0x00000000f4a00000, 0x0000000100000000)
  eden space 59904K, 0% used [0x00000000eab00000,0x00000000eab00000,0x00000000ee580000)
  from space 2560K, 99% used [0x00000000ee580000,0x00000000ee7ffb10,0x00000000ee800000)
  to   space 37888K, 0% used [0x00000000f2500000,0x00000000f2500000,0x00000000f4a00000)
 ParOldGen       total 77312K, used 20024K [0x00000000c0000000, 0x00000000c4b80000, 0x00000000eab00000)
  object space 77312K, 25% used [0x00000000c0000000,0x00000000c138e120,0x00000000c4b80000)
 Metaspace       used 4423K, capacity 5424K, committed 5632K, reserved 1056768K
  class space    used 460K, capacity 488K, committed 512K, reserved 1048576K
}
Event: 1.814 GC heap before
{Heap before GC invocations=7 (full 1):
 PSYoungGen      total 62464K, used 62462K [0x00000000eab00000, 0x00000000f4a00000, 0x0000000100000000)
  eden space 59904K, 100% used [0x00000000eab00000,0x00000000ee580000,0x00000000ee580000)
  from space 2560K, 99% used [0x00000000ee580000,0x00000000ee7ffb10,0x00000000ee800000)
  to   space 37888K, 0% used [0x00000000f2500000,0x00000000f2500000,0x00000000f4a00000)
 ParOldGen       total 77312K, used 20024K [0x00000000c0000000, 0x00000000c4b80000, 0x00000000eab00000)
  object space 77312K, 25% used [0x00000000c0000000,0x00000000c138e120,0x00000000c4b80000)
 Metaspace       used 4750K, capacity 5464K, committed 5760K, reserved 1056768K
  class space    used 496K, capacity 528K, committed 640K, reserved 1048576K
Event: 1.853 GC heap after
Heap after GC invocations=7 (full 1):
 PSYoungGen      total 118272K, used 30683K [0x00000000eab00000, 0x00000000f6500000, 0x0000000100000000)
  eden space 80384K, 0% used [0x00000000eab00000,0x00000000eab00000,0x00000000ef980000)
  from space 37888K, 80% used [0x00000000f2500000,0x00000000f42f6d48,0x00000000f4a00000)
  to   space 44544K, 0% used [0x00000000ef980000,0x00000000ef980000,0x00000000f2500000)
 ParOldGen       total 77312K, used 20288K [0x00000000c0000000, 0x00000000c4b80000, 0x00000000eab00000)
  object space 77312K, 26% used [0x00000000c0000000,0x00000000c13d0138,0x00000000c4b80000)
 Metaspace       used 4750K, capacity 5464K, committed 5760K, reserved 1056768K
  class space    used 496K, capacity 528K, committed 640K, reserved 1048576K
}
Event: 2.222 GC heap before
{Heap before GC invocations=8 (full 1):
 PSYoungGen      total 118272K, used 111067K [0x00000000eab00000, 0x00000000f6500000, 0x0000000100000000)
  eden space 80384K, 100% used [0x00000000eab00000,0x00000000ef980000,0x00000000ef980000)
  from space 37888K, 80% used [0x00000000f2500000,0x00000000f42f6d48,0x00000000f4a00000)
  to   space 44544K, 0% used [0x00000000ef980000,0x00000000ef980000,0x00000000f2500000)
 ParOldGen       total 77312K, used 20288K [0x00000000c0000000, 0x00000000c4b80000, 0x00000000eab00000)
  object space 77312K, 26% used [0x00000000c0000000,0x00000000c13d0138,0x00000000c4b80000)
 Metaspace       used 4765K, capacity 5464K, committed 5760K, reserved 1056768K
  class space    used 497K, capacity 528K, committed 640K, reserved 1048576K

Deoptimization events (10 events):
Event: 1.620 Thread 0x00007fda4800d800 Uncommon trap: reason=class_check action=maybe_recompile pc=0x00007fda393292c4 method=java.util.HashMap.putVal(ILjava/lang/Object;Ljava/lang/Object;ZZ)Ljava/lang/Object; @ 56
Event: 1.620 Thread 0x00007fda4800d800 Uncommon trap: reason=class_check action=maybe_recompile pc=0x00007fda3932932c method=java.util.HashMap.putVal(ILjava/lang/Object;Ljava/lang/Object;ZZ)Ljava/lang/Object; @ 152
Event: 1.620 Thread 0x00007fda4800d800 Uncommon trap: reason=class_check action=maybe_recompile pc=0x00007fda3932932c method=java.util.HashMap.putVal(ILjava/lang/Object;Ljava/lang/Object;ZZ)Ljava/lang/Object; @ 152
Event: 1.795 Thread 0x00007fda4800d800 Uncommon trap: reason=unstable_if action=reinterpret pc=0x00007fda3927982c method=com.android.dx.merge.DexMerger$IdMerger.mergeSorted()V @ 103
Event: 1.795 Thread 0x00007fda4800d800 Uncommon trap: reason=unstable_if action=reinterpret pc=0x00007fda39268308 method=com.android.dx.merge.DexMerger$IdMerger.readIntoMap(Lcom/android/dex/Dex$Section;Lcom/android/dex/TableOfContents$Section;Lcom/android/dx/merge/IndexMap;ILjava/util/TreeMap;
Event: 1.902 Thread 0x00007fda4800d800 Uncommon trap: reason=bimorphic action=maybe_recompile pc=0x00007fda393bed74 method=com.android.dx.merge.DexMerger$IdMerger.readIntoMap(Lcom/android/dex/Dex$Section;Lcom/android/dex/TableOfContents$Section;Lcom/android/dx/merge/IndexMap;ILjava/util/TreeMa
Event: 1.902 Thread 0x00007fda4800d800 Uncommon trap: reason=bimorphic action=maybe_recompile pc=0x00007fda393bed74 method=com.android.dx.merge.DexMerger$IdMerger.readIntoMap(Lcom/android/dex/Dex$Section;Lcom/android/dex/TableOfContents$Section;Lcom/android/dx/merge/IndexMap;ILjava/util/TreeMa
Event: 1.902 Thread 0x00007fda4800d800 Uncommon trap: reason=bimorphic action=maybe_recompile pc=0x00007fda393bed74 method=com.android.dx.merge.DexMerger$IdMerger.readIntoMap(Lcom/android/dex/Dex$Section;Lcom/android/dex/TableOfContents$Section;Lcom/android/dx/merge/IndexMap;ILjava/util/TreeMa
Event: 1.902 Thread 0x00007fda4800d800 Uncommon trap: reason=bimorphic action=maybe_recompile pc=0x00007fda393bed74 method=com.android.dx.merge.DexMerger$IdMerger.readIntoMap(Lcom/android/dex/Dex$Section;Lcom/android/dex/TableOfContents$Section;Lcom/android/dx/merge/IndexMap;ILjava/util/TreeMa
Event: 2.068 Thread 0x00007fda4800d800 Uncommon trap: reason=unloaded action=reinterpret pc=0x00007fda3932ab88 method=com.android.dx.merge.IndexMap$EncodedValueTransformer.transform(Lcom/android/dex/EncodedValueReader;)V @ 232

Internal exceptions (3 events):
Event: 0.028 Thread 0x00007fda4800d800 Exception <a 'java/lang/NoSuchMethodError': Method sun.misc.Unsafe.defineClass(Ljava/lang/String;[BII)Ljava/lang/Class; name or signature does not match> (0x00000000eab07cc0) thrown at [/HUDSON/workspace/8-2-build-linux-amd64/jdk8u91/6644/hotspot/src/shar
Event: 0.028 Thread 0x00007fda4800d800 Exception <a 'java/lang/NoSuchMethodError': Method sun.misc.Unsafe.prefetchRead(Ljava/lang/Object;J)V name or signature does not match> (0x00000000eab07fa8) thrown at [/HUDSON/workspace/8-2-build-linux-amd64/jdk8u91/6644/hotspot/src/share/vm/prims/jni.cpp
Event: 1.795 Thread 0x00007fda4800d800 Implicit null exception at 0x00007fda39267677 to 0x00007fda392682e5

Events (10 events):
Event: 2.068 Thread 0x00007fda4800d800 Uncommon trap: trap_request=0x00000069 fr.pc=0x00007fda3932ab88
Event: 2.068 Thread 0x00007fda4800d800 DEOPT PACKING pc=0x00007fda3932ab88 sp=0x00007fda503c9250
Event: 2.068 Thread 0x00007fda4800d800 DEOPT UNPACKING pc=0x00007fda39005229 sp=0x00007fda503c9240 mode 2
Event: 2.082 loading class java/util/Collections$EmptyIterator
Event: 2.083 loading class java/util/Collections$EmptyIterator done
Event: 2.084 Thread 0x00007fda4800d800 DEOPT PACKING pc=0x00007fda3920a808 sp=0x00007fda503c93f0
Event: 2.084 Thread 0x00007fda4800d800 DEOPT UNPACKING pc=0x00007fda39047633 sp=0x00007fda503c9108 mode 0
Event: 2.097 Thread 0x00007fda4800d800 DEOPT PACKING pc=0x00007fda3929f04f sp=0x00007fda503c92c0
Event: 2.097 Thread 0x00007fda4800d800 DEOPT UNPACKING pc=0x00007fda39047633 sp=0x00007fda503c9030 mode 0
Event: 2.218 Executing VM operation: ParallelGCFailedAllocation


Dynamic libraries:
00400000-00401000 r-xp 00000000 08:02 6686124                            /usr/lib/jvm/java-8-oracle/bin/java
00600000-00601000 rw-p 00000000 08:02 6686124                            /usr/lib/jvm/java-8-oracle/bin/java
01d15000-01d36000 rw-p 00000000 00:00 0                                  [heap]
c0000000-c4b80000 rw-p 00000000 00:00 0 
c4b80000-eab00000 ---p 00000000 00:00 0 
eab00000-f6500000 rw-p 00000000 00:00 0 
f8a00000-100000000 ---p 00000000 00:00 0 
100000000-1000a0000 rw-p 00000000 00:00 0 
1000a0000-140000000 ---p 00000000 00:00 0 
7fd9fc000000-7fd9fc021000 rw-p 00000000 00:00 0 
7fd9fc021000-7fda00000000 ---p 00000000 00:00 0 
7fda00000000-7fda00021000 rw-p 00000000 00:00 0 
7fda00021000-7fda04000000 ---p 00000000 00:00 0 
7fda04000000-7fda0488f000 rw-p 00000000 00:00 0 
7fda0488f000-7fda08000000 ---p 00000000 00:00 0 
7fda08000000-7fda083e8000 rw-p 00000000 00:00 0 
7fda083e8000-7fda0c000000 ---p 00000000 00:00 0 
7fda0c000000-7fda0c021000 rw-p 00000000 00:00 0 
7fda0c021000-7fda10000000 ---p 00000000 00:00 0 
7fda10000000-7fda10689000 rw-p 00000000 00:00 0 
7fda10689000-7fda14000000 ---p 00000000 00:00 0 
7fda14000000-7fda14021000 rw-p 00000000 00:00 0 
7fda14021000-7fda18000000 ---p 00000000 00:00 0 
7fda18000000-7fda18021000 rw-p 00000000 00:00 0 
7fda18021000-7fda1c000000 ---p 00000000 00:00 0 
7fda1c000000-7fda1c021000 rw-p 00000000 00:00 0 
7fda1c021000-7fda20000000 ---p 00000000 00:00 0 
7fda20000000-7fda2028c000 rw-p 00000000 00:00 0 
7fda2028c000-7fda24000000 ---p 00000000 00:00 0 
7fda24000000-7fda24021000 rw-p 00000000 00:00 0 
7fda24021000-7fda28000000 ---p 00000000 00:00 0 
7fda2c000000-7fda2c021000 rw-p 00000000 00:00 0 
7fda2c021000-7fda30000000 ---p 00000000 00:00 0 
7fda30c10000-7fda30c11000 ---p 00000000 00:00 0 
7fda30c11000-7fda30d11000 rw-p 00000000 00:00 0                          [stack:13990]
7fda30d11000-7fda30d14000 ---p 00000000 00:00 0 
7fda30d14000-7fda30e12000 rw-p 00000000 00:00 0                          [stack:13989]
7fda30e12000-7fda30e15000 ---p 00000000 00:00 0 
7fda30e15000-7fda30f13000 rw-p 00000000 00:00 0                          [stack:13988]
7fda30f13000-7fda30f16000 ---p 00000000 00:00 0 
7fda30f16000-7fda31014000 rw-p 00000000 00:00 0                          [stack:13987]
7fda31014000-7fda31017000 ---p 00000000 00:00 0 
7fda31017000-7fda31115000 rw-p 00000000 00:00 0                          [stack:13986]
7fda31115000-7fda31118000 ---p 00000000 00:00 0 
7fda31118000-7fda31216000 rw-p 00000000 00:00 0                          [stack:13985]
7fda31216000-7fda318f9000 r--p 00000000 08:02 6691839                    /usr/lib/locale/locale-archive
7fda318f9000-7fda318fc000 ---p 00000000 00:00 0 
7fda318fc000-7fda319fa000 rw-p 00000000 00:00 0                          [stack:13984]
7fda319fa000-7fda319fd000 ---p 00000000 00:00 0 
7fda319fd000-7fda31afb000 rw-p 00000000 00:00 0                          [stack:13983]
7fda31afb000-7fda31afc000 ---p 00000000 00:00 0 
7fda31afc000-7fda34000000 rw-p 00000000 00:00 0                          [stack:13982]
7fda34000000-7fda34021000 rw-p 00000000 00:00 0 
7fda34021000-7fda38000000 ---p 00000000 00:00 0 
7fda380f9000-7fda38d00000 rw-p 00000000 00:00 0 
7fda38d00000-7fda39000000 ---p 00000000 00:00 0 
7fda39000000-7fda39420000 rwxp 00000000 00:00 0 
7fda39420000-7fda48000000 ---p 00000000 00:00 0 
7fda48000000-7fda48426000 rw-p 00000000 00:00 0 
7fda48426000-7fda4c000000 ---p 00000000 00:00 0 
7fda4c02c000-7fda4c03b000 r--s 000df000 08:02 3824912                    /home/yonatan/Android/Sdk/build-tools/23.0.2/lib/dx.jar
7fda4c03b000-7fda4c4e4000 rw-p 00000000 00:00 0 
7fda4c4e4000-7fda4c6bd000 r--s 03d1f000 08:02 6706386                    /usr/lib/jvm/java-8-oracle/jre/lib/rt.jar
7fda4c6bd000-7fda4c933000 rw-p 00000000 00:00 0 
7fda4c933000-7fda4c934000 ---p 00000000 00:00 0 
7fda4c934000-7fda4ca34000 rw-p 00000000 00:00 0                          [stack:13981]
7fda4ca34000-7fda4ca35000 ---p 00000000 00:00 0 
7fda4ca35000-7fda4cb35000 rw-p 00000000 00:00 0                          [stack:13980]
7fda4cb35000-7fda4cb36000 ---p 00000000 00:00 0 
7fda4cb36000-7fda4cc36000 rw-p 00000000 00:00 0                          [stack:13979]
7fda4cc36000-7fda4cc37000 ---p 00000000 00:00 0 
7fda4cc37000-7fda4cd5d000 rw-p 00000000 00:00 0                          [stack:13978]
7fda4cd5d000-7fda4ce8d000 ---p 00000000 00:00 0 
7fda4ce8d000-7fda4ceb3000 rw-p 00000000 00:00 0 
7fda4ceb3000-7fda4cfe2000 ---p 00000000 00:00 0 
7fda4cfe2000-7fda4d040000 rw-p 00000000 00:00 0 
7fda4d040000-7fda4d08d000 ---p 00000000 00:00 0 
7fda4d08d000-7fda4d09f000 rw-p 00000000 00:00 0 
7fda4d09f000-7fda4d44e000 ---p 00000000 00:00 0 
7fda4d44e000-7fda4d468000 r-xp 00000000 08:02 6706420                    /usr/lib/jvm/java-8-oracle/jre/lib/amd64/libzip.so
7fda4d468000-7fda4d668000 ---p 0001a000 08:02 6706420                    /usr/lib/jvm/java-8-oracle/jre/lib/amd64/libzip.so
7fda4d668000-7fda4d669000 rw-p 0001a000 08:02 6706420                    /usr/lib/jvm/java-8-oracle/jre/lib/amd64/libzip.so
7fda4d669000-7fda4d674000 r-xp 00000000 08:02 4353546                    /lib/x86_64-linux-gnu/libnss_files-2.19.so
7fda4d674000-7fda4d873000 ---p 0000b000 08:02 4353546                    /lib/x86_64-linux-gnu/libnss_files-2.19.so
7fda4d873000-7fda4d874000 r--p 0000a000 08:02 4353546                    /lib/x86_64-linux-gnu/libnss_files-2.19.so
7fda4d874000-7fda4d875000 rw-p 0000b000 08:02 4353546                    /lib/x86_64-linux-gnu/libnss_files-2.19.so
7fda4d875000-7fda4d880000 r-xp 00000000 08:02 4353538                    /lib/x86_64-linux-gnu/libnss_nis-2.19.so
7fda4d880000-7fda4da7f000 ---p 0000b000 08:02 4353538                    /lib/x86_64-linux-gnu/libnss_nis-2.19.so
7fda4da7f000-7fda4da80000 r--p 0000a000 08:02 4353538                    /lib/x86_64-linux-gnu/libnss_nis-2.19.so
7fda4da80000-7fda4da81000 rw-p 0000b000 08:02 4353538                    /lib/x86_64-linux-gnu/libnss_nis-2.19.so
7fda4da81000-7fda4da98000 r-xp 00000000 08:02 4353534                    /lib/x86_64-linux-gnu/libnsl-2.19.so
7fda4da98000-7fda4dc97000 ---p 00017000 08:02 4353534                    /lib/x86_64-linux-gnu/libnsl-2.19.so
7fda4dc97000-7fda4dc98000 r--p 00016000 08:02 4353534                    /lib/x86_64-linux-gnu/libnsl-2.19.so
7fda4dc98000-7fda4dc99000 rw-p 00017000 08:02 4353534                    /lib/x86_64-linux-gnu/libnsl-2.19.so
7fda4dc99000-7fda4dc9b000 rw-p 00000000 00:00 0 
7fda4dc9b000-7fda4dca4000 r-xp 00000000 08:02 4353533                    /lib/x86_64-linux-gnu/libnss_compat-2.19.so
7fda4dca4000-7fda4dea3000 ---p 00009000 08:02 4353533                    /lib/x86_64-linux-gnu/libnss_compat-2.19.so
7fda4dea3000-7fda4dea4000 r--p 00008000 08:02 4353533                    /lib/x86_64-linux-gnu/libnss_compat-2.19.so
7fda4dea4000-7fda4dea5000 rw-p 00009000 08:02 4353533                    /lib/x86_64-linux-gnu/libnss_compat-2.19.so
7fda4dea5000-7fda4decf000 r-xp 00000000 08:02 6706397                    /usr/lib/jvm/java-8-oracle/jre/lib/amd64/libjava.so
7fda4decf000-7fda4e0cf000 ---p 0002a000 08:02 6706397                    /usr/lib/jvm/java-8-oracle/jre/lib/amd64/libjava.so
7fda4e0cf000-7fda4e0d1000 rw-p 0002a000 08:02 6706397                    /usr/lib/jvm/java-8-oracle/jre/lib/amd64/libjava.so
7fda4e0d1000-7fda4e0de000 r-xp 00000000 08:02 6706408                    /usr/lib/jvm/java-8-oracle/jre/lib/amd64/libverify.so
7fda4e0de000-7fda4e2de000 ---p 0000d000 08:02 6706408                    /usr/lib/jvm/java-8-oracle/jre/lib/amd64/libverify.so
7fda4e2de000-7fda4e2e0000 rw-p 0000d000 08:02 6706408                    /usr/lib/jvm/java-8-oracle/jre/lib/amd64/libverify.so
7fda4e2e0000-7fda4e2e7000 r-xp 00000000 08:02 4353542                    /lib/x86_64-linux-gnu/librt-2.19.so
7fda4e2e7000-7fda4e4e6000 ---p 00007000 08:02 4353542                    /lib/x86_64-linux-gnu/librt-2.19.so
7fda4e4e6000-7fda4e4e7000 r--p 00006000 08:02 4353542                    /lib/x86_64-linux-gnu/librt-2.19.so
7fda4e4e7000-7fda4e4e8000 rw-p 00007000 08:02 4353542                    /lib/x86_64-linux-gnu/librt-2.19.so
7fda4e4e8000-7fda4e5ed000 r-xp 00000000 08:02 4353528                    /lib/x86_64-linux-gnu/libm-2.19.so
7fda4e5ed000-7fda4e7ec000 ---p 00105000 08:02 4353528                    /lib/x86_64-linux-gnu/libm-2.19.so
7fda4e7ec000-7fda4e7ed000 r--p 00104000 08:02 4353528                    /lib/x86_64-linux-gnu/libm-2.19.so
7fda4e7ed000-7fda4e7ee000 rw-p 00105000 08:02 4353528                    /lib/x86_64-linux-gnu/libm-2.19.so
7fda4e7ee000-7fda4f4ae000 r-xp 00000000 08:02 6706410                    /usr/lib/jvm/java-8-oracle/jre/lib/amd64/server/libjvm.so
7fda4f4ae000-7fda4f6ae000 ---p 00cc0000 08:02 6706410                    /usr/lib/jvm/java-8-oracle/jre/lib/amd64/server/libjvm.so
7fda4f6ae000-7fda4f786000 rw-p 00cc0000 08:02 6706410                    /usr/lib/jvm/java-8-oracle/jre/lib/amd64/server/libjvm.so
7fda4f786000-7fda4f7d1000 rw-p 00000000 00:00 0 
7fda4f7d1000-7fda4f98c000 r-xp 00000000 08:02 4353543                    /lib/x86_64-linux-gnu/libc-2.19.so
7fda4f98c000-7fda4fb8b000 ---p 001bb000 08:02 4353543                    /lib/x86_64-linux-gnu/libc-2.19.so
7fda4fb8b000-7fda4fb8f000 r--p 001ba000 08:02 4353543                    /lib/x86_64-linux-gnu/libc-2.19.so
7fda4fb8f000-7fda4fb91000 rw-p 001be000 08:02 4353543                    /lib/x86_64-linux-gnu/libc-2.19.so
7fda4fb91000-7fda4fb96000 rw-p 00000000 00:00 0 
7fda4fb96000-7fda4fb99000 r-xp 00000000 08:02 4353530                    /lib/x86_64-linux-gnu/libdl-2.19.so
7fda4fb99000-7fda4fd98000 ---p 00003000 08:02 4353530                    /lib/x86_64-linux-gnu/libdl-2.19.so
7fda4fd98000-7fda4fd99000 r--p 00002000 08:02 4353530                    /lib/x86_64-linux-gnu/libdl-2.19.so
7fda4fd99000-7fda4fd9a000 rw-p 00003000 08:02 4353530                    /lib/x86_64-linux-gnu/libdl-2.19.so
7fda4fd9a000-7fda4fdaf000 r-xp 00000000 08:02 6728016                    /usr/lib/jvm/java-8-oracle/lib/amd64/jli/libjli.so
7fda4fdaf000-7fda4ffaf000 ---p 00015000 08:02 6728016                    /usr/lib/jvm/java-8-oracle/lib/amd64/jli/libjli.so
7fda4ffaf000-7fda4ffb0000 rw-p 00015000 08:02 6728016                    /usr/lib/jvm/java-8-oracle/lib/amd64/jli/libjli.so
7fda4ffb0000-7fda4ffc9000 r-xp 00000000 08:02 4353535                    /lib/x86_64-linux-gnu/libpthread-2.19.so
7fda4ffc9000-7fda501c8000 ---p 00019000 08:02 4353535                    /lib/x86_64-linux-gnu/libpthread-2.19.so
7fda501c8000-7fda501c9000 r--p 00018000 08:02 4353535                    /lib/x86_64-linux-gnu/libpthread-2.19.so
7fda501c9000-7fda501ca000 rw-p 00019000 08:02 4353535                    /lib/x86_64-linux-gnu/libpthread-2.19.so
7fda501ca000-7fda501ce000 rw-p 00000000 00:00 0 
7fda501ce000-7fda501f1000 r-xp 00000000 08:02 4353536                    /lib/x86_64-linux-gnu/ld-2.19.so
7fda501f4000-7fda501f8000 r--s 00097000 08:02 6705196                    /usr/lib/jvm/java-8-oracle/jre/lib/jsse.jar
7fda501f8000-7fda502ca000 rw-p 00000000 00:00 0 
7fda502ca000-7fda502cd000 ---p 00000000 00:00 0 
7fda502cd000-7fda503e4000 rw-p 00000000 00:00 0                          [stack:13977]
7fda503e4000-7fda503ec000 rw-s 00000000 08:02 1976026                    /tmp/hsperfdata_yonatan/13972
7fda503ec000-7fda503ed000 rw-p 00000000 00:00 0 
7fda503ed000-7fda503ee000 ---p 00000000 00:00 0 
7fda503ee000-7fda503f0000 rw-p 00000000 00:00 0 
7fda503f0000-7fda503f1000 r--p 00022000 08:02 4353536                    /lib/x86_64-linux-gnu/ld-2.19.so
7fda503f1000-7fda503f2000 rw-p 00023000 08:02 4353536                    /lib/x86_64-linux-gnu/ld-2.19.so
7fda503f2000-7fda503f3000 rw-p 00000000 00:00 0 
7ffff4121000-7ffff4144000 rw-p 00000000 00:00 0                          [stack]
7ffff41b9000-7ffff41bb000 r-xp 00000000 00:00 0                          [vdso]
7ffff41bb000-7ffff41bd000 r--p 00000000 00:00 0                          [vvar]
ffffffffff600000-ffffffffff601000 r-xp 00000000 00:00 0                  [vsyscall]

VM Arguments:
jvm_args: -Djava.awt.headless=true -Xmx1024M -Dfile.encoding=UTF-8 -Duser.country=US -Duser.language=en -Duser.variant 
java_command: com.android.dx.command.Main --dex --num-threads=4 --output /home/yonatan/Etty/programing/androidAdvanced/FinalProject/LocationsApp/app/build/intermediates/transforms/dex/debug/folders/1000/1f/main /home/yonatan/Etty/programing/androidAdvanced/FinalProject/LocationsApp/app/build/intermediates/pre-dexed/debug/support-annotations-23.2.1_36b13389ce98580532ca6328c08c85266bf2d31c.jar /home/yonatan/Etty/programing/androidAdvanced/FinalProject/LocationsApp/app/build/intermediates/pre-dexed/debug/com.google.android.gms-play-services-panorama-8.4.0_43dc764d6a31db41574056f0bc02919ffab804c4.jar /home/yonatan/Etty/programing/androidAdvanced/FinalProject/LocationsApp/app/build/intermediates/pre-dexed/debug/com.android.support-animated-vector-drawable-23.2.1_42f51e6fa26f52fdfad46d34baaff5a6f134804b.jar /home/yonatan/Etty/programing/androidAdvanced/FinalProject/LocationsApp/app/build/intermediates/pre-dexed/debug/internal_impl-23.0.0_e233fa064eef5458307b112bcb00268ec5bd4636.jar /home/yonatan/Etty/programing/androidAdvanced/FinalProject/LocationsApp/app/build/intermediates/pre-dexed/debug/com.google.android.gms-play-services-safetynet-8.4.0_1f234987a8b09198b805c9e830081f514cd834ef.jar /home/yonatan/Etty/programing/androidAdvanced/FinalProject/LocationsApp/app/build/intermediates/pre-dexed/debug/com.google.android.gms-play-services-identity-8.4.0_bbb718707d02740a217643fdfc0aa0d2951462af.jar /home/yonatan/Etty/programing/androidAdvanced/FinalProject/LocationsApp/app/build/intermediates/pre-dexed/debug/com.google.android.gms-play-services-appinvite-8.4.0_690c3e264c7fba63a41c581c9f46e69732b611ce.jar /home/yonatan/Etty/programing/androidAdvanced/FinalProject/LocationsApp/app/build/intermediates/pre-dexed/debug/com.android.support-support-vector-drawable-23.2.1_1ea5d51ae6ded7438a014f679fcfd23a85d1e4be.jar /home/yonatan/Etty/programing/androidAdvanced/FinalProject/LocationsApp/app/build/intermediates/pre-dexed/debug/com.google.android.gms-play-services-appindexing-8.4.0_92e
java_class_path (initial): /home/yonatan/Android/Sdk/build-tools/23.0.2/lib/dx.jar
Launcher Type: SUN_STANDARD

Environment Variables:
JAVA_HOME=/usr/lib/jvm/java-8-oracle
PATH=/usr/local/sbin:/usr/local/bin:/usr/sbin:/usr/bin:/sbin:/bin:/usr/games:/usr/local/games:/usr/lib/jvm/java-8-oracle/bin:/usr/lib/jvm/java-8-oracle/db/bin:/usr/lib/jvm/java-8-oracle/jre/bin
SHELL=/bin/bash
DISPLAY=:0

Signal Handlers:
SIGSEGV: [libjvm.so+0xabca10], sa_mask[0]=11111111011111111101111111111110, sa_flags=SA_RESTART|SA_SIGINFO
SIGBUS: [libjvm.so+0xabca10], sa_mask[0]=11111111011111111101111111111110, sa_flags=SA_RESTART|SA_SIGINFO
SIGFPE: [libjvm.so+0x919a20], sa_mask[0]=11111111011111111101111111111110, sa_flags=SA_RESTART|SA_SIGINFO
SIGPIPE: [libjvm.so+0x919a20], sa_mask[0]=11111111011111111101111111111110, sa_flags=SA_RESTART|SA_SIGINFO
SIGXFSZ: [libjvm.so+0x919a20], sa_mask[0]=11111111011111111101111111111110, sa_flags=SA_RESTART|SA_SIGINFO
SIGILL: [libjvm.so+0x919a20], sa_mask[0]=11111111011111111101111111111110, sa_flags=SA_RESTART|SA_SIGINFO
SIGUSR1: SIG_DFL, sa_mask[0]=00000000000000000000000000000000, sa_flags=none
SIGUSR2: [libjvm.so+0x91b050], sa_mask[0]=00100000000000000000000000000000, sa_flags=SA_RESTART|SA_SIGINFO
SIGHUP: [libjvm.so+0x91c450], sa_mask[0]=11111111011111111101111111111110, sa_flags=SA_RESTART|SA_SIGINFO
SIGINT: [libjvm.so+0x91c450], sa_mask[0]=11111111011111111101111111111110, sa_flags=SA_RESTART|SA_SIGINFO
SIGTERM: [libjvm.so+0x91c450], sa_mask[0]=11111111011111111101111111111110, sa_flags=SA_RESTART|SA_SIGINFO
SIGQUIT: [libjvm.so+0x91c450], sa_mask[0]=11111111011111111101111111111110, sa_flags=SA_RESTART|SA_SIGINFO


---------------  S Y S T E M  ---------------

OS:DISTRIB_ID=Ubuntu
DISTRIB_RELEASE=14.04
DISTRIB_CODENAME=trusty
DISTRIB_DESCRIPTION="Ubuntu 14.04.4 LTS"

uname:Linux 3.16.0-70-generic #90~14.04.1-Ubuntu SMP Wed Apr 6 22:56:34 UTC 2016 x86_64
libc:glibc 2.19 NPTL 2.19 
rlimit: STACK 8192k, CORE 0k, NPROC 14573, NOFILE 4096, AS infinity
load average:13.81 3.72 1.69

/proc/meminfo:
MemTotal:        3931368 kB
MemFree:           84500 kB
MemAvailable:      31596 kB
Buffers:             384 kB
Cached:           151608 kB
SwapCached:          232 kB
Active:          2726924 kB
Inactive:         862948 kB
Active(anon):    2716604 kB
Inactive(anon):   852368 kB
Active(file):      10320 kB
Inactive(file):    10580 kB
Unevictable:          48 kB
Mlocked:              48 kB
SwapTotal:       4077564 kB
SwapFree:              4 kB
Dirty:                 0 kB
Writeback:           232 kB
AnonPages:       3437800 kB
Mapped:            18820 kB
Shmem:            131796 kB
Slab:              88964 kB
SReclaimable:      42224 kB
SUnreclaim:        46740 kB
KernelStack:       14752 kB
PageTables:        78612 kB
NFS_Unstable:          0 kB
Bounce:                0 kB
WritebackTmp:          0 kB
CommitLimit:     6043248 kB
Committed_AS:   17315336 kB
VmallocTotal:   34359738367 kB
VmallocUsed:      356216 kB
VmallocChunk:   34359351600 kB
HardwareCorrupted:     0 kB
AnonHugePages:    935936 kB
HugePages_Total:       0
HugePages_Free:        0
HugePages_Rsvd:        0
HugePages_Surp:        0
Hugepagesize:       2048 kB
DirectMap4k:       92528 kB
DirectMap2M:     3985408 kB


CPU:total 4 (2 cores per cpu, 2 threads per core) family 6 model 58 stepping 9, cmov, cx8, fxsr, mmx, sse, sse2, sse3, ssse3, sse4.1, sse4.2, popcnt, avx, aes, clmul, erms, ht, tsc, tscinvbit, tscinv

/proc/cpuinfo:
processor	: 0
vendor_id	: GenuineIntel
cpu family	: 6
model		: 58
model name	: Intel(R) Core(TM) i5-3317U CPU @ 1.70GHz
stepping	: 9
microcode	: 0x12
cpu MHz		: 2399.988
cache size	: 3072 KB
physical id	: 0
siblings	: 4
core id		: 0
cpu cores	: 2
apicid		: 0
initial apicid	: 0
fpu		: yes
fpu_exception	: yes
cpuid level	: 13
wp		: yes
flags		: fpu vme de pse tsc msr pae mce cx8 apic sep mtrr pge mca cmov pat pse36 clflush dts acpi mmx fxsr sse sse2 ss ht tm pbe syscall nx rdtscp lm constant_tsc arch_perfmon pebs bts rep_good nopl xtopology nonstop_tsc aperfmperf eagerfpu pni pclmulqdq dtes64 monitor ds_cpl vmx est tm2 ssse3 cx16 xtpr pdcm pcid sse4_1 sse4_2 x2apic popcnt tsc_deadline_timer aes xsave avx f16c rdrand lahf_lm ida arat epb xsaveopt pln pts dtherm tpr_shadow vnmi flexpriority ept vpid fsgsbase smep erms
bogomips	: 3392.17
clflush size	: 64
cache_alignment	: 64
address sizes	: 36 bits physical, 48 bits virtual
power management:

processor	: 1
vendor_id	: GenuineIntel
cpu family	: 6
model		: 58
model name	: Intel(R) Core(TM) i5-3317U CPU @ 1.70GHz
stepping	: 9
microcode	: 0x12
cpu MHz		: 2399.988
cache size	: 3072 KB
physical id	: 0
siblings	: 4
core id		: 1
cpu cores	: 2
apicid		: 2
initial apicid	: 2
fpu		: yes
fpu_exception	: yes
cpuid level	: 13
wp		: yes
flags		: fpu vme de pse tsc msr pae mce cx8 apic sep mtrr pge mca cmov pat pse36 clflush dts acpi mmx fxsr sse sse2 ss ht tm pbe syscall nx rdtscp lm constant_tsc arch_perfmon pebs bts rep_good nopl xtopology nonstop_tsc aperfmperf eagerfpu pni pclmulqdq dtes64 monitor ds_cpl vmx est tm2 ssse3 cx16 xtpr pdcm pcid sse4_1 sse4_2 x2apic popcnt tsc_deadline_timer aes xsave avx f16c rdrand lahf_lm ida arat epb xsaveopt pln pts dtherm tpr_shadow vnmi flexpriority ept vpid fsgsbase smep erms
bogomips	: 3392.17
clflush size	: 64
cache_alignment	: 64
address sizes	: 36 bits physical, 48 bits virtual
power management:

processor	: 2
vendor_id	: GenuineIntel
cpu family	: 6
model		: 58
model name	: Intel(R) Core(TM) i5-3317U CPU @ 1.70GHz
stepping	: 9
microcode	: 0x12
cpu MHz		: 2399.988
cache size	: 3072 KB
physical id	: 0
siblings	: 4
core id		: 0
cpu cores	: 2
apicid		: 1
initial apicid	: 1
fpu		: yes
fpu_exception	: yes
cpuid level	: 13
wp		: yes
flags		: fpu vme de pse tsc msr pae mce cx8 apic sep mtrr pge mca cmov pat pse36 clflush dts acpi mmx fxsr sse sse2 ss ht tm pbe syscall nx rdtscp lm constant_tsc arch_perfmon pebs bts rep_good nopl xtopology nonstop_tsc aperfmperf eagerfpu pni pclmulqdq dtes64 monitor ds_cpl vmx est tm2 ssse3 cx16 xtpr pdcm pcid sse4_1 sse4_2 x2apic popcnt tsc_deadline_timer aes xsave avx f16c rdrand lahf_lm ida arat epb xsaveopt pln pts dtherm tpr_shadow vnmi flexpriority ept vpid fsgsbase smep erms
bogomips	: 3392.17
clflush size	: 64
cache_alignment	: 64
address sizes	: 36 bits physical, 48 bits virtual
power management:

processor	: 3
vendor_id	: GenuineIntel
cpu family	: 6
model		: 58
model name	: Intel(R) Core(TM) i5-3317U CPU @ 1.70GHz
stepping	: 9
microcode	: 0x12
cpu MHz		: 2400.054
cache size	: 3072 KB
physical id	: 0
siblings	: 4
core id		: 1
cpu cores	: 2
apicid		: 3
initial apicid	: 3
fpu		: yes
fpu_exception	: yes
cpuid level	: 13
wp		: yes
flags		: fpu vme de pse tsc msr pae mce cx8 apic sep mtrr pge mca cmov pat pse36 clflush dts acpi mmx fxsr sse sse2 ss ht tm pbe syscall nx rdtscp lm constant_tsc arch_perfmon pebs bts rep_good nopl xtopology nonstop_tsc aperfmperf eagerfpu pni pclmulqdq dtes64 monitor ds_cpl vmx est tm2 ssse3 cx16 xtpr pdcm pcid sse4_1 sse4_2 x2apic popcnt tsc_deadline_timer aes xsave avx f16c rdrand lahf_lm ida arat epb xsaveopt pln pts dtherm tpr_shadow vnmi flexpriority ept vpid fsgsbase smep erms
bogomips	: 3392.17
clflush size	: 64
cache_alignment	: 64
address sizes	: 36 bits physical, 48 bits virtual
power management:



Memory: 4k page, physical 3931368k(84544k free), swap 4077564k(0k free)

vm_info: Java HotSpot(TM) 64-Bit Server VM (25.91-b14) for linux-amd64 JRE (1.8.0_91-b14), built on Apr  1 2016 00:57:21 by "java_re" with gcc 4.3.0 20080428 (Red Hat 4.3.0-8)

time: Sat Apr 30 21:02:56 2016
elapsed time: 26 seconds (0d 0h 0m 26s)

