#
# There is insufficient memory for the Java Runtime Environment to continue.
# Native memory allocation (mmap) failed to map 96468992 bytes for committing reserved memory.
# Possible reasons:
#   The system is out of physical RAM or swap space
#   In 32 bit mode, the process size limit was hit
# Possible solutions:
#   Reduce memory load on the system
#   Increase physical memory or swap space
#   Check if swap backing store is full
#   Use 64 bit Java on a 64 bit OS
#   Decrease Java heap size (-Xmx/-Xms)
#   Decrease number of Java threads
#   Decrease Java thread stack sizes (-Xss)
#   Set larger code cache with -XX:ReservedCodeCacheSize=
# This output file may be truncated or incomplete.
#
#  Out of Memory Error (os_linux.cpp:2627), pid=3973, tid=0x00007fabce7d6700
#
# JRE version: Java(TM) SE Runtime Environment (8.0_92-b14) (build 1.8.0_92-b14)
# Java VM: Java HotSpot(TM) 64-Bit Server VM (25.92-b14 mixed mode linux-amd64 compressed oops)
# Failed to write core dump. Core dumps have been disabled. To enable core dumping, try "ulimit -c unlimited" before starting Java again
#

---------------  T H R E A D  ---------------

Current thread (0x00007fabe0078000):  VMThread [stack: 0x00007fabce6d6000,0x00007fabce7d7000] [id=3983]

Stack: [0x00007fabce6d6000,0x00007fabce7d7000],  sp=0x00007fabce7d5260,  free space=1020k
Native frames: (J=compiled Java code, j=interpreted, Vv=VM code, C=native code)
V  [libjvm.so+0xabd65a]  VMError::report_and_die()+0x2ba
V  [libjvm.so+0x4fb4db]  report_vm_out_of_memory(char const*, int, unsigned long, VMErrorType, char const*)+0x8b
V  [libjvm.so+0x91d713]  os::Linux::commit_memory_impl(char*, unsigned long, bool)+0x103
V  [libjvm.so+0x91dc69]  os::pd_commit_memory(char*, unsigned long, unsigned long, bool)+0x29
V  [libjvm.so+0x917f6a]  os::commit_memory(char*, unsigned long, unsigned long, bool)+0x2a
V  [libjvm.so+0x98c343]  PSVirtualSpace::expand_by(unsigned long)+0x53
V  [libjvm.so+0x98d748]  PSYoungGen::resize_generation(unsigned long, unsigned long)+0xf8
V  [libjvm.so+0x98c8a2]  PSYoungGen::resize(unsigned long, unsigned long)+0x22
V  [libjvm.so+0x989b7b]  PSScavenge::invoke_no_policy()+0xf3b
V  [libjvm.so+0x98a301]  PSScavenge::invoke()+0x41
V  [libjvm.so+0x941410]  ParallelScavengeHeap::failed_mem_allocate(unsigned long)+0x70
V  [libjvm.so+0xabf077]  VM_ParallelGCFailedAllocation::doit()+0x97
V  [libjvm.so+0xac6aa5]  VM_Operation::evaluate()+0x55
V  [libjvm.so+0xac4e7a]  VMThread::evaluate_operation(VM_Operation*)+0xba
V  [libjvm.so+0xac51fe]  VMThread::loop()+0x1ce
V  [libjvm.so+0xac5670]  VMThread::run()+0x70
V  [libjvm.so+0x91fad8]  java_start(Thread*)+0x108

VM_Operation (0x00007fabe8e84180): ParallelGCFailedAllocation, mode: safepoint, requested by thread 0x00007fabe000a000


---------------  P R O C E S S  ---------------

Java Threads: ( => current thread )
  0x00007fabe0146000 JavaThread "pool-1-thread-4" [_thread_blocked, id=4004, stack(0x00007fabcd2ce000,0x00007fabcd3cf000)]
  0x00007fabe0143800 JavaThread "pool-1-thread-3" [_thread_blocked, id=4003, stack(0x00007fabcd3cf000,0x00007fabcd4d0000)]
  0x00007fabe0142800 JavaThread "pool-1-thread-2" [_thread_blocked, id=4002, stack(0x00007fabcd4d0000,0x00007fabcd5d1000)]
  0x00007fabe013d000 JavaThread "pool-2-thread-1" [_thread_blocked, id=4001, stack(0x00007fabcd5d1000,0x00007fabcd6d2000)]
  0x00007fabe013b000 JavaThread "pool-1-thread-1" [_thread_blocked, id=4000, stack(0x00007fabcd6d2000,0x00007fabcd7d3000)]
  0x00007fabe00c1800 JavaThread "Service Thread" daemon [_thread_blocked, id=3990, stack(0x00007fabcd8ec000,0x00007fabcd9ed000)]
  0x00007fabe00be800 JavaThread "C1 CompilerThread2" daemon [_thread_blocked, id=3989, stack(0x00007fabcd9ed000,0x00007fabcdaee000)]
  0x00007fabe00bd000 JavaThread "C2 CompilerThread1" daemon [_thread_blocked, id=3988, stack(0x00007fabcdaee000,0x00007fabcdbef000)]
  0x00007fabe00ba000 JavaThread "C2 CompilerThread0" daemon [_thread_blocked, id=3987, stack(0x00007fabcdbef000,0x00007fabcdcf0000)]
  0x00007fabe00b8800 JavaThread "Signal Dispatcher" daemon [_thread_blocked, id=3986, stack(0x00007fabcdcf0000,0x00007fabcddf1000)]
  0x00007fabe0084000 JavaThread "Finalizer" daemon [_thread_blocked, id=3985, stack(0x00007fabce4d4000,0x00007fabce5d5000)]
  0x00007fabe007f800 JavaThread "Reference Handler" daemon [_thread_blocked, id=3984, stack(0x00007fabce5d5000,0x00007fabce6d6000)]
  0x00007fabe000a000 JavaThread "main" [_thread_blocked, id=3976, stack(0x00007fabe8d86000,0x00007fabe8e87000)]

Other Threads:
=>0x00007fabe0078000 VMThread [stack: 0x00007fabce6d6000,0x00007fabce7d7000] [id=3983]
  0x00007fabe00c4800 WatcherThread [stack: 0x00007fabcd7eb000,0x00007fabcd8ec000] [id=3991]

VM state:at safepoint (normal execution)

VM Mutex/Monitor currently owned by a thread:  ([mutex/lock_event])
[0x00007fabe0006570] Threads_lock - owner thread: 0x00007fabe0078000
[0x00007fabe0006a70] Heap_lock - owner thread: 0x00007fabe000a000

Heap:
 PSYoungGen      total 136704K, used 18939K [0x00000000eab00000, 0x00000000f4700000, 0x0000000100000000)
  eden space 117760K, 0% used [0x00000000eab00000,0x00000000eab00000,0x00000000f1e00000)
  from space 18944K, 99% used [0x00000000f1e00000,0x00000000f307ed60,0x00000000f3080000)
  to   space 14848K, 0% used [0x00000000f3080000,0x00000000f3080000,0x00000000f3f00000)
 ParOldGen       total 46592K, used 46118K [0x00000000c0000000, 0x00000000c2d80000, 0x00000000eab00000)
  object space 46592K, 98% used [0x00000000c0000000,0x00000000c2d09b78,0x00000000c2d80000)
 Metaspace       used 6392K, capacity 7192K, committed 7424K, reserved 1056768K
  class space    used 613K, capacity 656K, committed 768K, reserved 1048576K

Card table byte_map: [0x00007fabe5946000,0x00007fabe5b47000] byte_map_base: 0x00007fabe5346000

Marking Bits: (ParMarkBitMap*) 0x00007fabe82604c0
 Begin Bits: [0x00007fabcf000000, 0x00007fabd0000000)
 End Bits:   [0x00007fabd0000000, 0x00007fabd1000000)

Polling page: 0x00007fabe8ea9000

CodeCache: size=245760Kb used=7038Kb max_used=7038Kb free=238721Kb
 bounds [0x00007fabd1000000, 0x00007fabd16f0000, 0x00007fabe0000000]
 total_blobs=2136 nmethods=1867 adapters=182
 compilation: enabled

Compilation events (10 events):
Event: 170.987 Thread 0x00007fabe00be800 2233 %     3       com.android.dx.ssa.PhiInsn::mapSourceRegisters @ 8 (78 bytes)
Event: 170.988 Thread 0x00007fabe00be800 nmethod 2233% 0x00007fabd16e0410 code [0x00007fabd16e0600, 0x00007fabd16e1078]
Event: 171.025 Thread 0x00007fabe00be800 2234       3       com.android.dx.ssa.back.SsaToRop$1::visitBlock (97 bytes)
Event: 171.050 Thread 0x00007fabe00be800 nmethod 2234 0x00007fabd16e14d0 code [0x00007fabd16e1740, 0x00007fabd16e2668]
Event: 171.128 Thread 0x00007fabe00be800 2236   !   2       com.android.dx.cf.direct.DirectClassFile::parse (75 bytes)
Event: 171.129 Thread 0x00007fabe00be800 nmethod 2236 0x00007fabd16e2f50 code [0x00007fabd16e3160, 0x00007fabd16e3818]
Event: 171.156 Thread 0x00007fabe00be800 2238       2       com.android.dx.rop.code.LocalVariableInfo::addAssignment (43 bytes)
Event: 171.157 Thread 0x00007fabe00be800 nmethod 2238 0x00007fabd16e3c90 code [0x00007fabd16e3e40, 0x00007fabd16e4288]
Event: 171.157 Thread 0x00007fabe00be800 2239       1       com.android.dx.cf.attrib.AttInnerClasses::getInnerClasses (5 bytes)
Event: 171.157 Thread 0x00007fabe00be800 nmethod 2239 0x00007fabd16dbd10 code [0x00007fabd16dbe60, 0x00007fabd16dbf70]

GC Heap History (10 events):
Event: 160.937 GC heap after
Heap after GC invocations=4 (full 0):
 PSYoungGen      total 33280K, used 2528K [0x00000000eab00000, 0x00000000ece00000, 0x0000000100000000)
  eden space 30720K, 0% used [0x00000000eab00000,0x00000000eab00000,0x00000000ec900000)
  from space 2560K, 98% used [0x00000000ecb80000,0x00000000ecdf8028,0x00000000ece00000)
  to   space 2560K, 0% used [0x00000000ec900000,0x00000000ec900000,0x00000000ecb80000)
 ParOldGen       total 40960K, used 5983K [0x00000000c0000000, 0x00000000c2800000, 0x00000000eab00000)
  object space 40960K, 14% used [0x00000000c0000000,0x00000000c05d7d18,0x00000000c2800000)
 Metaspace       used 5806K, capacity 6768K, committed 7040K, reserved 1056768K
  class space    used 592K, capacity 616K, committed 640K, reserved 1048576K
}
Event: 161.779 GC heap before
{Heap before GC invocations=5 (full 0):
 PSYoungGen      total 33280K, used 33248K [0x00000000eab00000, 0x00000000ece00000, 0x0000000100000000)
  eden space 30720K, 100% used [0x00000000eab00000,0x00000000ec900000,0x00000000ec900000)
  from space 2560K, 98% used [0x00000000ecb80000,0x00000000ecdf8028,0x00000000ece00000)
  to   space 2560K, 0% used [0x00000000ec900000,0x00000000ec900000,0x00000000ecb80000)
 ParOldGen       total 40960K, used 5983K [0x00000000c0000000, 0x00000000c2800000, 0x00000000eab00000)
  object space 40960K, 14% used [0x00000000c0000000,0x00000000c05d7d18,0x00000000c2800000)
 Metaspace       used 5867K, capacity 6832K, committed 7040K, reserved 1056768K
  class space    used 592K, capacity 616K, committed 640K, reserved 1048576K
Event: 161.821 GC heap after
Heap after GC invocations=5 (full 0):
 PSYoungGen      total 33280K, used 2528K [0x00000000eab00000, 0x00000000ef900000, 0x0000000100000000)
  eden space 30720K, 0% used [0x00000000eab00000,0x00000000eab00000,0x00000000ec900000)
  from space 2560K, 98% used [0x00000000ec900000,0x00000000ecb78028,0x00000000ecb80000)
  to   space 9216K, 0% used [0x00000000ef000000,0x00000000ef000000,0x00000000ef900000)
 ParOldGen       total 40960K, used 10620K [0x00000000c0000000, 0x00000000c2800000, 0x00000000eab00000)
  object space 40960K, 25% used [0x00000000c0000000,0x00000000c0a5f258,0x00000000c2800000)
 Metaspace       used 5867K, capacity 6832K, committed 7040K, reserved 1056768K
  class space    used 592K, capacity 616K, committed 640K, reserved 1048576K
}
Event: 162.305 GC heap before
{Heap before GC invocations=6 (full 0):
 PSYoungGen      total 33280K, used 33248K [0x00000000eab00000, 0x00000000ef900000, 0x0000000100000000)
  eden space 30720K, 100% used [0x00000000eab00000,0x00000000ec900000,0x00000000ec900000)
  from space 2560K, 98% used [0x00000000ec900000,0x00000000ecb78028,0x00000000ecb80000)
  to   space 9216K, 0% used [0x00000000ef000000,0x00000000ef000000,0x00000000ef900000)
 ParOldGen       total 40960K, used 10620K [0x00000000c0000000, 0x00000000c2800000, 0x00000000eab00000)
  object space 40960K, 25% used [0x00000000c0000000,0x00000000c0a5f258,0x00000000c2800000)
 Metaspace       used 5924K, capacity 6896K, committed 7040K, reserved 1056768K
  class space    used 593K, capacity 616K, committed 640K, reserved 1048576K
Event: 162.383 GC heap after
Heap after GC invocations=6 (full 0):
 PSYoungGen      total 70144K, used 7184K [0x00000000eab00000, 0x00000000efa00000, 0x0000000100000000)
  eden space 60928K, 0% used [0x00000000eab00000,0x00000000eab00000,0x00000000ee680000)
  from space 9216K, 77% used [0x00000000ef000000,0x00000000ef704038,0x00000000ef900000)
  to   space 9728K, 0% used [0x00000000ee680000,0x00000000ee680000,0x00000000ef000000)
 ParOldGen       total 40960K, used 10620K [0x00000000c0000000, 0x00000000c2800000, 0x00000000eab00000)
  object space 40960K, 25% used [0x00000000c0000000,0x00000000c0a5f258,0x00000000c2800000)
 Metaspace       used 5924K, capacity 6896K, committed 7040K, reserved 1056768K
  class space    used 593K, capacity 616K, committed 640K, reserved 1048576K
}
Event: 163.347 GC heap before
{Heap before GC invocations=7 (full 0):
 PSYoungGen      total 70144K, used 68112K [0x00000000eab00000, 0x00000000efa00000, 0x0000000100000000)
  eden space 60928K, 100% used [0x00000000eab00000,0x00000000ee680000,0x00000000ee680000)
  from space 9216K, 77% used [0x00000000ef000000,0x00000000ef704038,0x00000000ef900000)
  to   space 9728K, 0% used [0x00000000ee680000,0x00000000ee680000,0x00000000ef000000)
 ParOldGen       total 40960K, used 10620K [0x00000000c0000000, 0x00000000c2800000, 0x00000000eab00000)
  object space 40960K, 25% used [0x00000000c0000000,0x00000000c0a5f258,0x00000000c2800000)
 Metaspace       used 6052K, capacity 6936K, committed 7168K, reserved 1056768K
  class space    used 613K, capacity 656K, committed 768K, reserved 1048576K
Event: 163.508 GC heap after
Heap after GC invocations=7 (full 0):
 PSYoungGen      total 70656K, used 9712K [0x00000000eab00000, 0x00000000f3f00000, 0x0000000100000000)
  eden space 60928K, 0% used [0x00000000eab00000,0x00000000eab00000,0x00000000ee680000)
  from space 9728K, 99% used [0x00000000ee680000,0x00000000eeffc020,0x00000000ef000000)
  to   space 14848K, 0% used [0x00000000f3080000,0x00000000f3080000,0x00000000f3f00000)
 ParOldGen       total 40960K, used 16972K [0x00000000c0000000, 0x00000000c2800000, 0x00000000eab00000)
  object space 40960K, 41% used [0x00000000c0000000,0x00000000c1093180,0x00000000c2800000)
 Metaspace       used 6052K, capacity 6936K, committed 7168K, reserved 1056768K
  class space    used 613K, capacity 656K, committed 768K, reserved 1048576K
}
Event: 164.449 GC heap before
{Heap before GC invocations=8 (full 0):
 PSYoungGen      total 70656K, used 70640K [0x00000000eab00000, 0x00000000f3f00000, 0x0000000100000000)
  eden space 60928K, 100% used [0x00000000eab00000,0x00000000ee680000,0x00000000ee680000)
  from space 9728K, 99% used [0x00000000ee680000,0x00000000eeffc020,0x00000000ef000000)
  to   space 14848K, 0% used [0x00000000f3080000,0x00000000f3080000,0x00000000f3f00000)
 ParOldGen       total 40960K, used 16972K [0x00000000c0000000, 0x00000000c2800000, 0x00000000eab00000)
  object space 40960K, 41% used [0x00000000c0000000,0x00000000c1093180,0x00000000c2800000)
 Metaspace       used 6095K, capacity 7000K, committed 7168K, reserved 1056768K
  class space    used 613K, capacity 656K, committed 768K, reserved 1048576K
Event: 164.583 GC heap after
Heap after GC invocations=8 (full 0):
 PSYoungGen      total 132608K, used 14835K [0x00000000eab00000, 0x00000000f4700000, 0x0000000100000000)
  eden space 117760K, 0% used [0x00000000eab00000,0x00000000eab00000,0x00000000f1e00000)
  from space 14848K, 99% used [0x00000000f3080000,0x00000000f3efced8,0x00000000f3f00000)
  to   space 18944K, 0% used [0x00000000f1e00000,0x00000000f1e00000,0x00000000f3080000)
 ParOldGen       total 40960K, used 19950K [0x00000000c0000000, 0x00000000c2800000, 0x00000000eab00000)
  object space 40960K, 48% used [0x00000000c0000000,0x00000000c137b9f0,0x00000000c2800000)
 Metaspace       used 6095K, capacity 7000K, committed 7168K, reserved 1056768K
  class space    used 613K, capacity 656K, committed 768K, reserved 1048576K
}
Event: 171.204 GC heap before
{Heap before GC invocations=9 (full 0):
 PSYoungGen      total 132608K, used 132595K [0x00000000eab00000, 0x00000000f4700000, 0x0000000100000000)
  eden space 117760K, 100% used [0x00000000eab00000,0x00000000f1e00000,0x00000000f1e00000)
  from space 14848K, 99% used [0x00000000f3080000,0x00000000f3efced8,0x00000000f3f00000)
  to   space 18944K, 0% used [0x00000000f1e00000,0x00000000f1e00000,0x00000000f3080000)
 ParOldGen       total 40960K, used 19950K [0x00000000c0000000, 0x00000000c2800000, 0x00000000eab00000)
  object space 40960K, 48% used [0x00000000c0000000,0x00000000c137b9f0,0x00000000c2800000)
 Metaspace       used 6392K, capacity 7192K, committed 7424K, reserved 1056768K
  class space    used 613K, capacity 656K, committed 768K, reserved 1048576K

Deoptimization events (10 events):
Event: 159.865 Thread 0x00007fabe013b000 Uncommon trap: reason=class_check action=maybe_recompile pc=0x00007fabd120c350 method=com.android.dx.ssa.NormalSsaInsn.accept(Lcom/android/dx/ssa/SsaInsn$Visitor;)V @ 9
Event: 159.865 Thread 0x00007fabe013b000 Uncommon trap: reason=class_check action=maybe_recompile pc=0x00007fabd120c350 method=com.android.dx.ssa.NormalSsaInsn.accept(Lcom/android/dx/ssa/SsaInsn$Visitor;)V @ 9
Event: 159.914 Thread 0x00007fabe013b000 Uncommon trap: reason=class_check action=maybe_recompile pc=0x00007fabd1291528 method=com.android.dx.ssa.NormalSsaInsn.accept(Lcom/android/dx/ssa/SsaInsn$Visitor;)V @ 9
Event: 161.611 Thread 0x00007fabe0142800 Uncommon trap: reason=bimorphic action=maybe_recompile pc=0x00007fabd122903c method=java.util.HashMap.getNode(ILjava/lang/Object;)Ljava/util/HashMap$Node; @ 126
Event: 161.699 Thread 0x00007fabe0146000 Uncommon trap: reason=bimorphic action=maybe_recompile pc=0x00007fabd122903c method=java.util.HashMap.getNode(ILjava/lang/Object;)Ljava/util/HashMap$Node; @ 126
Event: 162.514 Thread 0x00007fabe0146000 Uncommon trap: reason=unstable_if action=reinterpret pc=0x00007fabd12d4b24 method=java.util.HashMap.putVal(ILjava/lang/Object;Ljava/lang/Object;ZZ)Ljava/lang/Object; @ 162
Event: 162.534 Thread 0x00007fabe0146000 Uncommon trap: reason=unstable_if action=reinterpret pc=0x00007fabd1229024 method=java.util.HashMap.getNode(ILjava/lang/Object;)Ljava/util/HashMap$Node; @ 84
Event: 162.534 Thread 0x00007fabe0146000 Uncommon trap: reason=unstable_if action=reinterpret pc=0x00007fabd122da40 method=java.util.HashMap.getNode(ILjava/lang/Object;)Ljava/util/HashMap$Node; @ 84
Event: 164.187 Thread 0x00007fabe013b000 Uncommon trap: reason=unstable_if action=reinterpret pc=0x00007fabd14ef2a0 method=java.util.HashMap.putVal(ILjava/lang/Object;Ljava/lang/Object;ZZ)Ljava/lang/Object; @ 109
Event: 168.210 Thread 0x00007fabe000a000 Uncommon trap: reason=unstable_if action=reinterpret pc=0x00007fabd15d7104 method=com.android.dx.ssa.SCCP.simulateStmt(Lcom/android/dx/ssa/SsaInsn;)V @ 59

Internal exceptions (6 events):
Event: 0.444 Thread 0x00007fabe000a000 Exception <a 'java/lang/NoSuchMethodError': Method sun.misc.Unsafe.defineClass(Ljava/lang/String;[BII)Ljava/lang/Class; name or signature does not match> (0x00000000eab07cc0) thrown at [/HUDSON/workspace/8-2-build-linux-amd64/jdk8u92/6642/hotspot/src/shar
Event: 0.444 Thread 0x00007fabe000a000 Exception <a 'java/lang/NoSuchMethodError': Method sun.misc.Unsafe.prefetchRead(Ljava/lang/Object;J)V name or signature does not match> (0x00000000eab07fa8) thrown at [/HUDSON/workspace/8-2-build-linux-amd64/jdk8u92/6642/hotspot/src/share/vm/prims/jni.cpp
Event: 159.023 Thread 0x00007fabe000a000 Implicit null exception at 0x00007fabd1274322 to 0x00007fabd1274413
Event: 162.531 Thread 0x00007fabe0146000 Exception <a 'java/lang/ArrayIndexOutOfBoundsException': 18> (0x00000000eb22e708) thrown at [/HUDSON/workspace/8-2-build-linux-amd64/jdk8u92/6642/hotspot/src/share/vm/interpreter/interpreterRuntime.cpp, line 366]
Event: 162.532 Thread 0x00007fabe0146000 Exception <a 'java/lang/ArrayIndexOutOfBoundsException': 145> (0x00000000eb230288) thrown at [/HUDSON/workspace/8-2-build-linux-amd64/jdk8u92/6642/hotspot/src/share/vm/interpreter/interpreterRuntime.cpp, line 366]
Event: 162.533 Thread 0x00007fabe0146000 Exception <a 'java/lang/ArrayIndexOutOfBoundsException': 40> (0x00000000eb231570) thrown at [/HUDSON/workspace/8-2-build-linux-amd64/jdk8u92/6642/hotspot/src/share/vm/interpreter/interpreterRuntime.cpp, line 366]

Events (10 events):
Event: 171.183 Thread 0x00007fabe013b000 DEOPT UNPACKING pc=0x00007fabd1047633 sp=0x00007fabcd7d0cf8 mode 0
Event: 171.184 Thread 0x00007fabe013b000 DEOPT PACKING pc=0x00007fabd1361a48 sp=0x00007fabcd7d0f70
Event: 171.184 Thread 0x00007fabe013b000 DEOPT UNPACKING pc=0x00007fabd1047633 sp=0x00007fabcd7d0cf8 mode 0
Event: 171.184 Thread 0x00007fabe013b000 DEOPT PACKING pc=0x00007fabd1361a48 sp=0x00007fabcd7d0f70
Event: 171.184 Thread 0x00007fabe013b000 DEOPT UNPACKING pc=0x00007fabd1047633 sp=0x00007fabcd7d0cf8 mode 0
Event: 171.185 Thread 0x00007fabe013b000 DEOPT PACKING pc=0x00007fabd1361a48 sp=0x00007fabcd7d0f70
Event: 171.185 Thread 0x00007fabe013b000 DEOPT UNPACKING pc=0x00007fabd1047633 sp=0x00007fabcd7d0cf8 mode 0
Event: 171.190 Thread 0x00007fabe0146000 DEOPT PACKING pc=0x00007fabd1361a48 sp=0x00007fabcd3ccd80
Event: 171.190 Thread 0x00007fabe0146000 DEOPT UNPACKING pc=0x00007fabd1047633 sp=0x00007fabcd3ccb08 mode 0
Event: 171.190 Executing VM operation: ParallelGCFailedAllocation


Dynamic libraries:
00400000-00401000 r-xp 00000000 08:02 6689750                            /usr/lib/jvm/java-8-oracle/bin/java
00600000-00601000 rw-p 00000000 08:02 6689750                            /usr/lib/jvm/java-8-oracle/bin/java
0151d000-0153e000 rw-p 00000000 00:00 0                                  [heap]
c0000000-c2d80000 rw-p 00000000 00:00 0 
c2d80000-eab00000 ---p 00000000 00:00 0 
eab00000-f4700000 rw-p 00000000 00:00 0 
fa300000-100000000 ---p 00000000 00:00 0 
100000000-1000c0000 rw-p 00000000 00:00 0 
1000c0000-140000000 ---p 00000000 00:00 0 
7fab80000000-7fab8005b000 rw-p 00000000 00:00 0 
7fab8005b000-7fab84000000 ---p 00000000 00:00 0 
7fab88000000-7fab88056000 rw-p 00000000 00:00 0 
7fab88056000-7fab8c000000 ---p 00000000 00:00 0 
7fab8c000000-7fab8c056000 rw-p 00000000 00:00 0 
7fab8c056000-7fab90000000 ---p 00000000 00:00 0 
7fab90000000-7fab90045000 rw-p 00000000 00:00 0 
7fab90045000-7fab94000000 ---p 00000000 00:00 0 
7fab94000000-7fab94021000 rw-p 00000000 00:00 0 
7fab94021000-7fab98000000 ---p 00000000 00:00 0 
7fab98000000-7fab98021000 rw-p 00000000 00:00 0 
7fab98021000-7fab9c000000 ---p 00000000 00:00 0 
7fab9c000000-7fab9c021000 rw-p 00000000 00:00 0 
7fab9c021000-7faba0000000 ---p 00000000 00:00 0 
7faba0000000-7faba07c1000 rw-p 00000000 00:00 0 
7faba07c1000-7faba4000000 ---p 00000000 00:00 0 
7faba4000000-7faba47db000 rw-p 00000000 00:00 0 
7faba47db000-7faba8000000 ---p 00000000 00:00 0 
7faba8000000-7faba8021000 rw-p 00000000 00:00 0 
7faba8021000-7fabac000000 ---p 00000000 00:00 0 
7fabac000000-7fabac741000 rw-p 00000000 00:00 0 
7fabac741000-7fabb0000000 ---p 00000000 00:00 0 
7fabb0000000-7fabb0021000 rw-p 00000000 00:00 0 
7fabb0021000-7fabb4000000 ---p 00000000 00:00 0 
7fabb4000000-7fabb4021000 rw-p 00000000 00:00 0 
7fabb4021000-7fabb8000000 ---p 00000000 00:00 0 
7fabb8000000-7fabb8021000 rw-p 00000000 00:00 0 
7fabb8021000-7fabbc000000 ---p 00000000 00:00 0 
7fabbc000000-7fabbc28c000 rw-p 00000000 00:00 0 
7fabbc28c000-7fabc0000000 ---p 00000000 00:00 0 
7fabc0000000-7fabc0021000 rw-p 00000000 00:00 0 
7fabc0021000-7fabc4000000 ---p 00000000 00:00 0 
7fabc4000000-7fabc4021000 rw-p 00000000 00:00 0 
7fabc4021000-7fabc8000000 ---p 00000000 00:00 0 
7fabc8000000-7fabc8021000 rw-p 00000000 00:00 0 
7fabc8021000-7fabcc000000 ---p 00000000 00:00 0 
7fabcd2ce000-7fabcd2d1000 ---p 00000000 00:00 0 
7fabcd2d1000-7fabcd3cf000 rw-p 00000000 00:00 0                          [stack:4004]
7fabcd3cf000-7fabcd3d2000 ---p 00000000 00:00 0 
7fabcd3d2000-7fabcd4d0000 rw-p 00000000 00:00 0                          [stack:4003]
7fabcd4d0000-7fabcd4d3000 ---p 00000000 00:00 0 
7fabcd4d3000-7fabcd5d1000 rw-p 00000000 00:00 0                          [stack:4002]
7fabcd5d1000-7fabcd5d4000 ---p 00000000 00:00 0 
7fabcd5d4000-7fabcd6d2000 rw-p 00000000 00:00 0                          [stack:4001]
7fabcd6d2000-7fabcd6d5000 ---p 00000000 00:00 0 
7fabcd6d5000-7fabcd7d3000 rw-p 00000000 00:00 0                          [stack:4000]
7fabcd7d3000-7fabcd7eb000 r--s 000f5000 08:02 3985872                    /home/yonatan/Etty/programing/androidAdvanced/FinalProject/LocationsApp/app/build/intermediates/exploded-aar/com.google.android.gms/play-services-ads/8.4.0/jars/classes.jar
7fabcd7eb000-7fabcd7ec000 ---p 00000000 00:00 0 
7fabcd7ec000-7fabcd8ec000 rw-p 00000000 00:00 0                          [stack:3991]
7fabcd8ec000-7fabcd8ef000 ---p 00000000 00:00 0 
7fabcd8ef000-7fabcd9ed000 rw-p 00000000 00:00 0                          [stack:3990]
7fabcd9ed000-7fabcd9f0000 ---p 00000000 00:00 0 
7fabcd9f0000-7fabcdaee000 rw-p 00000000 00:00 0                          [stack:3989]
7fabcdaee000-7fabcdaf1000 ---p 00000000 00:00 0 
7fabcdaf1000-7fabcdbef000 rw-p 00000000 00:00 0                          [stack:3988]
7fabcdbef000-7fabcdbf2000 ---p 00000000 00:00 0 
7fabcdbf2000-7fabcdcf0000 rw-p 00000000 00:00 0                          [stack:3987]
7fabcdcf0000-7fabcdcf3000 ---p 00000000 00:00 0 
7fabcdcf3000-7fabcddf1000 rw-p 00000000 00:00 0                          [stack:3986]
7fabcddf1000-7fabce4d4000 r--p 00000000 08:02 6691839                    /usr/lib/locale/locale-archive
7fabce4d4000-7fabce4d7000 ---p 00000000 00:00 0 
7fabce4d7000-7fabce5d5000 rw-p 00000000 00:00 0                          [stack:3985]
7fabce5d5000-7fabce5d8000 ---p 00000000 00:00 0 
7fabce5d8000-7fabce6d6000 rw-p 00000000 00:00 0                          [stack:3984]
7fabce6d6000-7fabce6d7000 ---p 00000000 00:00 0 
7fabce6d7000-7fabd1000000 rw-p 00000000 00:00 0                          [stack:3983]
7fabd1000000-7fabd16f0000 rwxp 00000000 00:00 0 
7fabd16f0000-7fabe0000000 ---p 00000000 00:00 0 
7fabe0000000-7fabe038d000 rw-p 00000000 00:00 0 
7fabe038d000-7fabe4000000 ---p 00000000 00:00 0 
7fabe4003000-7fabe4012000 r--s 000df000 08:02 3824912                    /home/yonatan/Android/Sdk/build-tools/23.0.2/lib/dx.jar
7fabe4012000-7fabe479d000 rw-p 00000000 00:00 0 
7fabe479d000-7fabe4976000 r--s 03d24000 08:02 6706420                    /usr/lib/jvm/java-8-oracle/jre/lib/rt.jar
7fabe4976000-7fabe506c000 rw-p 00000000 00:00 0 
7fabe506c000-7fabe51ec000 ---p 00000000 00:00 0 
7fabe51ec000-7fabe53ec000 rw-p 00000000 00:00 0 
7fabe53ec000-7fabe53ed000 ---p 00000000 00:00 0 
7fabe53ed000-7fabe54ed000 rw-p 00000000 00:00 0                          [stack:3981]
7fabe54ed000-7fabe54ee000 ---p 00000000 00:00 0 
7fabe54ee000-7fabe55ee000 rw-p 00000000 00:00 0                          [stack:3980]
7fabe55ee000-7fabe55ef000 ---p 00000000 00:00 0 
7fabe55ef000-7fabe56ef000 rw-p 00000000 00:00 0                          [stack:3979]
7fabe56ef000-7fabe56f0000 ---p 00000000 00:00 0 
7fabe56f0000-7fabe5807000 rw-p 00000000 00:00 0                          [stack:3978]
7fabe5807000-7fabe5946000 ---p 00000000 00:00 0 
7fabe5946000-7fabe595d000 rw-p 00000000 00:00 0 
7fabe595d000-7fabe5a9b000 ---p 00000000 00:00 0 
7fabe5a9b000-7fabe5aea000 rw-p 00000000 00:00 0 
7fabe5aea000-7fabe5b46000 ---p 00000000 00:00 0 
7fabe5b46000-7fabe5b63000 rw-p 00000000 00:00 0 
7fabe5b63000-7fabe5f07000 ---p 00000000 00:00 0 
7fabe5f07000-7fabe5f21000 r-xp 00000000 08:02 6706459                    /usr/lib/jvm/java-8-oracle/jre/lib/amd64/libzip.so
7fabe5f21000-7fabe6121000 ---p 0001a000 08:02 6706459                    /usr/lib/jvm/java-8-oracle/jre/lib/amd64/libzip.so
7fabe6121000-7fabe6122000 rw-p 0001a000 08:02 6706459                    /usr/lib/jvm/java-8-oracle/jre/lib/amd64/libzip.so
7fabe6122000-7fabe612d000 r-xp 00000000 08:02 4353546                    /lib/x86_64-linux-gnu/libnss_files-2.19.so
7fabe612d000-7fabe632c000 ---p 0000b000 08:02 4353546                    /lib/x86_64-linux-gnu/libnss_files-2.19.so
7fabe632c000-7fabe632d000 r--p 0000a000 08:02 4353546                    /lib/x86_64-linux-gnu/libnss_files-2.19.so
7fabe632d000-7fabe632e000 rw-p 0000b000 08:02 4353546                    /lib/x86_64-linux-gnu/libnss_files-2.19.so
7fabe632e000-7fabe6339000 r-xp 00000000 08:02 4353538                    /lib/x86_64-linux-gnu/libnss_nis-2.19.so
7fabe6339000-7fabe6538000 ---p 0000b000 08:02 4353538                    /lib/x86_64-linux-gnu/libnss_nis-2.19.so
7fabe6538000-7fabe6539000 r--p 0000a000 08:02 4353538                    /lib/x86_64-linux-gnu/libnss_nis-2.19.so
7fabe6539000-7fabe653a000 rw-p 0000b000 08:02 4353538                    /lib/x86_64-linux-gnu/libnss_nis-2.19.so
7fabe653a000-7fabe6551000 r-xp 00000000 08:02 4353534                    /lib/x86_64-linux-gnu/libnsl-2.19.so
7fabe6551000-7fabe6750000 ---p 00017000 08:02 4353534                    /lib/x86_64-linux-gnu/libnsl-2.19.so
7fabe6750000-7fabe6751000 r--p 00016000 08:02 4353534                    /lib/x86_64-linux-gnu/libnsl-2.19.so
7fabe6751000-7fabe6752000 rw-p 00017000 08:02 4353534                    /lib/x86_64-linux-gnu/libnsl-2.19.so
7fabe6752000-7fabe6754000 rw-p 00000000 00:00 0 
7fabe6754000-7fabe675d000 r-xp 00000000 08:02 4353533                    /lib/x86_64-linux-gnu/libnss_compat-2.19.so
7fabe675d000-7fabe695c000 ---p 00009000 08:02 4353533                    /lib/x86_64-linux-gnu/libnss_compat-2.19.so
7fabe695c000-7fabe695d000 r--p 00008000 08:02 4353533                    /lib/x86_64-linux-gnu/libnss_compat-2.19.so
7fabe695d000-7fabe695e000 rw-p 00009000 08:02 4353533                    /lib/x86_64-linux-gnu/libnss_compat-2.19.so
7fabe695e000-7fabe6988000 r-xp 00000000 08:02 6706432                    /usr/lib/jvm/java-8-oracle/jre/lib/amd64/libjava.so
7fabe6988000-7fabe6b88000 ---p 0002a000 08:02 6706432                    /usr/lib/jvm/java-8-oracle/jre/lib/amd64/libjava.so
7fabe6b88000-7fabe6b8a000 rw-p 0002a000 08:02 6706432                    /usr/lib/jvm/java-8-oracle/jre/lib/amd64/libjava.so
7fabe6b8a000-7fabe6b97000 r-xp 00000000 08:02 6706446                    /usr/lib/jvm/java-8-oracle/jre/lib/amd64/libverify.so
7fabe6b97000-7fabe6d97000 ---p 0000d000 08:02 6706446                    /usr/lib/jvm/java-8-oracle/jre/lib/amd64/libverify.so
7fabe6d97000-7fabe6d99000 rw-p 0000d000 08:02 6706446                    /usr/lib/jvm/java-8-oracle/jre/lib/amd64/libverify.so
7fabe6d99000-7fabe6da0000 r-xp 00000000 08:02 4353542                    /lib/x86_64-linux-gnu/librt-2.19.so
7fabe6da0000-7fabe6f9f000 ---p 00007000 08:02 4353542                    /lib/x86_64-linux-gnu/librt-2.19.so
7fabe6f9f000-7fabe6fa0000 r--p 00006000 08:02 4353542                    /lib/x86_64-linux-gnu/librt-2.19.so
7fabe6fa0000-7fabe6fa1000 rw-p 00007000 08:02 4353542                    /lib/x86_64-linux-gnu/librt-2.19.so
7fabe6fa1000-7fabe70a6000 r-xp 00000000 08:02 4353528                    /lib/x86_64-linux-gnu/libm-2.19.so
7fabe70a6000-7fabe72a5000 ---p 00105000 08:02 4353528                    /lib/x86_64-linux-gnu/libm-2.19.so
7fabe72a5000-7fabe72a6000 r--p 00104000 08:02 4353528                    /lib/x86_64-linux-gnu/libm-2.19.so
7fabe72a6000-7fabe72a7000 rw-p 00105000 08:02 4353528                    /lib/x86_64-linux-gnu/libm-2.19.so
7fabe72a7000-7fabe7f6a000 r-xp 00000000 08:02 6706450                    /usr/lib/jvm/java-8-oracle/jre/lib/amd64/server/libjvm.so
7fabe7f6a000-7fabe8169000 ---p 00cc3000 08:02 6706450                    /usr/lib/jvm/java-8-oracle/jre/lib/amd64/server/libjvm.so
7fabe8169000-7fabe8242000 rw-p 00cc2000 08:02 6706450                    /usr/lib/jvm/java-8-oracle/jre/lib/amd64/server/libjvm.so
7fabe8242000-7fabe828d000 rw-p 00000000 00:00 0 
7fabe828d000-7fabe8448000 r-xp 00000000 08:02 4353543                    /lib/x86_64-linux-gnu/libc-2.19.so
7fabe8448000-7fabe8647000 ---p 001bb000 08:02 4353543                    /lib/x86_64-linux-gnu/libc-2.19.so
7fabe8647000-7fabe864b000 r--p 001ba000 08:02 4353543                    /lib/x86_64-linux-gnu/libc-2.19.so
7fabe864b000-7fabe864d000 rw-p 001be000 08:02 4353543                    /lib/x86_64-linux-gnu/libc-2.19.so
7fabe864d000-7fabe8652000 rw-p 00000000 00:00 0 
7fabe8652000-7fabe8655000 r-xp 00000000 08:02 4353530                    /lib/x86_64-linux-gnu/libdl-2.19.so
7fabe8655000-7fabe8854000 ---p 00003000 08:02 4353530                    /lib/x86_64-linux-gnu/libdl-2.19.so
7fabe8854000-7fabe8855000 r--p 00002000 08:02 4353530                    /lib/x86_64-linux-gnu/libdl-2.19.so
7fabe8855000-7fabe8856000 rw-p 00003000 08:02 4353530                    /lib/x86_64-linux-gnu/libdl-2.19.so
7fabe8856000-7fabe886b000 r-xp 00000000 08:02 6728050                    /usr/lib/jvm/java-8-oracle/lib/amd64/jli/libjli.so
7fabe886b000-7fabe8a6b000 ---p 00015000 08:02 6728050                    /usr/lib/jvm/java-8-oracle/lib/amd64/jli/libjli.so
7fabe8a6b000-7fabe8a6c000 rw-p 00015000 08:02 6728050                    /usr/lib/jvm/java-8-oracle/lib/amd64/jli/libjli.so
7fabe8a6c000-7fabe8a85000 r-xp 00000000 08:02 4353535                    /lib/x86_64-linux-gnu/libpthread-2.19.so
7fabe8a85000-7fabe8c84000 ---p 00019000 08:02 4353535                    /lib/x86_64-linux-gnu/libpthread-2.19.so
7fabe8c84000-7fabe8c85000 r--p 00018000 08:02 4353535                    /lib/x86_64-linux-gnu/libpthread-2.19.so
7fabe8c85000-7fabe8c86000 rw-p 00019000 08:02 4353535                    /lib/x86_64-linux-gnu/libpthread-2.19.so
7fabe8c86000-7fabe8c8a000 rw-p 00000000 00:00 0 
7fabe8c8a000-7fabe8cad000 r-xp 00000000 08:02 4353536                    /lib/x86_64-linux-gnu/ld-2.19.so
7fabe8cb4000-7fabe8d86000 rw-p 00000000 00:00 0 
7fabe8d86000-7fabe8d89000 ---p 00000000 00:00 0 
7fabe8d89000-7fabe8ea0000 rw-p 00000000 00:00 0                          [stack:3976]
7fabe8ea0000-7fabe8ea8000 rw-s 00000000 08:02 1976627                    /tmp/hsperfdata_yonatan/3973
7fabe8ea8000-7fabe8ea9000 rw-p 00000000 00:00 0 
7fabe8ea9000-7fabe8eaa000 ---p 00000000 00:00 0 
7fabe8eaa000-7fabe8eac000 rw-p 00000000 00:00 0 
7fabe8eac000-7fabe8ead000 r--p 00022000 08:02 4353536                    /lib/x86_64-linux-gnu/ld-2.19.so
7fabe8ead000-7fabe8eae000 rw-p 00023000 08:02 4353536                    /lib/x86_64-linux-gnu/ld-2.19.so
7fabe8eae000-7fabe8eaf000 rw-p 00000000 00:00 0 
7ffefa55b000-7ffefa57c000 rw-p 00000000 00:00 0                          [stack]
7ffefa57f000-7ffefa581000 r-xp 00000000 00:00 0                          [vdso]
7ffefa581000-7ffefa583000 r--p 00000000 00:00 0                          [vvar]
ffffffffff600000-ffffffffff601000 r-xp 00000000 00:00 0                  [vsyscall]

VM Arguments:
jvm_args: -Djava.awt.headless=true -Xmx1024M -Dfile.encoding=UTF-8 -Duser.country=US -Duser.language=en -Duser.variant 
java_command: com.android.dx.command.Main --dex --num-threads=4 --output /home/yonatan/Etty/programing/androidAdvanced/FinalProject/LocationsApp/app/build/intermediates/pre-dexed/debug/com.google.android.gms-play-services-ads-8.4.0_0ce6ec086fb9d9639b62a6914f6427f9bd9778f1.jar /home/yonatan/Etty/programing/androidAdvanced/FinalProject/LocationsApp/app/build/intermediates/exploded-aar/com.google.android.gms/play-services-ads/8.4.0/jars/classes.jar
java_class_path (initial): /home/yonatan/Android/Sdk/build-tools/23.0.2/lib/dx.jar
Launcher Type: SUN_STANDARD

Environment Variables:
JAVA_HOME=/usr/lib/jvm/java-8-oracle
PATH=/usr/local/sbin:/usr/local/bin:/usr/sbin:/usr/bin:/sbin:/bin:/usr/games:/usr/local/games:/usr/lib/jvm/java-8-oracle/bin:/usr/lib/jvm/java-8-oracle/db/bin:/usr/lib/jvm/java-8-oracle/jre/bin
SHELL=/bin/bash
DISPLAY=:0

Signal Handlers:
SIGSEGV: [libjvm.so+0xabdee0], sa_mask[0]=11111111011111111101111111111110, sa_flags=SA_RESTART|SA_SIGINFO
SIGBUS: [libjvm.so+0xabdee0], sa_mask[0]=11111111011111111101111111111110, sa_flags=SA_RESTART|SA_SIGINFO
SIGFPE: [libjvm.so+0x91a580], sa_mask[0]=11111111011111111101111111111110, sa_flags=SA_RESTART|SA_SIGINFO
SIGPIPE: [libjvm.so+0x91a580], sa_mask[0]=11111111011111111101111111111110, sa_flags=SA_RESTART|SA_SIGINFO
SIGXFSZ: [libjvm.so+0x91a580], sa_mask[0]=11111111011111111101111111111110, sa_flags=SA_RESTART|SA_SIGINFO
SIGILL: [libjvm.so+0x91a580], sa_mask[0]=11111111011111111101111111111110, sa_flags=SA_RESTART|SA_SIGINFO
SIGUSR1: SIG_DFL, sa_mask[0]=00000000000000000000000000000000, sa_flags=none
SIGUSR2: [libjvm.so+0x91bbb0], sa_mask[0]=00100000000000000000000000000000, sa_flags=SA_RESTART|SA_SIGINFO
SIGHUP: [libjvm.so+0x91cfb0], sa_mask[0]=11111111011111111101111111111110, sa_flags=SA_RESTART|SA_SIGINFO
SIGINT: [libjvm.so+0x91cfb0], sa_mask[0]=11111111011111111101111111111110, sa_flags=SA_RESTART|SA_SIGINFO
SIGTERM: [libjvm.so+0x91cfb0], sa_mask[0]=11111111011111111101111111111110, sa_flags=SA_RESTART|SA_SIGINFO
SIGQUIT: [libjvm.so+0x91cfb0], sa_mask[0]=11111111011111111101111111111110, sa_flags=SA_RESTART|SA_SIGINFO


---------------  S Y S T E M  ---------------

OS:DISTRIB_ID=Ubuntu
DISTRIB_RELEASE=14.04
DISTRIB_CODENAME=trusty
DISTRIB_DESCRIPTION="Ubuntu 14.04.4 LTS"

uname:Linux 3.16.0-70-generic #90~14.04.1-Ubuntu SMP Wed Apr 6 22:56:34 UTC 2016 x86_64
libc:glibc 2.19 NPTL 2.19 
rlimit: STACK 8192k, CORE 0k, NPROC 14573, NOFILE 4096, AS infinity
load average:54.04 32.41 13.92

/proc/meminfo:
MemTotal:        3931368 kB
MemFree:           93060 kB
MemAvailable:      33316 kB
Buffers:             104 kB
Cached:           256068 kB
SwapCached:          124 kB
Active:          2839440 kB
Inactive:         738964 kB
Active(anon):    2836384 kB
Inactive(anon):   735312 kB
Active(file):       3056 kB
Inactive(file):     3652 kB
Unevictable:          48 kB
Mlocked:              48 kB
SwapTotal:       4077564 kB
SwapFree:              0 kB
Dirty:                20 kB
Writeback:            12 kB
AnonPages:       3323184 kB
Mapped:             3108 kB
Shmem:            248532 kB
Slab:              92500 kB
SReclaimable:      42736 kB
SUnreclaim:        49764 kB
KernelStack:       14928 kB
PageTables:        81444 kB
NFS_Unstable:          0 kB
Bounce:                0 kB
WritebackTmp:          0 kB
CommitLimit:     6043248 kB
Committed_AS:   17995984 kB
VmallocTotal:   34359738367 kB
VmallocUsed:      353164 kB
VmallocChunk:   34359285816 kB
HardwareCorrupted:     0 kB
AnonHugePages:    534528 kB
HugePages_Total:       0
HugePages_Free:        0
HugePages_Rsvd:        0
HugePages_Surp:        0
Hugepagesize:       2048 kB
DirectMap4k:       78192 kB
DirectMap2M:     3999744 kB


CPU:total 4 (2 cores per cpu, 2 threads per core) family 6 model 58 stepping 9, cmov, cx8, fxsr, mmx, sse, sse2, sse3, ssse3, sse4.1, sse4.2, popcnt, avx, aes, clmul, erms, ht, tsc, tscinvbit, tscinv

/proc/cpuinfo:
processor	: 0
vendor_id	: GenuineIntel
cpu family	: 6
model		: 58
model name	: Intel(R) Core(TM) i5-3317U CPU @ 1.70GHz
stepping	: 9
microcode	: 0x12
cpu MHz		: 2400.054
cache size	: 3072 KB
physical id	: 0
siblings	: 4
core id		: 0
cpu cores	: 2
apicid		: 0
initial apicid	: 0
fpu		: yes
fpu_exception	: yes
cpuid level	: 13
wp		: yes
flags		: fpu vme de pse tsc msr pae mce cx8 apic sep mtrr pge mca cmov pat pse36 clflush dts acpi mmx fxsr sse sse2 ss ht tm pbe syscall nx rdtscp lm constant_tsc arch_perfmon pebs bts rep_good nopl xtopology nonstop_tsc aperfmperf eagerfpu pni pclmulqdq dtes64 monitor ds_cpl vmx est tm2 ssse3 cx16 xtpr pdcm pcid sse4_1 sse4_2 x2apic popcnt tsc_deadline_timer aes xsave avx f16c rdrand lahf_lm ida arat epb xsaveopt pln pts dtherm tpr_shadow vnmi flexpriority ept vpid fsgsbase smep erms
bogomips	: 3392.02
clflush size	: 64
cache_alignment	: 64
address sizes	: 36 bits physical, 48 bits virtual
power management:

processor	: 1
vendor_id	: GenuineIntel
cpu family	: 6
model		: 58
model name	: Intel(R) Core(TM) i5-3317U CPU @ 1.70GHz
stepping	: 9
microcode	: 0x12
cpu MHz		: 2317.976
cache size	: 3072 KB
physical id	: 0
siblings	: 4
core id		: 1
cpu cores	: 2
apicid		: 2
initial apicid	: 2
fpu		: yes
fpu_exception	: yes
cpuid level	: 13
wp		: yes
flags		: fpu vme de pse tsc msr pae mce cx8 apic sep mtrr pge mca cmov pat pse36 clflush dts acpi mmx fxsr sse sse2 ss ht tm pbe syscall nx rdtscp lm constant_tsc arch_perfmon pebs bts rep_good nopl xtopology nonstop_tsc aperfmperf eagerfpu pni pclmulqdq dtes64 monitor ds_cpl vmx est tm2 ssse3 cx16 xtpr pdcm pcid sse4_1 sse4_2 x2apic popcnt tsc_deadline_timer aes xsave avx f16c rdrand lahf_lm ida arat epb xsaveopt pln pts dtherm tpr_shadow vnmi flexpriority ept vpid fsgsbase smep erms
bogomips	: 3392.02
clflush size	: 64
cache_alignment	: 64
address sizes	: 36 bits physical, 48 bits virtual
power management:

processor	: 2
vendor_id	: GenuineIntel
cpu family	: 6
model		: 58
model name	: Intel(R) Core(TM) i5-3317U CPU @ 1.70GHz
stepping	: 9
microcode	: 0x12
cpu MHz		: 2400.054
cache size	: 3072 KB
physical id	: 0
siblings	: 4
core id		: 0
cpu cores	: 2
apicid		: 1
initial apicid	: 1
fpu		: yes
fpu_exception	: yes
cpuid level	: 13
wp		: yes
flags		: fpu vme de pse tsc msr pae mce cx8 apic sep mtrr pge mca cmov pat pse36 clflush dts acpi mmx fxsr sse sse2 ss ht tm pbe syscall nx rdtscp lm constant_tsc arch_perfmon pebs bts rep_good nopl xtopology nonstop_tsc aperfmperf eagerfpu pni pclmulqdq dtes64 monitor ds_cpl vmx est tm2 ssse3 cx16 xtpr pdcm pcid sse4_1 sse4_2 x2apic popcnt tsc_deadline_timer aes xsave avx f16c rdrand lahf_lm ida arat epb xsaveopt pln pts dtherm tpr_shadow vnmi flexpriority ept vpid fsgsbase smep erms
bogomips	: 3392.02
clflush size	: 64
cache_alignment	: 64
address sizes	: 36 bits physical, 48 bits virtual
power management:

processor	: 3
vendor_id	: GenuineIntel
cpu family	: 6
model		: 58
model name	: Intel(R) Core(TM) i5-3317U CPU @ 1.70GHz
stepping	: 9
microcode	: 0x12
cpu MHz		: 2399.988
cache size	: 3072 KB
physical id	: 0
siblings	: 4
core id		: 1
cpu cores	: 2
apicid		: 3
initial apicid	: 3
fpu		: yes
fpu_exception	: yes
cpuid level	: 13
wp		: yes
flags		: fpu vme de pse tsc msr pae mce cx8 apic sep mtrr pge mca cmov pat pse36 clflush dts acpi mmx fxsr sse sse2 ss ht tm pbe syscall nx rdtscp lm constant_tsc arch_perfmon pebs bts rep_good nopl xtopology nonstop_tsc aperfmperf eagerfpu pni pclmulqdq dtes64 monitor ds_cpl vmx est tm2 ssse3 cx16 xtpr pdcm pcid sse4_1 sse4_2 x2apic popcnt tsc_deadline_timer aes xsave avx f16c rdrand lahf_lm ida arat epb xsaveopt pln pts dtherm tpr_shadow vnmi flexpriority ept vpid fsgsbase smep erms
bogomips	: 3392.02
clflush size	: 64
cache_alignment	: 64
address sizes	: 36 bits physical, 48 bits virtual
power management:



Memory: 4k page, physical 3931368k(92596k free), swap 4077564k(0k free)

vm_info: Java HotSpot(TM) 64-Bit Server VM (25.92-b14) for linux-amd64 JRE (1.8.0_92-b14), built on Mar 31 2016 21:08:29 by "java_re" with gcc 4.3.0 20080428 (Red Hat 4.3.0-8)

time: Wed Apr 27 20:19:42 2016
elapsed time: 241 seconds (0d 0h 4m 1s)

