#
# There is insufficient memory for the Java Runtime Environment to continue.
# Native memory allocation (mmap) failed to map 70254592 bytes for committing reserved memory.
# Possible reasons:
#   The system is out of physical RAM or swap space
#   In 32 bit mode, the process size limit was hit
# Possible solutions:
#   Reduce memory load on the system
#   Increase physical memory or swap space
#   Check if swap backing store is full
#   Use 64 bit Java on a 64 bit OS
#   Decrease Java heap size (-Xmx/-Xms)
#   Decrease number of Java threads
#   Decrease Java thread stack sizes (-Xss)
#   Set larger code cache with -XX:ReservedCodeCacheSize=
# This output file may be truncated or incomplete.
#
#  Out of Memory Error (os_linux.cpp:2627), pid=15787, tid=140346121991936
#
# JRE version: Java(TM) SE Runtime Environment (8.0_91-b14) (build 1.8.0_91-b14)
# Java VM: Java HotSpot(TM) 64-Bit Server VM (25.91-b14 mixed mode linux-amd64 compressed oops)
# Failed to write core dump. Core dumps have been disabled. To enable core dumping, try "ulimit -c unlimited" before starting Java again
#

---------------  T H R E A D  ---------------

Current thread (0x00007fa4f8078000):  VMThread [stack: 0x00007fa4e0af3000,0x00007fa4e0bf4000] [id=15796]

Stack: [0x00007fa4e0af3000,0x00007fa4e0bf4000],  sp=0x00007fa4e0bf1f60,  free space=1019k
Native frames: (J=compiled Java code, j=interpreted, Vv=VM code, C=native code)
V  [libjvm.so+0xabc18a]  VMError::report_and_die()+0x2ba
V  [libjvm.so+0x4fafeb]  report_vm_out_of_memory(char const*, int, unsigned long, VMErrorType, char const*)+0x8b
V  [libjvm.so+0x91cbb3]  os::Linux::commit_memory_impl(char*, unsigned long, bool)+0x103
V  [libjvm.so+0x91d109]  os::pd_commit_memory(char*, unsigned long, unsigned long, bool)+0x29
V  [libjvm.so+0x91740a]  os::commit_memory(char*, unsigned long, unsigned long, bool)+0x2a
V  [libjvm.so+0x98b033]  PSVirtualSpace::expand_by(unsigned long)+0x53
V  [libjvm.so+0x98c438]  PSYoungGen::resize_generation(unsigned long, unsigned long)+0xf8
V  [libjvm.so+0x98b592]  PSYoungGen::resize(unsigned long, unsigned long)+0x22
V  [libjvm.so+0x98886b]  PSScavenge::invoke_no_policy()+0xf3b
V  [libjvm.so+0x988ff1]  PSScavenge::invoke()+0x41
V  [libjvm.so+0x9408b0]  ParallelScavengeHeap::failed_mem_allocate(unsigned long)+0x70
V  [libjvm.so+0xabdba7]  VM_ParallelGCFailedAllocation::doit()+0x97
V  [libjvm.so+0xac55d5]  VM_Operation::evaluate()+0x55
V  [libjvm.so+0xac39aa]  VMThread::evaluate_operation(VM_Operation*)+0xba
V  [libjvm.so+0xac3d2e]  VMThread::loop()+0x1ce
V  [libjvm.so+0xac41a0]  VMThread::run()+0x70
V  [libjvm.so+0x91ef78]  java_start(Thread*)+0x108

VM_Operation (0x00007fa4db8e9f00): ParallelGCFailedAllocation, mode: safepoint, requested by thread 0x00007fa4f8155000


---------------  P R O C E S S  ---------------

Java Threads: ( => current thread )
  0x00007fa4f8156800 JavaThread "pool-1-thread-4" [_thread_blocked, id=15823, stack(0x00007fa4db6ea000,0x00007fa4db7eb000)]
  0x00007fa4f8155000 JavaThread "pool-1-thread-3" [_thread_blocked, id=15821, stack(0x00007fa4db7eb000,0x00007fa4db8ec000)]
  0x00007fa4f8153000 JavaThread "pool-1-thread-2" [_thread_blocked, id=15820, stack(0x00007fa4db8ec000,0x00007fa4db9ed000)]
  0x00007fa4f8152000 JavaThread "pool-2-thread-1" [_thread_blocked, id=15819, stack(0x00007fa4db9ed000,0x00007fa4dbaee000)]
  0x00007fa4f814f800 JavaThread "pool-1-thread-1" [_thread_blocked, id=15818, stack(0x00007fa4dbaee000,0x00007fa4dbbef000)]
  0x00007fa4f80d3800 JavaThread "Service Thread" daemon [_thread_blocked, id=15803, stack(0x00007fa4dbcfd000,0x00007fa4dbdfe000)]
  0x00007fa4f80be800 JavaThread "C1 CompilerThread2" daemon [_thread_blocked, id=15802, stack(0x00007fa4dbdfe000,0x00007fa4dbeff000)]
  0x00007fa4f80bd000 JavaThread "C2 CompilerThread1" daemon [_thread_in_native, id=15801, stack(0x00007fa4dbeff000,0x00007fa4dc000000)]
  0x00007fa4f80ba000 JavaThread "C2 CompilerThread0" daemon [_thread_in_native, id=15800, stack(0x00007fa4e000c000,0x00007fa4e010d000)]
  0x00007fa4f80b8800 JavaThread "Signal Dispatcher" daemon [_thread_blocked, id=15799, stack(0x00007fa4e010d000,0x00007fa4e020e000)]
  0x00007fa4f8084000 JavaThread "Finalizer" daemon [_thread_blocked, id=15798, stack(0x00007fa4e08f1000,0x00007fa4e09f2000)]
  0x00007fa4f807f800 JavaThread "Reference Handler" daemon [_thread_blocked, id=15797, stack(0x00007fa4e09f2000,0x00007fa4e0af3000)]
  0x00007fa4f800a000 JavaThread "main" [_thread_blocked, id=15790, stack(0x00007fa4ff1a6000,0x00007fa4ff2a7000)]

Other Threads:
=>0x00007fa4f8078000 VMThread [stack: 0x00007fa4e0af3000,0x00007fa4e0bf4000] [id=15796]
  0x00007fa4f80d6800 WatcherThread [stack: 0x00007fa4dbbfc000,0x00007fa4dbcfd000] [id=15804]

VM state:at safepoint (normal execution)

VM Mutex/Monitor currently owned by a thread:  ([mutex/lock_event])
[0x00007fa4f8006590] Threads_lock - owner thread: 0x00007fa4f8078000
[0x00007fa4f8006a90] Heap_lock - owner thread: 0x00007fa4f8155000

Heap:
 PSYoungGen      total 69632K, used 9209K [0x00000000eab00000, 0x00000000ef900000, 0x0000000100000000)
  eden space 60416K, 0% used [0x00000000eab00000,0x00000000eab00000,0x00000000ee600000)
  from space 9216K, 99% used [0x00000000ee600000,0x00000000eeefe618,0x00000000eef00000)
  to   space 8192K, 0% used [0x00000000eef00000,0x00000000eef00000,0x00000000ef700000)
 ParOldGen       total 40960K, used 18106K [0x00000000c0000000, 0x00000000c2800000, 0x00000000eab00000)
  object space 40960K, 44% used [0x00000000c0000000,0x00000000c11ae910,0x00000000c2800000)
 Metaspace       used 5924K, capacity 6896K, committed 7040K, reserved 1056768K
  class space    used 593K, capacity 616K, committed 640K, reserved 1048576K

Card table byte_map: [0x00007fa4fc129000,0x00007fa4fc32a000] byte_map_base: 0x00007fa4fbb29000

Marking Bits: (ParMarkBitMap*) 0x00007fa4fe680d60
 Begin Bits: [0x00007fa4e2000000, 0x00007fa4e3000000)
 End Bits:   [0x00007fa4e3000000, 0x00007fa4e4000000)

Polling page: 0x00007fa4ff2c9000

CodeCache: size=245760Kb used=4619Kb max_used=4619Kb free=241140Kb
 bounds [0x00007fa4e9000000, 0x00007fa4e9490000, 0x00007fa4f8000000]
 total_blobs=1493 nmethods=1224 adapters=182
 compilation: enabled

Compilation events (10 events):
Event: 40.778 Thread 0x00007fa4f80be800 nmethod 1557 0x00007fa4e9473210 code [0x00007fa4e94737a0, 0x00007fa4e9476c68]
Event: 40.778 Thread 0x00007fa4f80be800 1582       3       com.android.dx.cf.code.RopperMachine::getSources (264 bytes)
Event: 40.898 Thread 0x00007fa4f80be800 nmethod 1582 0x00007fa4e947a450 code [0x00007fa4e947aa60, 0x00007fa4e947f398]
Event: 40.932 Thread 0x00007fa4f80be800 1591       3       com.android.dx.ssa.DeadCodeRemover::isCircularNoSideEffect (140 bytes)
Event: 40.935 Thread 0x00007fa4f80be800 nmethod 1591 0x00007fa4e9482990 code [0x00007fa4e9482c20, 0x00007fa4e9483ce8]
Event: 40.935 Thread 0x00007fa4f80be800 1550 %     3       com.android.dx.cf.code.BaseMachine::storeResults @ 54 (90 bytes)
Event: 40.936 Thread 0x00007fa4f80be800 nmethod 1550% 0x00007fa4e9484610 code [0x00007fa4e9484820, 0x00007fa4e9485328]
Event: 40.939 Thread 0x00007fa4f80be800 1519 % !   3       com.android.dx.cf.code.Simulator::simulate @ 19 (74 bytes)
Event: 40.941 Thread 0x00007fa4f80be800 nmethod 1519% 0x00007fa4e9485850 code [0x00007fa4e9485a40, 0x00007fa4e9486398]
Event: 40.941 Thread 0x00007fa4f80be800 1525 %     3       com.android.dx.ssa.back.IdenticalBlockCombiner::process @ 25 (323 bytes)

GC Heap History (10 events):
Event: 3.576 GC heap after
Heap after GC invocations=2 (full 0):
 PSYoungGen      total 17920K, used 2538K [0x00000000eab00000, 0x00000000ece00000, 0x0000000100000000)
  eden space 15360K, 0% used [0x00000000eab00000,0x00000000eab00000,0x00000000eba00000)
  from space 2560K, 99% used [0x00000000ebc80000,0x00000000ebefaa90,0x00000000ebf00000)
  to   space 2560K, 0% used [0x00000000eba00000,0x00000000eba00000,0x00000000ebc80000)
 ParOldGen       total 40960K, used 1797K [0x00000000c0000000, 0x00000000c2800000, 0x00000000eab00000)
  object space 40960K, 4% used [0x00000000c0000000,0x00000000c01c1550,0x00000000c2800000)
 Metaspace       used 5755K, capacity 6768K, committed 7040K, reserved 1056768K
  class space    used 591K, capacity 616K, committed 640K, reserved 1048576K
}
Event: 4.423 GC heap before
{Heap before GC invocations=3 (full 0):
 PSYoungGen      total 17920K, used 17898K [0x00000000eab00000, 0x00000000ece00000, 0x0000000100000000)
  eden space 15360K, 100% used [0x00000000eab00000,0x00000000eba00000,0x00000000eba00000)
  from space 2560K, 99% used [0x00000000ebc80000,0x00000000ebefaa90,0x00000000ebf00000)
  to   space 2560K, 0% used [0x00000000eba00000,0x00000000eba00000,0x00000000ebc80000)
 ParOldGen       total 40960K, used 1797K [0x00000000c0000000, 0x00000000c2800000, 0x00000000eab00000)
  object space 40960K, 4% used [0x00000000c0000000,0x00000000c01c1550,0x00000000c2800000)
 Metaspace       used 5807K, capacity 6768K, committed 7040K, reserved 1056768K
  class space    used 591K, capacity 616K, committed 640K, reserved 1048576K
Event: 4.475 GC heap after
Heap after GC invocations=3 (full 0):
 PSYoungGen      total 17920K, used 2528K [0x00000000eab00000, 0x00000000ece00000, 0x0000000100000000)
  eden space 15360K, 0% used [0x00000000eab00000,0x00000000eab00000,0x00000000eba00000)
  from space 2560K, 98% used [0x00000000eba00000,0x00000000ebc78010,0x00000000ebc80000)
  to   space 2560K, 0% used [0x00000000ecb80000,0x00000000ecb80000,0x00000000ece00000)
 ParOldGen       total 40960K, used 3954K [0x00000000c0000000, 0x00000000c2800000, 0x00000000eab00000)
  object space 40960K, 9% used [0x00000000c0000000,0x00000000c03dcb98,0x00000000c2800000)
 Metaspace       used 5807K, capacity 6768K, committed 7040K, reserved 1056768K
  class space    used 591K, capacity 616K, committed 640K, reserved 1048576K
}
Event: 20.486 GC heap before
{Heap before GC invocations=4 (full 0):
 PSYoungGen      total 17920K, used 17888K [0x00000000eab00000, 0x00000000ece00000, 0x0000000100000000)
  eden space 15360K, 100% used [0x00000000eab00000,0x00000000eba00000,0x00000000eba00000)
  from space 2560K, 98% used [0x00000000eba00000,0x00000000ebc78010,0x00000000ebc80000)
  to   space 2560K, 0% used [0x00000000ecb80000,0x00000000ecb80000,0x00000000ece00000)
 ParOldGen       total 40960K, used 3954K [0x00000000c0000000, 0x00000000c2800000, 0x00000000eab00000)
  object space 40960K, 9% used [0x00000000c0000000,0x00000000c03dcb98,0x00000000c2800000)
 Metaspace       used 5820K, capacity 6768K, committed 7040K, reserved 1056768K
  class space    used 592K, capacity 616K, committed 640K, reserved 1048576K
Event: 29.873 GC heap after
Heap after GC invocations=4 (full 0):
 PSYoungGen      total 33280K, used 2544K [0x00000000eab00000, 0x00000000ece00000, 0x0000000100000000)
  eden space 30720K, 0% used [0x00000000eab00000,0x00000000eab00000,0x00000000ec900000)
  from space 2560K, 99% used [0x00000000ecb80000,0x00000000ecdfc020,0x00000000ece00000)
  to   space 2560K, 0% used [0x00000000ec900000,0x00000000ec900000,0x00000000ecb80000)
 ParOldGen       total 40960K, used 6781K [0x00000000c0000000, 0x00000000c2800000, 0x00000000eab00000)
  object space 40960K, 16% used [0x00000000c0000000,0x00000000c069f7b8,0x00000000c2800000)
 Metaspace       used 5820K, capacity 6768K, committed 7040K, reserved 1056768K
  class space    used 592K, capacity 616K, committed 640K, reserved 1048576K
}
Event: 30.992 GC heap before
{Heap before GC invocations=5 (full 0):
 PSYoungGen      total 33280K, used 33264K [0x00000000eab00000, 0x00000000ece00000, 0x0000000100000000)
  eden space 30720K, 100% used [0x00000000eab00000,0x00000000ec900000,0x00000000ec900000)
  from space 2560K, 99% used [0x00000000ecb80000,0x00000000ecdfc020,0x00000000ece00000)
  to   space 2560K, 0% used [0x00000000ec900000,0x00000000ec900000,0x00000000ecb80000)
 ParOldGen       total 40960K, used 6781K [0x00000000c0000000, 0x00000000c2800000, 0x00000000eab00000)
  object space 40960K, 16% used [0x00000000c0000000,0x00000000c069f7b8,0x00000000c2800000)
 Metaspace       used 5869K, capacity 6832K, committed 7040K, reserved 1056768K
  class space    used 592K, capacity 616K, committed 640K, reserved 1048576K
Event: 31.273 GC heap after
Heap after GC invocations=5 (full 0):
 PSYoungGen      total 33280K, used 2538K [0x00000000eab00000, 0x00000000ef700000, 0x0000000100000000)
  eden space 30720K, 0% used [0x00000000eab00000,0x00000000eab00000,0x00000000ec900000)
  from space 2560K, 99% used [0x00000000ec900000,0x00000000ecb7ab48,0x00000000ecb80000)
  to   space 8192K, 0% used [0x00000000eef00000,0x00000000eef00000,0x00000000ef700000)
 ParOldGen       total 40960K, used 11453K [0x00000000c0000000, 0x00000000c2800000, 0x00000000eab00000)
  object space 40960K, 27% used [0x00000000c0000000,0x00000000c0b2f708,0x00000000c2800000)
 Metaspace       used 5869K, capacity 6832K, committed 7040K, reserved 1056768K
  class space    used 592K, capacity 616K, committed 640K, reserved 1048576K
}
Event: 32.229 GC heap before
{Heap before GC invocations=6 (full 0):
 PSYoungGen      total 33280K, used 33258K [0x00000000eab00000, 0x00000000ef700000, 0x0000000100000000)
  eden space 30720K, 100% used [0x00000000eab00000,0x00000000ec900000,0x00000000ec900000)
  from space 2560K, 99% used [0x00000000ec900000,0x00000000ecb7ab48,0x00000000ecb80000)
  to   space 8192K, 0% used [0x00000000eef00000,0x00000000eef00000,0x00000000ef700000)
 ParOldGen       total 40960K, used 11453K [0x00000000c0000000, 0x00000000c2800000, 0x00000000eab00000)
  object space 40960K, 27% used [0x00000000c0000000,0x00000000c0b2f708,0x00000000c2800000)
 Metaspace       used 5920K, capacity 6896K, committed 7040K, reserved 1056768K
  class space    used 593K, capacity 616K, committed 640K, reserved 1048576K
Event: 32.332 GC heap after
Heap after GC invocations=6 (full 0):
 PSYoungGen      total 68608K, used 7322K [0x00000000eab00000, 0x00000000ef900000, 0x0000000100000000)
  eden space 60416K, 0% used [0x00000000eab00000,0x00000000eab00000,0x00000000ee600000)
  from space 8192K, 89% used [0x00000000eef00000,0x00000000ef626b58,0x00000000ef700000)
  to   space 9216K, 0% used [0x00000000ee600000,0x00000000ee600000,0x00000000eef00000)
 ParOldGen       total 40960K, used 11453K [0x00000000c0000000, 0x00000000c2800000, 0x00000000eab00000)
  object space 40960K, 27% used [0x00000000c0000000,0x00000000c0b2f708,0x00000000c2800000)
 Metaspace       used 5920K, capacity 6896K, committed 7040K, reserved 1056768K
  class space    used 593K, capacity 616K, committed 640K, reserved 1048576K
}
Event: 40.986 GC heap before
{Heap before GC invocations=7 (full 0):
 PSYoungGen      total 68608K, used 67738K [0x00000000eab00000, 0x00000000ef900000, 0x0000000100000000)
  eden space 60416K, 100% used [0x00000000eab00000,0x00000000ee600000,0x00000000ee600000)
  from space 8192K, 89% used [0x00000000eef00000,0x00000000ef626b58,0x00000000ef700000)
  to   space 9216K, 0% used [0x00000000ee600000,0x00000000ee600000,0x00000000eef00000)
 ParOldGen       total 40960K, used 11453K [0x00000000c0000000, 0x00000000c2800000, 0x00000000eab00000)
  object space 40960K, 27% used [0x00000000c0000000,0x00000000c0b2f708,0x00000000c2800000)
 Metaspace       used 5924K, capacity 6896K, committed 7040K, reserved 1056768K
  class space    used 593K, capacity 616K, committed 640K, reserved 1048576K

Deoptimization events (10 events):
Event: 3.157 Thread 0x00007fa4f8153000 Uncommon trap: reason=class_check action=maybe_recompile pc=0x00007fa4e92021d0 method=com.android.dx.ssa.NormalSsaInsn.accept(Lcom/android/dx/ssa/SsaInsn$Visitor;)V @ 9
Event: 3.157 Thread 0x00007fa4f8153000 Uncommon trap: reason=class_check action=maybe_recompile pc=0x00007fa4e92021d0 method=com.android.dx.ssa.NormalSsaInsn.accept(Lcom/android/dx/ssa/SsaInsn$Visitor;)V @ 9
Event: 3.157 Thread 0x00007fa4f8153000 Uncommon trap: reason=class_check action=maybe_recompile pc=0x00007fa4e92021d0 method=com.android.dx.ssa.NormalSsaInsn.accept(Lcom/android/dx/ssa/SsaInsn$Visitor;)V @ 9
Event: 3.157 Thread 0x00007fa4f8153000 Uncommon trap: reason=class_check action=maybe_recompile pc=0x00007fa4e92021d0 method=com.android.dx.ssa.NormalSsaInsn.accept(Lcom/android/dx/ssa/SsaInsn$Visitor;)V @ 9
Event: 3.430 Thread 0x00007fa4f800a000 Uncommon trap: reason=unstable_if action=reinterpret pc=0x00007fa4e9246a50 method=java.lang.String.<init>([CII)V @ 18
Event: 3.930 Thread 0x00007fa4f814f800 Uncommon trap: reason=unstable_if action=reinterpret pc=0x00007fa4e92a63dc method=com.android.dx.rop.cst.Constant.compareTo(Lcom/android/dx/rop/cst/Constant;)I @ 12
Event: 4.191 Thread 0x00007fa4f800a000 Uncommon trap: reason=class_check action=maybe_recompile pc=0x00007fa4e92a9b54 method=com.android.dx.ssa.NormalSsaInsn.accept(Lcom/android/dx/ssa/SsaInsn$Visitor;)V @ 9
Event: 30.100 Thread 0x00007fa4f8156800 Uncommon trap: reason=null_check action=make_not_entrant pc=0x00007fa4e92a5b20 method=com.android.dx.rop.type.Type.equals(Ljava/lang/Object;)Z @ 8
Event: 32.450 Thread 0x00007fa4f814f800 Uncommon trap: reason=unstable_if action=reinterpret pc=0x00007fa4e92028e0 method=java.util.HashMap.getNode(ILjava/lang/Object;)Ljava/util/HashMap$Node; @ 84
Event: 32.450 Thread 0x00007fa4f814f800 Uncommon trap: reason=unstable_if action=reinterpret pc=0x00007fa4e9225f58 method=java.util.HashMap.getNode(ILjava/lang/Object;)Ljava/util/HashMap$Node; @ 84

Internal exceptions (3 events):
Event: 0.237 Thread 0x00007fa4f800a000 Exception <a 'java/lang/NoSuchMethodError': Method sun.misc.Unsafe.defineClass(Ljava/lang/String;[BII)Ljava/lang/Class; name or signature does not match> (0x00000000eab07cc0) thrown at [/HUDSON/workspace/8-2-build-linux-amd64/jdk8u91/6644/hotspot/src/shar
Event: 0.237 Thread 0x00007fa4f800a000 Exception <a 'java/lang/NoSuchMethodError': Method sun.misc.Unsafe.prefetchRead(Ljava/lang/Object;J)V name or signature does not match> (0x00000000eab07fa8) thrown at [/HUDSON/workspace/8-2-build-linux-amd64/jdk8u91/6644/hotspot/src/share/vm/prims/jni.cpp
Event: 30.100 Thread 0x00007fa4f8156800 Implicit null exception at 0x00007fa4e92a5a22 to 0x00007fa4e92a5b13

Events (10 events):
Event: 33.541 Thread 0x00007fa4f8153000 DEOPT UNPACKING pc=0x00007fa4e9047633 sp=0x00007fa4db9ead58 mode 0
Event: 33.544 Thread 0x00007fa4f814f800 DEOPT PACKING pc=0x00007fa4e93bdb12 sp=0x00007fa4dbbecea0
Event: 33.544 Thread 0x00007fa4f814f800 DEOPT UNPACKING pc=0x00007fa4e9047633 sp=0x00007fa4dbbecc70 mode 0
Event: 40.303 Thread 0x00007fa4f8156800 DEOPT PACKING pc=0x00007fa4e93d34cd sp=0x00007fa4db7e8ea0
Event: 40.303 Thread 0x00007fa4f8156800 DEOPT UNPACKING pc=0x00007fa4e9047633 sp=0x00007fa4db7e8c30 mode 0
Event: 40.673 Thread 0x00007fa4f800a000 DEOPT PACKING pc=0x00007fa4e93ac721 sp=0x00007fa4ff2a4880
Event: 40.675 Thread 0x00007fa4f800a000 DEOPT UNPACKING pc=0x00007fa4e9047633 sp=0x00007fa4ff2a46e8 mode 0
Event: 40.682 Thread 0x00007fa4f814f800 DEOPT PACKING pc=0x00007fa4e93b5c99 sp=0x00007fa4dbbece40
Event: 40.682 Thread 0x00007fa4f814f800 DEOPT UNPACKING pc=0x00007fa4e9047633 sp=0x00007fa4dbbecc50 mode 0
Event: 40.959 Executing VM operation: ParallelGCFailedAllocation


Dynamic libraries:
00400000-00401000 r-xp 00000000 08:02 6686124                            /usr/lib/jvm/java-8-oracle/bin/java
00600000-00601000 rw-p 00000000 08:02 6686124                            /usr/lib/jvm/java-8-oracle/bin/java
00e03000-00e24000 rw-p 00000000 00:00 0                                  [heap]
c0000000-c2800000 rw-p 00000000 00:00 0 
c2800000-eab00000 ---p 00000000 00:00 0 
eab00000-ef900000 rw-p 00000000 00:00 0 
f3c00000-100000000 ---p 00000000 00:00 0 
100000000-1000a0000 rw-p 00000000 00:00 0 
1000a0000-140000000 ---p 00000000 00:00 0 
7fa494000000-7fa494031000 rw-p 00000000 00:00 0 
7fa494031000-7fa498000000 ---p 00000000 00:00 0 
7fa49c000000-7fa49c028000 rw-p 00000000 00:00 0 
7fa49c028000-7fa4a0000000 ---p 00000000 00:00 0 
7fa4a0000000-7fa4a0021000 rw-p 00000000 00:00 0 
7fa4a0021000-7fa4a4000000 ---p 00000000 00:00 0 
7fa4a4000000-7fa4a4021000 rw-p 00000000 00:00 0 
7fa4a4021000-7fa4a8000000 ---p 00000000 00:00 0 
7fa4a8000000-7fa4a8021000 rw-p 00000000 00:00 0 
7fa4a8021000-7fa4ac000000 ---p 00000000 00:00 0 
7fa4ac000000-7fa4ac021000 rw-p 00000000 00:00 0 
7fa4ac021000-7fa4b0000000 ---p 00000000 00:00 0 
7fa4b0000000-7fa4b0021000 rw-p 00000000 00:00 0 
7fa4b0021000-7fa4b4000000 ---p 00000000 00:00 0 
7fa4b4000000-7fa4b4a87000 rw-p 00000000 00:00 0 
7fa4b4a87000-7fa4b8000000 ---p 00000000 00:00 0 
7fa4b8000000-7fa4b877a000 rw-p 00000000 00:00 0 
7fa4b877a000-7fa4bc000000 ---p 00000000 00:00 0 
7fa4bc000000-7fa4bc021000 rw-p 00000000 00:00 0 
7fa4bc021000-7fa4c0000000 ---p 00000000 00:00 0 
7fa4c0000000-7fa4c087a000 rw-p 00000000 00:00 0 
7fa4c087a000-7fa4c4000000 ---p 00000000 00:00 0 
7fa4c4000000-7fa4c4021000 rw-p 00000000 00:00 0 
7fa4c4021000-7fa4c8000000 ---p 00000000 00:00 0 
7fa4c8000000-7fa4c8021000 rw-p 00000000 00:00 0 
7fa4c8021000-7fa4cc000000 ---p 00000000 00:00 0 
7fa4cc000000-7fa4cc021000 rw-p 00000000 00:00 0 
7fa4cc021000-7fa4d0000000 ---p 00000000 00:00 0 
7fa4d0000000-7fa4d028c000 rw-p 00000000 00:00 0 
7fa4d028c000-7fa4d4000000 ---p 00000000 00:00 0 
7fa4d4000000-7fa4d4021000 rw-p 00000000 00:00 0 
7fa4d4021000-7fa4d8000000 ---p 00000000 00:00 0 
7fa4db6ea000-7fa4db6ed000 ---p 00000000 00:00 0 
7fa4db6ed000-7fa4db7eb000 rw-p 00000000 00:00 0                          [stack:15823]
7fa4db7eb000-7fa4db7ee000 ---p 00000000 00:00 0 
7fa4db7ee000-7fa4db8ec000 rw-p 00000000 00:00 0                          [stack:15821]
7fa4db8ec000-7fa4db8ef000 ---p 00000000 00:00 0 
7fa4db8ef000-7fa4db9ed000 rw-p 00000000 00:00 0                          [stack:15820]
7fa4db9ed000-7fa4db9f0000 ---p 00000000 00:00 0 
7fa4db9f0000-7fa4dbaee000 rw-p 00000000 00:00 0                          [stack:15819]
7fa4dbaee000-7fa4dbaf1000 ---p 00000000 00:00 0 
7fa4dbaf1000-7fa4dbbef000 rw-p 00000000 00:00 0                          [stack:15818]
7fa4dbbef000-7fa4dbbfc000 r--s 0006e000 08:02 4085560                    /home/yonatan/Etty/programing/androidAdvanced/FinalProject/LocationsApp/app/build/intermediates/exploded-aar/com.google.android.gms/play-services-basement/8.4.0/jars/classes.jar
7fa4dbbfc000-7fa4dbbfd000 ---p 00000000 00:00 0 
7fa4dbbfd000-7fa4dbcfd000 rw-p 00000000 00:00 0                          [stack:15804]
7fa4dbcfd000-7fa4dbd00000 ---p 00000000 00:00 0 
7fa4dbd00000-7fa4dbdfe000 rw-p 00000000 00:00 0                          [stack:15803]
7fa4dbdfe000-7fa4dbe01000 ---p 00000000 00:00 0 
7fa4dbe01000-7fa4dbeff000 rw-p 00000000 00:00 0                          [stack:15802]
7fa4dbeff000-7fa4dbf02000 ---p 00000000 00:00 0 
7fa4dbf02000-7fa4dc000000 rw-p 00000000 00:00 0                          [stack:15801]
7fa4dc000000-7fa4dc021000 rw-p 00000000 00:00 0 
7fa4dc021000-7fa4e0000000 ---p 00000000 00:00 0 
7fa4e000c000-7fa4e000f000 ---p 00000000 00:00 0 
7fa4e000f000-7fa4e010d000 rw-p 00000000 00:00 0                          [stack:15800]
7fa4e010d000-7fa4e0110000 ---p 00000000 00:00 0 
7fa4e0110000-7fa4e020e000 rw-p 00000000 00:00 0                          [stack:15799]
7fa4e020e000-7fa4e08f1000 r--p 00000000 08:02 6691839                    /usr/lib/locale/locale-archive
7fa4e08f1000-7fa4e08f4000 ---p 00000000 00:00 0 
7fa4e08f4000-7fa4e09f2000 rw-p 00000000 00:00 0                          [stack:15798]
7fa4e09f2000-7fa4e09f5000 ---p 00000000 00:00 0 
7fa4e09f5000-7fa4e0af3000 rw-p 00000000 00:00 0                          [stack:15797]
7fa4e0af3000-7fa4e0af4000 ---p 00000000 00:00 0 
7fa4e0af4000-7fa4e1e40000 rw-p 00000000 00:00 0                          [stack:15796]
7fa4e1e40000-7fa4e2000000 ---p 00000000 00:00 0 
7fa4e2000000-7fa4e4000000 rw-p 00000000 00:00 0 
7fa4e4000000-7fa4e4021000 rw-p 00000000 00:00 0 
7fa4e4021000-7fa4e8000000 ---p 00000000 00:00 0 
7fa4e8002000-7fa4e8011000 r--s 000df000 08:02 3824912                    /home/yonatan/Android/Sdk/build-tools/23.0.2/lib/dx.jar
7fa4e8011000-7fa4e8398000 rw-p 00000000 00:00 0 
7fa4e8398000-7fa4e8571000 r--s 03d1f000 08:02 6706386                    /usr/lib/jvm/java-8-oracle/jre/lib/rt.jar
7fa4e8571000-7fa4e87e7000 rw-p 00000000 00:00 0 
7fa4e87e7000-7fa4e87e8000 ---p 00000000 00:00 0 
7fa4e87e8000-7fa4e88e8000 rw-p 00000000 00:00 0                          [stack:15795]
7fa4e88e8000-7fa4e88e9000 ---p 00000000 00:00 0 
7fa4e88e9000-7fa4e89e9000 rw-p 00000000 00:00 0                          [stack:15794]
7fa4e89e9000-7fa4e89ea000 ---p 00000000 00:00 0 
7fa4e89ea000-7fa4e8afe000 rw-p 00000000 00:00 0                          [stack:15793]
7fa4e8afe000-7fa4e8c40000 ---p 00000000 00:00 0 
7fa4e8c40000-7fa4e8c53000 rw-p 00000000 00:00 0 
7fa4e8c53000-7fa4e9000000 ---p 00000000 00:00 0 
7fa4e9000000-7fa4e9490000 rwxp 00000000 00:00 0 
7fa4e9490000-7fa4f8000000 ---p 00000000 00:00 0 
7fa4f8000000-7fa4f839d000 rw-p 00000000 00:00 0 
7fa4f839d000-7fa4fc000000 ---p 00000000 00:00 0 
7fa4fc007000-7fa4fc028000 rw-p 00000000 00:00 0 
7fa4fc028000-7fa4fc029000 ---p 00000000 00:00 0 
7fa4fc029000-7fa4fc13d000 rw-p 00000000 00:00 0                          [stack:15792]
7fa4fc13d000-7fa4fc27e000 ---p 00000000 00:00 0 
7fa4fc27e000-7fa4fc2a6000 rw-p 00000000 00:00 0 
7fa4fc2a6000-7fa4fc329000 ---p 00000000 00:00 0 
7fa4fc329000-7fa4fc32a000 rw-p 00000000 00:00 0 
7fa4fc32a000-7fa4fc344000 r-xp 00000000 08:02 6706420                    /usr/lib/jvm/java-8-oracle/jre/lib/amd64/libzip.so
7fa4fc344000-7fa4fc544000 ---p 0001a000 08:02 6706420                    /usr/lib/jvm/java-8-oracle/jre/lib/amd64/libzip.so
7fa4fc544000-7fa4fc545000 rw-p 0001a000 08:02 6706420                    /usr/lib/jvm/java-8-oracle/jre/lib/amd64/libzip.so
7fa4fc545000-7fa4fc550000 r-xp 00000000 08:02 4353546                    /lib/x86_64-linux-gnu/libnss_files-2.19.so
7fa4fc550000-7fa4fc74f000 ---p 0000b000 08:02 4353546                    /lib/x86_64-linux-gnu/libnss_files-2.19.so
7fa4fc74f000-7fa4fc750000 r--p 0000a000 08:02 4353546                    /lib/x86_64-linux-gnu/libnss_files-2.19.so
7fa4fc750000-7fa4fc751000 rw-p 0000b000 08:02 4353546                    /lib/x86_64-linux-gnu/libnss_files-2.19.so
7fa4fc751000-7fa4fc75c000 r-xp 00000000 08:02 4353538                    /lib/x86_64-linux-gnu/libnss_nis-2.19.so
7fa4fc75c000-7fa4fc95b000 ---p 0000b000 08:02 4353538                    /lib/x86_64-linux-gnu/libnss_nis-2.19.so
7fa4fc95b000-7fa4fc95c000 r--p 0000a000 08:02 4353538                    /lib/x86_64-linux-gnu/libnss_nis-2.19.so
7fa4fc95c000-7fa4fc95d000 rw-p 0000b000 08:02 4353538                    /lib/x86_64-linux-gnu/libnss_nis-2.19.so
7fa4fc95d000-7fa4fc974000 r-xp 00000000 08:02 4353534                    /lib/x86_64-linux-gnu/libnsl-2.19.so
7fa4fc974000-7fa4fcb73000 ---p 00017000 08:02 4353534                    /lib/x86_64-linux-gnu/libnsl-2.19.so
7fa4fcb73000-7fa4fcb74000 r--p 00016000 08:02 4353534                    /lib/x86_64-linux-gnu/libnsl-2.19.so
7fa4fcb74000-7fa4fcb75000 rw-p 00017000 08:02 4353534                    /lib/x86_64-linux-gnu/libnsl-2.19.so
7fa4fcb75000-7fa4fcb77000 rw-p 00000000 00:00 0 
7fa4fcb77000-7fa4fcb80000 r-xp 00000000 08:02 4353533                    /lib/x86_64-linux-gnu/libnss_compat-2.19.so
7fa4fcb80000-7fa4fcd7f000 ---p 00009000 08:02 4353533                    /lib/x86_64-linux-gnu/libnss_compat-2.19.so
7fa4fcd7f000-7fa4fcd80000 r--p 00008000 08:02 4353533                    /lib/x86_64-linux-gnu/libnss_compat-2.19.so
7fa4fcd80000-7fa4fcd81000 rw-p 00009000 08:02 4353533                    /lib/x86_64-linux-gnu/libnss_compat-2.19.so
7fa4fcd81000-7fa4fcdab000 r-xp 00000000 08:02 6706397                    /usr/lib/jvm/java-8-oracle/jre/lib/amd64/libjava.so
7fa4fcdab000-7fa4fcfab000 ---p 0002a000 08:02 6706397                    /usr/lib/jvm/java-8-oracle/jre/lib/amd64/libjava.so
7fa4fcfab000-7fa4fcfad000 rw-p 0002a000 08:02 6706397                    /usr/lib/jvm/java-8-oracle/jre/lib/amd64/libjava.so
7fa4fcfad000-7fa4fcfba000 r-xp 00000000 08:02 6706408                    /usr/lib/jvm/java-8-oracle/jre/lib/amd64/libverify.so
7fa4fcfba000-7fa4fd1ba000 ---p 0000d000 08:02 6706408                    /usr/lib/jvm/java-8-oracle/jre/lib/amd64/libverify.so
7fa4fd1ba000-7fa4fd1bc000 rw-p 0000d000 08:02 6706408                    /usr/lib/jvm/java-8-oracle/jre/lib/amd64/libverify.so
7fa4fd1bc000-7fa4fd1c3000 r-xp 00000000 08:02 4353542                    /lib/x86_64-linux-gnu/librt-2.19.so
7fa4fd1c3000-7fa4fd3c2000 ---p 00007000 08:02 4353542                    /lib/x86_64-linux-gnu/librt-2.19.so
7fa4fd3c2000-7fa4fd3c3000 r--p 00006000 08:02 4353542                    /lib/x86_64-linux-gnu/librt-2.19.so
7fa4fd3c3000-7fa4fd3c4000 rw-p 00007000 08:02 4353542                    /lib/x86_64-linux-gnu/librt-2.19.so
7fa4fd3c4000-7fa4fd4c9000 r-xp 00000000 08:02 4353528                    /lib/x86_64-linux-gnu/libm-2.19.so
7fa4fd4c9000-7fa4fd6c8000 ---p 00105000 08:02 4353528                    /lib/x86_64-linux-gnu/libm-2.19.so
7fa4fd6c8000-7fa4fd6c9000 r--p 00104000 08:02 4353528                    /lib/x86_64-linux-gnu/libm-2.19.so
7fa4fd6c9000-7fa4fd6ca000 rw-p 00105000 08:02 4353528                    /lib/x86_64-linux-gnu/libm-2.19.so
7fa4fd6ca000-7fa4fe38a000 r-xp 00000000 08:02 6706410                    /usr/lib/jvm/java-8-oracle/jre/lib/amd64/server/libjvm.so
7fa4fe38a000-7fa4fe58a000 ---p 00cc0000 08:02 6706410                    /usr/lib/jvm/java-8-oracle/jre/lib/amd64/server/libjvm.so
7fa4fe58a000-7fa4fe662000 rw-p 00cc0000 08:02 6706410                    /usr/lib/jvm/java-8-oracle/jre/lib/amd64/server/libjvm.so
7fa4fe662000-7fa4fe6ad000 rw-p 00000000 00:00 0 
7fa4fe6ad000-7fa4fe868000 r-xp 00000000 08:02 4353543                    /lib/x86_64-linux-gnu/libc-2.19.so
7fa4fe868000-7fa4fea67000 ---p 001bb000 08:02 4353543                    /lib/x86_64-linux-gnu/libc-2.19.so
7fa4fea67000-7fa4fea6b000 r--p 001ba000 08:02 4353543                    /lib/x86_64-linux-gnu/libc-2.19.so
7fa4fea6b000-7fa4fea6d000 rw-p 001be000 08:02 4353543                    /lib/x86_64-linux-gnu/libc-2.19.so
7fa4fea6d000-7fa4fea72000 rw-p 00000000 00:00 0 
7fa4fea72000-7fa4fea75000 r-xp 00000000 08:02 4353530                    /lib/x86_64-linux-gnu/libdl-2.19.so
7fa4fea75000-7fa4fec74000 ---p 00003000 08:02 4353530                    /lib/x86_64-linux-gnu/libdl-2.19.so
7fa4fec74000-7fa4fec75000 r--p 00002000 08:02 4353530                    /lib/x86_64-linux-gnu/libdl-2.19.so
7fa4fec75000-7fa4fec76000 rw-p 00003000 08:02 4353530                    /lib/x86_64-linux-gnu/libdl-2.19.so
7fa4fec76000-7fa4fec8b000 r-xp 00000000 08:02 6728016                    /usr/lib/jvm/java-8-oracle/lib/amd64/jli/libjli.so
7fa4fec8b000-7fa4fee8b000 ---p 00015000 08:02 6728016                    /usr/lib/jvm/java-8-oracle/lib/amd64/jli/libjli.so
7fa4fee8b000-7fa4fee8c000 rw-p 00015000 08:02 6728016                    /usr/lib/jvm/java-8-oracle/lib/amd64/jli/libjli.so
7fa4fee8c000-7fa4feea5000 r-xp 00000000 08:02 4353535                    /lib/x86_64-linux-gnu/libpthread-2.19.so
7fa4feea5000-7fa4ff0a4000 ---p 00019000 08:02 4353535                    /lib/x86_64-linux-gnu/libpthread-2.19.so
7fa4ff0a4000-7fa4ff0a5000 r--p 00018000 08:02 4353535                    /lib/x86_64-linux-gnu/libpthread-2.19.so
7fa4ff0a5000-7fa4ff0a6000 rw-p 00019000 08:02 4353535                    /lib/x86_64-linux-gnu/libpthread-2.19.so
7fa4ff0a6000-7fa4ff0aa000 rw-p 00000000 00:00 0 
7fa4ff0aa000-7fa4ff0cd000 r-xp 00000000 08:02 4353536                    /lib/x86_64-linux-gnu/ld-2.19.so
7fa4ff0d4000-7fa4ff1a6000 rw-p 00000000 00:00 0 
7fa4ff1a6000-7fa4ff1a9000 ---p 00000000 00:00 0 
7fa4ff1a9000-7fa4ff2c0000 rw-p 00000000 00:00 0                          [stack:15790]
7fa4ff2c0000-7fa4ff2c8000 rw-s 00000000 08:02 1976036                    /tmp/hsperfdata_yonatan/15787
7fa4ff2c8000-7fa4ff2c9000 rw-p 00000000 00:00 0 
7fa4ff2c9000-7fa4ff2ca000 ---p 00000000 00:00 0 
7fa4ff2ca000-7fa4ff2cc000 rw-p 00000000 00:00 0 
7fa4ff2cc000-7fa4ff2cd000 r--p 00022000 08:02 4353536                    /lib/x86_64-linux-gnu/ld-2.19.so
7fa4ff2cd000-7fa4ff2ce000 rw-p 00023000 08:02 4353536                    /lib/x86_64-linux-gnu/ld-2.19.so
7fa4ff2ce000-7fa4ff2cf000 rw-p 00000000 00:00 0 
7ffd26581000-7ffd265a2000 rw-p 00000000 00:00 0                          [stack]
7ffd265e0000-7ffd265e2000 r-xp 00000000 00:00 0                          [vdso]
7ffd265e2000-7ffd265e4000 r--p 00000000 00:00 0                          [vvar]
ffffffffff600000-ffffffffff601000 r-xp 00000000 00:00 0                  [vsyscall]

VM Arguments:
jvm_args: -Djava.awt.headless=true -Xmx1024M -Dfile.encoding=UTF-8 -Duser.country=US -Duser.language=en -Duser.variant 
java_command: com.android.dx.command.Main --dex --num-threads=4 --output /home/yonatan/Etty/programing/androidAdvanced/FinalProject/LocationsApp/app/build/intermediates/pre-dexed/debug/com.google.android.gms-play-services-basement-8.4.0_0372947dbdab42a88dc5b0948ebf57b6a8450608.jar /home/yonatan/Etty/programing/androidAdvanced/FinalProject/LocationsApp/app/build/intermediates/exploded-aar/com.google.android.gms/play-services-basement/8.4.0/jars/classes.jar
java_class_path (initial): /home/yonatan/Android/Sdk/build-tools/23.0.2/lib/dx.jar
Launcher Type: SUN_STANDARD

Environment Variables:
JAVA_HOME=/usr/lib/jvm/java-8-oracle
PATH=/usr/local/sbin:/usr/local/bin:/usr/sbin:/usr/bin:/sbin:/bin:/usr/games:/usr/local/games:/usr/lib/jvm/java-8-oracle/bin:/usr/lib/jvm/java-8-oracle/db/bin:/usr/lib/jvm/java-8-oracle/jre/bin
SHELL=/bin/bash
DISPLAY=:0

Signal Handlers:
SIGSEGV: [libjvm.so+0xabca10], sa_mask[0]=11111111011111111101111111111110, sa_flags=SA_RESTART|SA_SIGINFO
SIGBUS: [libjvm.so+0xabca10], sa_mask[0]=11111111011111111101111111111110, sa_flags=SA_RESTART|SA_SIGINFO
SIGFPE: [libjvm.so+0x919a20], sa_mask[0]=11111111011111111101111111111110, sa_flags=SA_RESTART|SA_SIGINFO
SIGPIPE: [libjvm.so+0x919a20], sa_mask[0]=11111111011111111101111111111110, sa_flags=SA_RESTART|SA_SIGINFO
SIGXFSZ: [libjvm.so+0x919a20], sa_mask[0]=11111111011111111101111111111110, sa_flags=SA_RESTART|SA_SIGINFO
SIGILL: [libjvm.so+0x919a20], sa_mask[0]=11111111011111111101111111111110, sa_flags=SA_RESTART|SA_SIGINFO
SIGUSR1: SIG_DFL, sa_mask[0]=00000000000000000000000000000000, sa_flags=none
SIGUSR2: [libjvm.so+0x91b050], sa_mask[0]=00100000000000000000000000000000, sa_flags=SA_RESTART|SA_SIGINFO
SIGHUP: [libjvm.so+0x91c450], sa_mask[0]=11111111011111111101111111111110, sa_flags=SA_RESTART|SA_SIGINFO
SIGINT: [libjvm.so+0x91c450], sa_mask[0]=11111111011111111101111111111110, sa_flags=SA_RESTART|SA_SIGINFO
SIGTERM: [libjvm.so+0x91c450], sa_mask[0]=11111111011111111101111111111110, sa_flags=SA_RESTART|SA_SIGINFO
SIGQUIT: [libjvm.so+0x91c450], sa_mask[0]=11111111011111111101111111111110, sa_flags=SA_RESTART|SA_SIGINFO


---------------  S Y S T E M  ---------------

OS:DISTRIB_ID=Ubuntu
DISTRIB_RELEASE=14.04
DISTRIB_CODENAME=trusty
DISTRIB_DESCRIPTION="Ubuntu 14.04.4 LTS"

uname:Linux 3.16.0-70-generic #90~14.04.1-Ubuntu SMP Wed Apr 6 22:56:34 UTC 2016 x86_64
libc:glibc 2.19 NPTL 2.19 
rlimit: STACK 8192k, CORE 0k, NPROC 14573, NOFILE 4096, AS infinity
load average:33.47 18.00 9.31

/proc/meminfo:
MemTotal:        3931368 kB
MemFree:          132132 kB
MemAvailable:     109584 kB
Buffers:            1404 kB
Cached:           299560 kB
SwapCached:        15700 kB
Active:          2668796 kB
Inactive:         871740 kB
Active(anon):    2631532 kB
Inactive(anon):   826628 kB
Active(file):      37264 kB
Inactive(file):    45112 kB
Unevictable:          48 kB
Mlocked:              48 kB
SwapTotal:       4077564 kB
SwapFree:         118068 kB
Dirty:                36 kB
Writeback:            24 kB
AnonPages:       3224540 kB
Mapped:            75132 kB
Shmem:            217988 kB
Slab:              88740 kB
SReclaimable:      41464 kB
SUnreclaim:        47276 kB
KernelStack:       15664 kB
PageTables:        77928 kB
NFS_Unstable:          0 kB
Bounce:                0 kB
WritebackTmp:          0 kB
CommitLimit:     6043248 kB
Committed_AS:   17103700 kB
VmallocTotal:   34359738367 kB
VmallocUsed:      356248 kB
VmallocChunk:   34359334032 kB
HardwareCorrupted:     0 kB
AnonHugePages:    851968 kB
HugePages_Total:       0
HugePages_Free:        0
HugePages_Rsvd:        0
HugePages_Surp:        0
Hugepagesize:       2048 kB
DirectMap4k:       92528 kB
DirectMap2M:     3985408 kB


CPU:total 4 (2 cores per cpu, 2 threads per core) family 6 model 58 stepping 9, cmov, cx8, fxsr, mmx, sse, sse2, sse3, ssse3, sse4.1, sse4.2, popcnt, avx, aes, clmul, erms, ht, tsc, tscinvbit, tscinv

/proc/cpuinfo:
processor	: 0
vendor_id	: GenuineIntel
cpu family	: 6
model		: 58
model name	: Intel(R) Core(TM) i5-3317U CPU @ 1.70GHz
stepping	: 9
microcode	: 0x12
cpu MHz		: 2399.988
cache size	: 3072 KB
physical id	: 0
siblings	: 4
core id		: 0
cpu cores	: 2
apicid		: 0
initial apicid	: 0
fpu		: yes
fpu_exception	: yes
cpuid level	: 13
wp		: yes
flags		: fpu vme de pse tsc msr pae mce cx8 apic sep mtrr pge mca cmov pat pse36 clflush dts acpi mmx fxsr sse sse2 ss ht tm pbe syscall nx rdtscp lm constant_tsc arch_perfmon pebs bts rep_good nopl xtopology nonstop_tsc aperfmperf eagerfpu pni pclmulqdq dtes64 monitor ds_cpl vmx est tm2 ssse3 cx16 xtpr pdcm pcid sse4_1 sse4_2 x2apic popcnt tsc_deadline_timer aes xsave avx f16c rdrand lahf_lm ida arat epb xsaveopt pln pts dtherm tpr_shadow vnmi flexpriority ept vpid fsgsbase smep erms
bogomips	: 3392.17
clflush size	: 64
cache_alignment	: 64
address sizes	: 36 bits physical, 48 bits virtual
power management:

processor	: 1
vendor_id	: GenuineIntel
cpu family	: 6
model		: 58
model name	: Intel(R) Core(TM) i5-3317U CPU @ 1.70GHz
stepping	: 9
microcode	: 0x12
cpu MHz		: 2399.988
cache size	: 3072 KB
physical id	: 0
siblings	: 4
core id		: 1
cpu cores	: 2
apicid		: 2
initial apicid	: 2
fpu		: yes
fpu_exception	: yes
cpuid level	: 13
wp		: yes
flags		: fpu vme de pse tsc msr pae mce cx8 apic sep mtrr pge mca cmov pat pse36 clflush dts acpi mmx fxsr sse sse2 ss ht tm pbe syscall nx rdtscp lm constant_tsc arch_perfmon pebs bts rep_good nopl xtopology nonstop_tsc aperfmperf eagerfpu pni pclmulqdq dtes64 monitor ds_cpl vmx est tm2 ssse3 cx16 xtpr pdcm pcid sse4_1 sse4_2 x2apic popcnt tsc_deadline_timer aes xsave avx f16c rdrand lahf_lm ida arat epb xsaveopt pln pts dtherm tpr_shadow vnmi flexpriority ept vpid fsgsbase smep erms
bogomips	: 3392.17
clflush size	: 64
cache_alignment	: 64
address sizes	: 36 bits physical, 48 bits virtual
power management:

processor	: 2
vendor_id	: GenuineIntel
cpu family	: 6
model		: 58
model name	: Intel(R) Core(TM) i5-3317U CPU @ 1.70GHz
stepping	: 9
microcode	: 0x12
cpu MHz		: 2399.988
cache size	: 3072 KB
physical id	: 0
siblings	: 4
core id		: 0
cpu cores	: 2
apicid		: 1
initial apicid	: 1
fpu		: yes
fpu_exception	: yes
cpuid level	: 13
wp		: yes
flags		: fpu vme de pse tsc msr pae mce cx8 apic sep mtrr pge mca cmov pat pse36 clflush dts acpi mmx fxsr sse sse2 ss ht tm pbe syscall nx rdtscp lm constant_tsc arch_perfmon pebs bts rep_good nopl xtopology nonstop_tsc aperfmperf eagerfpu pni pclmulqdq dtes64 monitor ds_cpl vmx est tm2 ssse3 cx16 xtpr pdcm pcid sse4_1 sse4_2 x2apic popcnt tsc_deadline_timer aes xsave avx f16c rdrand lahf_lm ida arat epb xsaveopt pln pts dtherm tpr_shadow vnmi flexpriority ept vpid fsgsbase smep erms
bogomips	: 3392.17
clflush size	: 64
cache_alignment	: 64
address sizes	: 36 bits physical, 48 bits virtual
power management:

processor	: 3
vendor_id	: GenuineIntel
cpu family	: 6
model		: 58
model name	: Intel(R) Core(TM) i5-3317U CPU @ 1.70GHz
stepping	: 9
microcode	: 0x12
cpu MHz		: 2399.988
cache size	: 3072 KB
physical id	: 0
siblings	: 4
core id		: 1
cpu cores	: 2
apicid		: 3
initial apicid	: 3
fpu		: yes
fpu_exception	: yes
cpuid level	: 13
wp		: yes
flags		: fpu vme de pse tsc msr pae mce cx8 apic sep mtrr pge mca cmov pat pse36 clflush dts acpi mmx fxsr sse sse2 ss ht tm pbe syscall nx rdtscp lm constant_tsc arch_perfmon pebs bts rep_good nopl xtopology nonstop_tsc aperfmperf eagerfpu pni pclmulqdq dtes64 monitor ds_cpl vmx est tm2 ssse3 cx16 xtpr pdcm pcid sse4_1 sse4_2 x2apic popcnt tsc_deadline_timer aes xsave avx f16c rdrand lahf_lm ida arat epb xsaveopt pln pts dtherm tpr_shadow vnmi flexpriority ept vpid fsgsbase smep erms
bogomips	: 3392.17
clflush size	: 64
cache_alignment	: 64
address sizes	: 36 bits physical, 48 bits virtual
power management:



Memory: 4k page, physical 3931368k(132132k free), swap 4077564k(118068k free)

vm_info: Java HotSpot(TM) 64-Bit Server VM (25.91-b14) for linux-amd64 JRE (1.8.0_91-b14), built on Apr  1 2016 00:57:21 by "java_re" with gcc 4.3.0 20080428 (Red Hat 4.3.0-8)

time: Sat Apr 30 21:24:15 2016
elapsed time: 53 seconds (0d 0h 0m 53s)

