#
# There is insufficient memory for the Java Runtime Environment to continue.
# Native memory allocation (mmap) failed to map 135266304 bytes for committing reserved memory.
# Possible reasons:
#   The system is out of physical RAM or swap space
#   In 32 bit mode, the process size limit was hit
# Possible solutions:
#   Reduce memory load on the system
#   Increase physical memory or swap space
#   Check if swap backing store is full
#   Use 64 bit Java on a 64 bit OS
#   Decrease Java heap size (-Xmx/-Xms)
#   Decrease number of Java threads
#   Decrease Java thread stack sizes (-Xss)
#   Set larger code cache with -XX:ReservedCodeCacheSize=
# This output file may be truncated or incomplete.
#
#  Out of Memory Error (os_linux.cpp:2627), pid=24075, tid=139979259299584
#
# JRE version: Java(TM) SE Runtime Environment (8.0_77-b03) (build 1.8.0_77-b03)
# Java VM: Java HotSpot(TM) 64-Bit Server VM (25.77-b03 mixed mode linux-amd64 compressed oops)
# Failed to write core dump. Core dumps have been disabled. To enable core dumping, try "ulimit -c unlimited" before starting Java again
#

---------------  T H R E A D  ---------------

Current thread (0x00007f4f88078000):  VMThread [stack: 0x00007f4f75f6c000,0x00007f4f7606d000] [id=24084]

Stack: [0x00007f4f75f6c000,0x00007f4f7606d000],  sp=0x00007f4f7606af60,  free space=1019k
Native frames: (J=compiled Java code, j=interpreted, Vv=VM code, C=native code)
V  [libjvm.so+0xaba7ea]  VMError::report_and_die()+0x2ba
V  [libjvm.so+0x4f9e3b]  report_vm_out_of_memory(char const*, int, unsigned long, VMErrorType, char const*)+0x8b
V  [libjvm.so+0x91b613]  os::Linux::commit_memory_impl(char*, unsigned long, bool)+0x103
V  [libjvm.so+0x91bb69]  os::pd_commit_memory(char*, unsigned long, unsigned long, bool)+0x29
V  [libjvm.so+0x915e6a]  os::commit_memory(char*, unsigned long, unsigned long, bool)+0x2a
V  [libjvm.so+0x989543]  PSVirtualSpace::expand_by(unsigned long)+0x53
V  [libjvm.so+0x98a948]  PSYoungGen::resize_generation(unsigned long, unsigned long)+0xf8
V  [libjvm.so+0x989aa2]  PSYoungGen::resize(unsigned long, unsigned long)+0x22
V  [libjvm.so+0x986d7b]  PSScavenge::invoke_no_policy()+0xf3b
V  [libjvm.so+0x987501]  PSScavenge::invoke()+0x41
V  [libjvm.so+0x93f300]  ParallelScavengeHeap::failed_mem_allocate(unsigned long)+0x70
V  [libjvm.so+0xabc207]  VM_ParallelGCFailedAllocation::doit()+0x97
V  [libjvm.so+0xac3c35]  VM_Operation::evaluate()+0x55
V  [libjvm.so+0xac200a]  VMThread::evaluate_operation(VM_Operation*)+0xba
V  [libjvm.so+0xac238e]  VMThread::loop()+0x1ce
V  [libjvm.so+0xac2800]  VMThread::run()+0x70
V  [libjvm.so+0x91d9d8]  java_start(Thread*)+0x108

VM_Operation (0x00007f4f75067840): ParallelGCFailedAllocation, mode: safepoint, requested by thread 0x00007f4f88137000


---------------  P R O C E S S  ---------------

Java Threads: ( => current thread )
  0x00007f4f8814f000 JavaThread "pool-1-thread-4" [_thread_blocked, id=24109, stack(0x00007f4f74b65000,0x00007f4f74c66000)]
  0x00007f4f8814d800 JavaThread "pool-1-thread-3" [_thread_blocked, id=24108, stack(0x00007f4f74c66000,0x00007f4f74d67000)]
  0x00007f4f88149800 JavaThread "pool-1-thread-2" [_thread_blocked, id=24107, stack(0x00007f4f74d67000,0x00007f4f74e68000)]
  0x00007f4f88139800 JavaThread "pool-2-thread-1" [_thread_blocked, id=24104, stack(0x00007f4f74e68000,0x00007f4f74f69000)]
  0x00007f4f88137000 JavaThread "pool-1-thread-1" [_thread_blocked, id=24103, stack(0x00007f4f74f69000,0x00007f4f7506a000)]
  0x00007f4f880c1800 JavaThread "Service Thread" daemon [_thread_blocked, id=24096, stack(0x00007f4f75182000,0x00007f4f75283000)]
  0x00007f4f880be800 JavaThread "C1 CompilerThread2" daemon [_thread_blocked, id=24095, stack(0x00007f4f75283000,0x00007f4f75384000)]
  0x00007f4f880bc800 JavaThread "C2 CompilerThread1" daemon [_thread_blocked, id=24094, stack(0x00007f4f75384000,0x00007f4f75485000)]
  0x00007f4f880ba000 JavaThread "C2 CompilerThread0" daemon [_thread_blocked, id=24093, stack(0x00007f4f75485000,0x00007f4f75586000)]
  0x00007f4f880b8800 JavaThread "Signal Dispatcher" daemon [_thread_blocked, id=24092, stack(0x00007f4f75586000,0x00007f4f75687000)]
  0x00007f4f88084000 JavaThread "Finalizer" daemon [_thread_blocked, id=24087, stack(0x00007f4f75d6a000,0x00007f4f75e6b000)]
  0x00007f4f8807f800 JavaThread "Reference Handler" daemon [_thread_blocked, id=24086, stack(0x00007f4f75e6b000,0x00007f4f75f6c000)]
  0x00007f4f8800a000 JavaThread "main" [_thread_blocked, id=24077, stack(0x00007f4f90619000,0x00007f4f9071a000)]

Other Threads:
=>0x00007f4f88078000 VMThread [stack: 0x00007f4f75f6c000,0x00007f4f7606d000] [id=24084]
  0x00007f4f880c4000 WatcherThread [stack: 0x00007f4f75081000,0x00007f4f75182000] [id=24097]

VM state:at safepoint (normal execution)

VM Mutex/Monitor currently owned by a thread:  ([mutex/lock_event])
[0x00007f4f88006570] Threads_lock - owner thread: 0x00007f4f88078000
[0x00007f4f88006a70] Heap_lock - owner thread: 0x00007f4f88137000

Heap:
 PSYoungGen      total 137728K, used 18400K [0x00000000eab00000, 0x00000000f4700000, 0x0000000100000000)
  eden space 119296K, 0% used [0x00000000eab00000,0x00000000eab00000,0x00000000f1f80000)
  from space 18432K, 99% used [0x00000000f1f80000,0x00000000f31782b8,0x00000000f3180000)
  to   space 14848K, 0% used [0x00000000f3180000,0x00000000f3180000,0x00000000f4000000)
 ParOldGen       total 40960K, used 31582K [0x00000000c0000000, 0x00000000c2800000, 0x00000000eab00000)
  object space 40960K, 77% used [0x00000000c0000000,0x00000000c1ed7978,0x00000000c2800000)
 Metaspace       used 6174K, capacity 7088K, committed 7296K, reserved 1056768K
  class space    used 594K, capacity 616K, committed 640K, reserved 1048576K

Card table byte_map: [0x00007f4f8d1df000,0x00007f4f8d3e0000] byte_map_base: 0x00007f4f8cbdf000

Marking Bits: (ParMarkBitMap*) 0x00007f4f8faf5100
 Begin Bits: [0x00007f4f77000000, 0x00007f4f78000000)
 End Bits:   [0x00007f4f78000000, 0x00007f4f79000000)

Polling page: 0x00007f4f9073c000

CodeCache: size=245760Kb used=6714Kb max_used=6725Kb free=239045Kb
 bounds [0x00007f4f79000000, 0x00007f4f796a0000, 0x00007f4f88000000]
 total_blobs=1944 nmethods=1676 adapters=182
 compilation: enabled

Compilation events (10 events):
Event: 12.788 Thread 0x00007f4f880be800 nmethod 2074 0x00007f4f7968b890 code [0x00007f4f7968b9e0, 0x00007f4f7968bb50]
Event: 12.788 Thread 0x00007f4f880be800 2131       2       com.android.dx.dex.file.AnnotationUtils::makeSignature (251 bytes)
Event: 12.810 Thread 0x00007f4f880be800 nmethod 2131 0x00007f4f79691b10 code [0x00007f4f79691e20, 0x00007f4f79692ee8]
Event: 12.810 Thread 0x00007f4f880be800 2132       2       sun.util.calendar.ZoneInfo::getTransitionIndex (156 bytes)
Event: 12.811 Thread 0x00007f4f880be800 nmethod 2132 0x00007f4f7968b050 code [0x00007f4f7968b1e0, 0x00007f4f7968b510]
Event: 12.811 Thread 0x00007f4f880be800 2139       2       com.android.dx.ssa.back.FirstFitLocalCombiningAllocator::canMapRegs (60 bytes)
Event: 12.824 Thread 0x00007f4f880ba000 nmethod 2107 0x00007f4f7968a850 code [0x00007f4f7968a9e0, 0x00007f4f7968ac98]
Event: 12.824 Thread 0x00007f4f880ba000 2115       4       com.android.dx.rop.type.Type::getFrameType (5 bytes)
Event: 12.824 Thread 0x00007f4f880ba000 nmethod 2115 0x00007f4f79493650 code [0x00007f4f794937a0, 0x00007f4f79493838]
Event: 12.824 Thread 0x00007f4f880ba000 1709       4       com.android.dx.util.IntList::indexOf (16 bytes)

GC Heap History (10 events):
Event: 4.051 GC heap after
Heap after GC invocations=2 (full 0):
 PSYoungGen      total 33280K, used 2551K [0x00000000eab00000, 0x00000000ece00000, 0x0000000100000000)
  eden space 30720K, 0% used [0x00000000eab00000,0x00000000eab00000,0x00000000ec900000)
  from space 2560K, 99% used [0x00000000ecb80000,0x00000000ecdfdc60,0x00000000ece00000)
  to   space 2560K, 0% used [0x00000000ec900000,0x00000000ec900000,0x00000000ecb80000)
 ParOldGen       total 40960K, used 2047K [0x00000000c0000000, 0x00000000c2800000, 0x00000000eab00000)
  object space 40960K, 4% used [0x00000000c0000000,0x00000000c01ffdf0,0x00000000c2800000)
 Metaspace       used 5693K, capacity 6704K, committed 6784K, reserved 1056768K
  class space    used 586K, capacity 616K, committed 640K, reserved 1048576K
}
Event: 5.679 GC heap before
{Heap before GC invocations=3 (full 0):
 PSYoungGen      total 33280K, used 33271K [0x00000000eab00000, 0x00000000ece00000, 0x0000000100000000)
  eden space 30720K, 100% used [0x00000000eab00000,0x00000000ec900000,0x00000000ec900000)
  from space 2560K, 99% used [0x00000000ecb80000,0x00000000ecdfdc60,0x00000000ece00000)
  to   space 2560K, 0% used [0x00000000ec900000,0x00000000ec900000,0x00000000ecb80000)
 ParOldGen       total 40960K, used 2047K [0x00000000c0000000, 0x00000000c2800000, 0x00000000eab00000)
  object space 40960K, 4% used [0x00000000c0000000,0x00000000c01ffdf0,0x00000000c2800000)
 Metaspace       used 5782K, capacity 6768K, committed 7040K, reserved 1056768K
  class space    used 586K, capacity 616K, committed 640K, reserved 1048576K
Event: 5.734 GC heap after
Heap after GC invocations=3 (full 0):
 PSYoungGen      total 33280K, used 2528K [0x00000000eab00000, 0x00000000eec00000, 0x0000000100000000)
  eden space 30720K, 0% used [0x00000000eab00000,0x00000000eab00000,0x00000000ec900000)
  from space 2560K, 98% used [0x00000000ec900000,0x00000000ecb78010,0x00000000ecb80000)
  to   space 2560K, 0% used [0x00000000ee980000,0x00000000ee980000,0x00000000eec00000)
 ParOldGen       total 40960K, used 6300K [0x00000000c0000000, 0x00000000c2800000, 0x00000000eab00000)
  object space 40960K, 15% used [0x00000000c0000000,0x00000000c0627250,0x00000000c2800000)
 Metaspace       used 5782K, capacity 6768K, committed 7040K, reserved 1056768K
  class space    used 586K, capacity 616K, committed 640K, reserved 1048576K
}
Event: 6.872 GC heap before
{Heap before GC invocations=4 (full 0):
 PSYoungGen      total 33280K, used 33248K [0x00000000eab00000, 0x00000000eec00000, 0x0000000100000000)
  eden space 30720K, 100% used [0x00000000eab00000,0x00000000ec900000,0x00000000ec900000)
  from space 2560K, 98% used [0x00000000ec900000,0x00000000ecb78010,0x00000000ecb80000)
  to   space 2560K, 0% used [0x00000000ee980000,0x00000000ee980000,0x00000000eec00000)
 ParOldGen       total 40960K, used 6300K [0x00000000c0000000, 0x00000000c2800000, 0x00000000eab00000)
  object space 40960K, 15% used [0x00000000c0000000,0x00000000c0627250,0x00000000c2800000)
 Metaspace       used 5880K, capacity 6832K, committed 7040K, reserved 1056768K
  class space    used 591K, capacity 616K, committed 640K, reserved 1048576K
Event: 7.050 GC heap after
Heap after GC invocations=4 (full 0):
 PSYoungGen      total 64000K, used 2533K [0x00000000eab00000, 0x00000000eec00000, 0x0000000100000000)
  eden space 61440K, 0% used [0x00000000eab00000,0x00000000eab00000,0x00000000ee700000)
  from space 2560K, 98% used [0x00000000ee980000,0x00000000eebf96c8,0x00000000eec00000)
  to   space 2560K, 0% used [0x00000000ee700000,0x00000000ee700000,0x00000000ee980000)
 ParOldGen       total 40960K, used 11267K [0x00000000c0000000, 0x00000000c2800000, 0x00000000eab00000)
  object space 40960K, 27% used [0x00000000c0000000,0x00000000c0b00cf0,0x00000000c2800000)
 Metaspace       used 5880K, capacity 6832K, committed 7040K, reserved 1056768K
  class space    used 591K, capacity 616K, committed 640K, reserved 1048576K
}
Event: 9.061 GC heap before
{Heap before GC invocations=5 (full 0):
 PSYoungGen      total 64000K, used 63973K [0x00000000eab00000, 0x00000000eec00000, 0x0000000100000000)
  eden space 61440K, 100% used [0x00000000eab00000,0x00000000ee700000,0x00000000ee700000)
  from space 2560K, 98% used [0x00000000ee980000,0x00000000eebf96c8,0x00000000eec00000)
  to   space 2560K, 0% used [0x00000000ee700000,0x00000000ee700000,0x00000000ee980000)
 ParOldGen       total 40960K, used 11267K [0x00000000c0000000, 0x00000000c2800000, 0x00000000eab00000)
  object space 40960K, 27% used [0x00000000c0000000,0x00000000c0b00cf0,0x00000000c2800000)
 Metaspace       used 5945K, capacity 6896K, committed 7040K, reserved 1056768K
  class space    used 592K, capacity 616K, committed 640K, reserved 1048576K
Event: 9.231 GC heap after
Heap after GC invocations=5 (full 0):
 PSYoungGen      total 64000K, used 2549K [0x00000000eab00000, 0x00000000f4000000, 0x0000000100000000)
  eden space 61440K, 0% used [0x00000000eab00000,0x00000000eab00000,0x00000000ee700000)
  from space 2560K, 99% used [0x00000000ee700000,0x00000000ee97d6d8,0x00000000ee980000)
  to   space 14848K, 0% used [0x00000000f3180000,0x00000000f3180000,0x00000000f4000000)
 ParOldGen       total 40960K, used 22108K [0x00000000c0000000, 0x00000000c2800000, 0x00000000eab00000)
  object space 40960K, 53% used [0x00000000c0000000,0x00000000c1597138,0x00000000c2800000)
 Metaspace       used 5945K, capacity 6896K, committed 7040K, reserved 1056768K
  class space    used 592K, capacity 616K, committed 640K, reserved 1048576K
}
Event: 10.484 GC heap before
{Heap before GC invocations=6 (full 0):
 PSYoungGen      total 64000K, used 63989K [0x00000000eab00000, 0x00000000f4000000, 0x0000000100000000)
  eden space 61440K, 100% used [0x00000000eab00000,0x00000000ee700000,0x00000000ee700000)
  from space 2560K, 99% used [0x00000000ee700000,0x00000000ee97d6d8,0x00000000ee980000)
  to   space 14848K, 0% used [0x00000000f3180000,0x00000000f3180000,0x00000000f4000000)
 ParOldGen       total 40960K, used 22108K [0x00000000c0000000, 0x00000000c2800000, 0x00000000eab00000)
  object space 40960K, 53% used [0x00000000c0000000,0x00000000c1597138,0x00000000c2800000)
 Metaspace       used 6030K, capacity 6960K, committed 7040K, reserved 1056768K
  class space    used 594K, capacity 616K, committed 640K, reserved 1048576K
Event: 10.739 GC heap after
Heap after GC invocations=6 (full 0):
 PSYoungGen      total 134144K, used 14834K [0x00000000eab00000, 0x00000000f4700000, 0x0000000100000000)
  eden space 119296K, 0% used [0x00000000eab00000,0x00000000eab00000,0x00000000f1f80000)
  from space 14848K, 99% used [0x00000000f3180000,0x00000000f3ffcb40,0x00000000f4000000)
  to   space 18432K, 0% used [0x00000000f1f80000,0x00000000f1f80000,0x00000000f3180000)
 ParOldGen       total 40960K, used 22395K [0x00000000c0000000, 0x00000000c2800000, 0x00000000eab00000)
  object space 40960K, 54% used [0x00000000c0000000,0x00000000c15decb8,0x00000000c2800000)
 Metaspace       used 6030K, capacity 6960K, committed 7040K, reserved 1056768K
  class space    used 594K, capacity 616K, committed 640K, reserved 1048576K
}
Event: 12.848 GC heap before
{Heap before GC invocations=7 (full 0):
 PSYoungGen      total 134144K, used 134130K [0x00000000eab00000, 0x00000000f4700000, 0x0000000100000000)
  eden space 119296K, 100% used [0x00000000eab00000,0x00000000f1f80000,0x00000000f1f80000)
  from space 14848K, 99% used [0x00000000f3180000,0x00000000f3ffcb40,0x00000000f4000000)
  to   space 18432K, 0% used [0x00000000f1f80000,0x00000000f1f80000,0x00000000f3180000)
 ParOldGen       total 40960K, used 22395K [0x00000000c0000000, 0x00000000c2800000, 0x00000000eab00000)
  object space 40960K, 54% used [0x00000000c0000000,0x00000000c15decb8,0x00000000c2800000)
 Metaspace       used 6174K, capacity 7088K, committed 7296K, reserved 1056768K
  class space    used 594K, capacity 616K, committed 640K, reserved 1048576K

Deoptimization events (10 events):
Event: 4.679 Thread 0x00007f4f8800a000 Uncommon trap: reason=bimorphic action=maybe_recompile pc=0x00007f4f792349f4 method=java.util.HashMap.getNode(ILjava/lang/Object;)Ljava/util/HashMap$Node; @ 126
Event: 4.679 Thread 0x00007f4f8800a000 Uncommon trap: reason=bimorphic action=maybe_recompile pc=0x00007f4f792349f4 method=java.util.HashMap.getNode(ILjava/lang/Object;)Ljava/util/HashMap$Node; @ 126
Event: 4.722 Thread 0x00007f4f88137000 Uncommon trap: reason=bimorphic action=maybe_recompile pc=0x00007f4f792349f4 method=java.util.HashMap.getNode(ILjava/lang/Object;)Ljava/util/HashMap$Node; @ 126
Event: 4.788 Thread 0x00007f4f8814f000 Uncommon trap: reason=unstable_if action=reinterpret pc=0x00007f4f7921235c method=com.android.dx.rop.cst.Constant.compareTo(Lcom/android/dx/rop/cst/Constant;)I @ 12
Event: 4.976 Thread 0x00007f4f8814d800 Uncommon trap: reason=null_check action=make_not_entrant pc=0x00007f4f792107a0 method=com.android.dx.rop.type.Type.equals(Ljava/lang/Object;)Z @ 8
Event: 6.449 Thread 0x00007f4f88149800 Uncommon trap: reason=unstable_if action=reinterpret pc=0x00007f4f793837e4 method=com.android.dx.util.LabeledList.set(ILcom/android/dx/util/LabeledItem;)V @ 16
Event: 7.859 Thread 0x00007f4f8814f000 Uncommon trap: reason=unstable_if action=reinterpret pc=0x00007f4f7930e7bc method=com.android.dx.ssa.SsaMethod.updateOneDefinition(Lcom/android/dx/ssa/SsaInsn;Lcom/android/dx/rop/code/RegisterSpec;)V @ 4
Event: 8.367 Thread 0x00007f4f8800a000 Uncommon trap: reason=null_check action=make_not_entrant pc=0x00007f4f7928f6c0 method=com.android.dx.ssa.SsaRenamer.getLocalForNewReg(I)Lcom/android/dx/rop/code/LocalItem; @ 19
Event: 10.902 Thread 0x00007f4f8814d800 Uncommon trap: reason=unstable_if action=reinterpret pc=0x00007f4f7957f3a4 method=com.android.dx.cf.code.ByteCatchList.listFor(I)Lcom/android/dx/cf/code/ByteCatchList; @ 19
Event: 12.650 Thread 0x00007f4f8800a000 Uncommon trap: reason=unstable_if action=reinterpret pc=0x00007f4f79336004 method=com.android.dx.util.IntList.binarysearch(I)I @ 105

Internal exceptions (4 events):
Event: 0.056 Thread 0x00007f4f8800a000 Exception <a 'java/lang/NoSuchMethodError': Method sun.misc.Unsafe.defineClass(Ljava/lang/String;[BII)Ljava/lang/Class; name or signature does not match> (0x00000000eab07cc0) thrown at [/HUDSON/workspace/8-2-build-linux-amd64/jdk8u77/6540/hotspot/src/shar
Event: 0.056 Thread 0x00007f4f8800a000 Exception <a 'java/lang/NoSuchMethodError': Method sun.misc.Unsafe.prefetchRead(Ljava/lang/Object;J)V name or signature does not match> (0x00000000eab07fa8) thrown at [/HUDSON/workspace/8-2-build-linux-amd64/jdk8u77/6540/hotspot/src/share/vm/prims/jni.cpp
Event: 4.976 Thread 0x00007f4f8814d800 Implicit null exception at 0x00007f4f792106a2 to 0x00007f4f79210793
Event: 8.367 Thread 0x00007f4f8800a000 Implicit null exception at 0x00007f4f7928dd1a to 0x00007f4f7928f695

Events (10 events):
Event: 12.650 Thread 0x00007f4f8800a000 Uncommon trap: trap_request=0xffffff65 fr.pc=0x00007f4f79336004
Event: 12.650 Thread 0x00007f4f8800a000 DEOPT PACKING pc=0x00007f4f79336004 sp=0x00007f4f90717720
Event: 12.650 Thread 0x00007f4f8800a000 DEOPT UNPACKING pc=0x00007f4f79005229 sp=0x00007f4f907176b8 mode 2
Event: 12.704 Thread 0x00007f4f8800a000 DEOPT PACKING pc=0x00007f4f79293bda sp=0x00007f4f90717660
Event: 12.704 Thread 0x00007f4f8800a000 DEOPT UNPACKING pc=0x00007f4f79047633 sp=0x00007f4f90717460 mode 0
Event: 12.800 Thread 0x00007f4f8814d800 DEOPT PACKING pc=0x00007f4f79293b20 sp=0x00007f4f74d64d40
Event: 12.800 Thread 0x00007f4f8814d800 DEOPT UNPACKING pc=0x00007f4f79047633 sp=0x00007f4f74d64b40 mode 0
Event: 12.819 Thread 0x00007f4f88149800 DEOPT PACKING pc=0x00007f4f794951c9 sp=0x00007f4f74e65da0
Event: 12.819 Thread 0x00007f4f88149800 DEOPT UNPACKING pc=0x00007f4f79047633 sp=0x00007f4f74e65b80 mode 0
Event: 12.846 Executing VM operation: ParallelGCFailedAllocation


Dynamic libraries:
00400000-00401000 r-xp 00000000 08:02 6688811                            /usr/lib/jvm/java-8-oracle/bin/java
00600000-00601000 rw-p 00000000 08:02 6688811                            /usr/lib/jvm/java-8-oracle/bin/java
01163000-01184000 rw-p 00000000 00:00 0                                  [heap]
c0000000-c2800000 rw-p 00000000 00:00 0 
c2800000-eab00000 ---p 00000000 00:00 0 
eab00000-f4700000 rw-p 00000000 00:00 0 
fc800000-100000000 ---p 00000000 00:00 0 
100000000-1000a0000 rw-p 00000000 00:00 0 
1000a0000-140000000 ---p 00000000 00:00 0 
7f4f28000000-7f4f2802b000 rw-p 00000000 00:00 0 
7f4f2802b000-7f4f2c000000 ---p 00000000 00:00 0 
7f4f30000000-7f4f3002c000 rw-p 00000000 00:00 0 
7f4f3002c000-7f4f34000000 ---p 00000000 00:00 0 
7f4f34000000-7f4f34021000 rw-p 00000000 00:00 0 
7f4f34021000-7f4f38000000 ---p 00000000 00:00 0 
7f4f38000000-7f4f38027000 rw-p 00000000 00:00 0 
7f4f38027000-7f4f3c000000 ---p 00000000 00:00 0 
7f4f3c000000-7f4f3c021000 rw-p 00000000 00:00 0 
7f4f3c021000-7f4f40000000 ---p 00000000 00:00 0 
7f4f40000000-7f4f40021000 rw-p 00000000 00:00 0 
7f4f40021000-7f4f44000000 ---p 00000000 00:00 0 
7f4f44000000-7f4f44021000 rw-p 00000000 00:00 0 
7f4f44021000-7f4f48000000 ---p 00000000 00:00 0 
7f4f48000000-7f4f489b2000 rw-p 00000000 00:00 0 
7f4f489b2000-7f4f4c000000 ---p 00000000 00:00 0 
7f4f4c000000-7f4f4c98a000 rw-p 00000000 00:00 0 
7f4f4c98a000-7f4f50000000 ---p 00000000 00:00 0 
7f4f50000000-7f4f50021000 rw-p 00000000 00:00 0 
7f4f50021000-7f4f54000000 ---p 00000000 00:00 0 
7f4f54000000-7f4f548d5000 rw-p 00000000 00:00 0 
7f4f548d5000-7f4f58000000 ---p 00000000 00:00 0 
7f4f58000000-7f4f58021000 rw-p 00000000 00:00 0 
7f4f58021000-7f4f5c000000 ---p 00000000 00:00 0 
7f4f5c000000-7f4f5c021000 rw-p 00000000 00:00 0 
7f4f5c021000-7f4f60000000 ---p 00000000 00:00 0 
7f4f60000000-7f4f60021000 rw-p 00000000 00:00 0 
7f4f60021000-7f4f64000000 ---p 00000000 00:00 0 
7f4f64000000-7f4f64294000 rw-p 00000000 00:00 0 
7f4f64294000-7f4f68000000 ---p 00000000 00:00 0 
7f4f68000000-7f4f68021000 rw-p 00000000 00:00 0 
7f4f68021000-7f4f6c000000 ---p 00000000 00:00 0 
7f4f6c000000-7f4f6c021000 rw-p 00000000 00:00 0 
7f4f6c021000-7f4f70000000 ---p 00000000 00:00 0 
7f4f70000000-7f4f70021000 rw-p 00000000 00:00 0 
7f4f70021000-7f4f74000000 ---p 00000000 00:00 0 
7f4f74b65000-7f4f74b68000 ---p 00000000 00:00 0 
7f4f74b68000-7f4f74c66000 rw-p 00000000 00:00 0                          [stack:24109]
7f4f74c66000-7f4f74c69000 ---p 00000000 00:00 0 
7f4f74c69000-7f4f74d67000 rw-p 00000000 00:00 0                          [stack:24108]
7f4f74d67000-7f4f74d6a000 ---p 00000000 00:00 0 
7f4f74d6a000-7f4f74e68000 rw-p 00000000 00:00 0                          [stack:24107]
7f4f74e68000-7f4f74e6b000 ---p 00000000 00:00 0 
7f4f74e6b000-7f4f74f69000 rw-p 00000000 00:00 0                          [stack:24104]
7f4f74f69000-7f4f74f6c000 ---p 00000000 00:00 0 
7f4f74f6c000-7f4f7506a000 rw-p 00000000 00:00 0                          [stack:24103]
7f4f7506a000-7f4f75081000 r--s 0008b000 08:02 4086354                    /home/yonatan/Etty/programing/androidAdvanced/FinalProject/LocationsApp/app/build/intermediates/exploded-aar/com.google.android.gms/play-services-games/8.4.0/jars/classes.jar (deleted)
7f4f75081000-7f4f75082000 ---p 00000000 00:00 0 
7f4f75082000-7f4f75182000 rw-p 00000000 00:00 0                          [stack:24097]
7f4f75182000-7f4f75185000 ---p 00000000 00:00 0 
7f4f75185000-7f4f75283000 rw-p 00000000 00:00 0                          [stack:24096]
7f4f75283000-7f4f75286000 ---p 00000000 00:00 0 
7f4f75286000-7f4f75384000 rw-p 00000000 00:00 0                          [stack:24095]
7f4f75384000-7f4f75387000 ---p 00000000 00:00 0 
7f4f75387000-7f4f75485000 rw-p 00000000 00:00 0                          [stack:24094]
7f4f75485000-7f4f75488000 ---p 00000000 00:00 0 
7f4f75488000-7f4f75586000 rw-p 00000000 00:00 0                          [stack:24093]
7f4f75586000-7f4f75589000 ---p 00000000 00:00 0 
7f4f75589000-7f4f75687000 rw-p 00000000 00:00 0                          [stack:24092]
7f4f75687000-7f4f75d6a000 r--p 00000000 08:02 6691839                    /usr/lib/locale/locale-archive
7f4f75d6a000-7f4f75d6d000 ---p 00000000 00:00 0 
7f4f75d6d000-7f4f75e6b000 rw-p 00000000 00:00 0                          [stack:24087]
7f4f75e6b000-7f4f75e6e000 ---p 00000000 00:00 0 
7f4f75e6e000-7f4f75f6c000 rw-p 00000000 00:00 0                          [stack:24086]
7f4f75f6c000-7f4f75f6d000 ---p 00000000 00:00 0 
7f4f75f6d000-7f4f79000000 rw-p 00000000 00:00 0                          [stack:24084]
7f4f79000000-7f4f796a0000 rwxp 00000000 00:00 0 
7f4f796a0000-7f4f88000000 ---p 00000000 00:00 0 
7f4f88000000-7f4f8838c000 rw-p 00000000 00:00 0 
7f4f8838c000-7f4f8c000000 ---p 00000000 00:00 0 
7f4f8c007000-7f4f8c016000 r--s 000df000 08:02 3824912                    /home/yonatan/Android/Sdk/build-tools/23.0.2/lib/dx.jar
7f4f8c016000-7f4f8c037000 rw-p 00000000 00:00 0 
7f4f8c037000-7f4f8c20f000 r--s 03d1e000 08:02 6706415                    /usr/lib/jvm/java-8-oracle/jre/lib/rt.jar
7f4f8c20f000-7f4f8c905000 rw-p 00000000 00:00 0 
7f4f8c905000-7f4f8ca85000 ---p 00000000 00:00 0 
7f4f8ca85000-7f4f8cc85000 rw-p 00000000 00:00 0 
7f4f8cc85000-7f4f8cc86000 ---p 00000000 00:00 0 
7f4f8cc86000-7f4f8cd86000 rw-p 00000000 00:00 0                          [stack:24083]
7f4f8cd86000-7f4f8cd87000 ---p 00000000 00:00 0 
7f4f8cd87000-7f4f8ce87000 rw-p 00000000 00:00 0                          [stack:24082]
7f4f8ce87000-7f4f8ce88000 ---p 00000000 00:00 0 
7f4f8ce88000-7f4f8cf88000 rw-p 00000000 00:00 0                          [stack:24081]
7f4f8cf88000-7f4f8cf89000 ---p 00000000 00:00 0 
7f4f8cf89000-7f4f8d09d000 rw-p 00000000 00:00 0                          [stack:24080]
7f4f8d09d000-7f4f8d1df000 ---p 00000000 00:00 0 
7f4f8d1df000-7f4f8d1f3000 rw-p 00000000 00:00 0 
7f4f8d1f3000-7f4f8d334000 ---p 00000000 00:00 0 
7f4f8d334000-7f4f8d383000 rw-p 00000000 00:00 0 
7f4f8d383000-7f4f8d3df000 ---p 00000000 00:00 0 
7f4f8d3df000-7f4f8d3fb000 rw-p 00000000 00:00 0 
7f4f8d3fb000-7f4f8d7a0000 ---p 00000000 00:00 0 
7f4f8d7a0000-7f4f8d7ba000 r-xp 00000000 08:02 6706448                    /usr/lib/jvm/java-8-oracle/jre/lib/amd64/libzip.so
7f4f8d7ba000-7f4f8d9ba000 ---p 0001a000 08:02 6706448                    /usr/lib/jvm/java-8-oracle/jre/lib/amd64/libzip.so
7f4f8d9ba000-7f4f8d9bb000 rw-p 0001a000 08:02 6706448                    /usr/lib/jvm/java-8-oracle/jre/lib/amd64/libzip.so
7f4f8d9bb000-7f4f8d9c6000 r-xp 00000000 08:02 4353546                    /lib/x86_64-linux-gnu/libnss_files-2.19.so
7f4f8d9c6000-7f4f8dbc5000 ---p 0000b000 08:02 4353546                    /lib/x86_64-linux-gnu/libnss_files-2.19.so
7f4f8dbc5000-7f4f8dbc6000 r--p 0000a000 08:02 4353546                    /lib/x86_64-linux-gnu/libnss_files-2.19.so
7f4f8dbc6000-7f4f8dbc7000 rw-p 0000b000 08:02 4353546                    /lib/x86_64-linux-gnu/libnss_files-2.19.so
7f4f8dbc7000-7f4f8dbd2000 r-xp 00000000 08:02 4353538                    /lib/x86_64-linux-gnu/libnss_nis-2.19.so
7f4f8dbd2000-7f4f8ddd1000 ---p 0000b000 08:02 4353538                    /lib/x86_64-linux-gnu/libnss_nis-2.19.so
7f4f8ddd1000-7f4f8ddd2000 r--p 0000a000 08:02 4353538                    /lib/x86_64-linux-gnu/libnss_nis-2.19.so
7f4f8ddd2000-7f4f8ddd3000 rw-p 0000b000 08:02 4353538                    /lib/x86_64-linux-gnu/libnss_nis-2.19.so
7f4f8ddd3000-7f4f8ddea000 r-xp 00000000 08:02 4353534                    /lib/x86_64-linux-gnu/libnsl-2.19.so
7f4f8ddea000-7f4f8dfe9000 ---p 00017000 08:02 4353534                    /lib/x86_64-linux-gnu/libnsl-2.19.so
7f4f8dfe9000-7f4f8dfea000 r--p 00016000 08:02 4353534                    /lib/x86_64-linux-gnu/libnsl-2.19.so
7f4f8dfea000-7f4f8dfeb000 rw-p 00017000 08:02 4353534                    /lib/x86_64-linux-gnu/libnsl-2.19.so
7f4f8dfeb000-7f4f8dfed000 rw-p 00000000 00:00 0 
7f4f8dfed000-7f4f8dff6000 r-xp 00000000 08:02 4353533                    /lib/x86_64-linux-gnu/libnss_compat-2.19.so
7f4f8dff6000-7f4f8e1f5000 ---p 00009000 08:02 4353533                    /lib/x86_64-linux-gnu/libnss_compat-2.19.so
7f4f8e1f5000-7f4f8e1f6000 r--p 00008000 08:02 4353533                    /lib/x86_64-linux-gnu/libnss_compat-2.19.so
7f4f8e1f6000-7f4f8e1f7000 rw-p 00009000 08:02 4353533                    /lib/x86_64-linux-gnu/libnss_compat-2.19.so
7f4f8e1f7000-7f4f8e221000 r-xp 00000000 08:02 6706426                    /usr/lib/jvm/java-8-oracle/jre/lib/amd64/libjava.so
7f4f8e221000-7f4f8e421000 ---p 0002a000 08:02 6706426                    /usr/lib/jvm/java-8-oracle/jre/lib/amd64/libjava.so
7f4f8e421000-7f4f8e423000 rw-p 0002a000 08:02 6706426                    /usr/lib/jvm/java-8-oracle/jre/lib/amd64/libjava.so
7f4f8e423000-7f4f8e430000 r-xp 00000000 08:02 6706437                    /usr/lib/jvm/java-8-oracle/jre/lib/amd64/libverify.so
7f4f8e430000-7f4f8e630000 ---p 0000d000 08:02 6706437                    /usr/lib/jvm/java-8-oracle/jre/lib/amd64/libverify.so
7f4f8e630000-7f4f8e632000 rw-p 0000d000 08:02 6706437                    /usr/lib/jvm/java-8-oracle/jre/lib/amd64/libverify.so
7f4f8e632000-7f4f8e639000 r-xp 00000000 08:02 4353542                    /lib/x86_64-linux-gnu/librt-2.19.so
7f4f8e639000-7f4f8e838000 ---p 00007000 08:02 4353542                    /lib/x86_64-linux-gnu/librt-2.19.so
7f4f8e838000-7f4f8e839000 r--p 00006000 08:02 4353542                    /lib/x86_64-linux-gnu/librt-2.19.so
7f4f8e839000-7f4f8e83a000 rw-p 00007000 08:02 4353542                    /lib/x86_64-linux-gnu/librt-2.19.so
7f4f8e83a000-7f4f8e93f000 r-xp 00000000 08:02 4353528                    /lib/x86_64-linux-gnu/libm-2.19.so
7f4f8e93f000-7f4f8eb3e000 ---p 00105000 08:02 4353528                    /lib/x86_64-linux-gnu/libm-2.19.so
7f4f8eb3e000-7f4f8eb3f000 r--p 00104000 08:02 4353528                    /lib/x86_64-linux-gnu/libm-2.19.so
7f4f8eb3f000-7f4f8eb40000 rw-p 00105000 08:02 4353528                    /lib/x86_64-linux-gnu/libm-2.19.so
7f4f8eb40000-7f4f8f7ff000 r-xp 00000000 08:02 6706439                    /usr/lib/jvm/java-8-oracle/jre/lib/amd64/server/libjvm.so
7f4f8f7ff000-7f4f8f9fe000 ---p 00cbf000 08:02 6706439                    /usr/lib/jvm/java-8-oracle/jre/lib/amd64/server/libjvm.so
7f4f8f9fe000-7f4f8fad7000 rw-p 00cbe000 08:02 6706439                    /usr/lib/jvm/java-8-oracle/jre/lib/amd64/server/libjvm.so
7f4f8fad7000-7f4f8fb20000 rw-p 00000000 00:00 0 
7f4f8fb20000-7f4f8fcdb000 r-xp 00000000 08:02 4353543                    /lib/x86_64-linux-gnu/libc-2.19.so
7f4f8fcdb000-7f4f8feda000 ---p 001bb000 08:02 4353543                    /lib/x86_64-linux-gnu/libc-2.19.so
7f4f8feda000-7f4f8fede000 r--p 001ba000 08:02 4353543                    /lib/x86_64-linux-gnu/libc-2.19.so
7f4f8fede000-7f4f8fee0000 rw-p 001be000 08:02 4353543                    /lib/x86_64-linux-gnu/libc-2.19.so
7f4f8fee0000-7f4f8fee5000 rw-p 00000000 00:00 0 
7f4f8fee5000-7f4f8fee8000 r-xp 00000000 08:02 4353530                    /lib/x86_64-linux-gnu/libdl-2.19.so
7f4f8fee8000-7f4f900e7000 ---p 00003000 08:02 4353530                    /lib/x86_64-linux-gnu/libdl-2.19.so
7f4f900e7000-7f4f900e8000 r--p 00002000 08:02 4353530                    /lib/x86_64-linux-gnu/libdl-2.19.so
7f4f900e8000-7f4f900e9000 rw-p 00003000 08:02 4353530                    /lib/x86_64-linux-gnu/libdl-2.19.so
7f4f900e9000-7f4f900fe000 r-xp 00000000 08:02 6728044                    /usr/lib/jvm/java-8-oracle/lib/amd64/jli/libjli.so
7f4f900fe000-7f4f902fe000 ---p 00015000 08:02 6728044                    /usr/lib/jvm/java-8-oracle/lib/amd64/jli/libjli.so
7f4f902fe000-7f4f902ff000 rw-p 00015000 08:02 6728044                    /usr/lib/jvm/java-8-oracle/lib/amd64/jli/libjli.so
7f4f902ff000-7f4f90318000 r-xp 00000000 08:02 4353535                    /lib/x86_64-linux-gnu/libpthread-2.19.so
7f4f90318000-7f4f90517000 ---p 00019000 08:02 4353535                    /lib/x86_64-linux-gnu/libpthread-2.19.so
7f4f90517000-7f4f90518000 r--p 00018000 08:02 4353535                    /lib/x86_64-linux-gnu/libpthread-2.19.so
7f4f90518000-7f4f90519000 rw-p 00019000 08:02 4353535                    /lib/x86_64-linux-gnu/libpthread-2.19.so
7f4f90519000-7f4f9051d000 rw-p 00000000 00:00 0 
7f4f9051d000-7f4f90540000 r-xp 00000000 08:02 4353536                    /lib/x86_64-linux-gnu/ld-2.19.so
7f4f90547000-7f4f90619000 rw-p 00000000 00:00 0 
7f4f90619000-7f4f9061c000 ---p 00000000 00:00 0 
7f4f9061c000-7f4f90733000 rw-p 00000000 00:00 0                          [stack:24077]
7f4f90733000-7f4f9073b000 rw-s 00000000 08:02 1976024                    /tmp/hsperfdata_yonatan/24075
7f4f9073b000-7f4f9073c000 rw-p 00000000 00:00 0 
7f4f9073c000-7f4f9073d000 ---p 00000000 00:00 0 
7f4f9073d000-7f4f9073f000 rw-p 00000000 00:00 0 
7f4f9073f000-7f4f90740000 r--p 00022000 08:02 4353536                    /lib/x86_64-linux-gnu/ld-2.19.so
7f4f90740000-7f4f90741000 rw-p 00023000 08:02 4353536                    /lib/x86_64-linux-gnu/ld-2.19.so
7f4f90741000-7f4f90742000 rw-p 00000000 00:00 0 
7ffd0d07f000-7ffd0d0a0000 rw-p 00000000 00:00 0                          [stack]
7ffd0d0ee000-7ffd0d0f0000 r-xp 00000000 00:00 0                          [vdso]
7ffd0d0f0000-7ffd0d0f2000 r--p 00000000 00:00 0                          [vvar]
ffffffffff600000-ffffffffff601000 r-xp 00000000 00:00 0                  [vsyscall]

VM Arguments:
jvm_args: -Djava.awt.headless=true -Xmx1024M -Dfile.encoding=UTF-8 -Duser.country=US -Duser.language=en -Duser.variant 
java_command: com.android.dx.command.Main --dex --num-threads=4 --output /home/yonatan/Etty/programing/androidAdvanced/FinalProject/LocationsApp/app/build/intermediates/pre-dexed/debug/com.google.android.gms-play-services-games-8.4.0_ca13e28f6c2986c792453e7e310a66702218c150.jar /home/yonatan/Etty/programing/androidAdvanced/FinalProject/LocationsApp/app/build/intermediates/exploded-aar/com.google.android.gms/play-services-games/8.4.0/jars/classes.jar
java_class_path (initial): /home/yonatan/Android/Sdk/build-tools/23.0.2/lib/dx.jar
Launcher Type: SUN_STANDARD

Environment Variables:
JAVA_HOME=/usr/lib/jvm/java-8-oracle
PATH=/usr/local/sbin:/usr/local/bin:/usr/sbin:/usr/bin:/sbin:/bin:/usr/games:/usr/local/games:/usr/lib/jvm/java-8-oracle/bin:/usr/lib/jvm/java-8-oracle/db/bin:/usr/lib/jvm/java-8-oracle/jre/bin
SHELL=/bin/bash
DISPLAY=:0

Signal Handlers:
SIGSEGV: [libjvm.so+0xabb070], sa_mask[0]=11111111011111111101111111111110, sa_flags=SA_RESTART|SA_SIGINFO
SIGBUS: [libjvm.so+0xabb070], sa_mask[0]=11111111011111111101111111111110, sa_flags=SA_RESTART|SA_SIGINFO
SIGFPE: [libjvm.so+0x918480], sa_mask[0]=11111111011111111101111111111110, sa_flags=SA_RESTART|SA_SIGINFO
SIGPIPE: [libjvm.so+0x918480], sa_mask[0]=11111111011111111101111111111110, sa_flags=SA_RESTART|SA_SIGINFO
SIGXFSZ: [libjvm.so+0x918480], sa_mask[0]=11111111011111111101111111111110, sa_flags=SA_RESTART|SA_SIGINFO
SIGILL: [libjvm.so+0x918480], sa_mask[0]=11111111011111111101111111111110, sa_flags=SA_RESTART|SA_SIGINFO
SIGUSR1: SIG_DFL, sa_mask[0]=00000000000000000000000000000000, sa_flags=none
SIGUSR2: [libjvm.so+0x919ab0], sa_mask[0]=00100000000000000000000000000000, sa_flags=SA_RESTART|SA_SIGINFO
SIGHUP: [libjvm.so+0x91aeb0], sa_mask[0]=11111111011111111101111111111110, sa_flags=SA_RESTART|SA_SIGINFO
SIGINT: [libjvm.so+0x91aeb0], sa_mask[0]=11111111011111111101111111111110, sa_flags=SA_RESTART|SA_SIGINFO
SIGTERM: [libjvm.so+0x91aeb0], sa_mask[0]=11111111011111111101111111111110, sa_flags=SA_RESTART|SA_SIGINFO
SIGQUIT: [libjvm.so+0x91aeb0], sa_mask[0]=11111111011111111101111111111110, sa_flags=SA_RESTART|SA_SIGINFO


---------------  S Y S T E M  ---------------

OS:DISTRIB_ID=Ubuntu
DISTRIB_RELEASE=14.04
DISTRIB_CODENAME=trusty
DISTRIB_DESCRIPTION="Ubuntu 14.04.4 LTS"

uname:Linux 3.16.0-70-generic #90~14.04.1-Ubuntu SMP Wed Apr 6 22:56:34 UTC 2016 x86_64
libc:glibc 2.19 NPTL 2.19 
rlimit: STACK 8192k, CORE 0k, NPROC 14573, NOFILE 4096, AS infinity
load average:32.61 27.37 16.70

/proc/meminfo:
MemTotal:        3931368 kB
MemFree:          101220 kB
MemAvailable:      61452 kB
Buffers:            1836 kB
Cached:           223704 kB
SwapCached:         1064 kB
Active:          2733196 kB
Inactive:         843076 kB
Active(anon):    2709528 kB
Inactive(anon):   814928 kB
Active(file):      23668 kB
Inactive(file):    28148 kB
Unevictable:          48 kB
Mlocked:              48 kB
SwapTotal:       4077564 kB
SwapFree:              4 kB
Dirty:               200 kB
Writeback:             0 kB
AnonPages:       3351700 kB
Mapped:            43880 kB
Shmem:            172956 kB
Slab:              85444 kB
SReclaimable:      37584 kB
SUnreclaim:        47860 kB
KernelStack:       15072 kB
PageTables:        81128 kB
NFS_Unstable:          0 kB
Bounce:                0 kB
WritebackTmp:          0 kB
CommitLimit:     6043248 kB
Committed_AS:   17961132 kB
VmallocTotal:   34359738367 kB
VmallocUsed:      353132 kB
VmallocChunk:   34359293488 kB
HardwareCorrupted:     0 kB
AnonHugePages:    565248 kB
HugePages_Total:       0
HugePages_Free:        0
HugePages_Rsvd:        0
HugePages_Surp:        0
Hugepagesize:       2048 kB
DirectMap4k:       78192 kB
DirectMap2M:     3999744 kB


CPU:total 4 (2 cores per cpu, 2 threads per core) family 6 model 58 stepping 9, cmov, cx8, fxsr, mmx, sse, sse2, sse3, ssse3, sse4.1, sse4.2, popcnt, avx, aes, clmul, erms, ht, tsc, tscinvbit, tscinv

/proc/cpuinfo:
processor	: 0
vendor_id	: GenuineIntel
cpu family	: 6
model		: 58
model name	: Intel(R) Core(TM) i5-3317U CPU @ 1.70GHz
stepping	: 9
microcode	: 0x12
cpu MHz		: 2399.988
cache size	: 3072 KB
physical id	: 0
siblings	: 4
core id		: 0
cpu cores	: 2
apicid		: 0
initial apicid	: 0
fpu		: yes
fpu_exception	: yes
cpuid level	: 13
wp		: yes
flags		: fpu vme de pse tsc msr pae mce cx8 apic sep mtrr pge mca cmov pat pse36 clflush dts acpi mmx fxsr sse sse2 ss ht tm pbe syscall nx rdtscp lm constant_tsc arch_perfmon pebs bts rep_good nopl xtopology nonstop_tsc aperfmperf eagerfpu pni pclmulqdq dtes64 monitor ds_cpl vmx est tm2 ssse3 cx16 xtpr pdcm pcid sse4_1 sse4_2 x2apic popcnt tsc_deadline_timer aes xsave avx f16c rdrand lahf_lm ida arat epb xsaveopt pln pts dtherm tpr_shadow vnmi flexpriority ept vpid fsgsbase smep erms
bogomips	: 3392.02
clflush size	: 64
cache_alignment	: 64
address sizes	: 36 bits physical, 48 bits virtual
power management:

processor	: 1
vendor_id	: GenuineIntel
cpu family	: 6
model		: 58
model name	: Intel(R) Core(TM) i5-3317U CPU @ 1.70GHz
stepping	: 9
microcode	: 0x12
cpu MHz		: 2399.988
cache size	: 3072 KB
physical id	: 0
siblings	: 4
core id		: 1
cpu cores	: 2
apicid		: 2
initial apicid	: 2
fpu		: yes
fpu_exception	: yes
cpuid level	: 13
wp		: yes
flags		: fpu vme de pse tsc msr pae mce cx8 apic sep mtrr pge mca cmov pat pse36 clflush dts acpi mmx fxsr sse sse2 ss ht tm pbe syscall nx rdtscp lm constant_tsc arch_perfmon pebs bts rep_good nopl xtopology nonstop_tsc aperfmperf eagerfpu pni pclmulqdq dtes64 monitor ds_cpl vmx est tm2 ssse3 cx16 xtpr pdcm pcid sse4_1 sse4_2 x2apic popcnt tsc_deadline_timer aes xsave avx f16c rdrand lahf_lm ida arat epb xsaveopt pln pts dtherm tpr_shadow vnmi flexpriority ept vpid fsgsbase smep erms
bogomips	: 3392.02
clflush size	: 64
cache_alignment	: 64
address sizes	: 36 bits physical, 48 bits virtual
power management:

processor	: 2
vendor_id	: GenuineIntel
cpu family	: 6
model		: 58
model name	: Intel(R) Core(TM) i5-3317U CPU @ 1.70GHz
stepping	: 9
microcode	: 0x12
cpu MHz		: 2399.988
cache size	: 3072 KB
physical id	: 0
siblings	: 4
core id		: 0
cpu cores	: 2
apicid		: 1
initial apicid	: 1
fpu		: yes
fpu_exception	: yes
cpuid level	: 13
wp		: yes
flags		: fpu vme de pse tsc msr pae mce cx8 apic sep mtrr pge mca cmov pat pse36 clflush dts acpi mmx fxsr sse sse2 ss ht tm pbe syscall nx rdtscp lm constant_tsc arch_perfmon pebs bts rep_good nopl xtopology nonstop_tsc aperfmperf eagerfpu pni pclmulqdq dtes64 monitor ds_cpl vmx est tm2 ssse3 cx16 xtpr pdcm pcid sse4_1 sse4_2 x2apic popcnt tsc_deadline_timer aes xsave avx f16c rdrand lahf_lm ida arat epb xsaveopt pln pts dtherm tpr_shadow vnmi flexpriority ept vpid fsgsbase smep erms
bogomips	: 3392.02
clflush size	: 64
cache_alignment	: 64
address sizes	: 36 bits physical, 48 bits virtual
power management:

processor	: 3
vendor_id	: GenuineIntel
cpu family	: 6
model		: 58
model name	: Intel(R) Core(TM) i5-3317U CPU @ 1.70GHz
stepping	: 9
microcode	: 0x12
cpu MHz		: 2399.988
cache size	: 3072 KB
physical id	: 0
siblings	: 4
core id		: 1
cpu cores	: 2
apicid		: 3
initial apicid	: 3
fpu		: yes
fpu_exception	: yes
cpuid level	: 13
wp		: yes
flags		: fpu vme de pse tsc msr pae mce cx8 apic sep mtrr pge mca cmov pat pse36 clflush dts acpi mmx fxsr sse sse2 ss ht tm pbe syscall nx rdtscp lm constant_tsc arch_perfmon pebs bts rep_good nopl xtopology nonstop_tsc aperfmperf eagerfpu pni pclmulqdq dtes64 monitor ds_cpl vmx est tm2 ssse3 cx16 xtpr pdcm pcid sse4_1 sse4_2 x2apic popcnt tsc_deadline_timer aes xsave avx f16c rdrand lahf_lm ida arat epb xsaveopt pln pts dtherm tpr_shadow vnmi flexpriority ept vpid fsgsbase smep erms
bogomips	: 3392.02
clflush size	: 64
cache_alignment	: 64
address sizes	: 36 bits physical, 48 bits virtual
power management:



Memory: 4k page, physical 3931368k(100972k free), swap 4077564k(0k free)

vm_info: Java HotSpot(TM) 64-Bit Server VM (25.77-b03) for linux-amd64 JRE (1.8.0_77-b03), built on Mar 20 2016 22:00:46 by "java_re" with gcc 4.3.0 20080428 (Red Hat 4.3.0-8)

time: Wed Apr 27 12:05:33 2016
elapsed time: 13 seconds (0d 0h 0m 13s)

