#
# There is insufficient memory for the Java Runtime Environment to continue.
# Native memory allocation (mmap) failed to map 42991616 bytes for committing reserved memory.
# Possible reasons:
#   The system is out of physical RAM or swap space
#   In 32 bit mode, the process size limit was hit
# Possible solutions:
#   Reduce memory load on the system
#   Increase physical memory or swap space
#   Check if swap backing store is full
#   Use 64 bit Java on a 64 bit OS
#   Decrease Java heap size (-Xmx/-Xms)
#   Decrease number of Java threads
#   Decrease Java thread stack sizes (-Xss)
#   Set larger code cache with -XX:ReservedCodeCacheSize=
# This output file may be truncated or incomplete.
#
#  Out of Memory Error (os_linux.cpp:2627), pid=15806, tid=140281766696704
#
# JRE version: Java(TM) SE Runtime Environment (8.0_91-b14) (build 1.8.0_91-b14)
# Java VM: Java HotSpot(TM) 64-Bit Server VM (25.91-b14 mixed mode linux-amd64 compressed oops)
# Failed to write core dump. Core dumps have been disabled. To enable core dumping, try "ulimit -c unlimited" before starting Java again
#

---------------  T H R E A D  ---------------

Current thread (0x00007f95fc078000):  VMThread [stack: 0x00007f95e4cf5000,0x00007f95e4df6000] [id=15815]

Stack: [0x00007f95e4cf5000,0x00007f95e4df6000],  sp=0x00007f95e4df41e0,  free space=1020k
Native frames: (J=compiled Java code, j=interpreted, Vv=VM code, C=native code)
V  [libjvm.so+0xabc18a]  VMError::report_and_die()+0x2ba
V  [libjvm.so+0x4fafeb]  report_vm_out_of_memory(char const*, int, unsigned long, VMErrorType, char const*)+0x8b
V  [libjvm.so+0x91cbb3]  os::Linux::commit_memory_impl(char*, unsigned long, bool)+0x103
V  [libjvm.so+0x91d109]  os::pd_commit_memory(char*, unsigned long, unsigned long, bool)+0x29
V  [libjvm.so+0x91740a]  os::commit_memory(char*, unsigned long, unsigned long, bool)+0x2a
V  [libjvm.so+0x98b033]  PSVirtualSpace::expand_by(unsigned long)+0x53
V  [libjvm.so+0x98c438]  PSYoungGen::resize_generation(unsigned long, unsigned long)+0xf8
V  [libjvm.so+0x98b592]  PSYoungGen::resize(unsigned long, unsigned long)+0x22
V  [libjvm.so+0x98886b]  PSScavenge::invoke_no_policy()+0xf3b
V  [libjvm.so+0x988ff1]  PSScavenge::invoke()+0x41
V  [libjvm.so+0x9408b0]  ParallelScavengeHeap::failed_mem_allocate(unsigned long)+0x70
V  [libjvm.so+0xabdba7]  VM_ParallelGCFailedAllocation::doit()+0x97
V  [libjvm.so+0xac55d5]  VM_Operation::evaluate()+0x55
V  [libjvm.so+0xac39aa]  VMThread::evaluate_operation(VM_Operation*)+0xba
V  [libjvm.so+0xac3d2e]  VMThread::loop()+0x1ce
V  [libjvm.so+0xac41a0]  VMThread::run()+0x70
V  [libjvm.so+0x91ef78]  java_start(Thread*)+0x108

VM_Operation (0x00007f95dfaf8bd0): ParallelGCFailedAllocation, mode: safepoint, requested by thread 0x00007f95fc13c800


---------------  P R O C E S S  ---------------

Java Threads: ( => current thread )
  0x00007f95fc13e000 JavaThread "pool-1-thread-4" [_thread_blocked, id=15834, stack(0x00007f95df8f9000,0x00007f95df9fa000)]
  0x00007f95fc13c800 JavaThread "pool-1-thread-3" [_thread_blocked, id=15833, stack(0x00007f95df9fa000,0x00007f95dfafb000)]
  0x00007f95fc13a800 JavaThread "pool-1-thread-2" [_thread_blocked, id=15832, stack(0x00007f95dfafb000,0x00007f95dfbfc000)]
  0x00007f95fc139800 JavaThread "pool-2-thread-1" [_thread_blocked, id=15831, stack(0x00007f95dfbfc000,0x00007f95dfcfd000)]
  0x00007f95fc137000 JavaThread "pool-1-thread-1" [_thread_blocked, id=15830, stack(0x00007f95dfcfd000,0x00007f95dfdfe000)]
  0x00007f95fc0c1800 JavaThread "Service Thread" daemon [_thread_blocked, id=15827, stack(0x00007f95dfeff000,0x00007f95e0000000)]
  0x00007f95fc0be800 JavaThread "C1 CompilerThread2" daemon [_thread_blocked, id=15826, stack(0x00007f95e400c000,0x00007f95e410d000)]
  0x00007f95fc0bd000 JavaThread "C2 CompilerThread1" daemon [_thread_blocked, id=15825, stack(0x00007f95e410d000,0x00007f95e420e000)]
  0x00007f95fc0ba000 JavaThread "C2 CompilerThread0" daemon [_thread_blocked, id=15824, stack(0x00007f95e420e000,0x00007f95e430f000)]
  0x00007f95fc0b8800 JavaThread "Signal Dispatcher" daemon [_thread_blocked, id=15822, stack(0x00007f95e430f000,0x00007f95e4410000)]
  0x00007f95fc084000 JavaThread "Finalizer" daemon [_thread_blocked, id=15817, stack(0x00007f95e4af3000,0x00007f95e4bf4000)]
  0x00007f95fc07f800 JavaThread "Reference Handler" daemon [_thread_blocked, id=15816, stack(0x00007f95e4bf4000,0x00007f95e4cf5000)]
  0x00007f95fc00a000 JavaThread "main" [_thread_blocked, id=15808, stack(0x00007f9603407000,0x00007f9603508000)]

Other Threads:
=>0x00007f95fc078000 VMThread [stack: 0x00007f95e4cf5000,0x00007f95e4df6000] [id=15815]
  0x00007f95fc0c4800 WatcherThread [stack: 0x00007f95dfdfe000,0x00007f95dfeff000] [id=15828]

VM state:at safepoint (normal execution)

VM Mutex/Monitor currently owned by a thread:  ([mutex/lock_event])
[0x00007f95fc006570] Threads_lock - owner thread: 0x00007f95fc078000
[0x00007f95fc006a70] Heap_lock - owner thread: 0x00007f95fc13c800

Heap:
 PSYoungGen      total 33280K, used 2544K [0x00000000eab00000, 0x00000000ece00000, 0x0000000100000000)
  eden space 30720K, 0% used [0x00000000eab00000,0x00000000eab00000,0x00000000ec900000)
  from space 2560K, 99% used [0x00000000ec900000,0x00000000ecb7c020,0x00000000ecb80000)
  to   space 2560K, 0% used [0x00000000ecb80000,0x00000000ecb80000,0x00000000ece00000)
 ParOldGen       total 40960K, used 11369K [0x00000000c0000000, 0x00000000c2800000, 0x00000000eab00000)
  object space 40960K, 27% used [0x00000000c0000000,0x00000000c0b1a6f0,0x00000000c2800000)
 Metaspace       used 5859K, capacity 6832K, committed 7040K, reserved 1056768K
  class space    used 588K, capacity 616K, committed 640K, reserved 1048576K

Card table byte_map: [0x00007f95ecdff000,0x00007f95ed000000] byte_map_base: 0x00007f95ec7ff000

Marking Bits: (ParMarkBitMap*) 0x00007f96028e1d60
 Begin Bits: [0x00007f95e6000000, 0x00007f95e7000000)
 End Bits:   [0x00007f95e7000000, 0x00007f95e8000000)

Polling page: 0x00007f960352a000

CodeCache: size=245760Kb used=3874Kb max_used=3874Kb free=241885Kb
 bounds [0x00007f95ed000000, 0x00007f95ed3d0000, 0x00007f95fc000000]
 total_blobs=1313 nmethods=1045 adapters=182
 compilation: enabled

Compilation events (10 events):
Event: 39.622 Thread 0x00007f95fc0be800 nmethod 1283 0x00007f95ed3cb690 code [0x00007f95ed3cb8a0, 0x00007f95ed3cbe08]
Event: 39.622 Thread 0x00007f95fc0be800 1299       2       com.android.dx.rop.cst.CstBaseMethodRef::getType (8 bytes)
Event: 39.622 Thread 0x00007f95fc0be800 nmethod 1299 0x00007f95ed3bf990 code [0x00007f95ed3bfae0, 0x00007f95ed3bfc30]
Event: 39.622 Thread 0x00007f95fc0be800 1258       2       com.android.dx.util.MutabilityControl::<init> (10 bytes)
Event: 39.623 Thread 0x00007f95fc0be800 nmethod 1258 0x00007f95ed3bf650 code [0x00007f95ed3bf7a0, 0x00007f95ed3bf8f0]
Event: 39.623 Thread 0x00007f95fc0be800 1241       2       com.android.dx.cf.code.ConcreteMethod::getEffectiveDescriptor (10 bytes)
Event: 39.623 Thread 0x00007f95fc0be800 nmethod 1241 0x00007f95ed3cc2d0 code [0x00007f95ed3cc440, 0x00007f95ed3cc5c8]
Event: 39.623 Thread 0x00007f95fc0be800 1327       2       com.android.dx.cf.code.OneLocalsArray::getMaxLocals (6 bytes)
Event: 39.623 Thread 0x00007f95fc0be800 nmethod 1327 0x00007f95ed3cc650 code [0x00007f95ed3cc7a0, 0x00007f95ed3cc8f0]
Event: 39.623 Thread 0x00007f95fc0be800 1262       2       com.android.dx.util.LabeledList::<init> (18 bytes)

GC Heap History (9 events):
Event: 2.697 GC heap before
{Heap before GC invocations=1 (full 0):
 PSYoungGen      total 17920K, used 15360K [0x00000000eab00000, 0x00000000ebf00000, 0x0000000100000000)
  eden space 15360K, 100% used [0x00000000eab00000,0x00000000eba00000,0x00000000eba00000)
  from space 2560K, 0% used [0x00000000ebc80000,0x00000000ebc80000,0x00000000ebf00000)
  to   space 2560K, 0% used [0x00000000eba00000,0x00000000eba00000,0x00000000ebc80000)
 ParOldGen       total 40960K, used 0K [0x00000000c0000000, 0x00000000c2800000, 0x00000000eab00000)
  object space 40960K, 0% used [0x00000000c0000000,0x00000000c0000000,0x00000000c2800000)
 Metaspace       used 5095K, capacity 6160K, committed 6272K, reserved 1056768K
  class space    used 559K, capacity 584K, committed 640K, reserved 1048576K
Event: 2.712 GC heap after
Heap after GC invocations=1 (full 0):
 PSYoungGen      total 17920K, used 2543K [0x00000000eab00000, 0x00000000ebf00000, 0x0000000100000000)
  eden space 15360K, 0% used [0x00000000eab00000,0x00000000eab00000,0x00000000eba00000)
  from space 2560K, 99% used [0x00000000eba00000,0x00000000ebc7bd68,0x00000000ebc80000)
  to   space 2560K, 0% used [0x00000000ebc80000,0x00000000ebc80000,0x00000000ebf00000)
 ParOldGen       total 40960K, used 113K [0x00000000c0000000, 0x00000000c2800000, 0x00000000eab00000)
  object space 40960K, 0% used [0x00000000c0000000,0x00000000c001c680,0x00000000c2800000)
 Metaspace       used 5095K, capacity 6160K, committed 6272K, reserved 1056768K
  class space    used 559K, capacity 584K, committed 640K, reserved 1048576K
}
Event: 29.519 GC heap before
{Heap before GC invocations=2 (full 0):
 PSYoungGen      total 17920K, used 17903K [0x00000000eab00000, 0x00000000ebf00000, 0x0000000100000000)
  eden space 15360K, 100% used [0x00000000eab00000,0x00000000eba00000,0x00000000eba00000)
  from space 2560K, 99% used [0x00000000eba00000,0x00000000ebc7bd68,0x00000000ebc80000)
  to   space 2560K, 0% used [0x00000000ebc80000,0x00000000ebc80000,0x00000000ebf00000)
 ParOldGen       total 40960K, used 113K [0x00000000c0000000, 0x00000000c2800000, 0x00000000eab00000)
  object space 40960K, 0% used [0x00000000c0000000,0x00000000c001c680,0x00000000c2800000)
 Metaspace       used 5759K, capacity 6768K, committed 7040K, reserved 1056768K
  class space    used 588K, capacity 616K, committed 640K, reserved 1048576K
Event: 29.546 GC heap after
Heap after GC invocations=2 (full 0):
 PSYoungGen      total 17920K, used 2538K [0x00000000eab00000, 0x00000000ebf00000, 0x0000000100000000)
  eden space 15360K, 0% used [0x00000000eab00000,0x00000000eab00000,0x00000000eba00000)
  from space 2560K, 99% used [0x00000000ebc80000,0x00000000ebefaab0,0x00000000ebf00000)
  to   space 2560K, 0% used [0x00000000eba00000,0x00000000eba00000,0x00000000ebc80000)
 ParOldGen       total 40960K, used 1700K [0x00000000c0000000, 0x00000000c2800000, 0x00000000eab00000)
  object space 40960K, 4% used [0x00000000c0000000,0x00000000c01a91d8,0x00000000c2800000)
 Metaspace       used 5759K, capacity 6768K, committed 7040K, reserved 1056768K
  class space    used 588K, capacity 616K, committed 640K, reserved 1048576K
}
Event: 30.684 GC heap before
{Heap before GC invocations=3 (full 0):
 PSYoungGen      total 17920K, used 17898K [0x00000000eab00000, 0x00000000ebf00000, 0x0000000100000000)
  eden space 15360K, 100% used [0x00000000eab00000,0x00000000eba00000,0x00000000eba00000)
  from space 2560K, 99% used [0x00000000ebc80000,0x00000000ebefaab0,0x00000000ebf00000)
  to   space 2560K, 0% used [0x00000000eba00000,0x00000000eba00000,0x00000000ebc80000)
 ParOldGen       total 40960K, used 1700K [0x00000000c0000000, 0x00000000c2800000, 0x00000000eab00000)
  object space 40960K, 4% used [0x00000000c0000000,0x00000000c01a91d8,0x00000000c2800000)
 Metaspace       used 5808K, capacity 6768K, committed 7040K, reserved 1056768K
  class space    used 588K, capacity 616K, committed 640K, reserved 1048576K
Event: 30.746 GC heap after
Heap after GC invocations=3 (full 0):
 PSYoungGen      total 17920K, used 2528K [0x00000000eab00000, 0x00000000ece00000, 0x0000000100000000)
  eden space 15360K, 0% used [0x00000000eab00000,0x00000000eab00000,0x00000000eba00000)
  from space 2560K, 98% used [0x00000000eba00000,0x00000000ebc78010,0x00000000ebc80000)
  to   space 2560K, 0% used [0x00000000ecb80000,0x00000000ecb80000,0x00000000ece00000)
 ParOldGen       total 40960K, used 4063K [0x00000000c0000000, 0x00000000c2800000, 0x00000000eab00000)
  object space 40960K, 9% used [0x00000000c0000000,0x00000000c03f7c58,0x00000000c2800000)
 Metaspace       used 5808K, capacity 6768K, committed 7040K, reserved 1056768K
  class space    used 588K, capacity 616K, committed 640K, reserved 1048576K
}
Event: 31.775 GC heap before
{Heap before GC invocations=4 (full 0):
 PSYoungGen      total 17920K, used 17888K [0x00000000eab00000, 0x00000000ece00000, 0x0000000100000000)
  eden space 15360K, 100% used [0x00000000eab00000,0x00000000eba00000,0x00000000eba00000)
  from space 2560K, 98% used [0x00000000eba00000,0x00000000ebc78010,0x00000000ebc80000)
  to   space 2560K, 0% used [0x00000000ecb80000,0x00000000ecb80000,0x00000000ece00000)
 ParOldGen       total 40960K, used 4063K [0x00000000c0000000, 0x00000000c2800000, 0x00000000eab00000)
  object space 40960K, 9% used [0x00000000c0000000,0x00000000c03f7c58,0x00000000c2800000)
 Metaspace       used 5825K, capacity 6832K, committed 7040K, reserved 1056768K
  class space    used 588K, capacity 616K, committed 640K, reserved 1048576K
Event: 31.902 GC heap after
Heap after GC invocations=4 (full 0):
 PSYoungGen      total 33280K, used 2544K [0x00000000eab00000, 0x00000000ece00000, 0x0000000100000000)
  eden space 30720K, 0% used [0x00000000eab00000,0x00000000eab00000,0x00000000ec900000)
  from space 2560K, 99% used [0x00000000ecb80000,0x00000000ecdfc020,0x00000000ece00000)
  to   space 2560K, 0% used [0x00000000ec900000,0x00000000ec900000,0x00000000ecb80000)
 ParOldGen       total 40960K, used 6845K [0x00000000c0000000, 0x00000000c2800000, 0x00000000eab00000)
  object space 40960K, 16% used [0x00000000c0000000,0x00000000c06af750,0x00000000c2800000)
 Metaspace       used 5825K, capacity 6832K, committed 7040K, reserved 1056768K
  class space    used 588K, capacity 616K, committed 640K, reserved 1048576K
}
Event: 39.649 GC heap before
{Heap before GC invocations=5 (full 0):
 PSYoungGen      total 33280K, used 33264K [0x00000000eab00000, 0x00000000ece00000, 0x0000000100000000)
  eden space 30720K, 100% used [0x00000000eab00000,0x00000000ec900000,0x00000000ec900000)
  from space 2560K, 99% used [0x00000000ecb80000,0x00000000ecdfc020,0x00000000ece00000)
  to   space 2560K, 0% used [0x00000000ec900000,0x00000000ec900000,0x00000000ecb80000)
 ParOldGen       total 40960K, used 6845K [0x00000000c0000000, 0x00000000c2800000, 0x00000000eab00000)
  object space 40960K, 16% used [0x00000000c0000000,0x00000000c06af750,0x00000000c2800000)
 Metaspace       used 5859K, capacity 6832K, committed 7040K, reserved 1056768K
  class space    used 588K, capacity 616K, committed 640K, reserved 1048576K

Deoptimization events (9 events):
Event: 1.934 Thread 0x00007f95fc00a000 Uncommon trap: reason=unstable_if action=reinterpret pc=0x00007f95ed146748 method=java.lang.String.indexOf(II)I @ 49
Event: 3.145 Thread 0x00007f95fc00a000 Uncommon trap: reason=class_check action=maybe_recompile pc=0x00007f95ed20b390 method=com.android.dx.ssa.NormalSsaInsn.accept(Lcom/android/dx/ssa/SsaInsn$Visitor;)V @ 9
Event: 3.145 Thread 0x00007f95fc00a000 Uncommon trap: reason=class_check action=maybe_recompile pc=0x00007f95ed20b390 method=com.android.dx.ssa.NormalSsaInsn.accept(Lcom/android/dx/ssa/SsaInsn$Visitor;)V @ 9
Event: 3.153 Thread 0x00007f95fc13e000 Uncommon trap: reason=class_check action=maybe_recompile pc=0x00007f95ed20b390 method=com.android.dx.ssa.NormalSsaInsn.accept(Lcom/android/dx/ssa/SsaInsn$Visitor;)V @ 9
Event: 3.153 Thread 0x00007f95fc13e000 Uncommon trap: reason=class_check action=maybe_recompile pc=0x00007f95ed20b390 method=com.android.dx.ssa.NormalSsaInsn.accept(Lcom/android/dx/ssa/SsaInsn$Visitor;)V @ 9
Event: 3.269 Thread 0x00007f95fc137000 Uncommon trap: reason=unstable_if action=reinterpret pc=0x00007f95ed1f25a4 method=java.util.HashMap.getNode(ILjava/lang/Object;)Ljava/util/HashMap$Node; @ 129
Event: 29.720 Thread 0x00007f95fc00a000 Uncommon trap: reason=unstable_if action=reinterpret pc=0x00007f95ed217744 method=java.util.HashMap.getNode(ILjava/lang/Object;)Ljava/util/HashMap$Node; @ 129
Event: 29.961 Thread 0x00007f95fc13e000 Uncommon trap: reason=unstable_if action=reinterpret pc=0x00007f95ed2c3e2c method=com.android.dx.rop.code.LocalItem.hashCode()I @ 25
Event: 39.528 Thread 0x00007f95fc13a800 Uncommon trap: reason=bimorphic action=maybe_recompile pc=0x00007f95ed2a9920 method=java.util.HashMap.getNode(ILjava/lang/Object;)Ljava/util/HashMap$Node; @ 126

Internal exceptions (2 events):
Event: 0.214 Thread 0x00007f95fc00a000 Exception <a 'java/lang/NoSuchMethodError': Method sun.misc.Unsafe.defineClass(Ljava/lang/String;[BII)Ljava/lang/Class; name or signature does not match> (0x00000000eab07cc0) thrown at [/HUDSON/workspace/8-2-build-linux-amd64/jdk8u91/6644/hotspot/src/shar
Event: 0.214 Thread 0x00007f95fc00a000 Exception <a 'java/lang/NoSuchMethodError': Method sun.misc.Unsafe.prefetchRead(Ljava/lang/Object;J)V name or signature does not match> (0x00000000eab07fa8) thrown at [/HUDSON/workspace/8-2-build-linux-amd64/jdk8u91/6644/hotspot/src/share/vm/prims/jni.cpp

Events (10 events):
Event: 30.673 Executing VM operation: ParallelGCFailedAllocation
Event: 30.747 Executing VM operation: ParallelGCFailedAllocation done
Event: 31.326 Executing VM operation: ParallelGCFailedAllocation
Event: 31.906 Executing VM operation: ParallelGCFailedAllocation done
Event: 39.004 loading class com/android/dx/rop/code/RegOps
Event: 39.004 loading class com/android/dx/rop/code/RegOps done
Event: 39.526 Thread 0x00007f95fc13a800 Uncommon trap: trap_request=0xffffffc6 fr.pc=0x00007f95ed2a9920
Event: 39.528 Thread 0x00007f95fc13a800 DEOPT PACKING pc=0x00007f95ed2a9920 sp=0x00007f95dfbf9fe0
Event: 39.531 Thread 0x00007f95fc13a800 DEOPT UNPACKING pc=0x00007f95ed005229 sp=0x00007f95dfbf9f80 mode 2
Event: 39.623 Executing VM operation: ParallelGCFailedAllocation


Dynamic libraries:
00400000-00401000 r-xp 00000000 08:02 6686124                            /usr/lib/jvm/java-8-oracle/bin/java
00600000-00601000 rw-p 00000000 08:02 6686124                            /usr/lib/jvm/java-8-oracle/bin/java
01800000-01821000 rw-p 00000000 00:00 0                                  [heap]
c0000000-c2800000 rw-p 00000000 00:00 0 
c2800000-eab00000 ---p 00000000 00:00 0 
eab00000-ece00000 rw-p 00000000 00:00 0 
ef700000-100000000 ---p 00000000 00:00 0 
100000000-1000a0000 rw-p 00000000 00:00 0 
1000a0000-140000000 ---p 00000000 00:00 0 
7f9598000000-7f9598030000 rw-p 00000000 00:00 0 
7f9598030000-7f959c000000 ---p 00000000 00:00 0 
7f95a0000000-7f95a0021000 rw-p 00000000 00:00 0 
7f95a0021000-7f95a4000000 ---p 00000000 00:00 0 
7f95a4000000-7f95a402c000 rw-p 00000000 00:00 0 
7f95a402c000-7f95a8000000 ---p 00000000 00:00 0 
7f95a8000000-7f95a8021000 rw-p 00000000 00:00 0 
7f95a8021000-7f95ac000000 ---p 00000000 00:00 0 
7f95ac000000-7f95ac021000 rw-p 00000000 00:00 0 
7f95ac021000-7f95b0000000 ---p 00000000 00:00 0 
7f95b0000000-7f95b0021000 rw-p 00000000 00:00 0 
7f95b0021000-7f95b4000000 ---p 00000000 00:00 0 
7f95b4000000-7f95b4021000 rw-p 00000000 00:00 0 
7f95b4021000-7f95b8000000 ---p 00000000 00:00 0 
7f95b8000000-7f95b83de000 rw-p 00000000 00:00 0 
7f95b83de000-7f95bc000000 ---p 00000000 00:00 0 
7f95bc000000-7f95bc506000 rw-p 00000000 00:00 0 
7f95bc506000-7f95c0000000 ---p 00000000 00:00 0 
7f95c0000000-7f95c0021000 rw-p 00000000 00:00 0 
7f95c0021000-7f95c4000000 ---p 00000000 00:00 0 
7f95c4000000-7f95c42fc000 rw-p 00000000 00:00 0 
7f95c42fc000-7f95c8000000 ---p 00000000 00:00 0 
7f95c8000000-7f95c8021000 rw-p 00000000 00:00 0 
7f95c8021000-7f95cc000000 ---p 00000000 00:00 0 
7f95cc000000-7f95cc021000 rw-p 00000000 00:00 0 
7f95cc021000-7f95d0000000 ---p 00000000 00:00 0 
7f95d0000000-7f95d0021000 rw-p 00000000 00:00 0 
7f95d0021000-7f95d4000000 ---p 00000000 00:00 0 
7f95d4000000-7f95d428c000 rw-p 00000000 00:00 0 
7f95d428c000-7f95d8000000 ---p 00000000 00:00 0 
7f95d8000000-7f95d8021000 rw-p 00000000 00:00 0 
7f95d8021000-7f95dc000000 ---p 00000000 00:00 0 
7f95df8f9000-7f95df8fc000 ---p 00000000 00:00 0 
7f95df8fc000-7f95df9fa000 rw-p 00000000 00:00 0                          [stack:15834]
7f95df9fa000-7f95df9fd000 ---p 00000000 00:00 0 
7f95df9fd000-7f95dfafb000 rw-p 00000000 00:00 0                          [stack:15833]
7f95dfafb000-7f95dfafe000 ---p 00000000 00:00 0 
7f95dfafe000-7f95dfbfc000 rw-p 00000000 00:00 0                          [stack:15832]
7f95dfbfc000-7f95dfbff000 ---p 00000000 00:00 0 
7f95dfbff000-7f95dfcfd000 rw-p 00000000 00:00 0                          [stack:15831]
7f95dfcfd000-7f95dfd00000 ---p 00000000 00:00 0 
7f95dfd00000-7f95dfdfe000 rw-p 00000000 00:00 0                          [stack:15830]
7f95dfdfe000-7f95dfdff000 ---p 00000000 00:00 0 
7f95dfdff000-7f95dfeff000 rw-p 00000000 00:00 0                          [stack:15828]
7f95dfeff000-7f95dff02000 ---p 00000000 00:00 0 
7f95dff02000-7f95e0000000 rw-p 00000000 00:00 0                          [stack:15827]
7f95e0000000-7f95e0021000 rw-p 00000000 00:00 0 
7f95e0021000-7f95e4000000 ---p 00000000 00:00 0 
7f95e400c000-7f95e400f000 ---p 00000000 00:00 0 
7f95e400f000-7f95e410d000 rw-p 00000000 00:00 0                          [stack:15826]
7f95e410d000-7f95e4110000 ---p 00000000 00:00 0 
7f95e4110000-7f95e420e000 rw-p 00000000 00:00 0                          [stack:15825]
7f95e420e000-7f95e4211000 ---p 00000000 00:00 0 
7f95e4211000-7f95e430f000 rw-p 00000000 00:00 0                          [stack:15824]
7f95e430f000-7f95e4312000 ---p 00000000 00:00 0 
7f95e4312000-7f95e4410000 rw-p 00000000 00:00 0                          [stack:15822]
7f95e4410000-7f95e4af3000 r--p 00000000 08:02 6691839                    /usr/lib/locale/locale-archive
7f95e4af3000-7f95e4af6000 ---p 00000000 00:00 0 
7f95e4af6000-7f95e4bf4000 rw-p 00000000 00:00 0                          [stack:15817]
7f95e4bf4000-7f95e4bf7000 ---p 00000000 00:00 0 
7f95e4bf7000-7f95e4cf5000 rw-p 00000000 00:00 0                          [stack:15816]
7f95e4cf5000-7f95e4cf6000 ---p 00000000 00:00 0 
7f95e4cf6000-7f95e5e40000 rw-p 00000000 00:00 0                          [stack:15815]
7f95e5e40000-7f95e6000000 ---p 00000000 00:00 0 
7f95e6000000-7f95e8000000 rw-p 00000000 00:00 0 
7f95e8000000-7f95e8021000 rw-p 00000000 00:00 0 
7f95e8021000-7f95ec000000 ---p 00000000 00:00 0 
7f95ec058000-7f95ec065000 r--s 00066000 08:02 4085719                    /home/yonatan/Etty/programing/androidAdvanced/FinalProject/LocationsApp/app/build/intermediates/exploded-aar/com.google.android.gms/play-services-drive/8.4.0/jars/classes.jar
7f95ec065000-7f95ec5ac000 rw-p 00000000 00:00 0 
7f95ec5ac000-7f95ec785000 r--s 03d1f000 08:02 6706386                    /usr/lib/jvm/java-8-oracle/jre/lib/rt.jar
7f95ec785000-7f95ec9fb000 rw-p 00000000 00:00 0 
7f95ec9fb000-7f95ec9fc000 ---p 00000000 00:00 0 
7f95ec9fc000-7f95ecafc000 rw-p 00000000 00:00 0                          [stack:15814]
7f95ecafc000-7f95ecafd000 ---p 00000000 00:00 0 
7f95ecafd000-7f95ecbfd000 rw-p 00000000 00:00 0                          [stack:15813]
7f95ecbfd000-7f95ecbfe000 ---p 00000000 00:00 0 
7f95ecbfe000-7f95eccfe000 rw-p 00000000 00:00 0                          [stack:15812]
7f95eccfe000-7f95eccff000 ---p 00000000 00:00 0 
7f95eccff000-7f95ece13000 rw-p 00000000 00:00 0                          [stack:15811]
7f95ece13000-7f95ecf54000 ---p 00000000 00:00 0 
7f95ecf54000-7f95ecf66000 rw-p 00000000 00:00 0 
7f95ecf66000-7f95ecfff000 ---p 00000000 00:00 0 
7f95ecfff000-7f95ed000000 rw-p 00000000 00:00 0 
7f95ed000000-7f95ed3d0000 rwxp 00000000 00:00 0 
7f95ed3d0000-7f95fc000000 ---p 00000000 00:00 0 
7f95fc000000-7f95fc38d000 rw-p 00000000 00:00 0 
7f95fc38d000-7f9600000000 ---p 00000000 00:00 0 
7f9600003000-7f9600012000 r--s 000df000 08:02 3824912                    /home/yonatan/Android/Sdk/build-tools/23.0.2/lib/dx.jar
7f9600012000-7f9600089000 rw-p 00000000 00:00 0 
7f9600089000-7f96001cb000 ---p 00000000 00:00 0 
7f96001cb000-7f96001db000 rw-p 00000000 00:00 0 
7f96001db000-7f960058b000 ---p 00000000 00:00 0 
7f960058b000-7f96005a5000 r-xp 00000000 08:02 6706420                    /usr/lib/jvm/java-8-oracle/jre/lib/amd64/libzip.so
7f96005a5000-7f96007a5000 ---p 0001a000 08:02 6706420                    /usr/lib/jvm/java-8-oracle/jre/lib/amd64/libzip.so
7f96007a5000-7f96007a6000 rw-p 0001a000 08:02 6706420                    /usr/lib/jvm/java-8-oracle/jre/lib/amd64/libzip.so
7f96007a6000-7f96007b1000 r-xp 00000000 08:02 4353546                    /lib/x86_64-linux-gnu/libnss_files-2.19.so
7f96007b1000-7f96009b0000 ---p 0000b000 08:02 4353546                    /lib/x86_64-linux-gnu/libnss_files-2.19.so
7f96009b0000-7f96009b1000 r--p 0000a000 08:02 4353546                    /lib/x86_64-linux-gnu/libnss_files-2.19.so
7f96009b1000-7f96009b2000 rw-p 0000b000 08:02 4353546                    /lib/x86_64-linux-gnu/libnss_files-2.19.so
7f96009b2000-7f96009bd000 r-xp 00000000 08:02 4353538                    /lib/x86_64-linux-gnu/libnss_nis-2.19.so
7f96009bd000-7f9600bbc000 ---p 0000b000 08:02 4353538                    /lib/x86_64-linux-gnu/libnss_nis-2.19.so
7f9600bbc000-7f9600bbd000 r--p 0000a000 08:02 4353538                    /lib/x86_64-linux-gnu/libnss_nis-2.19.so
7f9600bbd000-7f9600bbe000 rw-p 0000b000 08:02 4353538                    /lib/x86_64-linux-gnu/libnss_nis-2.19.so
7f9600bbe000-7f9600bd5000 r-xp 00000000 08:02 4353534                    /lib/x86_64-linux-gnu/libnsl-2.19.so
7f9600bd5000-7f9600dd4000 ---p 00017000 08:02 4353534                    /lib/x86_64-linux-gnu/libnsl-2.19.so
7f9600dd4000-7f9600dd5000 r--p 00016000 08:02 4353534                    /lib/x86_64-linux-gnu/libnsl-2.19.so
7f9600dd5000-7f9600dd6000 rw-p 00017000 08:02 4353534                    /lib/x86_64-linux-gnu/libnsl-2.19.so
7f9600dd6000-7f9600dd8000 rw-p 00000000 00:00 0 
7f9600dd8000-7f9600de1000 r-xp 00000000 08:02 4353533                    /lib/x86_64-linux-gnu/libnss_compat-2.19.so
7f9600de1000-7f9600fe0000 ---p 00009000 08:02 4353533                    /lib/x86_64-linux-gnu/libnss_compat-2.19.so
7f9600fe0000-7f9600fe1000 r--p 00008000 08:02 4353533                    /lib/x86_64-linux-gnu/libnss_compat-2.19.so
7f9600fe1000-7f9600fe2000 rw-p 00009000 08:02 4353533                    /lib/x86_64-linux-gnu/libnss_compat-2.19.so
7f9600fe2000-7f960100c000 r-xp 00000000 08:02 6706397                    /usr/lib/jvm/java-8-oracle/jre/lib/amd64/libjava.so
7f960100c000-7f960120c000 ---p 0002a000 08:02 6706397                    /usr/lib/jvm/java-8-oracle/jre/lib/amd64/libjava.so
7f960120c000-7f960120e000 rw-p 0002a000 08:02 6706397                    /usr/lib/jvm/java-8-oracle/jre/lib/amd64/libjava.so
7f960120e000-7f960121b000 r-xp 00000000 08:02 6706408                    /usr/lib/jvm/java-8-oracle/jre/lib/amd64/libverify.so
7f960121b000-7f960141b000 ---p 0000d000 08:02 6706408                    /usr/lib/jvm/java-8-oracle/jre/lib/amd64/libverify.so
7f960141b000-7f960141d000 rw-p 0000d000 08:02 6706408                    /usr/lib/jvm/java-8-oracle/jre/lib/amd64/libverify.so
7f960141d000-7f9601424000 r-xp 00000000 08:02 4353542                    /lib/x86_64-linux-gnu/librt-2.19.so
7f9601424000-7f9601623000 ---p 00007000 08:02 4353542                    /lib/x86_64-linux-gnu/librt-2.19.so
7f9601623000-7f9601624000 r--p 00006000 08:02 4353542                    /lib/x86_64-linux-gnu/librt-2.19.so
7f9601624000-7f9601625000 rw-p 00007000 08:02 4353542                    /lib/x86_64-linux-gnu/librt-2.19.so
7f9601625000-7f960172a000 r-xp 00000000 08:02 4353528                    /lib/x86_64-linux-gnu/libm-2.19.so
7f960172a000-7f9601929000 ---p 00105000 08:02 4353528                    /lib/x86_64-linux-gnu/libm-2.19.so
7f9601929000-7f960192a000 r--p 00104000 08:02 4353528                    /lib/x86_64-linux-gnu/libm-2.19.so
7f960192a000-7f960192b000 rw-p 00105000 08:02 4353528                    /lib/x86_64-linux-gnu/libm-2.19.so
7f960192b000-7f96025eb000 r-xp 00000000 08:02 6706410                    /usr/lib/jvm/java-8-oracle/jre/lib/amd64/server/libjvm.so
7f96025eb000-7f96027eb000 ---p 00cc0000 08:02 6706410                    /usr/lib/jvm/java-8-oracle/jre/lib/amd64/server/libjvm.so
7f96027eb000-7f96028c3000 rw-p 00cc0000 08:02 6706410                    /usr/lib/jvm/java-8-oracle/jre/lib/amd64/server/libjvm.so
7f96028c3000-7f960290e000 rw-p 00000000 00:00 0 
7f960290e000-7f9602ac9000 r-xp 00000000 08:02 4353543                    /lib/x86_64-linux-gnu/libc-2.19.so
7f9602ac9000-7f9602cc8000 ---p 001bb000 08:02 4353543                    /lib/x86_64-linux-gnu/libc-2.19.so
7f9602cc8000-7f9602ccc000 r--p 001ba000 08:02 4353543                    /lib/x86_64-linux-gnu/libc-2.19.so
7f9602ccc000-7f9602cce000 rw-p 001be000 08:02 4353543                    /lib/x86_64-linux-gnu/libc-2.19.so
7f9602cce000-7f9602cd3000 rw-p 00000000 00:00 0 
7f9602cd3000-7f9602cd6000 r-xp 00000000 08:02 4353530                    /lib/x86_64-linux-gnu/libdl-2.19.so
7f9602cd6000-7f9602ed5000 ---p 00003000 08:02 4353530                    /lib/x86_64-linux-gnu/libdl-2.19.so
7f9602ed5000-7f9602ed6000 r--p 00002000 08:02 4353530                    /lib/x86_64-linux-gnu/libdl-2.19.so
7f9602ed6000-7f9602ed7000 rw-p 00003000 08:02 4353530                    /lib/x86_64-linux-gnu/libdl-2.19.so
7f9602ed7000-7f9602eec000 r-xp 00000000 08:02 6728016                    /usr/lib/jvm/java-8-oracle/lib/amd64/jli/libjli.so
7f9602eec000-7f96030ec000 ---p 00015000 08:02 6728016                    /usr/lib/jvm/java-8-oracle/lib/amd64/jli/libjli.so
7f96030ec000-7f96030ed000 rw-p 00015000 08:02 6728016                    /usr/lib/jvm/java-8-oracle/lib/amd64/jli/libjli.so
7f96030ed000-7f9603106000 r-xp 00000000 08:02 4353535                    /lib/x86_64-linux-gnu/libpthread-2.19.so
7f9603106000-7f9603305000 ---p 00019000 08:02 4353535                    /lib/x86_64-linux-gnu/libpthread-2.19.so
7f9603305000-7f9603306000 r--p 00018000 08:02 4353535                    /lib/x86_64-linux-gnu/libpthread-2.19.so
7f9603306000-7f9603307000 rw-p 00019000 08:02 4353535                    /lib/x86_64-linux-gnu/libpthread-2.19.so
7f9603307000-7f960330b000 rw-p 00000000 00:00 0 
7f960330b000-7f960332e000 r-xp 00000000 08:02 4353536                    /lib/x86_64-linux-gnu/ld-2.19.so
7f9603335000-7f9603407000 rw-p 00000000 00:00 0 
7f9603407000-7f960340a000 ---p 00000000 00:00 0 
7f960340a000-7f9603521000 rw-p 00000000 00:00 0                          [stack:15808]
7f9603521000-7f9603529000 rw-s 00000000 08:02 1976039                    /tmp/hsperfdata_yonatan/15806
7f9603529000-7f960352a000 rw-p 00000000 00:00 0 
7f960352a000-7f960352b000 ---p 00000000 00:00 0 
7f960352b000-7f960352d000 rw-p 00000000 00:00 0 
7f960352d000-7f960352e000 r--p 00022000 08:02 4353536                    /lib/x86_64-linux-gnu/ld-2.19.so
7f960352e000-7f960352f000 rw-p 00023000 08:02 4353536                    /lib/x86_64-linux-gnu/ld-2.19.so
7f960352f000-7f9603530000 rw-p 00000000 00:00 0 
7ffffc1eb000-7ffffc20c000 rw-p 00000000 00:00 0                          [stack]
7ffffc25e000-7ffffc260000 r-xp 00000000 00:00 0                          [vdso]
7ffffc260000-7ffffc262000 r--p 00000000 00:00 0                          [vvar]
ffffffffff600000-ffffffffff601000 r-xp 00000000 00:00 0                  [vsyscall]

VM Arguments:
jvm_args: -Djava.awt.headless=true -Xmx1024M -Dfile.encoding=UTF-8 -Duser.country=US -Duser.language=en -Duser.variant 
java_command: com.android.dx.command.Main --dex --num-threads=4 --output /home/yonatan/Etty/programing/androidAdvanced/FinalProject/LocationsApp/app/build/intermediates/pre-dexed/debug/com.google.android.gms-play-services-drive-8.4.0_7aba24af880354b38db93bdff1b97c8fc87d0dfb.jar /home/yonatan/Etty/programing/androidAdvanced/FinalProject/LocationsApp/app/build/intermediates/exploded-aar/com.google.android.gms/play-services-drive/8.4.0/jars/classes.jar
java_class_path (initial): /home/yonatan/Android/Sdk/build-tools/23.0.2/lib/dx.jar
Launcher Type: SUN_STANDARD

Environment Variables:
JAVA_HOME=/usr/lib/jvm/java-8-oracle
PATH=/usr/local/sbin:/usr/local/bin:/usr/sbin:/usr/bin:/sbin:/bin:/usr/games:/usr/local/games:/usr/lib/jvm/java-8-oracle/bin:/usr/lib/jvm/java-8-oracle/db/bin:/usr/lib/jvm/java-8-oracle/jre/bin
SHELL=/bin/bash
DISPLAY=:0

Signal Handlers:
SIGSEGV: [libjvm.so+0xabca10], sa_mask[0]=11111111011111111101111111111110, sa_flags=SA_RESTART|SA_SIGINFO
SIGBUS: [libjvm.so+0xabca10], sa_mask[0]=11111111011111111101111111111110, sa_flags=SA_RESTART|SA_SIGINFO
SIGFPE: [libjvm.so+0x919a20], sa_mask[0]=11111111011111111101111111111110, sa_flags=SA_RESTART|SA_SIGINFO
SIGPIPE: [libjvm.so+0x919a20], sa_mask[0]=11111111011111111101111111111110, sa_flags=SA_RESTART|SA_SIGINFO
SIGXFSZ: [libjvm.so+0x919a20], sa_mask[0]=11111111011111111101111111111110, sa_flags=SA_RESTART|SA_SIGINFO
SIGILL: [libjvm.so+0x919a20], sa_mask[0]=11111111011111111101111111111110, sa_flags=SA_RESTART|SA_SIGINFO
SIGUSR1: SIG_DFL, sa_mask[0]=00000000000000000000000000000000, sa_flags=none
SIGUSR2: [libjvm.so+0x91b050], sa_mask[0]=00100000000000000000000000000000, sa_flags=SA_RESTART|SA_SIGINFO
SIGHUP: [libjvm.so+0x91c450], sa_mask[0]=11111111011111111101111111111110, sa_flags=SA_RESTART|SA_SIGINFO
SIGINT: [libjvm.so+0x91c450], sa_mask[0]=11111111011111111101111111111110, sa_flags=SA_RESTART|SA_SIGINFO
SIGTERM: [libjvm.so+0x91c450], sa_mask[0]=11111111011111111101111111111110, sa_flags=SA_RESTART|SA_SIGINFO
SIGQUIT: [libjvm.so+0x91c450], sa_mask[0]=11111111011111111101111111111110, sa_flags=SA_RESTART|SA_SIGINFO


---------------  S Y S T E M  ---------------

OS:DISTRIB_ID=Ubuntu
DISTRIB_RELEASE=14.04
DISTRIB_CODENAME=trusty
DISTRIB_DESCRIPTION="Ubuntu 14.04.4 LTS"

uname:Linux 3.16.0-70-generic #90~14.04.1-Ubuntu SMP Wed Apr 6 22:56:34 UTC 2016 x86_64
libc:glibc 2.19 NPTL 2.19 
rlimit: STACK 8192k, CORE 0k, NPROC 14573, NOFILE 4096, AS infinity
load average:33.47 18.00 9.31

/proc/meminfo:
MemTotal:        3931368 kB
MemFree:          127436 kB
MemAvailable:      97472 kB
Buffers:            1060 kB
Cached:           285568 kB
SwapCached:        14496 kB
Active:          2688084 kB
Inactive:         857004 kB
Active(anon):    2653372 kB
Inactive(anon):   824176 kB
Active(file):      34712 kB
Inactive(file):    32828 kB
Unevictable:          48 kB
Mlocked:              48 kB
SwapTotal:       4077564 kB
SwapFree:         140416 kB
Dirty:                36 kB
Writeback:           904 kB
AnonPages:       3245212 kB
Mapped:            63636 kB
Shmem:            217988 kB
Slab:              88740 kB
SReclaimable:      41464 kB
SUnreclaim:        47276 kB
KernelStack:       15664 kB
PageTables:        77928 kB
NFS_Unstable:          0 kB
Bounce:                0 kB
WritebackTmp:          0 kB
CommitLimit:     6043248 kB
Committed_AS:   17103700 kB
VmallocTotal:   34359738367 kB
VmallocUsed:      356248 kB
VmallocChunk:   34359334032 kB
HardwareCorrupted:     0 kB
AnonHugePages:    851968 kB
HugePages_Total:       0
HugePages_Free:        0
HugePages_Rsvd:        0
HugePages_Surp:        0
Hugepagesize:       2048 kB
DirectMap4k:       92528 kB
DirectMap2M:     3985408 kB


CPU:total 4 (2 cores per cpu, 2 threads per core) family 6 model 58 stepping 9, cmov, cx8, fxsr, mmx, sse, sse2, sse3, ssse3, sse4.1, sse4.2, popcnt, avx, aes, clmul, erms, ht, tsc, tscinvbit, tscinv

/proc/cpuinfo:
processor	: 0
vendor_id	: GenuineIntel
cpu family	: 6
model		: 58
model name	: Intel(R) Core(TM) i5-3317U CPU @ 1.70GHz
stepping	: 9
microcode	: 0x12
cpu MHz		: 2399.988
cache size	: 3072 KB
physical id	: 0
siblings	: 4
core id		: 0
cpu cores	: 2
apicid		: 0
initial apicid	: 0
fpu		: yes
fpu_exception	: yes
cpuid level	: 13
wp		: yes
flags		: fpu vme de pse tsc msr pae mce cx8 apic sep mtrr pge mca cmov pat pse36 clflush dts acpi mmx fxsr sse sse2 ss ht tm pbe syscall nx rdtscp lm constant_tsc arch_perfmon pebs bts rep_good nopl xtopology nonstop_tsc aperfmperf eagerfpu pni pclmulqdq dtes64 monitor ds_cpl vmx est tm2 ssse3 cx16 xtpr pdcm pcid sse4_1 sse4_2 x2apic popcnt tsc_deadline_timer aes xsave avx f16c rdrand lahf_lm ida arat epb xsaveopt pln pts dtherm tpr_shadow vnmi flexpriority ept vpid fsgsbase smep erms
bogomips	: 3392.17
clflush size	: 64
cache_alignment	: 64
address sizes	: 36 bits physical, 48 bits virtual
power management:

processor	: 1
vendor_id	: GenuineIntel
cpu family	: 6
model		: 58
model name	: Intel(R) Core(TM) i5-3317U CPU @ 1.70GHz
stepping	: 9
microcode	: 0x12
cpu MHz		: 2399.988
cache size	: 3072 KB
physical id	: 0
siblings	: 4
core id		: 1
cpu cores	: 2
apicid		: 2
initial apicid	: 2
fpu		: yes
fpu_exception	: yes
cpuid level	: 13
wp		: yes
flags		: fpu vme de pse tsc msr pae mce cx8 apic sep mtrr pge mca cmov pat pse36 clflush dts acpi mmx fxsr sse sse2 ss ht tm pbe syscall nx rdtscp lm constant_tsc arch_perfmon pebs bts rep_good nopl xtopology nonstop_tsc aperfmperf eagerfpu pni pclmulqdq dtes64 monitor ds_cpl vmx est tm2 ssse3 cx16 xtpr pdcm pcid sse4_1 sse4_2 x2apic popcnt tsc_deadline_timer aes xsave avx f16c rdrand lahf_lm ida arat epb xsaveopt pln pts dtherm tpr_shadow vnmi flexpriority ept vpid fsgsbase smep erms
bogomips	: 3392.17
clflush size	: 64
cache_alignment	: 64
address sizes	: 36 bits physical, 48 bits virtual
power management:

processor	: 2
vendor_id	: GenuineIntel
cpu family	: 6
model		: 58
model name	: Intel(R) Core(TM) i5-3317U CPU @ 1.70GHz
stepping	: 9
microcode	: 0x12
cpu MHz		: 2399.988
cache size	: 3072 KB
physical id	: 0
siblings	: 4
core id		: 0
cpu cores	: 2
apicid		: 1
initial apicid	: 1
fpu		: yes
fpu_exception	: yes
cpuid level	: 13
wp		: yes
flags		: fpu vme de pse tsc msr pae mce cx8 apic sep mtrr pge mca cmov pat pse36 clflush dts acpi mmx fxsr sse sse2 ss ht tm pbe syscall nx rdtscp lm constant_tsc arch_perfmon pebs bts rep_good nopl xtopology nonstop_tsc aperfmperf eagerfpu pni pclmulqdq dtes64 monitor ds_cpl vmx est tm2 ssse3 cx16 xtpr pdcm pcid sse4_1 sse4_2 x2apic popcnt tsc_deadline_timer aes xsave avx f16c rdrand lahf_lm ida arat epb xsaveopt pln pts dtherm tpr_shadow vnmi flexpriority ept vpid fsgsbase smep erms
bogomips	: 3392.17
clflush size	: 64
cache_alignment	: 64
address sizes	: 36 bits physical, 48 bits virtual
power management:

processor	: 3
vendor_id	: GenuineIntel
cpu family	: 6
model		: 58
model name	: Intel(R) Core(TM) i5-3317U CPU @ 1.70GHz
stepping	: 9
microcode	: 0x12
cpu MHz		: 2399.988
cache size	: 3072 KB
physical id	: 0
siblings	: 4
core id		: 1
cpu cores	: 2
apicid		: 3
initial apicid	: 3
fpu		: yes
fpu_exception	: yes
cpuid level	: 13
wp		: yes
flags		: fpu vme de pse tsc msr pae mce cx8 apic sep mtrr pge mca cmov pat pse36 clflush dts acpi mmx fxsr sse sse2 ss ht tm pbe syscall nx rdtscp lm constant_tsc arch_perfmon pebs bts rep_good nopl xtopology nonstop_tsc aperfmperf eagerfpu pni pclmulqdq dtes64 monitor ds_cpl vmx est tm2 ssse3 cx16 xtpr pdcm pcid sse4_1 sse4_2 x2apic popcnt tsc_deadline_timer aes xsave avx f16c rdrand lahf_lm ida arat epb xsaveopt pln pts dtherm tpr_shadow vnmi flexpriority ept vpid fsgsbase smep erms
bogomips	: 3392.17
clflush size	: 64
cache_alignment	: 64
address sizes	: 36 bits physical, 48 bits virtual
power management:



Memory: 4k page, physical 3931368k(127876k free), swap 4077564k(139280k free)

vm_info: Java HotSpot(TM) 64-Bit Server VM (25.91-b14) for linux-amd64 JRE (1.8.0_91-b14), built on Apr  1 2016 00:57:21 by "java_re" with gcc 4.3.0 20080428 (Red Hat 4.3.0-8)

time: Sat Apr 30 21:24:15 2016
elapsed time: 52 seconds (0d 0h 0m 52s)

