#
# There is insufficient memory for the Java Runtime Environment to continue.
# Native memory allocation (mmap) failed to map 42991616 bytes for committing reserved memory.
# Possible reasons:
#   The system is out of physical RAM or swap space
#   In 32 bit mode, the process size limit was hit
# Possible solutions:
#   Reduce memory load on the system
#   Increase physical memory or swap space
#   Check if swap backing store is full
#   Use 64 bit Java on a 64 bit OS
#   Decrease Java heap size (-Xmx/-Xms)
#   Decrease number of Java threads
#   Decrease Java thread stack sizes (-Xss)
#   Set larger code cache with -XX:ReservedCodeCacheSize=
# This output file may be truncated or incomplete.
#
#  Out of Memory Error (os_linux.cpp:2627), pid=18134, tid=139750376703744
#
# JRE version: Java(TM) SE Runtime Environment (8.0_91-b14) (build 1.8.0_91-b14)
# Java VM: Java HotSpot(TM) 64-Bit Server VM (25.91-b14 mixed mode linux-amd64 compressed oops)
# Failed to write core dump. Core dumps have been disabled. To enable core dumping, try "ulimit -c unlimited" before starting Java again
#

---------------  T H R E A D  ---------------

Current thread (0x00007f1a4c078000):  VMThread [stack: 0x00007f1a2b7f8000,0x00007f1a2b8f9000] [id=18143]

Stack: [0x00007f1a2b7f8000,0x00007f1a2b8f9000],  sp=0x00007f1a2b8f71e0,  free space=1020k
Native frames: (J=compiled Java code, j=interpreted, Vv=VM code, C=native code)
V  [libjvm.so+0xabc18a]  VMError::report_and_die()+0x2ba
V  [libjvm.so+0x4fafeb]  report_vm_out_of_memory(char const*, int, unsigned long, VMErrorType, char const*)+0x8b
V  [libjvm.so+0x91cbb3]  os::Linux::commit_memory_impl(char*, unsigned long, bool)+0x103
V  [libjvm.so+0x91d109]  os::pd_commit_memory(char*, unsigned long, unsigned long, bool)+0x29
V  [libjvm.so+0x91740a]  os::commit_memory(char*, unsigned long, unsigned long, bool)+0x2a
V  [libjvm.so+0x98b033]  PSVirtualSpace::expand_by(unsigned long)+0x53
V  [libjvm.so+0x98c438]  PSYoungGen::resize_generation(unsigned long, unsigned long)+0xf8
V  [libjvm.so+0x98b592]  PSYoungGen::resize(unsigned long, unsigned long)+0x22
V  [libjvm.so+0x98886b]  PSScavenge::invoke_no_policy()+0xf3b
V  [libjvm.so+0x988ff1]  PSScavenge::invoke()+0x41
V  [libjvm.so+0x9408b0]  ParallelScavengeHeap::failed_mem_allocate(unsigned long)+0x70
V  [libjvm.so+0xabdba7]  VM_ParallelGCFailedAllocation::doit()+0x97
V  [libjvm.so+0xac55d5]  VM_Operation::evaluate()+0x55
V  [libjvm.so+0xac39aa]  VMThread::evaluate_operation(VM_Operation*)+0xba
V  [libjvm.so+0xac3d2e]  VMThread::loop()+0x1ce
V  [libjvm.so+0xac41a0]  VMThread::run()+0x70
V  [libjvm.so+0x91ef78]  java_start(Thread*)+0x108

VM_Operation (0x00007f1a2a506a20): ParallelGCFailedAllocation, mode: safepoint, requested by thread 0x00007f1a4c149000


---------------  P R O C E S S  ---------------

Java Threads: ( => current thread )
  0x00007f1a4c149000 JavaThread "pool-1-thread-4" [_thread_blocked, id=18176, stack(0x00007f1a2a408000,0x00007f1a2a509000)]
  0x00007f1a4c145800 JavaThread "pool-1-thread-3" [_thread_blocked, id=18175, stack(0x00007f1a2a509000,0x00007f1a2a60a000)]
  0x00007f1a4c143800 JavaThread "pool-1-thread-2" [_thread_blocked, id=18174, stack(0x00007f1a2a60a000,0x00007f1a2a70b000)]
  0x00007f1a4c142800 JavaThread "pool-2-thread-1" [_thread_blocked, id=18173, stack(0x00007f1a2a70b000,0x00007f1a2a80c000)]
  0x00007f1a4c140000 JavaThread "pool-1-thread-1" [_thread_blocked, id=18172, stack(0x00007f1a2a80c000,0x00007f1a2a90d000)]
  0x00007f1a4c0c1800 JavaThread "Service Thread" daemon [_thread_blocked, id=18156, stack(0x00007f1a2aa0e000,0x00007f1a2ab0f000)]
  0x00007f1a4c0be800 JavaThread "C1 CompilerThread2" daemon [_thread_blocked, id=18152, stack(0x00007f1a2ab0f000,0x00007f1a2ac10000)]
  0x00007f1a4c0bd000 JavaThread "C2 CompilerThread1" daemon [_thread_blocked, id=18151, stack(0x00007f1a2ac10000,0x00007f1a2ad11000)]
  0x00007f1a4c0ba000 JavaThread "C2 CompilerThread0" daemon [_thread_blocked, id=18149, stack(0x00007f1a2ad11000,0x00007f1a2ae12000)]
  0x00007f1a4c0b8800 JavaThread "Signal Dispatcher" daemon [_thread_blocked, id=18147, stack(0x00007f1a2ae12000,0x00007f1a2af13000)]
  0x00007f1a4c084000 JavaThread "Finalizer" daemon [_thread_blocked, id=18145, stack(0x00007f1a2b5f6000,0x00007f1a2b6f7000)]
  0x00007f1a4c07f800 JavaThread "Reference Handler" daemon [_thread_blocked, id=18144, stack(0x00007f1a2b6f7000,0x00007f1a2b7f8000)]
  0x00007f1a4c00a000 JavaThread "main" [_thread_blocked, id=18138, stack(0x00007f1a51f29000,0x00007f1a5202a000)]

Other Threads:
=>0x00007f1a4c078000 VMThread [stack: 0x00007f1a2b7f8000,0x00007f1a2b8f9000] [id=18143]
  0x00007f1a4c0c4800 WatcherThread [stack: 0x00007f1a2a90d000,0x00007f1a2aa0e000] [id=18157]

VM state:at safepoint (normal execution)

VM Mutex/Monitor currently owned by a thread:  ([mutex/lock_event])
[0x00007f1a4c006590] Threads_lock - owner thread: 0x00007f1a4c078000
[0x00007f1a4c006a90] Heap_lock - owner thread: 0x00007f1a4c149000

Heap:
 PSYoungGen      total 33280K, used 2538K [0x00000000eab00000, 0x00000000ece00000, 0x0000000100000000)
  eden space 30720K, 0% used [0x00000000eab00000,0x00000000eab00000,0x00000000ec900000)
  from space 2560K, 99% used [0x00000000ec900000,0x00000000ecb7ab50,0x00000000ecb80000)
  to   space 2560K, 0% used [0x00000000ecb80000,0x00000000ecb80000,0x00000000ece00000)
 ParOldGen       total 40960K, used 11563K [0x00000000c0000000, 0x00000000c2800000, 0x00000000eab00000)
  object space 40960K, 28% used [0x00000000c0000000,0x00000000c0b4acf8,0x00000000c2800000)
 Metaspace       used 5832K, capacity 6832K, committed 7040K, reserved 1056768K
  class space    used 592K, capacity 616K, committed 640K, reserved 1048576K

Card table byte_map: [0x00007f1a3b9a5000,0x00007f1a3bba6000] byte_map_base: 0x00007f1a3b3a5000

Marking Bits: (ParMarkBitMap*) 0x00007f1a51403d60
 Begin Bits: [0x00007f1a3954c000, 0x00007f1a3a54c000)
 End Bits:   [0x00007f1a3a54c000, 0x00007f1a3b54c000)

Polling page: 0x00007f1a5204c000

CodeCache: size=245760Kb used=3508Kb max_used=3520Kb free=242251Kb
 bounds [0x00007f1a3bf66000, 0x00007f1a3c2e6000, 0x00007f1a4af66000]
 total_blobs=1254 nmethods=986 adapters=182
 compilation: enabled

Compilation events (10 events):
Event: 69.913 Thread 0x00007f1a4c0ba000 nmethod 1181 0x00007f1a3c2bda50 code [0x00007f1a3c2bdba0, 0x00007f1a3c2bdcf8]
Event: 69.913 Thread 0x00007f1a4c0ba000 1204       4       java.util.Collections$UnmodifiableCollection$1::next (10 bytes)
Event: 69.919 Thread 0x00007f1a4c0ba000 nmethod 1204 0x00007f1a3c2c0950 code [0x00007f1a3c2c0ac0, 0x00007f1a3c2c0c68]
Event: 69.919 Thread 0x00007f1a4c0ba000 1230       4       com.android.dx.dex.code.CodeAddress::<init> (7 bytes)
Event: 69.921 Thread 0x00007f1a4c0ba000 nmethod 1230 0x00007f1a3c2cf710 code [0x00007f1a3c2cf860, 0x00007f1a3c2cf918]
Event: 69.921 Thread 0x00007f1a4c0ba000 1182       4       com.android.dx.ssa.SsaMethod::updateOneDefinition (70 bytes)
Event: 69.954 Thread 0x00007f1a4c0be800 nmethod 1226% 0x00007f1a3c2d5890 code [0x00007f1a3c2d5ba0, 0x00007f1a3c2d7a48]
Event: 69.954 Thread 0x00007f1a4c0be800 1223 %     3       com.android.dx.rop.code.LocalVariableExtractor::processBlock @ 68 (327 bytes)
Event: 69.957 Thread 0x00007f1a4c0ba000 nmethod 1182 0x00007f1a3c2c0590 code [0x00007f1a3c2c06e0, 0x00007f1a3c2c0818]
Event: 69.957 Thread 0x00007f1a4c0ba000 1232       4       com.android.dx.ssa.SsaBasicBlock::getCountPhiInsns (45 bytes)

GC Heap History (9 events):
Event: 3.089 GC heap before
{Heap before GC invocations=1 (full 0):
 PSYoungGen      total 17920K, used 15360K [0x00000000eab00000, 0x00000000ebf00000, 0x0000000100000000)
  eden space 15360K, 100% used [0x00000000eab00000,0x00000000eba00000,0x00000000eba00000)
  from space 2560K, 0% used [0x00000000ebc80000,0x00000000ebc80000,0x00000000ebf00000)
  to   space 2560K, 0% used [0x00000000eba00000,0x00000000eba00000,0x00000000ebc80000)
 ParOldGen       total 40960K, used 0K [0x00000000c0000000, 0x00000000c2800000, 0x00000000eab00000)
  object space 40960K, 0% used [0x00000000c0000000,0x00000000c0000000,0x00000000c2800000)
 Metaspace       used 5143K, capacity 6224K, committed 6528K, reserved 1056768K
  class space    used 563K, capacity 584K, committed 640K, reserved 1048576K
Event: 3.116 GC heap after
Heap after GC invocations=1 (full 0):
 PSYoungGen      total 17920K, used 2534K [0x00000000eab00000, 0x00000000ebf00000, 0x0000000100000000)
  eden space 15360K, 0% used [0x00000000eab00000,0x00000000eab00000,0x00000000eba00000)
  from space 2560K, 99% used [0x00000000eba00000,0x00000000ebc79a48,0x00000000ebc80000)
  to   space 2560K, 0% used [0x00000000ebc80000,0x00000000ebc80000,0x00000000ebf00000)
 ParOldGen       total 40960K, used 260K [0x00000000c0000000, 0x00000000c2800000, 0x00000000eab00000)
  object space 40960K, 0% used [0x00000000c0000000,0x00000000c0041008,0x00000000c2800000)
 Metaspace       used 5143K, capacity 6224K, committed 6528K, reserved 1056768K
  class space    used 563K, capacity 584K, committed 640K, reserved 1048576K
}
Event: 67.453 GC heap before
{Heap before GC invocations=2 (full 0):
 PSYoungGen      total 17920K, used 17894K [0x00000000eab00000, 0x00000000ebf00000, 0x0000000100000000)
  eden space 15360K, 100% used [0x00000000eab00000,0x00000000eba00000,0x00000000eba00000)
  from space 2560K, 99% used [0x00000000eba00000,0x00000000ebc79a48,0x00000000ebc80000)
  to   space 2560K, 0% used [0x00000000ebc80000,0x00000000ebc80000,0x00000000ebf00000)
 ParOldGen       total 40960K, used 260K [0x00000000c0000000, 0x00000000c2800000, 0x00000000eab00000)
  object space 40960K, 0% used [0x00000000c0000000,0x00000000c0041008,0x00000000c2800000)
 Metaspace       used 5733K, capacity 6704K, committed 6784K, reserved 1056768K
  class space    used 590K, capacity 616K, committed 640K, reserved 1048576K
Event: 67.486 GC heap after
Heap after GC invocations=2 (full 0):
 PSYoungGen      total 17920K, used 2535K [0x00000000eab00000, 0x00000000ebf00000, 0x0000000100000000)
  eden space 15360K, 0% used [0x00000000eab00000,0x00000000eab00000,0x00000000eba00000)
  from space 2560K, 99% used [0x00000000ebc80000,0x00000000ebef9c88,0x00000000ebf00000)
  to   space 2560K, 0% used [0x00000000eba00000,0x00000000eba00000,0x00000000ebc80000)
 ParOldGen       total 40960K, used 1827K [0x00000000c0000000, 0x00000000c2800000, 0x00000000eab00000)
  object space 40960K, 4% used [0x00000000c0000000,0x00000000c01c8c20,0x00000000c2800000)
 Metaspace       used 5733K, capacity 6704K, committed 6784K, reserved 1056768K
  class space    used 590K, capacity 616K, committed 640K, reserved 1048576K
}
Event: 68.361 GC heap before
{Heap before GC invocations=3 (full 0):
 PSYoungGen      total 17920K, used 17895K [0x00000000eab00000, 0x00000000ebf00000, 0x0000000100000000)
  eden space 15360K, 100% used [0x00000000eab00000,0x00000000eba00000,0x00000000eba00000)
  from space 2560K, 99% used [0x00000000ebc80000,0x00000000ebef9c88,0x00000000ebf00000)
  to   space 2560K, 0% used [0x00000000eba00000,0x00000000eba00000,0x00000000ebc80000)
 ParOldGen       total 40960K, used 1827K [0x00000000c0000000, 0x00000000c2800000, 0x00000000eab00000)
  object space 40960K, 4% used [0x00000000c0000000,0x00000000c01c8c20,0x00000000c2800000)
 Metaspace       used 5790K, capacity 6768K, committed 7040K, reserved 1056768K
  class space    used 591K, capacity 616K, committed 640K, reserved 1048576K
Event: 68.452 GC heap after
Heap after GC invocations=3 (full 0):
 PSYoungGen      total 17920K, used 2544K [0x00000000eab00000, 0x00000000ece00000, 0x0000000100000000)
  eden space 15360K, 0% used [0x00000000eab00000,0x00000000eab00000,0x00000000eba00000)
  from space 2560K, 99% used [0x00000000eba00000,0x00000000ebc7c028,0x00000000ebc80000)
  to   space 2560K, 0% used [0x00000000ecb80000,0x00000000ecb80000,0x00000000ece00000)
 ParOldGen       total 40960K, used 4135K [0x00000000c0000000, 0x00000000c2800000, 0x00000000eab00000)
  object space 40960K, 10% used [0x00000000c0000000,0x00000000c0409fa8,0x00000000c2800000)
 Metaspace       used 5790K, capacity 6768K, committed 7040K, reserved 1056768K
  class space    used 591K, capacity 616K, committed 640K, reserved 1048576K
}
Event: 69.203 GC heap before
{Heap before GC invocations=4 (full 0):
 PSYoungGen      total 17920K, used 17904K [0x00000000eab00000, 0x00000000ece00000, 0x0000000100000000)
  eden space 15360K, 100% used [0x00000000eab00000,0x00000000eba00000,0x00000000eba00000)
  from space 2560K, 99% used [0x00000000eba00000,0x00000000ebc7c028,0x00000000ebc80000)
  to   space 2560K, 0% used [0x00000000ecb80000,0x00000000ecb80000,0x00000000ece00000)
 ParOldGen       total 40960K, used 4135K [0x00000000c0000000, 0x00000000c2800000, 0x00000000eab00000)
  object space 40960K, 10% used [0x00000000c0000000,0x00000000c0409fa8,0x00000000c2800000)
 Metaspace       used 5808K, capacity 6768K, committed 7040K, reserved 1056768K
  class space    used 592K, capacity 616K, committed 640K, reserved 1048576K
Event: 69.251 GC heap after
Heap after GC invocations=4 (full 0):
 PSYoungGen      total 33280K, used 2528K [0x00000000eab00000, 0x00000000ece00000, 0x0000000100000000)
  eden space 30720K, 0% used [0x00000000eab00000,0x00000000eab00000,0x00000000ec900000)
  from space 2560K, 98% used [0x00000000ecb80000,0x00000000ecdf8038,0x00000000ece00000)
  to   space 2560K, 0% used [0x00000000ec900000,0x00000000ec900000,0x00000000ecb80000)
 ParOldGen       total 40960K, used 6922K [0x00000000c0000000, 0x00000000c2800000, 0x00000000eab00000)
  object space 40960K, 16% used [0x00000000c0000000,0x00000000c06c2818,0x00000000c2800000)
 Metaspace       used 5808K, capacity 6768K, committed 7040K, reserved 1056768K
  class space    used 592K, capacity 616K, committed 640K, reserved 1048576K
}
Event: 70.020 GC heap before
{Heap before GC invocations=5 (full 0):
 PSYoungGen      total 33280K, used 33248K [0x00000000eab00000, 0x00000000ece00000, 0x0000000100000000)
  eden space 30720K, 100% used [0x00000000eab00000,0x00000000ec900000,0x00000000ec900000)
  from space 2560K, 98% used [0x00000000ecb80000,0x00000000ecdf8038,0x00000000ece00000)
  to   space 2560K, 0% used [0x00000000ec900000,0x00000000ec900000,0x00000000ecb80000)
 ParOldGen       total 40960K, used 6922K [0x00000000c0000000, 0x00000000c2800000, 0x00000000eab00000)
  object space 40960K, 16% used [0x00000000c0000000,0x00000000c06c2818,0x00000000c2800000)
 Metaspace       used 5832K, capacity 6832K, committed 7040K, reserved 1056768K
  class space    used 592K, capacity 616K, committed 640K, reserved 1048576K

Deoptimization events (4 events):
Event: 2.037 Thread 0x00007f1a4c00a000 Uncommon trap: reason=unstable_if action=reinterpret pc=0x00007f1a3c0b01c8 method=java.lang.String.indexOf(II)I @ 49
Event: 66.238 Thread 0x00007f1a4c149000 Uncommon trap: reason=unstable_if action=reinterpret pc=0x00007f1a3c1637f4 method=java.util.HashMap.getNode(ILjava/lang/Object;)Ljava/util/HashMap$Node; @ 62
Event: 67.076 Thread 0x00007f1a4c00a000 Uncommon trap: reason=unstable_if action=reinterpret pc=0x00007f1a3c15ea54 method=java.lang.String.<init>([CII)V @ 18
Event: 69.626 Thread 0x00007f1a4c149000 Uncommon trap: reason=null_check action=make_not_entrant pc=0x00007f1a3c1ee9a0 method=com.android.dx.rop.type.Type.equals(Ljava/lang/Object;)Z @ 8

Internal exceptions (3 events):
Event: 0.382 Thread 0x00007f1a4c00a000 Exception <a 'java/lang/NoSuchMethodError': Method sun.misc.Unsafe.defineClass(Ljava/lang/String;[BII)Ljava/lang/Class; name or signature does not match> (0x00000000eab07cc0) thrown at [/HUDSON/workspace/8-2-build-linux-amd64/jdk8u91/6644/hotspot/src/shar
Event: 0.382 Thread 0x00007f1a4c00a000 Exception <a 'java/lang/NoSuchMethodError': Method sun.misc.Unsafe.prefetchRead(Ljava/lang/Object;J)V name or signature does not match> (0x00000000eab07fa8) thrown at [/HUDSON/workspace/8-2-build-linux-amd64/jdk8u91/6644/hotspot/src/share/vm/prims/jni.cpp
Event: 69.618 Thread 0x00007f1a4c149000 Implicit null exception at 0x00007f1a3c1ee8a2 to 0x00007f1a3c1ee993

Events (10 events):
Event: 68.308 Executing VM operation: ParallelGCFailedAllocation
Event: 68.452 Executing VM operation: ParallelGCFailedAllocation done
Event: 68.620 loading class com/android/dx/cf/code/BytecodeArray$ConstantParserVisitor
Event: 68.620 loading class com/android/dx/cf/code/BytecodeArray$ConstantParserVisitor done
Event: 69.172 Executing VM operation: ParallelGCFailedAllocation
Event: 69.251 Executing VM operation: ParallelGCFailedAllocation done
Event: 69.622 Thread 0x00007f1a4c149000 Uncommon trap: trap_request=0xfffffff4 fr.pc=0x00007f1a3c1ee9a0
Event: 69.626 Thread 0x00007f1a4c149000 DEOPT PACKING pc=0x00007f1a3c1ee9a0 sp=0x00007f1a2a506980
Event: 69.628 Thread 0x00007f1a4c149000 DEOPT UNPACKING pc=0x00007f1a3bf6b229 sp=0x00007f1a2a506928 mode 2
Event: 70.015 Executing VM operation: ParallelGCFailedAllocation


Dynamic libraries:
00400000-00401000 r-xp 00000000 08:02 6686124                            /usr/lib/jvm/java-8-oracle/bin/java
00600000-00601000 rw-p 00000000 08:02 6686124                            /usr/lib/jvm/java-8-oracle/bin/java
02461000-02482000 rw-p 00000000 00:00 0                                  [heap]
c0000000-c2800000 rw-p 00000000 00:00 0 
c2800000-eab00000 ---p 00000000 00:00 0 
eab00000-ece00000 rw-p 00000000 00:00 0 
ef700000-100000000 ---p 00000000 00:00 0 
100000000-1000a0000 rw-p 00000000 00:00 0 
1000a0000-140000000 ---p 00000000 00:00 0 
7f19e8000000-7f19e8021000 rw-p 00000000 00:00 0 
7f19e8021000-7f19ec000000 ---p 00000000 00:00 0 
7f19f0000000-7f19f0025000 rw-p 00000000 00:00 0 
7f19f0025000-7f19f4000000 ---p 00000000 00:00 0 
7f19f4000000-7f19f402a000 rw-p 00000000 00:00 0 
7f19f402a000-7f19f8000000 ---p 00000000 00:00 0 
7f19f8000000-7f19f8021000 rw-p 00000000 00:00 0 
7f19f8021000-7f19fc000000 ---p 00000000 00:00 0 
7f19fc000000-7f19fc021000 rw-p 00000000 00:00 0 
7f19fc021000-7f1a00000000 ---p 00000000 00:00 0 
7f1a00000000-7f1a00021000 rw-p 00000000 00:00 0 
7f1a00021000-7f1a04000000 ---p 00000000 00:00 0 
7f1a04000000-7f1a04021000 rw-p 00000000 00:00 0 
7f1a04021000-7f1a08000000 ---p 00000000 00:00 0 
7f1a08000000-7f1a08366000 rw-p 00000000 00:00 0 
7f1a08366000-7f1a0c000000 ---p 00000000 00:00 0 
7f1a0c000000-7f1a0c445000 rw-p 00000000 00:00 0 
7f1a0c445000-7f1a10000000 ---p 00000000 00:00 0 
7f1a10000000-7f1a10021000 rw-p 00000000 00:00 0 
7f1a10021000-7f1a14000000 ---p 00000000 00:00 0 
7f1a14000000-7f1a143f0000 rw-p 00000000 00:00 0 
7f1a143f0000-7f1a18000000 ---p 00000000 00:00 0 
7f1a18000000-7f1a18021000 rw-p 00000000 00:00 0 
7f1a18021000-7f1a1c000000 ---p 00000000 00:00 0 
7f1a1c000000-7f1a1c021000 rw-p 00000000 00:00 0 
7f1a1c021000-7f1a20000000 ---p 00000000 00:00 0 
7f1a20000000-7f1a20294000 rw-p 00000000 00:00 0 
7f1a20294000-7f1a24000000 ---p 00000000 00:00 0 
7f1a24000000-7f1a24021000 rw-p 00000000 00:00 0 
7f1a24021000-7f1a28000000 ---p 00000000 00:00 0 
7f1a2a408000-7f1a2a40b000 ---p 00000000 00:00 0 
7f1a2a40b000-7f1a2a509000 rw-p 00000000 00:00 0                          [stack:18176]
7f1a2a509000-7f1a2a50c000 ---p 00000000 00:00 0 
7f1a2a50c000-7f1a2a60a000 rw-p 00000000 00:00 0                          [stack:18175]
7f1a2a60a000-7f1a2a60d000 ---p 00000000 00:00 0 
7f1a2a60d000-7f1a2a70b000 rw-p 00000000 00:00 0                          [stack:18174]
7f1a2a70b000-7f1a2a70e000 ---p 00000000 00:00 0 
7f1a2a70e000-7f1a2a80c000 rw-p 00000000 00:00 0                          [stack:18173]
7f1a2a80c000-7f1a2a80f000 ---p 00000000 00:00 0 
7f1a2a80f000-7f1a2a90d000 rw-p 00000000 00:00 0                          [stack:18172]
7f1a2a90d000-7f1a2a90e000 ---p 00000000 00:00 0 
7f1a2a90e000-7f1a2aa0e000 rw-p 00000000 00:00 0                          [stack:18157]
7f1a2aa0e000-7f1a2aa11000 ---p 00000000 00:00 0 
7f1a2aa11000-7f1a2ab0f000 rw-p 00000000 00:00 0                          [stack:18156]
7f1a2ab0f000-7f1a2ab12000 ---p 00000000 00:00 0 
7f1a2ab12000-7f1a2ac10000 rw-p 00000000 00:00 0                          [stack:18152]
7f1a2ac10000-7f1a2ac13000 ---p 00000000 00:00 0 
7f1a2ac13000-7f1a2ad11000 rw-p 00000000 00:00 0                          [stack:18151]
7f1a2ad11000-7f1a2ad14000 ---p 00000000 00:00 0 
7f1a2ad14000-7f1a2ae12000 rw-p 00000000 00:00 0                          [stack:18149]
7f1a2ae12000-7f1a2ae15000 ---p 00000000 00:00 0 
7f1a2ae15000-7f1a2af13000 rw-p 00000000 00:00 0                          [stack:18147]
7f1a2af13000-7f1a2b5f6000 r--p 00000000 08:02 6691839                    /usr/lib/locale/locale-archive
7f1a2b5f6000-7f1a2b5f9000 ---p 00000000 00:00 0 
7f1a2b5f9000-7f1a2b6f7000 rw-p 00000000 00:00 0                          [stack:18145]
7f1a2b6f7000-7f1a2b6fa000 ---p 00000000 00:00 0 
7f1a2b6fa000-7f1a2b7f8000 rw-p 00000000 00:00 0                          [stack:18144]
7f1a2b7f8000-7f1a2b7f9000 ---p 00000000 00:00 0 
7f1a2b7f9000-7f1a2c000000 rw-p 00000000 00:00 0                          [stack:18143]
7f1a2c000000-7f1a2c021000 rw-p 00000000 00:00 0 
7f1a2c021000-7f1a30000000 ---p 00000000 00:00 0 
7f1a30000000-7f1a30021000 rw-p 00000000 00:00 0 
7f1a30021000-7f1a34000000 ---p 00000000 00:00 0 
7f1a34000000-7f1a34021000 rw-p 00000000 00:00 0 
7f1a34021000-7f1a38000000 ---p 00000000 00:00 0 
7f1a38076000-7f1a38083000 r--s 0006e000 08:02 3987346                    /home/yonatan/Etty/programing/androidAdvanced/FinalProject/LocationsApp/app/build/intermediates/exploded-aar/com.google.android.gms/play-services-basement/8.4.0/jars/classes.jar
7f1a38083000-7f1a38092000 r--s 000df000 08:02 3824912                    /home/yonatan/Android/Sdk/build-tools/23.0.2/lib/dx.jar
7f1a38092000-7f1a388fd000 rw-p 00000000 00:00 0 
7f1a388fd000-7f1a38ad6000 r--s 03d1f000 08:02 6706386                    /usr/lib/jvm/java-8-oracle/jre/lib/rt.jar
7f1a38ad6000-7f1a3918c000 rw-p 00000000 00:00 0 
7f1a3918c000-7f1a3934c000 ---p 00000000 00:00 0 
7f1a3934c000-7f1a3b54c000 rw-p 00000000 00:00 0 
7f1a3b54c000-7f1a3b54d000 ---p 00000000 00:00 0 
7f1a3b54d000-7f1a3b64d000 rw-p 00000000 00:00 0                          [stack:18142]
7f1a3b64d000-7f1a3b64e000 ---p 00000000 00:00 0 
7f1a3b64e000-7f1a3b74e000 rw-p 00000000 00:00 0                          [stack:18141]
7f1a3b74e000-7f1a3b74f000 ---p 00000000 00:00 0 
7f1a3b74f000-7f1a3b863000 rw-p 00000000 00:00 0                          [stack:18140]
7f1a3b863000-7f1a3b9a5000 ---p 00000000 00:00 0 
7f1a3b9a5000-7f1a3b9b9000 rw-p 00000000 00:00 0 
7f1a3b9b9000-7f1a3bafa000 ---p 00000000 00:00 0 
7f1a3bafa000-7f1a3bb0c000 rw-p 00000000 00:00 0 
7f1a3bb0c000-7f1a3bba5000 ---p 00000000 00:00 0 
7f1a3bba5000-7f1a3bbb4000 rw-p 00000000 00:00 0 
7f1a3bbb4000-7f1a3bf66000 ---p 00000000 00:00 0 
7f1a3bf66000-7f1a3c2e6000 rwxp 00000000 00:00 0 
7f1a3c2e6000-7f1a4af66000 ---p 00000000 00:00 0 
7f1a4af66000-7f1a4af80000 r-xp 00000000 08:02 6706420                    /usr/lib/jvm/java-8-oracle/jre/lib/amd64/libzip.so
7f1a4af80000-7f1a4b180000 ---p 0001a000 08:02 6706420                    /usr/lib/jvm/java-8-oracle/jre/lib/amd64/libzip.so
7f1a4b180000-7f1a4b181000 rw-p 0001a000 08:02 6706420                    /usr/lib/jvm/java-8-oracle/jre/lib/amd64/libzip.so
7f1a4b181000-7f1a4b18c000 r-xp 00000000 08:02 4353546                    /lib/x86_64-linux-gnu/libnss_files-2.19.so
7f1a4b18c000-7f1a4b38b000 ---p 0000b000 08:02 4353546                    /lib/x86_64-linux-gnu/libnss_files-2.19.so
7f1a4b38b000-7f1a4b38c000 r--p 0000a000 08:02 4353546                    /lib/x86_64-linux-gnu/libnss_files-2.19.so
7f1a4b38c000-7f1a4b38d000 rw-p 0000b000 08:02 4353546                    /lib/x86_64-linux-gnu/libnss_files-2.19.so
7f1a4b38d000-7f1a4b398000 r-xp 00000000 08:02 4353538                    /lib/x86_64-linux-gnu/libnss_nis-2.19.so
7f1a4b398000-7f1a4b597000 ---p 0000b000 08:02 4353538                    /lib/x86_64-linux-gnu/libnss_nis-2.19.so
7f1a4b597000-7f1a4b598000 r--p 0000a000 08:02 4353538                    /lib/x86_64-linux-gnu/libnss_nis-2.19.so
7f1a4b598000-7f1a4b599000 rw-p 0000b000 08:02 4353538                    /lib/x86_64-linux-gnu/libnss_nis-2.19.so
7f1a4b599000-7f1a4b5b0000 r-xp 00000000 08:02 4353534                    /lib/x86_64-linux-gnu/libnsl-2.19.so
7f1a4b5b0000-7f1a4b7af000 ---p 00017000 08:02 4353534                    /lib/x86_64-linux-gnu/libnsl-2.19.so
7f1a4b7af000-7f1a4b7b0000 r--p 00016000 08:02 4353534                    /lib/x86_64-linux-gnu/libnsl-2.19.so
7f1a4b7b0000-7f1a4b7b1000 rw-p 00017000 08:02 4353534                    /lib/x86_64-linux-gnu/libnsl-2.19.so
7f1a4b7b1000-7f1a4b7b3000 rw-p 00000000 00:00 0 
7f1a4b7b3000-7f1a4b7bc000 r-xp 00000000 08:02 4353533                    /lib/x86_64-linux-gnu/libnss_compat-2.19.so
7f1a4b7bc000-7f1a4b9bb000 ---p 00009000 08:02 4353533                    /lib/x86_64-linux-gnu/libnss_compat-2.19.so
7f1a4b9bb000-7f1a4b9bc000 r--p 00008000 08:02 4353533                    /lib/x86_64-linux-gnu/libnss_compat-2.19.so
7f1a4b9bc000-7f1a4b9bd000 rw-p 00009000 08:02 4353533                    /lib/x86_64-linux-gnu/libnss_compat-2.19.so
7f1a4b9bd000-7f1a4b9e7000 r-xp 00000000 08:02 6706397                    /usr/lib/jvm/java-8-oracle/jre/lib/amd64/libjava.so
7f1a4b9e7000-7f1a4bbe7000 ---p 0002a000 08:02 6706397                    /usr/lib/jvm/java-8-oracle/jre/lib/amd64/libjava.so
7f1a4bbe7000-7f1a4bbe9000 rw-p 0002a000 08:02 6706397                    /usr/lib/jvm/java-8-oracle/jre/lib/amd64/libjava.so
7f1a4bbe9000-7f1a4bbf6000 r-xp 00000000 08:02 6706408                    /usr/lib/jvm/java-8-oracle/jre/lib/amd64/libverify.so
7f1a4bbf6000-7f1a4bdf6000 ---p 0000d000 08:02 6706408                    /usr/lib/jvm/java-8-oracle/jre/lib/amd64/libverify.so
7f1a4bdf6000-7f1a4bdf8000 rw-p 0000d000 08:02 6706408                    /usr/lib/jvm/java-8-oracle/jre/lib/amd64/libverify.so
7f1a4bdf8000-7f1a4bdff000 r-xp 00000000 08:02 4353542                    /lib/x86_64-linux-gnu/librt-2.19.so
7f1a4bdff000-7f1a4bffe000 ---p 00007000 08:02 4353542                    /lib/x86_64-linux-gnu/librt-2.19.so
7f1a4bffe000-7f1a4bfff000 r--p 00006000 08:02 4353542                    /lib/x86_64-linux-gnu/librt-2.19.so
7f1a4bfff000-7f1a4c000000 rw-p 00007000 08:02 4353542                    /lib/x86_64-linux-gnu/librt-2.19.so
7f1a4c000000-7f1a4c38d000 rw-p 00000000 00:00 0 
7f1a4c38d000-7f1a50000000 ---p 00000000 00:00 0 
7f1a50004000-7f1a50046000 rw-p 00000000 00:00 0 
7f1a50046000-7f1a50047000 ---p 00000000 00:00 0 
7f1a50047000-7f1a50147000 rw-p 00000000 00:00 0                          [stack:18139]
7f1a50147000-7f1a5024c000 r-xp 00000000 08:02 4353528                    /lib/x86_64-linux-gnu/libm-2.19.so
7f1a5024c000-7f1a5044b000 ---p 00105000 08:02 4353528                    /lib/x86_64-linux-gnu/libm-2.19.so
7f1a5044b000-7f1a5044c000 r--p 00104000 08:02 4353528                    /lib/x86_64-linux-gnu/libm-2.19.so
7f1a5044c000-7f1a5044d000 rw-p 00105000 08:02 4353528                    /lib/x86_64-linux-gnu/libm-2.19.so
7f1a5044d000-7f1a5110d000 r-xp 00000000 08:02 6706410                    /usr/lib/jvm/java-8-oracle/jre/lib/amd64/server/libjvm.so
7f1a5110d000-7f1a5130d000 ---p 00cc0000 08:02 6706410                    /usr/lib/jvm/java-8-oracle/jre/lib/amd64/server/libjvm.so
7f1a5130d000-7f1a513e5000 rw-p 00cc0000 08:02 6706410                    /usr/lib/jvm/java-8-oracle/jre/lib/amd64/server/libjvm.so
7f1a513e5000-7f1a51430000 rw-p 00000000 00:00 0 
7f1a51430000-7f1a515eb000 r-xp 00000000 08:02 4353543                    /lib/x86_64-linux-gnu/libc-2.19.so
7f1a515eb000-7f1a517ea000 ---p 001bb000 08:02 4353543                    /lib/x86_64-linux-gnu/libc-2.19.so
7f1a517ea000-7f1a517ee000 r--p 001ba000 08:02 4353543                    /lib/x86_64-linux-gnu/libc-2.19.so
7f1a517ee000-7f1a517f0000 rw-p 001be000 08:02 4353543                    /lib/x86_64-linux-gnu/libc-2.19.so
7f1a517f0000-7f1a517f5000 rw-p 00000000 00:00 0 
7f1a517f5000-7f1a517f8000 r-xp 00000000 08:02 4353530                    /lib/x86_64-linux-gnu/libdl-2.19.so
7f1a517f8000-7f1a519f7000 ---p 00003000 08:02 4353530                    /lib/x86_64-linux-gnu/libdl-2.19.so
7f1a519f7000-7f1a519f8000 r--p 00002000 08:02 4353530                    /lib/x86_64-linux-gnu/libdl-2.19.so
7f1a519f8000-7f1a519f9000 rw-p 00003000 08:02 4353530                    /lib/x86_64-linux-gnu/libdl-2.19.so
7f1a519f9000-7f1a51a0e000 r-xp 00000000 08:02 6728016                    /usr/lib/jvm/java-8-oracle/lib/amd64/jli/libjli.so
7f1a51a0e000-7f1a51c0e000 ---p 00015000 08:02 6728016                    /usr/lib/jvm/java-8-oracle/lib/amd64/jli/libjli.so
7f1a51c0e000-7f1a51c0f000 rw-p 00015000 08:02 6728016                    /usr/lib/jvm/java-8-oracle/lib/amd64/jli/libjli.so
7f1a51c0f000-7f1a51c28000 r-xp 00000000 08:02 4353535                    /lib/x86_64-linux-gnu/libpthread-2.19.so
7f1a51c28000-7f1a51e27000 ---p 00019000 08:02 4353535                    /lib/x86_64-linux-gnu/libpthread-2.19.so
7f1a51e27000-7f1a51e28000 r--p 00018000 08:02 4353535                    /lib/x86_64-linux-gnu/libpthread-2.19.so
7f1a51e28000-7f1a51e29000 rw-p 00019000 08:02 4353535                    /lib/x86_64-linux-gnu/libpthread-2.19.so
7f1a51e29000-7f1a51e2d000 rw-p 00000000 00:00 0 
7f1a51e2d000-7f1a51e50000 r-xp 00000000 08:02 4353536                    /lib/x86_64-linux-gnu/ld-2.19.so
7f1a51e57000-7f1a51f29000 rw-p 00000000 00:00 0 
7f1a51f29000-7f1a51f2c000 ---p 00000000 00:00 0 
7f1a51f2c000-7f1a52043000 rw-p 00000000 00:00 0                          [stack:18138]
7f1a52043000-7f1a5204b000 rw-s 00000000 08:02 1976547                    /tmp/hsperfdata_yonatan/18134
7f1a5204b000-7f1a5204c000 rw-p 00000000 00:00 0 
7f1a5204c000-7f1a5204d000 ---p 00000000 00:00 0 
7f1a5204d000-7f1a5204f000 rw-p 00000000 00:00 0 
7f1a5204f000-7f1a52050000 r--p 00022000 08:02 4353536                    /lib/x86_64-linux-gnu/ld-2.19.so
7f1a52050000-7f1a52051000 rw-p 00023000 08:02 4353536                    /lib/x86_64-linux-gnu/ld-2.19.so
7f1a52051000-7f1a52052000 rw-p 00000000 00:00 0 
7fff0ff7f000-7fff0ffa0000 rw-p 00000000 00:00 0                          [stack]
7fff0ffe8000-7fff0ffea000 r-xp 00000000 00:00 0                          [vdso]
7fff0ffea000-7fff0ffec000 r--p 00000000 00:00 0                          [vvar]
ffffffffff600000-ffffffffff601000 r-xp 00000000 00:00 0                  [vsyscall]

VM Arguments:
jvm_args: -Djava.awt.headless=true -Xmx1024M -Dfile.encoding=UTF-8 -Duser.country=US -Duser.language=en -Duser.variant 
java_command: com.android.dx.command.Main --dex --num-threads=4 --output /home/yonatan/Etty/programing/androidAdvanced/FinalProject/LocationsApp/app/build/intermediates/pre-dexed/debug/com.google.android.gms-play-services-basement-8.4.0_0372947dbdab42a88dc5b0948ebf57b6a8450608.jar /home/yonatan/Etty/programing/androidAdvanced/FinalProject/LocationsApp/app/build/intermediates/exploded-aar/com.google.android.gms/play-services-basement/8.4.0/jars/classes.jar
java_class_path (initial): /home/yonatan/Android/Sdk/build-tools/23.0.2/lib/dx.jar
Launcher Type: SUN_STANDARD

Environment Variables:
JAVA_HOME=/usr/lib/jvm/java-8-oracle
PATH=/usr/local/sbin:/usr/local/bin:/usr/sbin:/usr/bin:/sbin:/bin:/usr/games:/usr/local/games:/usr/lib/jvm/java-8-oracle/bin:/usr/lib/jvm/java-8-oracle/db/bin:/usr/lib/jvm/java-8-oracle/jre/bin
SHELL=/bin/bash
DISPLAY=:0

Signal Handlers:
SIGSEGV: [libjvm.so+0xabca10], sa_mask[0]=11111111011111111101111111111110, sa_flags=SA_RESTART|SA_SIGINFO
SIGBUS: [libjvm.so+0xabca10], sa_mask[0]=11111111011111111101111111111110, sa_flags=SA_RESTART|SA_SIGINFO
SIGFPE: [libjvm.so+0x919a20], sa_mask[0]=11111111011111111101111111111110, sa_flags=SA_RESTART|SA_SIGINFO
SIGPIPE: [libjvm.so+0x919a20], sa_mask[0]=11111111011111111101111111111110, sa_flags=SA_RESTART|SA_SIGINFO
SIGXFSZ: [libjvm.so+0x919a20], sa_mask[0]=11111111011111111101111111111110, sa_flags=SA_RESTART|SA_SIGINFO
SIGILL: [libjvm.so+0x919a20], sa_mask[0]=11111111011111111101111111111110, sa_flags=SA_RESTART|SA_SIGINFO
SIGUSR1: SIG_DFL, sa_mask[0]=00000000000000000000000000000000, sa_flags=none
SIGUSR2: [libjvm.so+0x91b050], sa_mask[0]=00100000000000000000000000000000, sa_flags=SA_RESTART|SA_SIGINFO
SIGHUP: [libjvm.so+0x91c450], sa_mask[0]=11111111011111111101111111111110, sa_flags=SA_RESTART|SA_SIGINFO
SIGINT: [libjvm.so+0x91c450], sa_mask[0]=11111111011111111101111111111110, sa_flags=SA_RESTART|SA_SIGINFO
SIGTERM: [libjvm.so+0x91c450], sa_mask[0]=11111111011111111101111111111110, sa_flags=SA_RESTART|SA_SIGINFO
SIGQUIT: [libjvm.so+0x91c450], sa_mask[0]=11111111011111111101111111111110, sa_flags=SA_RESTART|SA_SIGINFO


---------------  S Y S T E M  ---------------

OS:DISTRIB_ID=Ubuntu
DISTRIB_RELEASE=14.04
DISTRIB_CODENAME=trusty
DISTRIB_DESCRIPTION="Ubuntu 14.04.4 LTS"

uname:Linux 3.16.0-70-generic #90~14.04.1-Ubuntu SMP Wed Apr 6 22:56:34 UTC 2016 x86_64
libc:glibc 2.19 NPTL 2.19 
rlimit: STACK 8192k, CORE 0k, NPROC 14573, NOFILE 4096, AS infinity
load average:43.93 15.96 8.36

/proc/meminfo:
MemTotal:        3931368 kB
MemFree:          117340 kB
MemAvailable:      84368 kB
Buffers:            1204 kB
Cached:           255600 kB
SwapCached:         2156 kB
Active:          2679612 kB
Inactive:         880692 kB
Active(anon):    2662676 kB
Inactive(anon):   835812 kB
Active(file):      16936 kB
Inactive(file):    44880 kB
Unevictable:          48 kB
Mlocked:              48 kB
SwapTotal:       4077564 kB
SwapFree:          54100 kB
Dirty:                 0 kB
Writeback:             0 kB
AnonPages:       3303176 kB
Mapped:            47064 kB
Shmem:            193668 kB
Slab:              88312 kB
SReclaimable:      41176 kB
SUnreclaim:        47136 kB
KernelStack:       15696 kB
PageTables:        76208 kB
NFS_Unstable:          0 kB
Bounce:                0 kB
WritebackTmp:          0 kB
CommitLimit:     6043248 kB
Committed_AS:   16711192 kB
VmallocTotal:   34359738367 kB
VmallocUsed:      356248 kB
VmallocChunk:   34359334032 kB
HardwareCorrupted:     0 kB
AnonHugePages:    704512 kB
HugePages_Total:       0
HugePages_Free:        0
HugePages_Rsvd:        0
HugePages_Surp:        0
Hugepagesize:       2048 kB
DirectMap4k:       92528 kB
DirectMap2M:     3985408 kB


CPU:total 4 (2 cores per cpu, 2 threads per core) family 6 model 58 stepping 9, cmov, cx8, fxsr, mmx, sse, sse2, sse3, ssse3, sse4.1, sse4.2, popcnt, avx, aes, clmul, erms, ht, tsc, tscinvbit, tscinv

/proc/cpuinfo:
processor	: 0
vendor_id	: GenuineIntel
cpu family	: 6
model		: 58
model name	: Intel(R) Core(TM) i5-3317U CPU @ 1.70GHz
stepping	: 9
microcode	: 0x12
cpu MHz		: 2399.988
cache size	: 3072 KB
physical id	: 0
siblings	: 4
core id		: 0
cpu cores	: 2
apicid		: 0
initial apicid	: 0
fpu		: yes
fpu_exception	: yes
cpuid level	: 13
wp		: yes
flags		: fpu vme de pse tsc msr pae mce cx8 apic sep mtrr pge mca cmov pat pse36 clflush dts acpi mmx fxsr sse sse2 ss ht tm pbe syscall nx rdtscp lm constant_tsc arch_perfmon pebs bts rep_good nopl xtopology nonstop_tsc aperfmperf eagerfpu pni pclmulqdq dtes64 monitor ds_cpl vmx est tm2 ssse3 cx16 xtpr pdcm pcid sse4_1 sse4_2 x2apic popcnt tsc_deadline_timer aes xsave avx f16c rdrand lahf_lm ida arat epb xsaveopt pln pts dtherm tpr_shadow vnmi flexpriority ept vpid fsgsbase smep erms
bogomips	: 3392.17
clflush size	: 64
cache_alignment	: 64
address sizes	: 36 bits physical, 48 bits virtual
power management:

processor	: 1
vendor_id	: GenuineIntel
cpu family	: 6
model		: 58
model name	: Intel(R) Core(TM) i5-3317U CPU @ 1.70GHz
stepping	: 9
microcode	: 0x12
cpu MHz		: 2399.988
cache size	: 3072 KB
physical id	: 0
siblings	: 4
core id		: 1
cpu cores	: 2
apicid		: 2
initial apicid	: 2
fpu		: yes
fpu_exception	: yes
cpuid level	: 13
wp		: yes
flags		: fpu vme de pse tsc msr pae mce cx8 apic sep mtrr pge mca cmov pat pse36 clflush dts acpi mmx fxsr sse sse2 ss ht tm pbe syscall nx rdtscp lm constant_tsc arch_perfmon pebs bts rep_good nopl xtopology nonstop_tsc aperfmperf eagerfpu pni pclmulqdq dtes64 monitor ds_cpl vmx est tm2 ssse3 cx16 xtpr pdcm pcid sse4_1 sse4_2 x2apic popcnt tsc_deadline_timer aes xsave avx f16c rdrand lahf_lm ida arat epb xsaveopt pln pts dtherm tpr_shadow vnmi flexpriority ept vpid fsgsbase smep erms
bogomips	: 3392.17
clflush size	: 64
cache_alignment	: 64
address sizes	: 36 bits physical, 48 bits virtual
power management:

processor	: 2
vendor_id	: GenuineIntel
cpu family	: 6
model		: 58
model name	: Intel(R) Core(TM) i5-3317U CPU @ 1.70GHz
stepping	: 9
microcode	: 0x12
cpu MHz		: 2399.988
cache size	: 3072 KB
physical id	: 0
siblings	: 4
core id		: 0
cpu cores	: 2
apicid		: 1
initial apicid	: 1
fpu		: yes
fpu_exception	: yes
cpuid level	: 13
wp		: yes
flags		: fpu vme de pse tsc msr pae mce cx8 apic sep mtrr pge mca cmov pat pse36 clflush dts acpi mmx fxsr sse sse2 ss ht tm pbe syscall nx rdtscp lm constant_tsc arch_perfmon pebs bts rep_good nopl xtopology nonstop_tsc aperfmperf eagerfpu pni pclmulqdq dtes64 monitor ds_cpl vmx est tm2 ssse3 cx16 xtpr pdcm pcid sse4_1 sse4_2 x2apic popcnt tsc_deadline_timer aes xsave avx f16c rdrand lahf_lm ida arat epb xsaveopt pln pts dtherm tpr_shadow vnmi flexpriority ept vpid fsgsbase smep erms
bogomips	: 3392.17
clflush size	: 64
cache_alignment	: 64
address sizes	: 36 bits physical, 48 bits virtual
power management:

processor	: 3
vendor_id	: GenuineIntel
cpu family	: 6
model		: 58
model name	: Intel(R) Core(TM) i5-3317U CPU @ 1.70GHz
stepping	: 9
microcode	: 0x12
cpu MHz		: 2399.988
cache size	: 3072 KB
physical id	: 0
siblings	: 4
core id		: 1
cpu cores	: 2
apicid		: 3
initial apicid	: 3
fpu		: yes
fpu_exception	: yes
cpuid level	: 13
wp		: yes
flags		: fpu vme de pse tsc msr pae mce cx8 apic sep mtrr pge mca cmov pat pse36 clflush dts acpi mmx fxsr sse sse2 ss ht tm pbe syscall nx rdtscp lm constant_tsc arch_perfmon pebs bts rep_good nopl xtopology nonstop_tsc aperfmperf eagerfpu pni pclmulqdq dtes64 monitor ds_cpl vmx est tm2 ssse3 cx16 xtpr pdcm pcid sse4_1 sse4_2 x2apic popcnt tsc_deadline_timer aes xsave avx f16c rdrand lahf_lm ida arat epb xsaveopt pln pts dtherm tpr_shadow vnmi flexpriority ept vpid fsgsbase smep erms
bogomips	: 3392.17
clflush size	: 64
cache_alignment	: 64
address sizes	: 36 bits physical, 48 bits virtual
power management:



Memory: 4k page, physical 3931368k(117092k free), swap 4077564k(54108k free)

vm_info: Java HotSpot(TM) 64-Bit Server VM (25.91-b14) for linux-amd64 JRE (1.8.0_91-b14), built on Apr  1 2016 00:57:21 by "java_re" with gcc 4.3.0 20080428 (Red Hat 4.3.0-8)

time: Sat Apr 30 22:09:10 2016
elapsed time: 74 seconds (0d 0h 1m 14s)

