#
# There is insufficient memory for the Java Runtime Environment to continue.
# Native memory allocation (mmap) failed to map 31457280 bytes for committing reserved memory.
# Possible reasons:
#   The system is out of physical RAM or swap space
#   In 32 bit mode, the process size limit was hit
# Possible solutions:
#   Reduce memory load on the system
#   Increase physical memory or swap space
#   Check if swap backing store is full
#   Use 64 bit Java on a 64 bit OS
#   Decrease Java heap size (-Xmx/-Xms)
#   Decrease number of Java threads
#   Decrease Java thread stack sizes (-Xss)
#   Set larger code cache with -XX:ReservedCodeCacheSize=
# This output file may be truncated or incomplete.
#
#  Out of Memory Error (os_linux.cpp:2627), pid=19454, tid=140205866571520
#
# JRE version: Java(TM) SE Runtime Environment (8.0_77-b03) (build 1.8.0_77-b03)
# Java VM: Java HotSpot(TM) 64-Bit Server VM (25.77-b03 mixed mode linux-amd64 compressed oops)
# Failed to write core dump. Core dumps have been disabled. To enable core dumping, try "ulimit -c unlimited" before starting Java again
#

---------------  T H R E A D  ---------------

Current thread (0x00007f8450078000):  VMThread [stack: 0x00007f8438cf5000,0x00007f8438df6000] [id=19469]

Stack: [0x00007f8438cf5000,0x00007f8438df6000],  sp=0x00007f8438df41e0,  free space=1020k
Native frames: (J=compiled Java code, j=interpreted, Vv=VM code, C=native code)
V  [libjvm.so+0xaba7ea]  VMError::report_and_die()+0x2ba
V  [libjvm.so+0x4f9e3b]  report_vm_out_of_memory(char const*, int, unsigned long, VMErrorType, char const*)+0x8b
V  [libjvm.so+0x91b613]  os::Linux::commit_memory_impl(char*, unsigned long, bool)+0x103
V  [libjvm.so+0x91bb69]  os::pd_commit_memory(char*, unsigned long, unsigned long, bool)+0x29
V  [libjvm.so+0x915e6a]  os::commit_memory(char*, unsigned long, unsigned long, bool)+0x2a
V  [libjvm.so+0x989543]  PSVirtualSpace::expand_by(unsigned long)+0x53
V  [libjvm.so+0x98a948]  PSYoungGen::resize_generation(unsigned long, unsigned long)+0xf8
V  [libjvm.so+0x989aa2]  PSYoungGen::resize(unsigned long, unsigned long)+0x22
V  [libjvm.so+0x986d7b]  PSScavenge::invoke_no_policy()+0xf3b
V  [libjvm.so+0x987501]  PSScavenge::invoke()+0x41
V  [libjvm.so+0x93f300]  ParallelScavengeHeap::failed_mem_allocate(unsigned long)+0x70
V  [libjvm.so+0xabc207]  VM_ParallelGCFailedAllocation::doit()+0x97
V  [libjvm.so+0xac3c35]  VM_Operation::evaluate()+0x55
V  [libjvm.so+0xac200a]  VMThread::evaluate_operation(VM_Operation*)+0xba
V  [libjvm.so+0xac238e]  VMThread::loop()+0x1ce
V  [libjvm.so+0xac2800]  VMThread::run()+0x70
V  [libjvm.so+0x91d9d8]  java_start(Thread*)+0x108

VM_Operation (0x00007f84139f7c20): ParallelGCFailedAllocation, mode: safepoint, requested by thread 0x00007f8450156800


---------------  P R O C E S S  ---------------

Java Threads: ( => current thread )
  0x00007f8450156800 JavaThread "pool-1-thread-4" [_thread_blocked, id=19490, stack(0x00007f84138f9000,0x00007f84139fa000)]
  0x00007f8450155000 JavaThread "pool-1-thread-3" [_thread_blocked, id=19489, stack(0x00007f84139fa000,0x00007f8413afb000)]
  0x00007f8450153000 JavaThread "pool-1-thread-2" [_thread_blocked, id=19488, stack(0x00007f8413afb000,0x00007f8413bfc000)]
  0x00007f8450152000 JavaThread "pool-2-thread-1" [_thread_blocked, id=19487, stack(0x00007f8413bfc000,0x00007f8413cfd000)]
  0x00007f845014f800 JavaThread "pool-1-thread-1" [_thread_blocked, id=19486, stack(0x00007f8413cfd000,0x00007f8413dfe000)]
  0x00007f84500c1800 JavaThread "Service Thread" daemon [_thread_blocked, id=19484, stack(0x00007f8413eff000,0x00007f8414000000)]
  0x00007f84500be800 JavaThread "C1 CompilerThread2" daemon [_thread_blocked, id=19483, stack(0x00007f843800c000,0x00007f843810d000)]
  0x00007f84500bd000 JavaThread "C2 CompilerThread1" daemon [_thread_blocked, id=19482, stack(0x00007f843810d000,0x00007f843820e000)]
  0x00007f84500ba000 JavaThread "C2 CompilerThread0" daemon [_thread_blocked, id=19481, stack(0x00007f843820e000,0x00007f843830f000)]
  0x00007f84500b8800 JavaThread "Signal Dispatcher" daemon [_thread_blocked, id=19480, stack(0x00007f843830f000,0x00007f8438410000)]
  0x00007f8450084000 JavaThread "Finalizer" daemon [_thread_blocked, id=19473, stack(0x00007f8438af3000,0x00007f8438bf4000)]
  0x00007f845007f800 JavaThread "Reference Handler" daemon [_thread_blocked, id=19472, stack(0x00007f8438bf4000,0x00007f8438cf5000)]
  0x00007f845000a000 JavaThread "main" [_thread_blocked, id=19457, stack(0x00007f84573d2000,0x00007f84574d3000)]

Other Threads:
=>0x00007f8450078000 VMThread [stack: 0x00007f8438cf5000,0x00007f8438df6000] [id=19469]
  0x00007f84500c4800 WatcherThread [stack: 0x00007f8413dfe000,0x00007f8413eff000] [id=19485]

VM state:at safepoint (normal execution)

VM Mutex/Monitor currently owned by a thread:  ([mutex/lock_event])
[0x00007f8450006570] Threads_lock - owner thread: 0x00007f8450078000
[0x00007f8450006a70] Heap_lock - owner thread: 0x00007f8450156800

Heap:
 PSYoungGen      total 33280K, used 2528K [0x00000000eab00000, 0x00000000ece00000, 0x0000000100000000)
  eden space 30720K, 0% used [0x00000000eab00000,0x00000000eab00000,0x00000000ec900000)
  from space 2560K, 98% used [0x00000000ec900000,0x00000000ecb78028,0x00000000ecb80000)
  to   space 2560K, 0% used [0x00000000ecb80000,0x00000000ecb80000,0x00000000ece00000)
 ParOldGen       total 40960K, used 6900K [0x00000000c0000000, 0x00000000c2800000, 0x00000000eab00000)
  object space 40960K, 16% used [0x00000000c0000000,0x00000000c06bd098,0x00000000c2800000)
 Metaspace       used 5896K, capacity 6832K, committed 7040K, reserved 1056768K
  class space    used 587K, capacity 616K, committed 640K, reserved 1048576K

Card table byte_map: [0x00007f8440dff000,0x00007f8441000000] byte_map_base: 0x00007f84407ff000

Marking Bits: (ParMarkBitMap*) 0x00007f84568ae100
 Begin Bits: [0x00007f843a000000, 0x00007f843b000000)
 End Bits:   [0x00007f843b000000, 0x00007f843c000000)

Polling page: 0x00007f84574f5000

CodeCache: size=245760Kb used=3787Kb max_used=3790Kb free=241972Kb
 bounds [0x00007f8441000000, 0x00007f84413c0000, 0x00007f8450000000]
 total_blobs=1290 nmethods=1021 adapters=182
 compilation: enabled

Compilation events (10 events):
Event: 6.444 Thread 0x00007f84500be800 nmethod 1149 0x00007f84413acc10 code [0x00007f84413ace40, 0x00007f84413ad6b8]
Event: 6.444 Thread 0x00007f84500be800 1165       2       com.android.dx.ssa.SsaMethod::forEachBlockDepthFirst (194 bytes)
Event: 6.455 Thread 0x00007f84500ba000 nmethod 991 0x00007f84413afe10 code [0x00007f84413aff60, 0x00007f84413b0018]
Event: 6.455 Thread 0x00007f84500ba000  911       4       java.util.ArrayList::<init> (67 bytes)
Event: 6.496 Thread 0x00007f84500ba000 nmethod 911 0x00007f84413b16d0 code [0x00007f84413b1840, 0x00007f84413b1b18]
Event: 6.496 Thread 0x00007f84500bd000 nmethod 1015 0x00007f84413b74d0 code [0x00007f84413b7620, 0x00007f84413b7738]
Event: 6.509 Thread 0x00007f84500ba000 1168       4       java.util.Arrays::hashCode (56 bytes)
Event: 6.509 Thread 0x00007f84500bd000  887       4       java.util.AbstractMap::<init> (5 bytes)
Event: 6.551 Thread 0x00007f84500be800 nmethod 1165 0x00007f84413b3c50 code [0x00007f84413b3fc0, 0x00007f84413b5a88]
Event: 6.561 Thread 0x00007f84500be800 1167       2       com.android.dx.util.IntList::mutableCopy (39 bytes)

GC Heap History (5 events):
Event: 3.126 GC heap before
{Heap before GC invocations=1 (full 0):
 PSYoungGen      total 17920K, used 15360K [0x00000000eab00000, 0x00000000ebf00000, 0x0000000100000000)
  eden space 15360K, 100% used [0x00000000eab00000,0x00000000eba00000,0x00000000eba00000)
  from space 2560K, 0% used [0x00000000ebc80000,0x00000000ebc80000,0x00000000ebf00000)
  to   space 2560K, 0% used [0x00000000eba00000,0x00000000eba00000,0x00000000ebc80000)
 ParOldGen       total 40960K, used 0K [0x00000000c0000000, 0x00000000c2800000, 0x00000000eab00000)
  object space 40960K, 0% used [0x00000000c0000000,0x00000000c0000000,0x00000000c2800000)
 Metaspace       used 5155K, capacity 6224K, committed 6528K, reserved 1056768K
  class space    used 565K, capacity 584K, committed 640K, reserved 1048576K
Event: 3.206 GC heap after
Heap after GC invocations=1 (full 0):
 PSYoungGen      total 17920K, used 2546K [0x00000000eab00000, 0x00000000ece00000, 0x0000000100000000)
  eden space 15360K, 0% used [0x00000000eab00000,0x00000000eab00000,0x00000000eba00000)
  from space 2560K, 99% used [0x00000000eba00000,0x00000000ebc7cbf8,0x00000000ebc80000)
  to   space 2560K, 0% used [0x00000000ecb80000,0x00000000ecb80000,0x00000000ece00000)
 ParOldGen       total 40960K, used 210K [0x00000000c0000000, 0x00000000c2800000, 0x00000000eab00000)
  object space 40960K, 0% used [0x00000000c0000000,0x00000000c0034810,0x00000000c2800000)
 Metaspace       used 5155K, capacity 6224K, committed 6528K, reserved 1056768K
  class space    used 565K, capacity 584K, committed 640K, reserved 1048576K
}
Event: 4.878 GC heap before
{Heap before GC invocations=2 (full 0):
 PSYoungGen      total 17920K, used 17906K [0x00000000eab00000, 0x00000000ece00000, 0x0000000100000000)
  eden space 15360K, 100% used [0x00000000eab00000,0x00000000eba00000,0x00000000eba00000)
  from space 2560K, 99% used [0x00000000eba00000,0x00000000ebc7cbf8,0x00000000ebc80000)
  to   space 2560K, 0% used [0x00000000ecb80000,0x00000000ecb80000,0x00000000ece00000)
 ParOldGen       total 40960K, used 210K [0x00000000c0000000, 0x00000000c2800000, 0x00000000eab00000)
  object space 40960K, 0% used [0x00000000c0000000,0x00000000c0034810,0x00000000c2800000)
 Metaspace       used 5791K, capacity 6768K, committed 7040K, reserved 1056768K
  class space    used 587K, capacity 616K, committed 640K, reserved 1048576K
Event: 4.929 GC heap after
Heap after GC invocations=2 (full 0):
 PSYoungGen      total 33280K, used 2538K [0x00000000eab00000, 0x00000000ece00000, 0x0000000100000000)
  eden space 30720K, 0% used [0x00000000eab00000,0x00000000eab00000,0x00000000ec900000)
  from space 2560K, 99% used [0x00000000ecb80000,0x00000000ecdfaaa8,0x00000000ece00000)
  to   space 2560K, 0% used [0x00000000ec900000,0x00000000ec900000,0x00000000ecb80000)
 ParOldGen       total 40960K, used 1697K [0x00000000c0000000, 0x00000000c2800000, 0x00000000eab00000)
  object space 40960K, 4% used [0x00000000c0000000,0x00000000c01a86f8,0x00000000c2800000)
 Metaspace       used 5791K, capacity 6768K, committed 7040K, reserved 1056768K
  class space    used 587K, capacity 616K, committed 640K, reserved 1048576K
}
Event: 6.717 GC heap before
{Heap before GC invocations=3 (full 0):
 PSYoungGen      total 33280K, used 33258K [0x00000000eab00000, 0x00000000ece00000, 0x0000000100000000)
  eden space 30720K, 100% used [0x00000000eab00000,0x00000000ec900000,0x00000000ec900000)
  from space 2560K, 99% used [0x00000000ecb80000,0x00000000ecdfaaa8,0x00000000ece00000)
  to   space 2560K, 0% used [0x00000000ec900000,0x00000000ec900000,0x00000000ecb80000)
 ParOldGen       total 40960K, used 1697K [0x00000000c0000000, 0x00000000c2800000, 0x00000000eab00000)
  object space 40960K, 4% used [0x00000000c0000000,0x00000000c01a86f8,0x00000000c2800000)
 Metaspace       used 5896K, capacity 6832K, committed 7040K, reserved 1056768K
  class space    used 587K, capacity 616K, committed 640K, reserved 1048576K

Deoptimization events (8 events):
Event: 2.522 Thread 0x00007f845000a000 Uncommon trap: reason=unstable_if action=reinterpret pc=0x00007f844114b248 method=java.lang.String.indexOf(II)I @ 49
Event: 3.408 Thread 0x00007f8450155000 Uncommon trap: reason=unstable_if action=reinterpret pc=0x00007f84411fcfa4 method=java.util.HashMap.getNode(ILjava/lang/Object;)Ljava/util/HashMap$Node; @ 129
Event: 4.110 Thread 0x00007f845000a000 Uncommon trap: reason=class_check action=maybe_recompile pc=0x00007f844126ab64 method=com.android.dx.rop.type.Type.equals(Ljava/lang/Object;)Z @ 8
Event: 4.136 Thread 0x00007f845000a000 Uncommon trap: reason=class_check action=maybe_recompile pc=0x00007f844121b0bc method=com.android.dx.rop.type.Type.equals(Ljava/lang/Object;)Z @ 8
Event: 4.227 Thread 0x00007f8450155000 Uncommon trap: reason=class_check action=maybe_recompile pc=0x00007f84412199cc method=com.android.dx.rop.type.Type.equals(Ljava/lang/Object;)Z @ 8
Event: 4.227 Thread 0x00007f8450155000 Uncommon trap: reason=class_check action=maybe_recompile pc=0x00007f84412199cc method=com.android.dx.rop.type.Type.equals(Ljava/lang/Object;)Z @ 8
Event: 4.230 Thread 0x00007f8450155000 Uncommon trap: reason=class_check action=maybe_recompile pc=0x00007f844121b0bc method=com.android.dx.rop.type.Type.equals(Ljava/lang/Object;)Z @ 8
Event: 4.230 Thread 0x00007f8450155000 Uncommon trap: reason=class_check action=maybe_recompile pc=0x00007f844126ab64 method=com.android.dx.rop.type.Type.equals(Ljava/lang/Object;)Z @ 8

Internal exceptions (2 events):
Event: 0.561 Thread 0x00007f845000a000 Exception <a 'java/lang/NoSuchMethodError': Method sun.misc.Unsafe.defineClass(Ljava/lang/String;[BII)Ljava/lang/Class; name or signature does not match> (0x00000000eab07cc0) thrown at [/HUDSON/workspace/8-2-build-linux-amd64/jdk8u77/6540/hotspot/src/shar
Event: 0.561 Thread 0x00007f845000a000 Exception <a 'java/lang/NoSuchMethodError': Method sun.misc.Unsafe.prefetchRead(Ljava/lang/Object;J)V name or signature does not match> (0x00000000eab07fa8) thrown at [/HUDSON/workspace/8-2-build-linux-amd64/jdk8u77/6540/hotspot/src/share/vm/prims/jni.cpp

Events (10 events):
Event: 4.257 loading class com/android/dx/cf/code/SwitchList done
Event: 4.355 loading class com/android/dx/cf/attrib/AttLocalVariableTypeTable
Event: 4.355 loading class com/android/dx/cf/attrib/AttLocalVariableTypeTable done
Event: 4.486 loading class com/android/dx/cf/attrib/AttExceptions
Event: 4.486 loading class com/android/dx/cf/attrib/AttExceptions done
Event: 4.878 Executing VM operation: ParallelGCFailedAllocation
Event: 4.929 Executing VM operation: ParallelGCFailedAllocation done
Event: 5.271 Executing VM operation: EnableBiasedLocking
Event: 5.282 Executing VM operation: EnableBiasedLocking done
Event: 6.587 Executing VM operation: ParallelGCFailedAllocation


Dynamic libraries:
00400000-00401000 r-xp 00000000 08:02 6688811                            /usr/lib/jvm/java-8-oracle/bin/java
00600000-00601000 rw-p 00000000 08:02 6688811                            /usr/lib/jvm/java-8-oracle/bin/java
01a51000-01a72000 rw-p 00000000 00:00 0                                  [heap]
c0000000-c2800000 rw-p 00000000 00:00 0 
c2800000-eab00000 ---p 00000000 00:00 0 
eab00000-ece00000 rw-p 00000000 00:00 0 
eec00000-100000000 ---p 00000000 00:00 0 
100000000-1000a0000 rw-p 00000000 00:00 0 
1000a0000-140000000 ---p 00000000 00:00 0 
7f83ec000000-7f83ec021000 rw-p 00000000 00:00 0 
7f83ec021000-7f83f0000000 ---p 00000000 00:00 0 
7f83f4000000-7f83f4021000 rw-p 00000000 00:00 0 
7f83f4021000-7f83f8000000 ---p 00000000 00:00 0 
7f83f8000000-7f83f8021000 rw-p 00000000 00:00 0 
7f83f8021000-7f83fc000000 ---p 00000000 00:00 0 
7f83fc000000-7f83fc021000 rw-p 00000000 00:00 0 
7f83fc021000-7f8400000000 ---p 00000000 00:00 0 
7f8400000000-7f8400021000 rw-p 00000000 00:00 0 
7f8400021000-7f8404000000 ---p 00000000 00:00 0 
7f8404000000-7f8404021000 rw-p 00000000 00:00 0 
7f8404021000-7f8408000000 ---p 00000000 00:00 0 
7f8408000000-7f8408021000 rw-p 00000000 00:00 0 
7f8408021000-7f840c000000 ---p 00000000 00:00 0 
7f840c000000-7f840c5a9000 rw-p 00000000 00:00 0 
7f840c5a9000-7f8410000000 ---p 00000000 00:00 0 
7f84138f9000-7f84138fc000 ---p 00000000 00:00 0 
7f84138fc000-7f84139fa000 rw-p 00000000 00:00 0                          [stack:19490]
7f84139fa000-7f84139fd000 ---p 00000000 00:00 0 
7f84139fd000-7f8413afb000 rw-p 00000000 00:00 0                          [stack:19489]
7f8413afb000-7f8413afe000 ---p 00000000 00:00 0 
7f8413afe000-7f8413bfc000 rw-p 00000000 00:00 0                          [stack:19488]
7f8413bfc000-7f8413bff000 ---p 00000000 00:00 0 
7f8413bff000-7f8413cfd000 rw-p 00000000 00:00 0                          [stack:19487]
7f8413cfd000-7f8413d00000 ---p 00000000 00:00 0 
7f8413d00000-7f8413dfe000 rw-p 00000000 00:00 0                          [stack:19486]
7f8413dfe000-7f8413dff000 ---p 00000000 00:00 0 
7f8413dff000-7f8413eff000 rw-p 00000000 00:00 0                          [stack:19485]
7f8413eff000-7f8413f02000 ---p 00000000 00:00 0 
7f8413f02000-7f8414000000 rw-p 00000000 00:00 0                          [stack:19484]
7f8414000000-7f841436f000 rw-p 00000000 00:00 0 
7f841436f000-7f8418000000 ---p 00000000 00:00 0 
7f8418000000-7f84182d8000 rw-p 00000000 00:00 0 
7f84182d8000-7f841c000000 ---p 00000000 00:00 0 
7f841c000000-7f841c021000 rw-p 00000000 00:00 0 
7f841c021000-7f8420000000 ---p 00000000 00:00 0 
7f8420000000-7f8420021000 rw-p 00000000 00:00 0 
7f8420021000-7f8424000000 ---p 00000000 00:00 0 
7f8424000000-7f842428c000 rw-p 00000000 00:00 0 
7f842428c000-7f8428000000 ---p 00000000 00:00 0 
7f8428000000-7f8428021000 rw-p 00000000 00:00 0 
7f8428021000-7f842c000000 ---p 00000000 00:00 0 
7f842c000000-7f842c021000 rw-p 00000000 00:00 0 
7f842c021000-7f8430000000 ---p 00000000 00:00 0 
7f8430000000-7f8430021000 rw-p 00000000 00:00 0 
7f8430021000-7f8434000000 ---p 00000000 00:00 0 
7f8434000000-7f8434021000 rw-p 00000000 00:00 0 
7f8434021000-7f8438000000 ---p 00000000 00:00 0 
7f843800c000-7f843800f000 ---p 00000000 00:00 0 
7f843800f000-7f843810d000 rw-p 00000000 00:00 0                          [stack:19483]
7f843810d000-7f8438110000 ---p 00000000 00:00 0 
7f8438110000-7f843820e000 rw-p 00000000 00:00 0                          [stack:19482]
7f843820e000-7f8438211000 ---p 00000000 00:00 0 
7f8438211000-7f843830f000 rw-p 00000000 00:00 0                          [stack:19481]
7f843830f000-7f8438312000 ---p 00000000 00:00 0 
7f8438312000-7f8438410000 rw-p 00000000 00:00 0                          [stack:19480]
7f8438410000-7f8438af3000 r--p 00000000 08:02 6691839                    /usr/lib/locale/locale-archive
7f8438af3000-7f8438af6000 ---p 00000000 00:00 0 
7f8438af6000-7f8438bf4000 rw-p 00000000 00:00 0                          [stack:19473]
7f8438bf4000-7f8438bf7000 ---p 00000000 00:00 0 
7f8438bf7000-7f8438cf5000 rw-p 00000000 00:00 0                          [stack:19472]
7f8438cf5000-7f8438cf6000 ---p 00000000 00:00 0 
7f8438cf6000-7f8439e40000 rw-p 00000000 00:00 0                          [stack:19469]
7f8439e40000-7f843a000000 ---p 00000000 00:00 0 
7f843a000000-7f843c000000 rw-p 00000000 00:00 0 
7f843c000000-7f843c021000 rw-p 00000000 00:00 0 
7f843c021000-7f8440000000 ---p 00000000 00:00 0 
7f8440029000-7f8440036000 r--s 00066000 08:02 4095336                    /home/yonatan/Etty/programing/androidAdvanced/FinalProject/LocationsApp/app/build/intermediates/exploded-aar/com.google.android.gms/play-services-drive/8.4.0/jars/classes.jar
7f8440036000-7f8440045000 r--s 000df000 08:02 3824912                    /home/yonatan/Android/Sdk/build-tools/23.0.2/lib/dx.jar
7f8440045000-7f84405ad000 rw-p 00000000 00:00 0 
7f84405ad000-7f8440785000 r--s 03d1e000 08:02 6706415                    /usr/lib/jvm/java-8-oracle/jre/lib/rt.jar
7f8440785000-7f84409fb000 rw-p 00000000 00:00 0 
7f84409fb000-7f84409fc000 ---p 00000000 00:00 0 
7f84409fc000-7f8440afc000 rw-p 00000000 00:00 0                          [stack:19466]
7f8440afc000-7f8440afd000 ---p 00000000 00:00 0 
7f8440afd000-7f8440bfd000 rw-p 00000000 00:00 0                          [stack:19465]
7f8440bfd000-7f8440bfe000 ---p 00000000 00:00 0 
7f8440bfe000-7f8440cfe000 rw-p 00000000 00:00 0                          [stack:19463]
7f8440cfe000-7f8440cff000 ---p 00000000 00:00 0 
7f8440cff000-7f8440e13000 rw-p 00000000 00:00 0                          [stack:19461]
7f8440e13000-7f8440f54000 ---p 00000000 00:00 0 
7f8440f54000-7f8440f66000 rw-p 00000000 00:00 0 
7f8440f66000-7f8440fff000 ---p 00000000 00:00 0 
7f8440fff000-7f8441000000 rw-p 00000000 00:00 0 
7f8441000000-7f84413c0000 rwxp 00000000 00:00 0 
7f84413c0000-7f8450000000 ---p 00000000 00:00 0 
7f8450000000-7f845039d000 rw-p 00000000 00:00 0 
7f845039d000-7f8454000000 ---p 00000000 00:00 0 
7f8454001000-7f8454057000 rw-p 00000000 00:00 0 
7f8454057000-7f8454199000 ---p 00000000 00:00 0 
7f8454199000-7f84541a8000 rw-p 00000000 00:00 0 
7f84541a8000-7f8454559000 ---p 00000000 00:00 0 
7f8454559000-7f8454573000 r-xp 00000000 08:02 6706448                    /usr/lib/jvm/java-8-oracle/jre/lib/amd64/libzip.so
7f8454573000-7f8454773000 ---p 0001a000 08:02 6706448                    /usr/lib/jvm/java-8-oracle/jre/lib/amd64/libzip.so
7f8454773000-7f8454774000 rw-p 0001a000 08:02 6706448                    /usr/lib/jvm/java-8-oracle/jre/lib/amd64/libzip.so
7f8454774000-7f845477f000 r-xp 00000000 08:02 4353546                    /lib/x86_64-linux-gnu/libnss_files-2.19.so
7f845477f000-7f845497e000 ---p 0000b000 08:02 4353546                    /lib/x86_64-linux-gnu/libnss_files-2.19.so
7f845497e000-7f845497f000 r--p 0000a000 08:02 4353546                    /lib/x86_64-linux-gnu/libnss_files-2.19.so
7f845497f000-7f8454980000 rw-p 0000b000 08:02 4353546                    /lib/x86_64-linux-gnu/libnss_files-2.19.so
7f8454980000-7f845498b000 r-xp 00000000 08:02 4353538                    /lib/x86_64-linux-gnu/libnss_nis-2.19.so
7f845498b000-7f8454b8a000 ---p 0000b000 08:02 4353538                    /lib/x86_64-linux-gnu/libnss_nis-2.19.so
7f8454b8a000-7f8454b8b000 r--p 0000a000 08:02 4353538                    /lib/x86_64-linux-gnu/libnss_nis-2.19.so
7f8454b8b000-7f8454b8c000 rw-p 0000b000 08:02 4353538                    /lib/x86_64-linux-gnu/libnss_nis-2.19.so
7f8454b8c000-7f8454ba3000 r-xp 00000000 08:02 4353534                    /lib/x86_64-linux-gnu/libnsl-2.19.so
7f8454ba3000-7f8454da2000 ---p 00017000 08:02 4353534                    /lib/x86_64-linux-gnu/libnsl-2.19.so
7f8454da2000-7f8454da3000 r--p 00016000 08:02 4353534                    /lib/x86_64-linux-gnu/libnsl-2.19.so
7f8454da3000-7f8454da4000 rw-p 00017000 08:02 4353534                    /lib/x86_64-linux-gnu/libnsl-2.19.so
7f8454da4000-7f8454da6000 rw-p 00000000 00:00 0 
7f8454da6000-7f8454daf000 r-xp 00000000 08:02 4353533                    /lib/x86_64-linux-gnu/libnss_compat-2.19.so
7f8454daf000-7f8454fae000 ---p 00009000 08:02 4353533                    /lib/x86_64-linux-gnu/libnss_compat-2.19.so
7f8454fae000-7f8454faf000 r--p 00008000 08:02 4353533                    /lib/x86_64-linux-gnu/libnss_compat-2.19.so
7f8454faf000-7f8454fb0000 rw-p 00009000 08:02 4353533                    /lib/x86_64-linux-gnu/libnss_compat-2.19.so
7f8454fb0000-7f8454fda000 r-xp 00000000 08:02 6706426                    /usr/lib/jvm/java-8-oracle/jre/lib/amd64/libjava.so
7f8454fda000-7f84551da000 ---p 0002a000 08:02 6706426                    /usr/lib/jvm/java-8-oracle/jre/lib/amd64/libjava.so
7f84551da000-7f84551dc000 rw-p 0002a000 08:02 6706426                    /usr/lib/jvm/java-8-oracle/jre/lib/amd64/libjava.so
7f84551dc000-7f84551e9000 r-xp 00000000 08:02 6706437                    /usr/lib/jvm/java-8-oracle/jre/lib/amd64/libverify.so
7f84551e9000-7f84553e9000 ---p 0000d000 08:02 6706437                    /usr/lib/jvm/java-8-oracle/jre/lib/amd64/libverify.so
7f84553e9000-7f84553eb000 rw-p 0000d000 08:02 6706437                    /usr/lib/jvm/java-8-oracle/jre/lib/amd64/libverify.so
7f84553eb000-7f84553f2000 r-xp 00000000 08:02 4353542                    /lib/x86_64-linux-gnu/librt-2.19.so
7f84553f2000-7f84555f1000 ---p 00007000 08:02 4353542                    /lib/x86_64-linux-gnu/librt-2.19.so
7f84555f1000-7f84555f2000 r--p 00006000 08:02 4353542                    /lib/x86_64-linux-gnu/librt-2.19.so
7f84555f2000-7f84555f3000 rw-p 00007000 08:02 4353542                    /lib/x86_64-linux-gnu/librt-2.19.so
7f84555f3000-7f84556f8000 r-xp 00000000 08:02 4353528                    /lib/x86_64-linux-gnu/libm-2.19.so
7f84556f8000-7f84558f7000 ---p 00105000 08:02 4353528                    /lib/x86_64-linux-gnu/libm-2.19.so
7f84558f7000-7f84558f8000 r--p 00104000 08:02 4353528                    /lib/x86_64-linux-gnu/libm-2.19.so
7f84558f8000-7f84558f9000 rw-p 00105000 08:02 4353528                    /lib/x86_64-linux-gnu/libm-2.19.so
7f84558f9000-7f84565b8000 r-xp 00000000 08:02 6706439                    /usr/lib/jvm/java-8-oracle/jre/lib/amd64/server/libjvm.so
7f84565b8000-7f84567b7000 ---p 00cbf000 08:02 6706439                    /usr/lib/jvm/java-8-oracle/jre/lib/amd64/server/libjvm.so
7f84567b7000-7f8456890000 rw-p 00cbe000 08:02 6706439                    /usr/lib/jvm/java-8-oracle/jre/lib/amd64/server/libjvm.so
7f8456890000-7f84568d9000 rw-p 00000000 00:00 0 
7f84568d9000-7f8456a94000 r-xp 00000000 08:02 4353543                    /lib/x86_64-linux-gnu/libc-2.19.so
7f8456a94000-7f8456c93000 ---p 001bb000 08:02 4353543                    /lib/x86_64-linux-gnu/libc-2.19.so
7f8456c93000-7f8456c97000 r--p 001ba000 08:02 4353543                    /lib/x86_64-linux-gnu/libc-2.19.so
7f8456c97000-7f8456c99000 rw-p 001be000 08:02 4353543                    /lib/x86_64-linux-gnu/libc-2.19.so
7f8456c99000-7f8456c9e000 rw-p 00000000 00:00 0 
7f8456c9e000-7f8456ca1000 r-xp 00000000 08:02 4353530                    /lib/x86_64-linux-gnu/libdl-2.19.so
7f8456ca1000-7f8456ea0000 ---p 00003000 08:02 4353530                    /lib/x86_64-linux-gnu/libdl-2.19.so
7f8456ea0000-7f8456ea1000 r--p 00002000 08:02 4353530                    /lib/x86_64-linux-gnu/libdl-2.19.so
7f8456ea1000-7f8456ea2000 rw-p 00003000 08:02 4353530                    /lib/x86_64-linux-gnu/libdl-2.19.so
7f8456ea2000-7f8456eb7000 r-xp 00000000 08:02 6728044                    /usr/lib/jvm/java-8-oracle/lib/amd64/jli/libjli.so
7f8456eb7000-7f84570b7000 ---p 00015000 08:02 6728044                    /usr/lib/jvm/java-8-oracle/lib/amd64/jli/libjli.so
7f84570b7000-7f84570b8000 rw-p 00015000 08:02 6728044                    /usr/lib/jvm/java-8-oracle/lib/amd64/jli/libjli.so
7f84570b8000-7f84570d1000 r-xp 00000000 08:02 4353535                    /lib/x86_64-linux-gnu/libpthread-2.19.so
7f84570d1000-7f84572d0000 ---p 00019000 08:02 4353535                    /lib/x86_64-linux-gnu/libpthread-2.19.so
7f84572d0000-7f84572d1000 r--p 00018000 08:02 4353535                    /lib/x86_64-linux-gnu/libpthread-2.19.so
7f84572d1000-7f84572d2000 rw-p 00019000 08:02 4353535                    /lib/x86_64-linux-gnu/libpthread-2.19.so
7f84572d2000-7f84572d6000 rw-p 00000000 00:00 0 
7f84572d6000-7f84572f9000 r-xp 00000000 08:02 4353536                    /lib/x86_64-linux-gnu/ld-2.19.so
7f8457300000-7f84573d2000 rw-p 00000000 00:00 0 
7f84573d2000-7f84573d5000 ---p 00000000 00:00 0 
7f84573d5000-7f84574ec000 rw-p 00000000 00:00 0                          [stack:19457]
7f84574ec000-7f84574f4000 rw-s 00000000 08:02 1976801                    /tmp/hsperfdata_yonatan/19454
7f84574f4000-7f84574f5000 rw-p 00000000 00:00 0 
7f84574f5000-7f84574f6000 ---p 00000000 00:00 0 
7f84574f6000-7f84574f8000 rw-p 00000000 00:00 0 
7f84574f8000-7f84574f9000 r--p 00022000 08:02 4353536                    /lib/x86_64-linux-gnu/ld-2.19.so
7f84574f9000-7f84574fa000 rw-p 00023000 08:02 4353536                    /lib/x86_64-linux-gnu/ld-2.19.so
7f84574fa000-7f84574fb000 rw-p 00000000 00:00 0 
7ffd2700d000-7ffd2702e000 rw-p 00000000 00:00 0                          [stack]
7ffd27053000-7ffd27055000 r-xp 00000000 00:00 0                          [vdso]
7ffd27055000-7ffd27057000 r--p 00000000 00:00 0                          [vvar]
ffffffffff600000-ffffffffff601000 r-xp 00000000 00:00 0                  [vsyscall]

VM Arguments:
jvm_args: -Djava.awt.headless=true -Xmx1024M -Dfile.encoding=UTF-8 -Duser.country=US -Duser.language=en -Duser.variant 
java_command: com.android.dx.command.Main --dex --num-threads=4 --output /home/yonatan/Etty/programing/androidAdvanced/FinalProject/LocationsApp/app/build/intermediates/pre-dexed/debug/com.google.android.gms-play-services-drive-8.4.0_7aba24af880354b38db93bdff1b97c8fc87d0dfb.jar /home/yonatan/Etty/programing/androidAdvanced/FinalProject/LocationsApp/app/build/intermediates/exploded-aar/com.google.android.gms/play-services-drive/8.4.0/jars/classes.jar
java_class_path (initial): /home/yonatan/Android/Sdk/build-tools/23.0.2/lib/dx.jar
Launcher Type: SUN_STANDARD

Environment Variables:
JAVA_HOME=/usr/lib/jvm/java-8-oracle
PATH=/usr/local/sbin:/usr/local/bin:/usr/sbin:/usr/bin:/sbin:/bin:/usr/games:/usr/local/games:/usr/lib/jvm/java-8-oracle/bin:/usr/lib/jvm/java-8-oracle/db/bin:/usr/lib/jvm/java-8-oracle/jre/bin
SHELL=/bin/bash
DISPLAY=:0

Signal Handlers:
SIGSEGV: [libjvm.so+0xabb070], sa_mask[0]=11111111011111111101111111111110, sa_flags=SA_RESTART|SA_SIGINFO
SIGBUS: [libjvm.so+0xabb070], sa_mask[0]=11111111011111111101111111111110, sa_flags=SA_RESTART|SA_SIGINFO
SIGFPE: [libjvm.so+0x918480], sa_mask[0]=11111111011111111101111111111110, sa_flags=SA_RESTART|SA_SIGINFO
SIGPIPE: [libjvm.so+0x918480], sa_mask[0]=11111111011111111101111111111110, sa_flags=SA_RESTART|SA_SIGINFO
SIGXFSZ: [libjvm.so+0x918480], sa_mask[0]=11111111011111111101111111111110, sa_flags=SA_RESTART|SA_SIGINFO
SIGILL: [libjvm.so+0x918480], sa_mask[0]=11111111011111111101111111111110, sa_flags=SA_RESTART|SA_SIGINFO
SIGUSR1: SIG_DFL, sa_mask[0]=00000000000000000000000000000000, sa_flags=none
SIGUSR2: [libjvm.so+0x919ab0], sa_mask[0]=00100000000000000000000000000000, sa_flags=SA_RESTART|SA_SIGINFO
SIGHUP: [libjvm.so+0x91aeb0], sa_mask[0]=11111111011111111101111111111110, sa_flags=SA_RESTART|SA_SIGINFO
SIGINT: [libjvm.so+0x91aeb0], sa_mask[0]=11111111011111111101111111111110, sa_flags=SA_RESTART|SA_SIGINFO
SIGTERM: [libjvm.so+0x91aeb0], sa_mask[0]=11111111011111111101111111111110, sa_flags=SA_RESTART|SA_SIGINFO
SIGQUIT: [libjvm.so+0x91aeb0], sa_mask[0]=11111111011111111101111111111110, sa_flags=SA_RESTART|SA_SIGINFO


---------------  S Y S T E M  ---------------

OS:DISTRIB_ID=Ubuntu
DISTRIB_RELEASE=14.04
DISTRIB_CODENAME=trusty
DISTRIB_DESCRIPTION="Ubuntu 14.04.4 LTS"

uname:Linux 3.16.0-67-generic #87~14.04.1-Ubuntu SMP Fri Mar 11 00:26:02 UTC 2016 x86_64
libc:glibc 2.19 NPTL 2.19 
rlimit: STACK 8192k, CORE 0k, NPROC 14573, NOFILE 4096, AS infinity
load average:43.29 16.17 6.53

/proc/meminfo:
MemTotal:        3931368 kB
MemFree:          114708 kB
MemAvailable:      90724 kB
Buffers:            1764 kB
Cached:           295264 kB
SwapCached:        11956 kB
Active:          2679976 kB
Inactive:         880076 kB
Active(anon):    2664908 kB
Inactive(anon):   823964 kB
Active(file):      15068 kB
Inactive(file):    56112 kB
Unevictable:          32 kB
Mlocked:              32 kB
SwapTotal:       4077564 kB
SwapFree:          45704 kB
Dirty:                56 kB
Writeback:           700 kB
AnonPages:       3252444 kB
Mapped:            61984 kB
Shmem:            226212 kB
Slab:              98504 kB
SReclaimable:      49784 kB
SUnreclaim:        48720 kB
KernelStack:       15456 kB
PageTables:        76376 kB
NFS_Unstable:          0 kB
Bounce:                0 kB
WritebackTmp:          0 kB
CommitLimit:     6043248 kB
Committed_AS:   17151256 kB
VmallocTotal:   34359738367 kB
VmallocUsed:      355168 kB
VmallocChunk:   34359348148 kB
HardwareCorrupted:     0 kB
AnonHugePages:    649216 kB
HugePages_Total:       0
HugePages_Free:        0
HugePages_Rsvd:        0
HugePages_Surp:        0
Hugepagesize:       2048 kB
DirectMap4k:      106864 kB
DirectMap2M:     3971072 kB


CPU:total 4 (2 cores per cpu, 2 threads per core) family 6 model 58 stepping 9, cmov, cx8, fxsr, mmx, sse, sse2, sse3, ssse3, sse4.1, sse4.2, popcnt, avx, aes, clmul, erms, ht, tsc, tscinvbit, tscinv

/proc/cpuinfo:
processor	: 0
vendor_id	: GenuineIntel
cpu family	: 6
model		: 58
model name	: Intel(R) Core(TM) i5-3317U CPU @ 1.70GHz
stepping	: 9
microcode	: 0x12
cpu MHz		: 2399.988
cache size	: 3072 KB
physical id	: 0
siblings	: 4
core id		: 0
cpu cores	: 2
apicid		: 0
initial apicid	: 0
fpu		: yes
fpu_exception	: yes
cpuid level	: 13
wp		: yes
flags		: fpu vme de pse tsc msr pae mce cx8 apic sep mtrr pge mca cmov pat pse36 clflush dts acpi mmx fxsr sse sse2 ss ht tm pbe syscall nx rdtscp lm constant_tsc arch_perfmon pebs bts rep_good nopl xtopology nonstop_tsc aperfmperf eagerfpu pni pclmulqdq dtes64 monitor ds_cpl vmx est tm2 ssse3 cx16 xtpr pdcm pcid sse4_1 sse4_2 x2apic popcnt tsc_deadline_timer aes xsave avx f16c rdrand lahf_lm ida arat epb xsaveopt pln pts dtherm tpr_shadow vnmi flexpriority ept vpid fsgsbase smep erms
bogomips	: 3392.02
clflush size	: 64
cache_alignment	: 64
address sizes	: 36 bits physical, 48 bits virtual
power management:

processor	: 1
vendor_id	: GenuineIntel
cpu family	: 6
model		: 58
model name	: Intel(R) Core(TM) i5-3317U CPU @ 1.70GHz
stepping	: 9
microcode	: 0x12
cpu MHz		: 2399.988
cache size	: 3072 KB
physical id	: 0
siblings	: 4
core id		: 1
cpu cores	: 2
apicid		: 2
initial apicid	: 2
fpu		: yes
fpu_exception	: yes
cpuid level	: 13
wp		: yes
flags		: fpu vme de pse tsc msr pae mce cx8 apic sep mtrr pge mca cmov pat pse36 clflush dts acpi mmx fxsr sse sse2 ss ht tm pbe syscall nx rdtscp lm constant_tsc arch_perfmon pebs bts rep_good nopl xtopology nonstop_tsc aperfmperf eagerfpu pni pclmulqdq dtes64 monitor ds_cpl vmx est tm2 ssse3 cx16 xtpr pdcm pcid sse4_1 sse4_2 x2apic popcnt tsc_deadline_timer aes xsave avx f16c rdrand lahf_lm ida arat epb xsaveopt pln pts dtherm tpr_shadow vnmi flexpriority ept vpid fsgsbase smep erms
bogomips	: 3392.02
clflush size	: 64
cache_alignment	: 64
address sizes	: 36 bits physical, 48 bits virtual
power management:

processor	: 2
vendor_id	: GenuineIntel
cpu family	: 6
model		: 58
model name	: Intel(R) Core(TM) i5-3317U CPU @ 1.70GHz
stepping	: 9
microcode	: 0x12
cpu MHz		: 2399.988
cache size	: 3072 KB
physical id	: 0
siblings	: 4
core id		: 0
cpu cores	: 2
apicid		: 1
initial apicid	: 1
fpu		: yes
fpu_exception	: yes
cpuid level	: 13
wp		: yes
flags		: fpu vme de pse tsc msr pae mce cx8 apic sep mtrr pge mca cmov pat pse36 clflush dts acpi mmx fxsr sse sse2 ss ht tm pbe syscall nx rdtscp lm constant_tsc arch_perfmon pebs bts rep_good nopl xtopology nonstop_tsc aperfmperf eagerfpu pni pclmulqdq dtes64 monitor ds_cpl vmx est tm2 ssse3 cx16 xtpr pdcm pcid sse4_1 sse4_2 x2apic popcnt tsc_deadline_timer aes xsave avx f16c rdrand lahf_lm ida arat epb xsaveopt pln pts dtherm tpr_shadow vnmi flexpriority ept vpid fsgsbase smep erms
bogomips	: 3392.02
clflush size	: 64
cache_alignment	: 64
address sizes	: 36 bits physical, 48 bits virtual
power management:

processor	: 3
vendor_id	: GenuineIntel
cpu family	: 6
model		: 58
model name	: Intel(R) Core(TM) i5-3317U CPU @ 1.70GHz
stepping	: 9
microcode	: 0x12
cpu MHz		: 2399.988
cache size	: 3072 KB
physical id	: 0
siblings	: 4
core id		: 1
cpu cores	: 2
apicid		: 3
initial apicid	: 3
fpu		: yes
fpu_exception	: yes
cpuid level	: 13
wp		: yes
flags		: fpu vme de pse tsc msr pae mce cx8 apic sep mtrr pge mca cmov pat pse36 clflush dts acpi mmx fxsr sse sse2 ss ht tm pbe syscall nx rdtscp lm constant_tsc arch_perfmon pebs bts rep_good nopl xtopology nonstop_tsc aperfmperf eagerfpu pni pclmulqdq dtes64 monitor ds_cpl vmx est tm2 ssse3 cx16 xtpr pdcm pcid sse4_1 sse4_2 x2apic popcnt tsc_deadline_timer aes xsave avx f16c rdrand lahf_lm ida arat epb xsaveopt pln pts dtherm tpr_shadow vnmi flexpriority ept vpid fsgsbase smep erms
bogomips	: 3392.02
clflush size	: 64
cache_alignment	: 64
address sizes	: 36 bits physical, 48 bits virtual
power management:



Memory: 4k page, physical 3931368k(114352k free), swap 4077564k(45632k free)

vm_info: Java HotSpot(TM) 64-Bit Server VM (25.77-b03) for linux-amd64 JRE (1.8.0_77-b03), built on Mar 20 2016 22:00:46 by "java_re" with gcc 4.3.0 20080428 (Red Hat 4.3.0-8)

time: Tue Apr  5 09:50:08 2016
elapsed time: 7 seconds (0d 0h 0m 7s)

