#
# There is insufficient memory for the Java Runtime Environment to continue.
# Native memory allocation (mmap) failed to map 59768832 bytes for committing reserved memory.
# Possible reasons:
#   The system is out of physical RAM or swap space
#   In 32 bit mode, the process size limit was hit
# Possible solutions:
#   Reduce memory load on the system
#   Increase physical memory or swap space
#   Check if swap backing store is full
#   Use 64 bit Java on a 64 bit OS
#   Decrease Java heap size (-Xmx/-Xms)
#   Decrease number of Java threads
#   Decrease Java thread stack sizes (-Xss)
#   Set larger code cache with -XX:ReservedCodeCacheSize=
# This output file may be truncated or incomplete.
#
#  Out of Memory Error (os_linux.cpp:2627), pid=11567, tid=140197324896000
#
# JRE version: Java(TM) SE Runtime Environment (8.0_91-b14) (build 1.8.0_91-b14)
# Java VM: Java HotSpot(TM) 64-Bit Server VM (25.91-b14 mixed mode linux-amd64 compressed oops)
# Failed to write core dump. Core dumps have been disabled. To enable core dumping, try "ulimit -c unlimited" before starting Java again
#

---------------  T H R E A D  ---------------

Current thread (0x00007f825407b000):  VMThread [stack: 0x00007f823bafb000,0x00007f823bbfc000] [id=11577]

Stack: [0x00007f823bafb000,0x00007f823bbfc000],  sp=0x00007f823bbfa160,  free space=1020k
Native frames: (J=compiled Java code, j=interpreted, Vv=VM code, C=native code)
V  [libjvm.so+0xabc18a]  VMError::report_and_die()+0x2ba
V  [libjvm.so+0x4fafeb]  report_vm_out_of_memory(char const*, int, unsigned long, VMErrorType, char const*)+0x8b
V  [libjvm.so+0x91cbb3]  os::Linux::commit_memory_impl(char*, unsigned long, bool)+0x103
V  [libjvm.so+0x91d109]  os::pd_commit_memory(char*, unsigned long, unsigned long, bool)+0x29
V  [libjvm.so+0x91740a]  os::commit_memory(char*, unsigned long, unsigned long, bool)+0x2a
V  [libjvm.so+0x98b033]  PSVirtualSpace::expand_by(unsigned long)+0x53
V  [libjvm.so+0x98c438]  PSYoungGen::resize_generation(unsigned long, unsigned long)+0xf8
V  [libjvm.so+0x98b592]  PSYoungGen::resize(unsigned long, unsigned long)+0x22
V  [libjvm.so+0x98886b]  PSScavenge::invoke_no_policy()+0xf3b
V  [libjvm.so+0x988ff1]  PSScavenge::invoke()+0x41
V  [libjvm.so+0x9408b0]  ParallelScavengeHeap::failed_mem_allocate(unsigned long)+0x70
V  [libjvm.so+0xabdba7]  VM_ParallelGCFailedAllocation::doit()+0x97
V  [libjvm.so+0xac55d5]  VM_Operation::evaluate()+0x55
V  [libjvm.so+0xac39aa]  VMThread::evaluate_operation(VM_Operation*)+0xba
V  [libjvm.so+0xac3d2e]  VMThread::loop()+0x1ce
V  [libjvm.so+0xac41a0]  VMThread::run()+0x70
V  [libjvm.so+0x91ef78]  java_start(Thread*)+0x108

VM_Operation (0x00007f825a3481b0): ParallelGCFailedAllocation, mode: safepoint, requested by thread 0x00007f825400d800


---------------  P R O C E S S  ---------------

Java Threads: ( => current thread )
  0x00007f82540ef000 JavaThread "Service Thread" daemon [_thread_blocked, id=11584, stack(0x00007f823ad11000,0x00007f823ae12000)]
  0x00007f82540c2000 JavaThread "C1 CompilerThread2" daemon [_thread_blocked, id=11583, stack(0x00007f823ae12000,0x00007f823af13000)]
  0x00007f82540c0000 JavaThread "C2 CompilerThread1" daemon [_thread_blocked, id=11582, stack(0x00007f823af13000,0x00007f823b014000)]
  0x00007f82540bd000 JavaThread "C2 CompilerThread0" daemon [_thread_blocked, id=11581, stack(0x00007f823b014000,0x00007f823b115000)]
  0x00007f82540bb800 JavaThread "Signal Dispatcher" daemon [_thread_blocked, id=11580, stack(0x00007f823b115000,0x00007f823b216000)]
  0x00007f8254087800 JavaThread "Finalizer" daemon [_thread_blocked, id=11579, stack(0x00007f823b8f9000,0x00007f823b9fa000)]
  0x00007f8254083000 JavaThread "Reference Handler" daemon [_thread_blocked, id=11578, stack(0x00007f823b9fa000,0x00007f823bafb000)]
  0x00007f825400d800 JavaThread "main" [_thread_blocked, id=11572, stack(0x00007f825a249000,0x00007f825a34a000)]

Other Threads:
=>0x00007f825407b000 VMThread [stack: 0x00007f823bafb000,0x00007f823bbfc000] [id=11577]
  0x00007f82540f2000 WatcherThread [stack: 0x00007f823ac10000,0x00007f823ad11000] [id=11585]

VM state:at safepoint (normal execution)

VM Mutex/Monitor currently owned by a thread:  ([mutex/lock_event])
[0x00007f8254009930] Threads_lock - owner thread: 0x00007f825407b000
[0x00007f8254009e30] Heap_lock - owner thread: 0x00007f825400d800

Heap:
 PSYoungGen      total 129536K, used 26857K [0x00000000eab00000, 0x00000000f5d80000, 0x0000000100000000)
  eden space 88576K, 0% used [0x00000000eab00000,0x00000000eab00000,0x00000000f0180000)
  from space 40960K, 65% used [0x00000000f0180000,0x00000000f1bba4f8,0x00000000f2980000)
  to   space 38400K, 0% used [0x00000000f2980000,0x00000000f2980000,0x00000000f4f00000)
 ParOldGen       total 77312K, used 20287K [0x00000000c0000000, 0x00000000c4b80000, 0x00000000eab00000)
  object space 77312K, 26% used [0x00000000c0000000,0x00000000c13cffd0,0x00000000c4b80000)
 Metaspace       used 4757K, capacity 5464K, committed 5760K, reserved 1056768K
  class space    used 497K, capacity 528K, committed 640K, reserved 1048576K

Card table byte_map: [0x00007f8243dbc000,0x00007f8243fbd000] byte_map_base: 0x00007f82437bc000

Marking Bits: (ParMarkBitMap*) 0x00007f8259723d60
 Begin Bits: [0x00007f8241862000, 0x00007f8242862000)
 End Bits:   [0x00007f8242862000, 0x00007f8243862000)

Polling page: 0x00007f825a36c000

CodeCache: size=245760Kb used=4003Kb max_used=4017Kb free=241756Kb
 bounds [0x00007f824437d000, 0x00007f824477d000, 0x00007f825337d000]
 total_blobs=1422 nmethods=1148 adapters=188
 compilation: enabled

Compilation events (10 events):
Event: 2.800 Thread 0x00007f82540c2000 1194       2       com.android.dx.io.instructions.InstructionCodec$31::encode (39 bytes)
Event: 2.801 Thread 0x00007f82540c2000 nmethod 1194 0x00007f824475e0d0 code [0x00007f824475e260, 0x00007f824475e598]
Event: 2.903 Thread 0x00007f82540c0000 nmethod 1138% 0x00007f8244763e90 code [0x00007f8244764120, 0x00007f82447657a8]
Event: 2.903 Thread 0x00007f82540c0000 1195       4       com.android.dx.merge.DexMerger::transformMethods (126 bytes)
Event: 2.969 Thread 0x00007f82540c0000 nmethod 1195 0x00007f824476aa90 code [0x00007f824476ad00, 0x00007f824476c838]
Event: 2.969 Thread 0x00007f82540c0000 1196       4       com.android.dex.Dex$Section::readMethods (59 bytes)
Event: 3.001 Thread 0x00007f82540c0000 nmethod 1196 0x00007f824475fb50 code [0x00007f824475fd00, 0x00007f8244760d18]
Event: 3.001 Thread 0x00007f82540c0000 1201       4       com.android.dex.Dex$Section::readFields (51 bytes)
Event: 3.023 Thread 0x00007f82540c0000 nmethod 1201 0x00007f824476e590 code [0x00007f824476e720, 0x00007f824476f258]
Event: 3.023 Thread 0x00007f82540c0000 1202       4       com.android.dx.merge.DexMerger::transformFields (71 bytes)

GC Heap History (10 events):
Event: 0.599 GC heap after
Heap after GC invocations=3 (full 0):
 PSYoungGen      total 33280K, used 2547K [0x00000000eab00000, 0x00000000eec00000, 0x0000000100000000)
  eden space 30720K, 0% used [0x00000000eab00000,0x00000000eab00000,0x00000000ec900000)
  from space 2560K, 99% used [0x00000000ec900000,0x00000000ecb7cf08,0x00000000ecb80000)
  to   space 2560K, 0% used [0x00000000ee980000,0x00000000ee980000,0x00000000eec00000)
 ParOldGen       total 50176K, used 44786K [0x00000000c0000000, 0x00000000c3100000, 0x00000000eab00000)
  object space 50176K, 89% used [0x00000000c0000000,0x00000000c2bbc918,0x00000000c3100000)
 Metaspace       used 3829K, capacity 4944K, committed 5120K, reserved 1056768K
  class space    used 406K, capacity 456K, committed 512K, reserved 1048576K
}
Event: 0.599 GC heap before
{Heap before GC invocations=4 (full 1):
 PSYoungGen      total 33280K, used 2547K [0x00000000eab00000, 0x00000000eec00000, 0x0000000100000000)
  eden space 30720K, 0% used [0x00000000eab00000,0x00000000eab00000,0x00000000ec900000)
  from space 2560K, 99% used [0x00000000ec900000,0x00000000ecb7cf08,0x00000000ecb80000)
  to   space 2560K, 0% used [0x00000000ee980000,0x00000000ee980000,0x00000000eec00000)
 ParOldGen       total 50176K, used 44786K [0x00000000c0000000, 0x00000000c3100000, 0x00000000eab00000)
  object space 50176K, 89% used [0x00000000c0000000,0x00000000c2bbc918,0x00000000c3100000)
 Metaspace       used 3829K, capacity 4944K, committed 5120K, reserved 1056768K
  class space    used 406K, capacity 456K, committed 512K, reserved 1048576K
Event: 0.611 GC heap after
Heap after GC invocations=4 (full 1):
 PSYoungGen      total 33280K, used 0K [0x00000000eab00000, 0x00000000eec00000, 0x0000000100000000)
  eden space 30720K, 0% used [0x00000000eab00000,0x00000000eab00000,0x00000000ec900000)
  from space 2560K, 0% used [0x00000000ec900000,0x00000000ec900000,0x00000000ecb80000)
  to   space 2560K, 0% used [0x00000000ee980000,0x00000000ee980000,0x00000000eec00000)
 ParOldGen       total 77312K, used 18508K [0x00000000c0000000, 0x00000000c4b80000, 0x00000000eab00000)
  object space 77312K, 23% used [0x00000000c0000000,0x00000000c1213020,0x00000000c4b80000)
 Metaspace       used 3829K, capacity 4944K, committed 5120K, reserved 1056768K
  class space    used 406K, capacity 456K, committed 512K, reserved 1048576K
}
Event: 0.860 GC heap before
{Heap before GC invocations=5 (full 1):
 PSYoungGen      total 33280K, used 30720K [0x00000000eab00000, 0x00000000eec00000, 0x0000000100000000)
  eden space 30720K, 100% used [0x00000000eab00000,0x00000000ec900000,0x00000000ec900000)
  from space 2560K, 0% used [0x00000000ec900000,0x00000000ec900000,0x00000000ecb80000)
  to   space 2560K, 0% used [0x00000000ee980000,0x00000000ee980000,0x00000000eec00000)
 ParOldGen       total 77312K, used 18508K [0x00000000c0000000, 0x00000000c4b80000, 0x00000000eab00000)
  object space 77312K, 23% used [0x00000000c0000000,0x00000000c1213020,0x00000000c4b80000)
 Metaspace       used 3938K, capacity 5008K, committed 5120K, reserved 1056768K
  class space    used 412K, capacity 456K, committed 512K, reserved 1048576K
Event: 0.864 GC heap after
Heap after GC invocations=5 (full 1):
 PSYoungGen      total 54784K, used 928K [0x00000000eab00000, 0x00000000eea80000, 0x0000000100000000)
  eden space 53760K, 0% used [0x00000000eab00000,0x00000000eab00000,0x00000000edf80000)
  from space 1024K, 90% used [0x00000000ee980000,0x00000000eea68000,0x00000000eea80000)
  to   space 2560K, 0% used [0x00000000ee580000,0x00000000ee580000,0x00000000ee800000)
 ParOldGen       total 77312K, used 18516K [0x00000000c0000000, 0x00000000c4b80000, 0x00000000eab00000)
  object space 77312K, 23% used [0x00000000c0000000,0x00000000c1215020,0x00000000c4b80000)
 Metaspace       used 3938K, capacity 5008K, committed 5120K, reserved 1056768K
  class space    used 412K, capacity 456K, committed 512K, reserved 1048576K
}
Event: 1.736 GC heap before
{Heap before GC invocations=6 (full 1):
 PSYoungGen      total 54784K, used 54688K [0x00000000eab00000, 0x00000000eea80000, 0x0000000100000000)
  eden space 53760K, 100% used [0x00000000eab00000,0x00000000edf80000,0x00000000edf80000)
  from space 1024K, 90% used [0x00000000ee980000,0x00000000eea68000,0x00000000eea80000)
  to   space 2560K, 0% used [0x00000000ee580000,0x00000000ee580000,0x00000000ee800000)
 ParOldGen       total 77312K, used 18516K [0x00000000c0000000, 0x00000000c4b80000, 0x00000000eab00000)
  object space 77312K, 23% used [0x00000000c0000000,0x00000000c1215020,0x00000000c4b80000)
 Metaspace       used 4417K, capacity 5424K, committed 5632K, reserved 1056768K
  class space    used 460K, capacity 488K, committed 512K, reserved 1048576K
Event: 1.746 GC heap after
Heap after GC invocations=6 (full 1):
 PSYoungGen      total 62464K, used 2528K [0x00000000eab00000, 0x00000000f4f00000, 0x0000000100000000)
  eden space 59904K, 0% used [0x00000000eab00000,0x00000000eab00000,0x00000000ee580000)
  from space 2560K, 98% used [0x00000000ee580000,0x00000000ee7f8018,0x00000000ee800000)
  to   space 38400K, 0% used [0x00000000f2980000,0x00000000f2980000,0x00000000f4f00000)
 ParOldGen       total 77312K, used 20023K [0x00000000c0000000, 0x00000000c4b80000, 0x00000000eab00000)
  object space 77312K, 25% used [0x00000000c0000000,0x00000000c138dfb8,0x00000000c4b80000)
 Metaspace       used 4417K, capacity 5424K, committed 5632K, reserved 1056768K
  class space    used 460K, capacity 488K, committed 512K, reserved 1048576K
}
Event: 2.513 GC heap before
{Heap before GC invocations=7 (full 1):
 PSYoungGen      total 62464K, used 62432K [0x00000000eab00000, 0x00000000f4f00000, 0x0000000100000000)
  eden space 59904K, 100% used [0x00000000eab00000,0x00000000ee580000,0x00000000ee580000)
  from space 2560K, 98% used [0x00000000ee580000,0x00000000ee7f8018,0x00000000ee800000)
  to   space 38400K, 0% used [0x00000000f2980000,0x00000000f2980000,0x00000000f4f00000)
 ParOldGen       total 77312K, used 20023K [0x00000000c0000000, 0x00000000c4b80000, 0x00000000eab00000)
  object space 77312K, 25% used [0x00000000c0000000,0x00000000c138dfb8,0x00000000c4b80000)
 Metaspace       used 4743K, capacity 5464K, committed 5760K, reserved 1056768K
  class space    used 496K, capacity 528K, committed 640K, reserved 1048576K
Event: 2.542 GC heap after
Heap after GC invocations=7 (full 1):
 PSYoungGen      total 126976K, used 23771K [0x00000000eab00000, 0x00000000f5d80000, 0x0000000100000000)
  eden space 88576K, 0% used [0x00000000eab00000,0x00000000eab00000,0x00000000f0180000)
  from space 38400K, 61% used [0x00000000f2980000,0x00000000f40b6e48,0x00000000f4f00000)
  to   space 40960K, 0% used [0x00000000f0180000,0x00000000f0180000,0x00000000f2980000)
 ParOldGen       total 77312K, used 20287K [0x00000000c0000000, 0x00000000c4b80000, 0x00000000eab00000)
  object space 77312K, 26% used [0x00000000c0000000,0x00000000c13cffd0,0x00000000c4b80000)
 Metaspace       used 4743K, capacity 5464K, committed 5760K, reserved 1056768K
  class space    used 496K, capacity 528K, committed 640K, reserved 1048576K
}
Event: 3.042 GC heap before
{Heap before GC invocations=8 (full 1):
 PSYoungGen      total 126976K, used 112347K [0x00000000eab00000, 0x00000000f5d80000, 0x0000000100000000)
  eden space 88576K, 100% used [0x00000000eab00000,0x00000000f0180000,0x00000000f0180000)
  from space 38400K, 61% used [0x00000000f2980000,0x00000000f40b6e48,0x00000000f4f00000)
  to   space 40960K, 0% used [0x00000000f0180000,0x00000000f0180000,0x00000000f2980000)
 ParOldGen       total 77312K, used 20287K [0x00000000c0000000, 0x00000000c4b80000, 0x00000000eab00000)
  object space 77312K, 26% used [0x00000000c0000000,0x00000000c13cffd0,0x00000000c4b80000)
 Metaspace       used 4757K, capacity 5464K, committed 5760K, reserved 1056768K
  class space    used 497K, capacity 528K, committed 640K, reserved 1048576K

Deoptimization events (10 events):
Event: 2.051 Thread 0x00007f825400d800 Uncommon trap: reason=unstable_if action=reinterpret pc=0x00007f82444e3948 method=java.lang.String.replace(CC)Ljava/lang/String; @ 2
Event: 2.053 Thread 0x00007f825400d800 Uncommon trap: reason=unstable_if action=reinterpret pc=0x00007f82444c31c8 method=java.lang.String.indexOf(II)I @ 49
Event: 2.055 Thread 0x00007f825400d800 Uncommon trap: reason=class_check action=maybe_recompile pc=0x00007f824463e3b4 method=java.util.HashMap.putVal(ILjava/lang/Object;Ljava/lang/Object;ZZ)Ljava/lang/Object; @ 56
Event: 2.055 Thread 0x00007f825400d800 Uncommon trap: reason=class_check action=maybe_recompile pc=0x00007f824463e3b4 method=java.util.HashMap.putVal(ILjava/lang/Object;Ljava/lang/Object;ZZ)Ljava/lang/Object; @ 56
Event: 2.056 Thread 0x00007f825400d800 Uncommon trap: reason=class_check action=maybe_recompile pc=0x00007f824463e3b4 method=java.util.HashMap.putVal(ILjava/lang/Object;Ljava/lang/Object;ZZ)Ljava/lang/Object; @ 56
Event: 2.056 Thread 0x00007f825400d800 Uncommon trap: reason=class_check action=maybe_recompile pc=0x00007f824463e41c method=java.util.HashMap.putVal(ILjava/lang/Object;Ljava/lang/Object;ZZ)Ljava/lang/Object; @ 152
Event: 2.056 Thread 0x00007f825400d800 Uncommon trap: reason=class_check action=maybe_recompile pc=0x00007f824463e41c method=java.util.HashMap.putVal(ILjava/lang/Object;Ljava/lang/Object;ZZ)Ljava/lang/Object; @ 152
Event: 2.450 Thread 0x00007f825400d800 Uncommon trap: reason=unstable_if action=reinterpret pc=0x00007f82445a4d40 method=com.android.dx.merge.DexMerger$IdMerger.readIntoMap(Lcom/android/dex/Dex$Section;Lcom/android/dex/TableOfContents$Section;Lcom/android/dx/merge/IndexMap;ILjava/util/TreeMap;
Event: 2.451 Thread 0x00007f825400d800 Uncommon trap: reason=unstable_if action=reinterpret pc=0x00007f8244542cbc method=com.android.dex.Mutf8.countBytes(Ljava/lang/String;Z)J @ 50
Event: 2.733 Thread 0x00007f825400d800 Uncommon trap: reason=unloaded action=reinterpret pc=0x00007f82446b836c method=com.android.dx.merge.IndexMap$EncodedValueTransformer.transform(Lcom/android/dex/EncodedValueReader;)V @ 232

Internal exceptions (3 events):
Event: 0.028 Thread 0x00007f825400d800 Exception <a 'java/lang/NoSuchMethodError': Method sun.misc.Unsafe.defineClass(Ljava/lang/String;[BII)Ljava/lang/Class; name or signature does not match> (0x00000000eab07cc0) thrown at [/HUDSON/workspace/8-2-build-linux-amd64/jdk8u91/6644/hotspot/src/shar
Event: 0.028 Thread 0x00007f825400d800 Exception <a 'java/lang/NoSuchMethodError': Method sun.misc.Unsafe.prefetchRead(Ljava/lang/Object;J)V name or signature does not match> (0x00000000eab07fa8) thrown at [/HUDSON/workspace/8-2-build-linux-amd64/jdk8u91/6644/hotspot/src/share/vm/prims/jni.cpp
Event: 2.450 Thread 0x00007f825400d800 Implicit null exception at 0x00007f82445a4754 to 0x00007f82445a4d19

Events (10 events):
Event: 2.733 Thread 0x00007f825400d800 Uncommon trap: trap_request=0x00000069 fr.pc=0x00007f82446b836c
Event: 2.733 Thread 0x00007f825400d800 DEOPT PACKING pc=0x00007f82446b836c sp=0x00007f825a348230
Event: 2.733 Thread 0x00007f825400d800 DEOPT UNPACKING pc=0x00007f8244382229 sp=0x00007f825a348230 mode 2
Event: 2.744 loading class java/util/Collections$EmptyIterator
Event: 2.745 loading class java/util/Collections$EmptyIterator done
Event: 2.746 loading class com/android/dex/Dex$1
Event: 2.746 loading class com/android/dex/Dex$1 done
Event: 2.765 Thread 0x00007f825400d800 DEOPT PACKING pc=0x00007f824460760f sp=0x00007f825a3482c0
Event: 2.765 Thread 0x00007f825400d800 DEOPT UNPACKING pc=0x00007f82443c4633 sp=0x00007f825a348030 mode 0
Event: 3.041 Executing VM operation: ParallelGCFailedAllocation


Dynamic libraries:
00400000-00401000 r-xp 00000000 08:02 6686124                            /usr/lib/jvm/java-8-oracle/bin/java
00600000-00601000 rw-p 00000000 08:02 6686124                            /usr/lib/jvm/java-8-oracle/bin/java
02498000-024b9000 rw-p 00000000 00:00 0                                  [heap]
c0000000-c4b80000 rw-p 00000000 00:00 0 
c4b80000-eab00000 ---p 00000000 00:00 0 
eab00000-f5d80000 rw-p 00000000 00:00 0 
f9680000-100000000 ---p 00000000 00:00 0 
100000000-1000a0000 rw-p 00000000 00:00 0 
1000a0000-140000000 ---p 00000000 00:00 0 
7f8204000000-7f8204021000 rw-p 00000000 00:00 0 
7f8204021000-7f8208000000 ---p 00000000 00:00 0 
7f8208000000-7f8208021000 rw-p 00000000 00:00 0 
7f8208021000-7f820c000000 ---p 00000000 00:00 0 
7f820c000000-7f820cddc000 rw-p 00000000 00:00 0 
7f820cddc000-7f8210000000 ---p 00000000 00:00 0 
7f8210000000-7f8210540000 rw-p 00000000 00:00 0 
7f8210540000-7f8214000000 ---p 00000000 00:00 0 
7f8214000000-7f8214021000 rw-p 00000000 00:00 0 
7f8214021000-7f8218000000 ---p 00000000 00:00 0 
7f8218000000-7f8219204000 rw-p 00000000 00:00 0 
7f8219204000-7f821c000000 ---p 00000000 00:00 0 
7f821c000000-7f821c021000 rw-p 00000000 00:00 0 
7f821c021000-7f8220000000 ---p 00000000 00:00 0 
7f8220000000-7f8220021000 rw-p 00000000 00:00 0 
7f8220021000-7f8224000000 ---p 00000000 00:00 0 
7f8224000000-7f8224021000 rw-p 00000000 00:00 0 
7f8224021000-7f8228000000 ---p 00000000 00:00 0 
7f8228000000-7f822828c000 rw-p 00000000 00:00 0 
7f822828c000-7f822c000000 ---p 00000000 00:00 0 
7f822c000000-7f822c021000 rw-p 00000000 00:00 0 
7f822c021000-7f8230000000 ---p 00000000 00:00 0 
7f8234000000-7f8234021000 rw-p 00000000 00:00 0 
7f8234021000-7f8238000000 ---p 00000000 00:00 0 
7f823ac10000-7f823ac11000 ---p 00000000 00:00 0 
7f823ac11000-7f823ad11000 rw-p 00000000 00:00 0                          [stack:11585]
7f823ad11000-7f823ad14000 ---p 00000000 00:00 0 
7f823ad14000-7f823ae12000 rw-p 00000000 00:00 0                          [stack:11584]
7f823ae12000-7f823ae15000 ---p 00000000 00:00 0 
7f823ae15000-7f823af13000 rw-p 00000000 00:00 0                          [stack:11583]
7f823af13000-7f823af16000 ---p 00000000 00:00 0 
7f823af16000-7f823b014000 rw-p 00000000 00:00 0                          [stack:11582]
7f823b014000-7f823b017000 ---p 00000000 00:00 0 
7f823b017000-7f823b115000 rw-p 00000000 00:00 0                          [stack:11581]
7f823b115000-7f823b118000 ---p 00000000 00:00 0 
7f823b118000-7f823b216000 rw-p 00000000 00:00 0                          [stack:11580]
7f823b216000-7f823b8f9000 r--p 00000000 08:02 6691839                    /usr/lib/locale/locale-archive
7f823b8f9000-7f823b8fc000 ---p 00000000 00:00 0 
7f823b8fc000-7f823b9fa000 rw-p 00000000 00:00 0                          [stack:11579]
7f823b9fa000-7f823b9fd000 ---p 00000000 00:00 0 
7f823b9fd000-7f823bafb000 rw-p 00000000 00:00 0                          [stack:11578]
7f823bafb000-7f823bafc000 ---p 00000000 00:00 0 
7f823bafc000-7f823c000000 rw-p 00000000 00:00 0                          [stack:11577]
7f823c000000-7f823c021000 rw-p 00000000 00:00 0 
7f823c021000-7f8240000000 ---p 00000000 00:00 0 
7f8240096000-7f82400a5000 r--s 000df000 08:02 3824912                    /home/yonatan/Android/Sdk/build-tools/23.0.2/lib/dx.jar
7f82400a5000-7f8240c13000 rw-p 00000000 00:00 0 
7f8240c13000-7f8240dec000 r--s 03d1f000 08:02 6706386                    /usr/lib/jvm/java-8-oracle/jre/lib/rt.jar
7f8240dec000-7f8241362000 rw-p 00000000 00:00 0 
7f8241362000-7f8241662000 ---p 00000000 00:00 0 
7f8241662000-7f8243862000 rw-p 00000000 00:00 0 
7f8243862000-7f8243863000 ---p 00000000 00:00 0 
7f8243863000-7f8243963000 rw-p 00000000 00:00 0                          [stack:11576]
7f8243963000-7f8243964000 ---p 00000000 00:00 0 
7f8243964000-7f8243a64000 rw-p 00000000 00:00 0                          [stack:11575]
7f8243a64000-7f8243a65000 ---p 00000000 00:00 0 
7f8243a65000-7f8243b65000 rw-p 00000000 00:00 0                          [stack:11574]
7f8243b65000-7f8243b66000 ---p 00000000 00:00 0 
7f8243b66000-7f8243c8c000 rw-p 00000000 00:00 0                          [stack:11573]
7f8243c8c000-7f8243dbc000 ---p 00000000 00:00 0 
7f8243dbc000-7f8243de2000 rw-p 00000000 00:00 0 
7f8243de2000-7f8243f11000 ---p 00000000 00:00 0 
7f8243f11000-7f8243f6b000 rw-p 00000000 00:00 0 
7f8243f6b000-7f8243fbc000 ---p 00000000 00:00 0 
7f8243fbc000-7f8243fcd000 rw-p 00000000 00:00 0 
7f8243fcd000-7f824437d000 ---p 00000000 00:00 0 
7f824437d000-7f824477d000 rwxp 00000000 00:00 0 
7f824477d000-7f825337d000 ---p 00000000 00:00 0 
7f825337d000-7f8253397000 r-xp 00000000 08:02 6706420                    /usr/lib/jvm/java-8-oracle/jre/lib/amd64/libzip.so
7f8253397000-7f8253597000 ---p 0001a000 08:02 6706420                    /usr/lib/jvm/java-8-oracle/jre/lib/amd64/libzip.so
7f8253597000-7f8253598000 rw-p 0001a000 08:02 6706420                    /usr/lib/jvm/java-8-oracle/jre/lib/amd64/libzip.so
7f8253598000-7f82535a3000 r-xp 00000000 08:02 4353546                    /lib/x86_64-linux-gnu/libnss_files-2.19.so
7f82535a3000-7f82537a2000 ---p 0000b000 08:02 4353546                    /lib/x86_64-linux-gnu/libnss_files-2.19.so
7f82537a2000-7f82537a3000 r--p 0000a000 08:02 4353546                    /lib/x86_64-linux-gnu/libnss_files-2.19.so
7f82537a3000-7f82537a4000 rw-p 0000b000 08:02 4353546                    /lib/x86_64-linux-gnu/libnss_files-2.19.so
7f82537a4000-7f82537af000 r-xp 00000000 08:02 4353538                    /lib/x86_64-linux-gnu/libnss_nis-2.19.so
7f82537af000-7f82539ae000 ---p 0000b000 08:02 4353538                    /lib/x86_64-linux-gnu/libnss_nis-2.19.so
7f82539ae000-7f82539af000 r--p 0000a000 08:02 4353538                    /lib/x86_64-linux-gnu/libnss_nis-2.19.so
7f82539af000-7f82539b0000 rw-p 0000b000 08:02 4353538                    /lib/x86_64-linux-gnu/libnss_nis-2.19.so
7f82539b0000-7f82539c7000 r-xp 00000000 08:02 4353534                    /lib/x86_64-linux-gnu/libnsl-2.19.so
7f82539c7000-7f8253bc6000 ---p 00017000 08:02 4353534                    /lib/x86_64-linux-gnu/libnsl-2.19.so
7f8253bc6000-7f8253bc7000 r--p 00016000 08:02 4353534                    /lib/x86_64-linux-gnu/libnsl-2.19.so
7f8253bc7000-7f8253bc8000 rw-p 00017000 08:02 4353534                    /lib/x86_64-linux-gnu/libnsl-2.19.so
7f8253bc8000-7f8253bca000 rw-p 00000000 00:00 0 
7f8253bca000-7f8253bd3000 r-xp 00000000 08:02 4353533                    /lib/x86_64-linux-gnu/libnss_compat-2.19.so
7f8253bd3000-7f8253dd2000 ---p 00009000 08:02 4353533                    /lib/x86_64-linux-gnu/libnss_compat-2.19.so
7f8253dd2000-7f8253dd3000 r--p 00008000 08:02 4353533                    /lib/x86_64-linux-gnu/libnss_compat-2.19.so
7f8253dd3000-7f8253dd4000 rw-p 00009000 08:02 4353533                    /lib/x86_64-linux-gnu/libnss_compat-2.19.so
7f8253dd4000-7f8253dfe000 r-xp 00000000 08:02 6706397                    /usr/lib/jvm/java-8-oracle/jre/lib/amd64/libjava.so
7f8253dfe000-7f8253ffe000 ---p 0002a000 08:02 6706397                    /usr/lib/jvm/java-8-oracle/jre/lib/amd64/libjava.so
7f8253ffe000-7f8254000000 rw-p 0002a000 08:02 6706397                    /usr/lib/jvm/java-8-oracle/jre/lib/amd64/libjava.so
7f8254000000-7f825442e000 rw-p 00000000 00:00 0 
7f825442e000-7f8258000000 ---p 00000000 00:00 0 
7f825800e000-7f8258050000 rw-p 00000000 00:00 0 
7f8258050000-7f825805d000 r-xp 00000000 08:02 6706408                    /usr/lib/jvm/java-8-oracle/jre/lib/amd64/libverify.so
7f825805d000-7f825825d000 ---p 0000d000 08:02 6706408                    /usr/lib/jvm/java-8-oracle/jre/lib/amd64/libverify.so
7f825825d000-7f825825f000 rw-p 0000d000 08:02 6706408                    /usr/lib/jvm/java-8-oracle/jre/lib/amd64/libverify.so
7f825825f000-7f8258266000 r-xp 00000000 08:02 4353542                    /lib/x86_64-linux-gnu/librt-2.19.so
7f8258266000-7f8258465000 ---p 00007000 08:02 4353542                    /lib/x86_64-linux-gnu/librt-2.19.so
7f8258465000-7f8258466000 r--p 00006000 08:02 4353542                    /lib/x86_64-linux-gnu/librt-2.19.so
7f8258466000-7f8258467000 rw-p 00007000 08:02 4353542                    /lib/x86_64-linux-gnu/librt-2.19.so
7f8258467000-7f825856c000 r-xp 00000000 08:02 4353528                    /lib/x86_64-linux-gnu/libm-2.19.so
7f825856c000-7f825876b000 ---p 00105000 08:02 4353528                    /lib/x86_64-linux-gnu/libm-2.19.so
7f825876b000-7f825876c000 r--p 00104000 08:02 4353528                    /lib/x86_64-linux-gnu/libm-2.19.so
7f825876c000-7f825876d000 rw-p 00105000 08:02 4353528                    /lib/x86_64-linux-gnu/libm-2.19.so
7f825876d000-7f825942d000 r-xp 00000000 08:02 6706410                    /usr/lib/jvm/java-8-oracle/jre/lib/amd64/server/libjvm.so
7f825942d000-7f825962d000 ---p 00cc0000 08:02 6706410                    /usr/lib/jvm/java-8-oracle/jre/lib/amd64/server/libjvm.so
7f825962d000-7f8259705000 rw-p 00cc0000 08:02 6706410                    /usr/lib/jvm/java-8-oracle/jre/lib/amd64/server/libjvm.so
7f8259705000-7f8259750000 rw-p 00000000 00:00 0 
7f8259750000-7f825990b000 r-xp 00000000 08:02 4353543                    /lib/x86_64-linux-gnu/libc-2.19.so
7f825990b000-7f8259b0a000 ---p 001bb000 08:02 4353543                    /lib/x86_64-linux-gnu/libc-2.19.so
7f8259b0a000-7f8259b0e000 r--p 001ba000 08:02 4353543                    /lib/x86_64-linux-gnu/libc-2.19.so
7f8259b0e000-7f8259b10000 rw-p 001be000 08:02 4353543                    /lib/x86_64-linux-gnu/libc-2.19.so
7f8259b10000-7f8259b15000 rw-p 00000000 00:00 0 
7f8259b15000-7f8259b18000 r-xp 00000000 08:02 4353530                    /lib/x86_64-linux-gnu/libdl-2.19.so
7f8259b18000-7f8259d17000 ---p 00003000 08:02 4353530                    /lib/x86_64-linux-gnu/libdl-2.19.so
7f8259d17000-7f8259d18000 r--p 00002000 08:02 4353530                    /lib/x86_64-linux-gnu/libdl-2.19.so
7f8259d18000-7f8259d19000 rw-p 00003000 08:02 4353530                    /lib/x86_64-linux-gnu/libdl-2.19.so
7f8259d19000-7f8259d2e000 r-xp 00000000 08:02 6728016                    /usr/lib/jvm/java-8-oracle/lib/amd64/jli/libjli.so
7f8259d2e000-7f8259f2e000 ---p 00015000 08:02 6728016                    /usr/lib/jvm/java-8-oracle/lib/amd64/jli/libjli.so
7f8259f2e000-7f8259f2f000 rw-p 00015000 08:02 6728016                    /usr/lib/jvm/java-8-oracle/lib/amd64/jli/libjli.so
7f8259f2f000-7f8259f48000 r-xp 00000000 08:02 4353535                    /lib/x86_64-linux-gnu/libpthread-2.19.so
7f8259f48000-7f825a147000 ---p 00019000 08:02 4353535                    /lib/x86_64-linux-gnu/libpthread-2.19.so
7f825a147000-7f825a148000 r--p 00018000 08:02 4353535                    /lib/x86_64-linux-gnu/libpthread-2.19.so
7f825a148000-7f825a149000 rw-p 00019000 08:02 4353535                    /lib/x86_64-linux-gnu/libpthread-2.19.so
7f825a149000-7f825a14d000 rw-p 00000000 00:00 0 
7f825a14d000-7f825a170000 r-xp 00000000 08:02 4353536                    /lib/x86_64-linux-gnu/ld-2.19.so
7f825a173000-7f825a177000 r--s 00097000 08:02 6705196                    /usr/lib/jvm/java-8-oracle/jre/lib/jsse.jar
7f825a177000-7f825a249000 rw-p 00000000 00:00 0 
7f825a249000-7f825a24c000 ---p 00000000 00:00 0 
7f825a24c000-7f825a363000 rw-p 00000000 00:00 0                          [stack:11572]
7f825a363000-7f825a36b000 rw-s 00000000 08:02 1974962                    /tmp/hsperfdata_yonatan/11567
7f825a36b000-7f825a36c000 rw-p 00000000 00:00 0 
7f825a36c000-7f825a36d000 ---p 00000000 00:00 0 
7f825a36d000-7f825a36f000 rw-p 00000000 00:00 0 
7f825a36f000-7f825a370000 r--p 00022000 08:02 4353536                    /lib/x86_64-linux-gnu/ld-2.19.so
7f825a370000-7f825a371000 rw-p 00023000 08:02 4353536                    /lib/x86_64-linux-gnu/ld-2.19.so
7f825a371000-7f825a372000 rw-p 00000000 00:00 0 
7ffda4e37000-7ffda4e5a000 rw-p 00000000 00:00 0                          [stack]
7ffda4f37000-7ffda4f39000 r-xp 00000000 00:00 0                          [vdso]
7ffda4f39000-7ffda4f3b000 r--p 00000000 00:00 0                          [vvar]
ffffffffff600000-ffffffffff601000 r-xp 00000000 00:00 0                  [vsyscall]

VM Arguments:
jvm_args: -Djava.awt.headless=true -Xmx1024M -Dfile.encoding=UTF-8 -Duser.country=US -Duser.language=en -Duser.variant 
java_command: com.android.dx.command.Main --dex --num-threads=4 --output /home/yonatan/Etty/programing/androidAdvanced/FinalProject/LocationsApp/app/build/intermediates/transforms/dex/debug/folders/1000/1f/main /home/yonatan/Etty/programing/androidAdvanced/FinalProject/LocationsApp/app/build/intermediates/pre-dexed/debug/support-annotations-23.2.1_36b13389ce98580532ca6328c08c85266bf2d31c.jar /home/yonatan/Etty/programing/androidAdvanced/FinalProject/LocationsApp/app/build/intermediates/pre-dexed/debug/com.google.android.gms-play-services-panorama-8.4.0_43dc764d6a31db41574056f0bc02919ffab804c4.jar /home/yonatan/Etty/programing/androidAdvanced/FinalProject/LocationsApp/app/build/intermediates/pre-dexed/debug/com.android.support-animated-vector-drawable-23.2.1_42f51e6fa26f52fdfad46d34baaff5a6f134804b.jar /home/yonatan/Etty/programing/androidAdvanced/FinalProject/LocationsApp/app/build/intermediates/pre-dexed/debug/internal_impl-23.0.0_e233fa064eef5458307b112bcb00268ec5bd4636.jar /home/yonatan/Etty/programing/androidAdvanced/FinalProject/LocationsApp/app/build/intermediates/pre-dexed/debug/com.google.android.gms-play-services-safetynet-8.4.0_1f234987a8b09198b805c9e830081f514cd834ef.jar /home/yonatan/Etty/programing/androidAdvanced/FinalProject/LocationsApp/app/build/intermediates/pre-dexed/debug/com.google.android.gms-play-services-identity-8.4.0_bbb718707d02740a217643fdfc0aa0d2951462af.jar /home/yonatan/Etty/programing/androidAdvanced/FinalProject/LocationsApp/app/build/intermediates/pre-dexed/debug/com.google.android.gms-play-services-appinvite-8.4.0_690c3e264c7fba63a41c581c9f46e69732b611ce.jar /home/yonatan/Etty/programing/androidAdvanced/FinalProject/LocationsApp/app/build/intermediates/pre-dexed/debug/com.android.support-support-vector-drawable-23.2.1_1ea5d51ae6ded7438a014f679fcfd23a85d1e4be.jar /home/yonatan/Etty/programing/androidAdvanced/FinalProject/LocationsApp/app/build/intermediates/pre-dexed/debug/com.google.android.gms-play-services-appindexing-8.4.0_92e
java_class_path (initial): /home/yonatan/Android/Sdk/build-tools/23.0.2/lib/dx.jar
Launcher Type: SUN_STANDARD

Environment Variables:
JAVA_HOME=/usr/lib/jvm/java-8-oracle
PATH=/usr/local/sbin:/usr/local/bin:/usr/sbin:/usr/bin:/sbin:/bin:/usr/games:/usr/local/games:/usr/lib/jvm/java-8-oracle/bin:/usr/lib/jvm/java-8-oracle/db/bin:/usr/lib/jvm/java-8-oracle/jre/bin
SHELL=/bin/bash
DISPLAY=:0

Signal Handlers:
SIGSEGV: [libjvm.so+0xabca10], sa_mask[0]=11111111011111111101111111111110, sa_flags=SA_RESTART|SA_SIGINFO
SIGBUS: [libjvm.so+0xabca10], sa_mask[0]=11111111011111111101111111111110, sa_flags=SA_RESTART|SA_SIGINFO
SIGFPE: [libjvm.so+0x919a20], sa_mask[0]=11111111011111111101111111111110, sa_flags=SA_RESTART|SA_SIGINFO
SIGPIPE: [libjvm.so+0x919a20], sa_mask[0]=11111111011111111101111111111110, sa_flags=SA_RESTART|SA_SIGINFO
SIGXFSZ: [libjvm.so+0x919a20], sa_mask[0]=11111111011111111101111111111110, sa_flags=SA_RESTART|SA_SIGINFO
SIGILL: [libjvm.so+0x919a20], sa_mask[0]=11111111011111111101111111111110, sa_flags=SA_RESTART|SA_SIGINFO
SIGUSR1: SIG_DFL, sa_mask[0]=00000000000000000000000000000000, sa_flags=none
SIGUSR2: [libjvm.so+0x91b050], sa_mask[0]=00100000000000000000000000000000, sa_flags=SA_RESTART|SA_SIGINFO
SIGHUP: [libjvm.so+0x91c450], sa_mask[0]=11111111011111111101111111111110, sa_flags=SA_RESTART|SA_SIGINFO
SIGINT: [libjvm.so+0x91c450], sa_mask[0]=11111111011111111101111111111110, sa_flags=SA_RESTART|SA_SIGINFO
SIGTERM: [libjvm.so+0x91c450], sa_mask[0]=11111111011111111101111111111110, sa_flags=SA_RESTART|SA_SIGINFO
SIGQUIT: [libjvm.so+0x91c450], sa_mask[0]=11111111011111111101111111111110, sa_flags=SA_RESTART|SA_SIGINFO


---------------  S Y S T E M  ---------------

OS:DISTRIB_ID=Ubuntu
DISTRIB_RELEASE=14.04
DISTRIB_CODENAME=trusty
DISTRIB_DESCRIPTION="Ubuntu 14.04.4 LTS"

uname:Linux 3.16.0-70-generic #90~14.04.1-Ubuntu SMP Wed Apr 6 22:56:34 UTC 2016 x86_64
libc:glibc 2.19 NPTL 2.19 
rlimit: STACK 8192k, CORE 0k, NPROC 14573, NOFILE 4096, AS infinity
load average:1.78 1.33 1.16

/proc/meminfo:
MemTotal:        3931368 kB
MemFree:           85684 kB
MemAvailable:      45944 kB
Buffers:            3188 kB
Cached:           292868 kB
SwapCached:         3148 kB
Active:          2725816 kB
Inactive:         867668 kB
Active(anon):    2696352 kB
Inactive(anon):   848400 kB
Active(file):      29464 kB
Inactive(file):    19268 kB
Unevictable:          48 kB
Mlocked:              48 kB
SwapTotal:       4077564 kB
SwapFree:              0 kB
Dirty:               544 kB
Writeback:             0 kB
AnonPages:       3295144 kB
Mapped:            71244 kB
Shmem:            248056 kB
Slab:              86652 kB
SReclaimable:      40716 kB
SUnreclaim:        45936 kB
KernelStack:       14576 kB
PageTables:        76044 kB
NFS_Unstable:          0 kB
Bounce:                0 kB
WritebackTmp:          0 kB
CommitLimit:     6043248 kB
Committed_AS:   16577580 kB
VmallocTotal:   34359738367 kB
VmallocUsed:      356248 kB
VmallocChunk:   34359319880 kB
HardwareCorrupted:     0 kB
AnonHugePages:    933888 kB
HugePages_Total:       0
HugePages_Free:        0
HugePages_Rsvd:        0
HugePages_Surp:        0
Hugepagesize:       2048 kB
DirectMap4k:       96624 kB
DirectMap2M:     3981312 kB


CPU:total 4 (2 cores per cpu, 2 threads per core) family 6 model 58 stepping 9, cmov, cx8, fxsr, mmx, sse, sse2, sse3, ssse3, sse4.1, sse4.2, popcnt, avx, aes, clmul, erms, ht, tsc, tscinvbit, tscinv

/proc/cpuinfo:
processor	: 0
vendor_id	: GenuineIntel
cpu family	: 6
model		: 58
model name	: Intel(R) Core(TM) i5-3317U CPU @ 1.70GHz
stepping	: 9
microcode	: 0x12
cpu MHz		: 2387.636
cache size	: 3072 KB
physical id	: 0
siblings	: 4
core id		: 0
cpu cores	: 2
apicid		: 0
initial apicid	: 0
fpu		: yes
fpu_exception	: yes
cpuid level	: 13
wp		: yes
flags		: fpu vme de pse tsc msr pae mce cx8 apic sep mtrr pge mca cmov pat pse36 clflush dts acpi mmx fxsr sse sse2 ss ht tm pbe syscall nx rdtscp lm constant_tsc arch_perfmon pebs bts rep_good nopl xtopology nonstop_tsc aperfmperf eagerfpu pni pclmulqdq dtes64 monitor ds_cpl vmx est tm2 ssse3 cx16 xtpr pdcm pcid sse4_1 sse4_2 x2apic popcnt tsc_deadline_timer aes xsave avx f16c rdrand lahf_lm ida arat epb xsaveopt pln pts dtherm tpr_shadow vnmi flexpriority ept vpid fsgsbase smep erms
bogomips	: 3392.30
clflush size	: 64
cache_alignment	: 64
address sizes	: 36 bits physical, 48 bits virtual
power management:

processor	: 1
vendor_id	: GenuineIntel
cpu family	: 6
model		: 58
model name	: Intel(R) Core(TM) i5-3317U CPU @ 1.70GHz
stepping	: 9
microcode	: 0x12
cpu MHz		: 2398.660
cache size	: 3072 KB
physical id	: 0
siblings	: 4
core id		: 1
cpu cores	: 2
apicid		: 2
initial apicid	: 2
fpu		: yes
fpu_exception	: yes
cpuid level	: 13
wp		: yes
flags		: fpu vme de pse tsc msr pae mce cx8 apic sep mtrr pge mca cmov pat pse36 clflush dts acpi mmx fxsr sse sse2 ss ht tm pbe syscall nx rdtscp lm constant_tsc arch_perfmon pebs bts rep_good nopl xtopology nonstop_tsc aperfmperf eagerfpu pni pclmulqdq dtes64 monitor ds_cpl vmx est tm2 ssse3 cx16 xtpr pdcm pcid sse4_1 sse4_2 x2apic popcnt tsc_deadline_timer aes xsave avx f16c rdrand lahf_lm ida arat epb xsaveopt pln pts dtherm tpr_shadow vnmi flexpriority ept vpid fsgsbase smep erms
bogomips	: 3392.30
clflush size	: 64
cache_alignment	: 64
address sizes	: 36 bits physical, 48 bits virtual
power management:

processor	: 2
vendor_id	: GenuineIntel
cpu family	: 6
model		: 58
model name	: Intel(R) Core(TM) i5-3317U CPU @ 1.70GHz
stepping	: 9
microcode	: 0x12
cpu MHz		: 2400.054
cache size	: 3072 KB
physical id	: 0
siblings	: 4
core id		: 0
cpu cores	: 2
apicid		: 1
initial apicid	: 1
fpu		: yes
fpu_exception	: yes
cpuid level	: 13
wp		: yes
flags		: fpu vme de pse tsc msr pae mce cx8 apic sep mtrr pge mca cmov pat pse36 clflush dts acpi mmx fxsr sse sse2 ss ht tm pbe syscall nx rdtscp lm constant_tsc arch_perfmon pebs bts rep_good nopl xtopology nonstop_tsc aperfmperf eagerfpu pni pclmulqdq dtes64 monitor ds_cpl vmx est tm2 ssse3 cx16 xtpr pdcm pcid sse4_1 sse4_2 x2apic popcnt tsc_deadline_timer aes xsave avx f16c rdrand lahf_lm ida arat epb xsaveopt pln pts dtherm tpr_shadow vnmi flexpriority ept vpid fsgsbase smep erms
bogomips	: 3392.30
clflush size	: 64
cache_alignment	: 64
address sizes	: 36 bits physical, 48 bits virtual
power management:

processor	: 3
vendor_id	: GenuineIntel
cpu family	: 6
model		: 58
model name	: Intel(R) Core(TM) i5-3317U CPU @ 1.70GHz
stepping	: 9
microcode	: 0x12
cpu MHz		: 2367.914
cache size	: 3072 KB
physical id	: 0
siblings	: 4
core id		: 1
cpu cores	: 2
apicid		: 3
initial apicid	: 3
fpu		: yes
fpu_exception	: yes
cpuid level	: 13
wp		: yes
flags		: fpu vme de pse tsc msr pae mce cx8 apic sep mtrr pge mca cmov pat pse36 clflush dts acpi mmx fxsr sse sse2 ss ht tm pbe syscall nx rdtscp lm constant_tsc arch_perfmon pebs bts rep_good nopl xtopology nonstop_tsc aperfmperf eagerfpu pni pclmulqdq dtes64 monitor ds_cpl vmx est tm2 ssse3 cx16 xtpr pdcm pcid sse4_1 sse4_2 x2apic popcnt tsc_deadline_timer aes xsave avx f16c rdrand lahf_lm ida arat epb xsaveopt pln pts dtherm tpr_shadow vnmi flexpriority ept vpid fsgsbase smep erms
bogomips	: 3392.30
clflush size	: 64
cache_alignment	: 64
address sizes	: 36 bits physical, 48 bits virtual
power management:



Memory: 4k page, physical 3931368k(85684k free), swap 4077564k(0k free)

vm_info: Java HotSpot(TM) 64-Bit Server VM (25.91-b14) for linux-amd64 JRE (1.8.0_91-b14), built on Apr  1 2016 00:57:21 by "java_re" with gcc 4.3.0 20080428 (Red Hat 4.3.0-8)

time: Wed May  4 21:25:08 2016
elapsed time: 3 seconds (0d 0h 0m 3s)

