#
# There is insufficient memory for the Java Runtime Environment to continue.
# Native memory allocation (mmap) failed to map 62914560 bytes for committing reserved memory.
# Possible reasons:
#   The system is out of physical RAM or swap space
#   In 32 bit mode, the process size limit was hit
# Possible solutions:
#   Reduce memory load on the system
#   Increase physical memory or swap space
#   Check if swap backing store is full
#   Use 64 bit Java on a 64 bit OS
#   Decrease Java heap size (-Xmx/-Xms)
#   Decrease number of Java threads
#   Decrease Java thread stack sizes (-Xss)
#   Set larger code cache with -XX:ReservedCodeCacheSize=
# This output file may be truncated or incomplete.
#
#  Out of Memory Error (os_linux.cpp:2627), pid=14734, tid=140077620479744
#
# JRE version: Java(TM) SE Runtime Environment (8.0_91-b14) (build 1.8.0_91-b14)
# Java VM: Java HotSpot(TM) 64-Bit Server VM (25.91-b14 mixed mode linux-amd64 compressed oops)
# Failed to write core dump. Core dumps have been disabled. To enable core dumping, try "ulimit -c unlimited" before starting Java again
#

---------------  T H R E A D  ---------------

Current thread (0x00007f667c078000):  VMThread [stack: 0x00007f665cbf4000,0x00007f665ccf5000] [id=14744]

Stack: [0x00007f665cbf4000,0x00007f665ccf5000],  sp=0x00007f665ccf3260,  free space=1020k
Native frames: (J=compiled Java code, j=interpreted, Vv=VM code, C=native code)
V  [libjvm.so+0xabc18a]  VMError::report_and_die()+0x2ba
V  [libjvm.so+0x4fafeb]  report_vm_out_of_memory(char const*, int, unsigned long, VMErrorType, char const*)+0x8b
V  [libjvm.so+0x91cbb3]  os::Linux::commit_memory_impl(char*, unsigned long, bool)+0x103
V  [libjvm.so+0x91d109]  os::pd_commit_memory(char*, unsigned long, unsigned long, bool)+0x29
V  [libjvm.so+0x91740a]  os::commit_memory(char*, unsigned long, unsigned long, bool)+0x2a
V  [libjvm.so+0x98b033]  PSVirtualSpace::expand_by(unsigned long)+0x53
V  [libjvm.so+0x97b920]  PSOldGen::expand(unsigned long)+0x170
V  [libjvm.so+0x97bb2b]  PSOldGen::resize(unsigned long)+0x1cb
V  [libjvm.so+0x983801]  PSParallelCompact::invoke_no_policy(bool)+0x991
V  [libjvm.so+0x98915d]  PSScavenge::invoke()+0x1ad
V  [libjvm.so+0x9408b0]  ParallelScavengeHeap::failed_mem_allocate(unsigned long)+0x70
V  [libjvm.so+0xabdba7]  VM_ParallelGCFailedAllocation::doit()+0x97
V  [libjvm.so+0xac55d5]  VM_Operation::evaluate()+0x55
V  [libjvm.so+0xac39aa]  VMThread::evaluate_operation(VM_Operation*)+0xba
V  [libjvm.so+0xac3d2e]  VMThread::loop()+0x1ce
V  [libjvm.so+0xac41a0]  VMThread::run()+0x70
V  [libjvm.so+0x91ef78]  java_start(Thread*)+0x108

VM_Operation (0x00007f6643af8dd0): ParallelGCFailedAllocation, mode: safepoint, requested by thread 0x00007f667c158800


---------------  P R O C E S S  ---------------

Java Threads: ( => current thread )
  0x00007f667c15b800 JavaThread "pool-1-thread-4" [_thread_blocked, id=14823, stack(0x00007f66437f8000,0x00007f66438f9000)]
  0x00007f667c159800 JavaThread "pool-1-thread-3" [_thread_blocked, id=14819, stack(0x00007f66438f9000,0x00007f66439fa000)]
  0x00007f667c158800 JavaThread "pool-1-thread-2" [_thread_blocked, id=14818, stack(0x00007f66439fa000,0x00007f6643afb000)]
  0x00007f667c14c800 JavaThread "pool-2-thread-1" [_thread_blocked, id=14814, stack(0x00007f6643afb000,0x00007f6643bfc000)]
  0x00007f667c14a800 JavaThread "pool-1-thread-1" [_thread_blocked, id=14812, stack(0x00007f6643bfc000,0x00007f6643cfd000)]
  0x00007f667c0c1800 JavaThread "Service Thread" daemon [_thread_blocked, id=14766, stack(0x00007f6643dfe000,0x00007f6643eff000)]
  0x00007f667c0be800 JavaThread "C1 CompilerThread2" daemon [_thread_blocked, id=14763, stack(0x00007f6643eff000,0x00007f6644000000)]
  0x00007f667c0bd000 JavaThread "C2 CompilerThread1" daemon [_thread_blocked, id=14756, stack(0x00007f665c00c000,0x00007f665c10d000)]
  0x00007f667c0ba000 JavaThread "C2 CompilerThread0" daemon [_thread_blocked, id=14752, stack(0x00007f665c10d000,0x00007f665c20e000)]
  0x00007f667c0b8800 JavaThread "Signal Dispatcher" daemon [_thread_blocked, id=14750, stack(0x00007f665c20e000,0x00007f665c30f000)]
  0x00007f667c084000 JavaThread "Finalizer" daemon [_thread_blocked, id=14746, stack(0x00007f665c9f2000,0x00007f665caf3000)]
  0x00007f667c07f800 JavaThread "Reference Handler" daemon [_thread_blocked, id=14745, stack(0x00007f665caf3000,0x00007f665cbf4000)]
  0x00007f667c00a000 JavaThread "main" [_thread_blocked, id=14739, stack(0x00007f66832e0000,0x00007f66833e1000)]

Other Threads:
=>0x00007f667c078000 VMThread [stack: 0x00007f665cbf4000,0x00007f665ccf5000] [id=14744]
  0x00007f667c0c4000 WatcherThread [stack: 0x00007f6643cfd000,0x00007f6643dfe000] [id=14772]

VM state:at safepoint (normal execution)

VM Mutex/Monitor currently owned by a thread:  ([mutex/lock_event])
[0x00007f667c005ef0] ExpandHeap_lock - owner thread: 0x00007f667c078000
[0x00007f667c006570] Threads_lock - owner thread: 0x00007f667c078000
[0x00007f667c006a70] Heap_lock - owner thread: 0x00007f667c158800

Heap:
 PSYoungGen      total 178176K, used 10645K [0x00000000eab00000, 0x00000000fa180000, 0x0000000100000000)
  eden space 145408K, 0% used [0x00000000eab00000,0x00000000eab00000,0x00000000f3900000)
  from space 32768K, 32% used [0x00000000f8180000,0x00000000f8be5770,0x00000000fa180000)
  to   space 46080K, 0% used [0x00000000f4780000,0x00000000f4780000,0x00000000f7480000)
 ParOldGen       total 84480K, used 84473K [0x00000000c0000000, 0x00000000c5280000, 0x00000000eab00000)
  object space 84480K, 99% used [0x00000000c0000000,0x00000000c527e5a0,0x00000000c5280000)
 Metaspace       used 6440K, capacity 7256K, committed 7424K, reserved 1056768K
  class space    used 613K, capacity 656K, committed 768K, reserved 1048576K

Card table byte_map: [0x00007f666cdff000,0x00007f666d000000] byte_map_base: 0x00007f666c7ff000

Marking Bits: (ParMarkBitMap*) 0x00007f66827bad60
 Begin Bits: [0x00007f665e000000, 0x00007f665f000000)
 End Bits:   [0x00007f665f000000, 0x00007f6660000000)

Polling page: 0x00007f6683403000

CodeCache: size=245760Kb used=7851Kb max_used=7855Kb free=237908Kb
 bounds [0x00007f666d000000, 0x00007f666d7c0000, 0x00007f667c000000]
 total_blobs=2316 nmethods=2047 adapters=182
 compilation: enabled

Compilation events (10 events):
Event: 18.872 Thread 0x00007f667c0ba000 nmethod 2397 0x00007f666d7a9750 code [0x00007f666d7a98a0, 0x00007f666d7a9978]
Event: 18.872 Thread 0x00007f667c0ba000 2183       4       java.util.ArrayList$SubList::size (9 bytes)
Event: 18.873 Thread 0x00007f667c0ba000 nmethod 2183 0x00007f666d7a7f90 code [0x00007f666d7a80e0, 0x00007f666d7a8178]
Event: 18.873 Thread 0x00007f667c0ba000 1678       4       com.android.dx.ssa.LiteralOpUpgrader::tryReplacingWithConstant (161 bytes)
Event: 18.906 Thread 0x00007f667c0be800 2431       2       com.android.dx.ssa.back.FirstFitLocalCombiningAllocator::canMapRegs (60 bytes)
Event: 18.907 Thread 0x00007f667c0be800 nmethod 2431 0x00007f666d7a8b50 code [0x00007f666d7a8d20, 0x00007f666d7a9208]
Event: 18.907 Thread 0x00007f667c0be800 2430       2       com.android.dx.ssa.back.FirstFitLocalCombiningAllocator::findRopRegForLocal (74 bytes)
Event: 18.908 Thread 0x00007f667c0be800 nmethod 2430 0x00007f666d7a78d0 code [0x00007f666d7a7a60, 0x00007f666d7a7da8]
Event: 18.980 Thread 0x00007f667c0be800 2433       2       com.android.dx.ssa.back.RegisterAllocator::insertMoveBefore (240 bytes)
Event: 18.983 Thread 0x00007f667c0be800 nmethod 2433 0x00007f666d7a9d10 code [0x00007f666d7aa020, 0x00007f666d7aafc8]

GC Heap History (10 events):
Event: 7.625 GC heap after
Heap after GC invocations=7 (full 0):
 PSYoungGen      total 70656K, used 10208K [0x00000000eab00000, 0x00000000f3e00000, 0x0000000100000000)
  eden space 60416K, 0% used [0x00000000eab00000,0x00000000eab00000,0x00000000ee600000)
  from space 10240K, 99% used [0x00000000ee600000,0x00000000eeff8010,0x00000000ef000000)
  to   space 14848K, 0% used [0x00000000f2f80000,0x00000000f2f80000,0x00000000f3e00000)
 ParOldGen       total 40960K, used 15372K [0x00000000c0000000, 0x00000000c2800000, 0x00000000eab00000)
  object space 40960K, 37% used [0x00000000c0000000,0x00000000c0f033e8,0x00000000c2800000)
 Metaspace       used 6062K, capacity 6936K, committed 7168K, reserved 1056768K
  class space    used 613K, capacity 656K, committed 768K, reserved 1048576K
}
Event: 8.234 GC heap before
{Heap before GC invocations=8 (full 0):
 PSYoungGen      total 70656K, used 70624K [0x00000000eab00000, 0x00000000f3e00000, 0x0000000100000000)
  eden space 60416K, 100% used [0x00000000eab00000,0x00000000ee600000,0x00000000ee600000)
  from space 10240K, 99% used [0x00000000ee600000,0x00000000eeff8010,0x00000000ef000000)
  to   space 14848K, 0% used [0x00000000f2f80000,0x00000000f2f80000,0x00000000f3e00000)
 ParOldGen       total 40960K, used 15372K [0x00000000c0000000, 0x00000000c2800000, 0x00000000eab00000)
  object space 40960K, 37% used [0x00000000c0000000,0x00000000c0f033e8,0x00000000c2800000)
 Metaspace       used 6140K, capacity 7064K, committed 7424K, reserved 1056768K
  class space    used 613K, capacity 656K, committed 768K, reserved 1048576K
Event: 8.347 GC heap after
Heap after GC invocations=8 (full 0):
 PSYoungGen      total 131584K, used 14834K [0x00000000eab00000, 0x00000000f4600000, 0x0000000100000000)
  eden space 116736K, 0% used [0x00000000eab00000,0x00000000eab00000,0x00000000f1d00000)
  from space 14848K, 99% used [0x00000000f2f80000,0x00000000f3dfc8f0,0x00000000f3e00000)
  to   space 18944K, 0% used [0x00000000f1d00000,0x00000000f1d00000,0x00000000f2f80000)
 ParOldGen       total 40960K, used 19421K [0x00000000c0000000, 0x00000000c2800000, 0x00000000eab00000)
  object space 40960K, 47% used [0x00000000c0000000,0x00000000c12f76f8,0x00000000c2800000)
 Metaspace       used 6140K, capacity 7064K, committed 7424K, reserved 1056768K
  class space    used 613K, capacity 656K, committed 768K, reserved 1048576K
}
Event: 12.339 GC heap before
{Heap before GC invocations=9 (full 0):
 PSYoungGen      total 131584K, used 131570K [0x00000000eab00000, 0x00000000f4600000, 0x0000000100000000)
  eden space 116736K, 100% used [0x00000000eab00000,0x00000000f1d00000,0x00000000f1d00000)
  from space 14848K, 99% used [0x00000000f2f80000,0x00000000f3dfc8f0,0x00000000f3e00000)
  to   space 18944K, 0% used [0x00000000f1d00000,0x00000000f1d00000,0x00000000f2f80000)
 ParOldGen       total 40960K, used 19421K [0x00000000c0000000, 0x00000000c2800000, 0x00000000eab00000)
  object space 40960K, 47% used [0x00000000c0000000,0x00000000c12f76f8,0x00000000c2800000)
 Metaspace       used 6390K, capacity 7192K, committed 7424K, reserved 1056768K
  class space    used 613K, capacity 656K, committed 768K, reserved 1048576K
Event: 12.672 GC heap after
Heap after GC invocations=9 (full 0):
 PSYoungGen      total 135680K, used 18931K [0x00000000eab00000, 0x00000000fa180000, 0x0000000100000000)
  eden space 116736K, 0% used [0x00000000eab00000,0x00000000eab00000,0x00000000f1d00000)
  from space 18944K, 99% used [0x00000000f1d00000,0x00000000f2f7cea0,0x00000000f2f80000)
  to   space 32768K, 0% used [0x00000000f8180000,0x00000000f8180000,0x00000000fa180000)
 ParOldGen       total 45056K, used 44635K [0x00000000c0000000, 0x00000000c2c00000, 0x00000000eab00000)
  object space 45056K, 99% used [0x00000000c0000000,0x00000000c2b96e28,0x00000000c2c00000)
 Metaspace       used 6390K, capacity 7192K, committed 7424K, reserved 1056768K
  class space    used 613K, capacity 656K, committed 768K, reserved 1048576K
}
Event: 12.672 GC heap before
{Heap before GC invocations=10 (full 1):
 PSYoungGen      total 135680K, used 18931K [0x00000000eab00000, 0x00000000fa180000, 0x0000000100000000)
  eden space 116736K, 0% used [0x00000000eab00000,0x00000000eab00000,0x00000000f1d00000)
  from space 18944K, 99% used [0x00000000f1d00000,0x00000000f2f7cea0,0x00000000f2f80000)
  to   space 32768K, 0% used [0x00000000f8180000,0x00000000f8180000,0x00000000fa180000)
 ParOldGen       total 45056K, used 44635K [0x00000000c0000000, 0x00000000c2c00000, 0x00000000eab00000)
  object space 45056K, 99% used [0x00000000c0000000,0x00000000c2b96e28,0x00000000c2c00000)
 Metaspace       used 6390K, capacity 7192K, committed 7424K, reserved 1056768K
  class space    used 613K, capacity 656K, committed 768K, reserved 1048576K
Event: 14.507 GC heap after
Heap after GC invocations=10 (full 1):
 PSYoungGen      total 135680K, used 15305K [0x00000000eab00000, 0x00000000fa180000, 0x0000000100000000)
  eden space 116736K, 0% used [0x00000000eab00000,0x00000000eab00000,0x00000000f1d00000)
  from space 18944K, 80% used [0x00000000f1d00000,0x00000000f2bf24d0,0x00000000f2f80000)
  to   space 32768K, 0% used [0x00000000f8180000,0x00000000f8180000,0x00000000fa180000)
 ParOldGen       total 84480K, used 44761K [0x00000000c0000000, 0x00000000c5280000, 0x00000000eab00000)
  object space 84480K, 52% used [0x00000000c0000000,0x00000000c2bb6650,0x00000000c5280000)
 Metaspace       used 6390K, capacity 7192K, committed 7424K, reserved 1056768K
  class space    used 613K, capacity 656K, committed 768K, reserved 1048576K
}
Event: 19.078 GC heap before
{Heap before GC invocations=11 (full 1):
 PSYoungGen      total 135680K, used 132041K [0x00000000eab00000, 0x00000000fa180000, 0x0000000100000000)
  eden space 116736K, 100% used [0x00000000eab00000,0x00000000f1d00000,0x00000000f1d00000)
  from space 18944K, 80% used [0x00000000f1d00000,0x00000000f2bf24d0,0x00000000f2f80000)
  to   space 32768K, 0% used [0x00000000f8180000,0x00000000f8180000,0x00000000fa180000)
 ParOldGen       total 84480K, used 44761K [0x00000000c0000000, 0x00000000c5280000, 0x00000000eab00000)
  object space 84480K, 52% used [0x00000000c0000000,0x00000000c2bb6650,0x00000000c5280000)
 Metaspace       used 6440K, capacity 7256K, committed 7424K, reserved 1056768K
  class space    used 613K, capacity 656K, committed 768K, reserved 1048576K
Event: 19.439 GC heap after
Heap after GC invocations=11 (full 1):
 PSYoungGen      total 178176K, used 32741K [0x00000000eab00000, 0x00000000fa180000, 0x0000000100000000)
  eden space 145408K, 0% used [0x00000000eab00000,0x00000000eab00000,0x00000000f3900000)
  from space 32768K, 99% used [0x00000000f8180000,0x00000000fa179568,0x00000000fa180000)
  to   space 46080K, 0% used [0x00000000f4780000,0x00000000f4780000,0x00000000f7480000)
 ParOldGen       total 84480K, used 65875K [0x00000000c0000000, 0x00000000c5280000, 0x00000000eab00000)
  object space 84480K, 77% used [0x00000000c0000000,0x00000000c4054c00,0x00000000c5280000)
 Metaspace       used 6440K, capacity 7256K, committed 7424K, reserved 1056768K
  class space    used 613K, capacity 656K, committed 768K, reserved 1048576K
}
Event: 19.439 GC heap before
{Heap before GC invocations=12 (full 2):
 PSYoungGen      total 178176K, used 32741K [0x00000000eab00000, 0x00000000fa180000, 0x0000000100000000)
  eden space 145408K, 0% used [0x00000000eab00000,0x00000000eab00000,0x00000000f3900000)
  from space 32768K, 99% used [0x00000000f8180000,0x00000000fa179568,0x00000000fa180000)
  to   space 46080K, 0% used [0x00000000f4780000,0x00000000f4780000,0x00000000f7480000)
 ParOldGen       total 84480K, used 65875K [0x00000000c0000000, 0x00000000c5280000, 0x00000000eab00000)
  object space 84480K, 77% used [0x00000000c0000000,0x00000000c4054c00,0x00000000c5280000)
 Metaspace       used 6440K, capacity 7256K, committed 7424K, reserved 1056768K
  class space    used 613K, capacity 656K, committed 768K, reserved 1048576K

Deoptimization events (10 events):
Event: 3.472 Thread 0x00007f667c158800 Uncommon trap: reason=bimorphic action=maybe_recompile pc=0x00007f666d21e2cc method=java.util.HashMap.getNode(ILjava/lang/Object;)Ljava/util/HashMap$Node; @ 126
Event: 3.591 Thread 0x00007f667c00a000 Uncommon trap: reason=bimorphic action=maybe_recompile pc=0x00007f666d21e2cc method=java.util.HashMap.getNode(ILjava/lang/Object;)Ljava/util/HashMap$Node; @ 126
Event: 4.846 Thread 0x00007f667c14a800 Uncommon trap: reason=bimorphic action=maybe_recompile pc=0x00007f666d21e2cc method=java.util.HashMap.getNode(ILjava/lang/Object;)Ljava/util/HashMap$Node; @ 126
Event: 4.875 Thread 0x00007f667c159800 Uncommon trap: reason=bimorphic action=maybe_recompile pc=0x00007f666d21e2cc method=java.util.HashMap.getNode(ILjava/lang/Object;)Ljava/util/HashMap$Node; @ 126
Event: 5.221 Thread 0x00007f667c158800 Uncommon trap: reason=unstable_if action=reinterpret pc=0x00007f666d374ebc method=com.android.dx.ssa.SsaMethod.updateOneDefinition(Lcom/android/dx/ssa/SsaInsn;Lcom/android/dx/rop/code/RegisterSpec;)V @ 4
Event: 6.447 Thread 0x00007f667c158800 Uncommon trap: reason=unstable_if action=reinterpret pc=0x00007f666d29d2bc method=java.util.HashMap.putVal(ILjava/lang/Object;Ljava/lang/Object;ZZ)Ljava/lang/Object; @ 162
Event: 6.467 Thread 0x00007f667c158800 Uncommon trap: reason=unstable_if action=reinterpret pc=0x00007f666d3b05b4 method=java.util.HashMap.getNode(ILjava/lang/Object;)Ljava/util/HashMap$Node; @ 84
Event: 6.467 Thread 0x00007f667c158800 Uncommon trap: reason=unstable_if action=reinterpret pc=0x00007f666d225e08 method=java.util.HashMap.getNode(ILjava/lang/Object;)Ljava/util/HashMap$Node; @ 84
Event: 10.619 Thread 0x00007f667c00a000 Uncommon trap: reason=unstable_if action=reinterpret pc=0x00007f666d4a7314 method=com.android.dx.ssa.SCCP.simulateStmt(Lcom/android/dx/ssa/SsaInsn;)V @ 59
Event: 15.541 Thread 0x00007f667c00a000 Uncommon trap: reason=unstable_if action=reinterpret pc=0x00007f666d6865c8 method=com.android.dx.cf.code.ByteCatchList.typeNotFound(Lcom/android/dx/cf/code/ByteCatchList$Item;[Lcom/android/dx/cf/code/ByteCatchList$Item;I)Z @ 34

Internal exceptions (6 events):
Event: 0.191 Thread 0x00007f667c00a000 Exception <a 'java/lang/NoSuchMethodError': Method sun.misc.Unsafe.defineClass(Ljava/lang/String;[BII)Ljava/lang/Class; name or signature does not match> (0x00000000eab07cc0) thrown at [/HUDSON/workspace/8-2-build-linux-amd64/jdk8u91/6644/hotspot/src/shar
Event: 0.191 Thread 0x00007f667c00a000 Exception <a 'java/lang/NoSuchMethodError': Method sun.misc.Unsafe.prefetchRead(Ljava/lang/Object;J)V name or signature does not match> (0x00000000eab07fa8) thrown at [/HUDSON/workspace/8-2-build-linux-amd64/jdk8u91/6644/hotspot/src/share/vm/prims/jni.cpp
Event: 2.646 Thread 0x00007f667c00a000 Implicit null exception at 0x00007f666d22e962 to 0x00007f666d22ea53
Event: 6.457 Thread 0x00007f667c158800 Exception <a 'java/lang/ArrayIndexOutOfBoundsException': 18> (0x00000000eb2bbf28) thrown at [/HUDSON/workspace/8-2-build-linux-amd64/jdk8u91/6644/hotspot/src/share/vm/interpreter/interpreterRuntime.cpp, line 366]
Event: 6.457 Thread 0x00007f667c158800 Exception <a 'java/lang/ArrayIndexOutOfBoundsException': 145> (0x00000000eb2bdaa8) thrown at [/HUDSON/workspace/8-2-build-linux-amd64/jdk8u91/6644/hotspot/src/share/vm/interpreter/interpreterRuntime.cpp, line 366]
Event: 6.466 Thread 0x00007f667c158800 Exception <a 'java/lang/ArrayIndexOutOfBoundsException': 40> (0x00000000eb2bed90) thrown at [/HUDSON/workspace/8-2-build-linux-amd64/jdk8u91/6644/hotspot/src/share/vm/interpreter/interpreterRuntime.cpp, line 366]

Events (10 events):
Event: 17.788 Thread 0x00007f667c00a000 DEOPT UNPACKING pc=0x00007f666d047633 sp=0x00007f66833dd758 mode 0
Event: 17.907 Thread 0x00007f667c00a000 DEOPT PACKING pc=0x00007f666d600c82 sp=0x00007f66833de6a0
Event: 17.907 Thread 0x00007f667c00a000 DEOPT UNPACKING pc=0x00007f666d047633 sp=0x00007f66833de3f0 mode 0
Event: 18.755 Thread 0x00007f667c00a000 DEOPT PACKING pc=0x00007f666d37d32c sp=0x00007f66833de8d0
Event: 18.755 Thread 0x00007f667c00a000 DEOPT UNPACKING pc=0x00007f666d047633 sp=0x00007f66833de5d0 mode 0
Event: 18.844 Thread 0x00007f667c00a000 DEOPT PACKING pc=0x00007f666d5de741 sp=0x00007f66833deb70
Event: 18.844 Thread 0x00007f667c00a000 DEOPT UNPACKING pc=0x00007f666d047633 sp=0x00007f66833de950 mode 0
Event: 19.022 Thread 0x00007f667c158800 DEOPT PACKING pc=0x00007f666d37d32c sp=0x00007f6643af9070
Event: 19.022 Thread 0x00007f667c158800 DEOPT UNPACKING pc=0x00007f666d047633 sp=0x00007f6643af8d70 mode 0
Event: 19.065 Executing VM operation: ParallelGCFailedAllocation


Dynamic libraries:
00400000-00401000 r-xp 00000000 08:02 6686124                            /usr/lib/jvm/java-8-oracle/bin/java
00600000-00601000 rw-p 00000000 08:02 6686124                            /usr/lib/jvm/java-8-oracle/bin/java
00607000-00628000 rw-p 00000000 00:00 0                                  [heap]
c0000000-c5280000 rw-p 00000000 00:00 0 
c8e80000-eab00000 ---p 00000000 00:00 0 
eab00000-fa180000 rw-p 00000000 00:00 0 
fa180000-100000000 ---p 00000000 00:00 0 
100000000-1000c0000 rw-p 00000000 00:00 0 
1000c0000-140000000 ---p 00000000 00:00 0 
7f661c000000-7f661c021000 rw-p 00000000 00:00 0 
7f661c021000-7f6620000000 ---p 00000000 00:00 0 
7f6620000000-7f662003a000 rw-p 00000000 00:00 0 
7f662003a000-7f6624000000 ---p 00000000 00:00 0 
7f6624000000-7f6624021000 rw-p 00000000 00:00 0 
7f6624021000-7f6628000000 ---p 00000000 00:00 0 
7f6628000000-7f6628021000 rw-p 00000000 00:00 0 
7f6628021000-7f662c000000 ---p 00000000 00:00 0 
7f662c000000-7f662c021000 rw-p 00000000 00:00 0 
7f662c021000-7f6630000000 ---p 00000000 00:00 0 
7f6630000000-7f663002f000 rw-p 00000000 00:00 0 
7f663002f000-7f6634000000 ---p 00000000 00:00 0 
7f6634000000-7f66349d6000 rw-p 00000000 00:00 0 
7f66349d6000-7f6638000000 ---p 00000000 00:00 0 
7f6638000000-7f6638021000 rw-p 00000000 00:00 0 
7f6638021000-7f663c000000 ---p 00000000 00:00 0 
7f663c000000-7f663d37f000 rw-p 00000000 00:00 0 
7f663d37f000-7f6640000000 ---p 00000000 00:00 0 
7f66437f8000-7f66437fb000 ---p 00000000 00:00 0 
7f66437fb000-7f66438f9000 rw-p 00000000 00:00 0                          [stack:14823]
7f66438f9000-7f66438fc000 ---p 00000000 00:00 0 
7f66438fc000-7f66439fa000 rw-p 00000000 00:00 0                          [stack:14819]
7f66439fa000-7f66439fd000 ---p 00000000 00:00 0 
7f66439fd000-7f6643afb000 rw-p 00000000 00:00 0                          [stack:14818]
7f6643afb000-7f6643afe000 ---p 00000000 00:00 0 
7f6643afe000-7f6643bfc000 rw-p 00000000 00:00 0                          [stack:14814]
7f6643bfc000-7f6643bff000 ---p 00000000 00:00 0 
7f6643bff000-7f6643cfd000 rw-p 00000000 00:00 0                          [stack:14812]
7f6643cfd000-7f6643cfe000 ---p 00000000 00:00 0 
7f6643cfe000-7f6643dfe000 rw-p 00000000 00:00 0                          [stack:14772]
7f6643dfe000-7f6643e01000 ---p 00000000 00:00 0 
7f6643e01000-7f6643eff000 rw-p 00000000 00:00 0                          [stack:14766]
7f6643eff000-7f6643f02000 ---p 00000000 00:00 0 
7f6643f02000-7f6644000000 rw-p 00000000 00:00 0                          [stack:14763]
7f6644000000-7f6644021000 rw-p 00000000 00:00 0 
7f6644021000-7f6648000000 ---p 00000000 00:00 0 
7f6648000000-7f6648dc3000 rw-p 00000000 00:00 0 
7f6648dc3000-7f664c000000 ---p 00000000 00:00 0 
7f664c000000-7f664c021000 rw-p 00000000 00:00 0 
7f664c021000-7f6650000000 ---p 00000000 00:00 0 
7f6650000000-7f6650021000 rw-p 00000000 00:00 0 
7f6650021000-7f6654000000 ---p 00000000 00:00 0 
7f6654000000-7f66542c5000 rw-p 00000000 00:00 0 
7f66542c5000-7f6658000000 ---p 00000000 00:00 0 
7f6658000000-7f6658021000 rw-p 00000000 00:00 0 
7f6658021000-7f665c000000 ---p 00000000 00:00 0 
7f665c00c000-7f665c00f000 ---p 00000000 00:00 0 
7f665c00f000-7f665c10d000 rw-p 00000000 00:00 0                          [stack:14756]
7f665c10d000-7f665c110000 ---p 00000000 00:00 0 
7f665c110000-7f665c20e000 rw-p 00000000 00:00 0                          [stack:14752]
7f665c20e000-7f665c211000 ---p 00000000 00:00 0 
7f665c211000-7f665c30f000 rw-p 00000000 00:00 0                          [stack:14750]
7f665c30f000-7f665c9f2000 r--p 00000000 08:02 6691839                    /usr/lib/locale/locale-archive
7f665c9f2000-7f665c9f5000 ---p 00000000 00:00 0 
7f665c9f5000-7f665caf3000 rw-p 00000000 00:00 0                          [stack:14746]
7f665caf3000-7f665caf6000 ---p 00000000 00:00 0 
7f665caf6000-7f665cbf4000 rw-p 00000000 00:00 0                          [stack:14745]
7f665cbf4000-7f665cbf5000 ---p 00000000 00:00 0 
7f665cbf5000-7f665de80000 rw-p 00000000 00:00 0                          [stack:14744]
7f665de80000-7f665e000000 ---p 00000000 00:00 0 
7f665e000000-7f6660000000 rw-p 00000000 00:00 0 
7f6660000000-7f6660021000 rw-p 00000000 00:00 0 
7f6660021000-7f6664000000 ---p 00000000 00:00 0 
7f6664000000-7f6664021000 rw-p 00000000 00:00 0 
7f6664021000-7f6668000000 ---p 00000000 00:00 0 
7f6668000000-7f6668021000 rw-p 00000000 00:00 0 
7f6668021000-7f666c000000 ---p 00000000 00:00 0 
7f666c01d000-7f666c035000 r--s 000f5000 08:02 3985823                    /home/yonatan/Etty/programing/androidAdvanced/FinalProject/LocationsApp/app/build/intermediates/exploded-aar/com.google.android.gms/play-services-ads/8.4.0/jars/classes.jar
7f666c035000-7f666c044000 r--s 000df000 08:02 3824912                    /home/yonatan/Android/Sdk/build-tools/23.0.2/lib/dx.jar
7f666c044000-7f666c4cc000 rw-p 00000000 00:00 0 
7f666c4cc000-7f666c6a5000 r--s 03d1f000 08:02 6706386                    /usr/lib/jvm/java-8-oracle/jre/lib/rt.jar
7f666c6a5000-7f666c8a5000 rw-p 00000000 00:00 0 
7f666c8a5000-7f666c8a6000 ---p 00000000 00:00 0 
7f666c8a6000-7f666c9a6000 rw-p 00000000 00:00 0                          [stack:14743]
7f666c9a6000-7f666c9a7000 ---p 00000000 00:00 0 
7f666c9a7000-7f666caa7000 rw-p 00000000 00:00 0                          [stack:14742]
7f666caa7000-7f666caa8000 ---p 00000000 00:00 0 
7f666caa8000-7f666cba8000 rw-p 00000000 00:00 0                          [stack:14741]
7f666cba8000-7f666cba9000 ---p 00000000 00:00 0 
7f666cba9000-7f666ccd3000 rw-p 00000000 00:00 0                          [stack:14740]
7f666ccd3000-7f666cdff000 ---p 00000000 00:00 0 
7f666cdff000-7f666ce29000 rw-p 00000000 00:00 0 
7f666ce29000-7f666cf54000 ---p 00000000 00:00 0 
7f666cf54000-7f666cfd0000 rw-p 00000000 00:00 0 
7f666cfd0000-7f666cfff000 ---p 00000000 00:00 0 
7f666cfff000-7f666d000000 rw-p 00000000 00:00 0 
7f666d000000-7f666d7c0000 rwxp 00000000 00:00 0 
7f666d7c0000-7f667c000000 ---p 00000000 00:00 0 
7f667c000000-7f667c38d000 rw-p 00000000 00:00 0 
7f667c38d000-7f6680000000 ---p 00000000 00:00 0 
7f668000d000-7f66800c3000 rw-p 00000000 00:00 0 
7f66800c3000-7f6680464000 ---p 00000000 00:00 0 
7f6680464000-7f668047e000 r-xp 00000000 08:02 6706420                    /usr/lib/jvm/java-8-oracle/jre/lib/amd64/libzip.so
7f668047e000-7f668067e000 ---p 0001a000 08:02 6706420                    /usr/lib/jvm/java-8-oracle/jre/lib/amd64/libzip.so
7f668067e000-7f668067f000 rw-p 0001a000 08:02 6706420                    /usr/lib/jvm/java-8-oracle/jre/lib/amd64/libzip.so
7f668067f000-7f668068a000 r-xp 00000000 08:02 4353546                    /lib/x86_64-linux-gnu/libnss_files-2.19.so
7f668068a000-7f6680889000 ---p 0000b000 08:02 4353546                    /lib/x86_64-linux-gnu/libnss_files-2.19.so
7f6680889000-7f668088a000 r--p 0000a000 08:02 4353546                    /lib/x86_64-linux-gnu/libnss_files-2.19.so
7f668088a000-7f668088b000 rw-p 0000b000 08:02 4353546                    /lib/x86_64-linux-gnu/libnss_files-2.19.so
7f668088b000-7f6680896000 r-xp 00000000 08:02 4353538                    /lib/x86_64-linux-gnu/libnss_nis-2.19.so
7f6680896000-7f6680a95000 ---p 0000b000 08:02 4353538                    /lib/x86_64-linux-gnu/libnss_nis-2.19.so
7f6680a95000-7f6680a96000 r--p 0000a000 08:02 4353538                    /lib/x86_64-linux-gnu/libnss_nis-2.19.so
7f6680a96000-7f6680a97000 rw-p 0000b000 08:02 4353538                    /lib/x86_64-linux-gnu/libnss_nis-2.19.so
7f6680a97000-7f6680aae000 r-xp 00000000 08:02 4353534                    /lib/x86_64-linux-gnu/libnsl-2.19.so
7f6680aae000-7f6680cad000 ---p 00017000 08:02 4353534                    /lib/x86_64-linux-gnu/libnsl-2.19.so
7f6680cad000-7f6680cae000 r--p 00016000 08:02 4353534                    /lib/x86_64-linux-gnu/libnsl-2.19.so
7f6680cae000-7f6680caf000 rw-p 00017000 08:02 4353534                    /lib/x86_64-linux-gnu/libnsl-2.19.so
7f6680caf000-7f6680cb1000 rw-p 00000000 00:00 0 
7f6680cb1000-7f6680cba000 r-xp 00000000 08:02 4353533                    /lib/x86_64-linux-gnu/libnss_compat-2.19.so
7f6680cba000-7f6680eb9000 ---p 00009000 08:02 4353533                    /lib/x86_64-linux-gnu/libnss_compat-2.19.so
7f6680eb9000-7f6680eba000 r--p 00008000 08:02 4353533                    /lib/x86_64-linux-gnu/libnss_compat-2.19.so
7f6680eba000-7f6680ebb000 rw-p 00009000 08:02 4353533                    /lib/x86_64-linux-gnu/libnss_compat-2.19.so
7f6680ebb000-7f6680ee5000 r-xp 00000000 08:02 6706397                    /usr/lib/jvm/java-8-oracle/jre/lib/amd64/libjava.so
7f6680ee5000-7f66810e5000 ---p 0002a000 08:02 6706397                    /usr/lib/jvm/java-8-oracle/jre/lib/amd64/libjava.so
7f66810e5000-7f66810e7000 rw-p 0002a000 08:02 6706397                    /usr/lib/jvm/java-8-oracle/jre/lib/amd64/libjava.so
7f66810e7000-7f66810f4000 r-xp 00000000 08:02 6706408                    /usr/lib/jvm/java-8-oracle/jre/lib/amd64/libverify.so
7f66810f4000-7f66812f4000 ---p 0000d000 08:02 6706408                    /usr/lib/jvm/java-8-oracle/jre/lib/amd64/libverify.so
7f66812f4000-7f66812f6000 rw-p 0000d000 08:02 6706408                    /usr/lib/jvm/java-8-oracle/jre/lib/amd64/libverify.so
7f66812f6000-7f66812fd000 r-xp 00000000 08:02 4353542                    /lib/x86_64-linux-gnu/librt-2.19.so
7f66812fd000-7f66814fc000 ---p 00007000 08:02 4353542                    /lib/x86_64-linux-gnu/librt-2.19.so
7f66814fc000-7f66814fd000 r--p 00006000 08:02 4353542                    /lib/x86_64-linux-gnu/librt-2.19.so
7f66814fd000-7f66814fe000 rw-p 00007000 08:02 4353542                    /lib/x86_64-linux-gnu/librt-2.19.so
7f66814fe000-7f6681603000 r-xp 00000000 08:02 4353528                    /lib/x86_64-linux-gnu/libm-2.19.so
7f6681603000-7f6681802000 ---p 00105000 08:02 4353528                    /lib/x86_64-linux-gnu/libm-2.19.so
7f6681802000-7f6681803000 r--p 00104000 08:02 4353528                    /lib/x86_64-linux-gnu/libm-2.19.so
7f6681803000-7f6681804000 rw-p 00105000 08:02 4353528                    /lib/x86_64-linux-gnu/libm-2.19.so
7f6681804000-7f66824c4000 r-xp 00000000 08:02 6706410                    /usr/lib/jvm/java-8-oracle/jre/lib/amd64/server/libjvm.so
7f66824c4000-7f66826c4000 ---p 00cc0000 08:02 6706410                    /usr/lib/jvm/java-8-oracle/jre/lib/amd64/server/libjvm.so
7f66826c4000-7f668279c000 rw-p 00cc0000 08:02 6706410                    /usr/lib/jvm/java-8-oracle/jre/lib/amd64/server/libjvm.so
7f668279c000-7f66827e7000 rw-p 00000000 00:00 0 
7f66827e7000-7f66829a2000 r-xp 00000000 08:02 4353543                    /lib/x86_64-linux-gnu/libc-2.19.so
7f66829a2000-7f6682ba1000 ---p 001bb000 08:02 4353543                    /lib/x86_64-linux-gnu/libc-2.19.so
7f6682ba1000-7f6682ba5000 r--p 001ba000 08:02 4353543                    /lib/x86_64-linux-gnu/libc-2.19.so
7f6682ba5000-7f6682ba7000 rw-p 001be000 08:02 4353543                    /lib/x86_64-linux-gnu/libc-2.19.so
7f6682ba7000-7f6682bac000 rw-p 00000000 00:00 0 
7f6682bac000-7f6682baf000 r-xp 00000000 08:02 4353530                    /lib/x86_64-linux-gnu/libdl-2.19.so
7f6682baf000-7f6682dae000 ---p 00003000 08:02 4353530                    /lib/x86_64-linux-gnu/libdl-2.19.so
7f6682dae000-7f6682daf000 r--p 00002000 08:02 4353530                    /lib/x86_64-linux-gnu/libdl-2.19.so
7f6682daf000-7f6682db0000 rw-p 00003000 08:02 4353530                    /lib/x86_64-linux-gnu/libdl-2.19.so
7f6682db0000-7f6682dc5000 r-xp 00000000 08:02 6728016                    /usr/lib/jvm/java-8-oracle/lib/amd64/jli/libjli.so
7f6682dc5000-7f6682fc5000 ---p 00015000 08:02 6728016                    /usr/lib/jvm/java-8-oracle/lib/amd64/jli/libjli.so
7f6682fc5000-7f6682fc6000 rw-p 00015000 08:02 6728016                    /usr/lib/jvm/java-8-oracle/lib/amd64/jli/libjli.so
7f6682fc6000-7f6682fdf000 r-xp 00000000 08:02 4353535                    /lib/x86_64-linux-gnu/libpthread-2.19.so
7f6682fdf000-7f66831de000 ---p 00019000 08:02 4353535                    /lib/x86_64-linux-gnu/libpthread-2.19.so
7f66831de000-7f66831df000 r--p 00018000 08:02 4353535                    /lib/x86_64-linux-gnu/libpthread-2.19.so
7f66831df000-7f66831e0000 rw-p 00019000 08:02 4353535                    /lib/x86_64-linux-gnu/libpthread-2.19.so
7f66831e0000-7f66831e4000 rw-p 00000000 00:00 0 
7f66831e4000-7f6683207000 r-xp 00000000 08:02 4353536                    /lib/x86_64-linux-gnu/ld-2.19.so
7f668320e000-7f66832e0000 rw-p 00000000 00:00 0 
7f66832e0000-7f66832e3000 ---p 00000000 00:00 0 
7f66832e3000-7f66833fa000 rw-p 00000000 00:00 0                          [stack:14739]
7f66833fa000-7f6683402000 rw-s 00000000 08:02 1976032                    /tmp/hsperfdata_yonatan/14734
7f6683402000-7f6683403000 rw-p 00000000 00:00 0 
7f6683403000-7f6683404000 ---p 00000000 00:00 0 
7f6683404000-7f6683406000 rw-p 00000000 00:00 0 
7f6683406000-7f6683407000 r--p 00022000 08:02 4353536                    /lib/x86_64-linux-gnu/ld-2.19.so
7f6683407000-7f6683408000 rw-p 00023000 08:02 4353536                    /lib/x86_64-linux-gnu/ld-2.19.so
7f6683408000-7f6683409000 rw-p 00000000 00:00 0 
7ffdbe90b000-7ffdbe92c000 rw-p 00000000 00:00 0                          [stack]
7ffdbe94f000-7ffdbe951000 r-xp 00000000 00:00 0                          [vdso]
7ffdbe951000-7ffdbe953000 r--p 00000000 00:00 0                          [vvar]
ffffffffff600000-ffffffffff601000 r-xp 00000000 00:00 0                  [vsyscall]

VM Arguments:
jvm_args: -Djava.awt.headless=true -Xmx1024M -Dfile.encoding=UTF-8 -Duser.country=US -Duser.language=en -Duser.variant 
java_command: com.android.dx.command.Main --dex --num-threads=4 --output /home/yonatan/Etty/programing/androidAdvanced/FinalProject/LocationsApp/app/build/intermediates/pre-dexed/debug/com.google.android.gms-play-services-ads-8.4.0_0ce6ec086fb9d9639b62a6914f6427f9bd9778f1.jar /home/yonatan/Etty/programing/androidAdvanced/FinalProject/LocationsApp/app/build/intermediates/exploded-aar/com.google.android.gms/play-services-ads/8.4.0/jars/classes.jar
java_class_path (initial): /home/yonatan/Android/Sdk/build-tools/23.0.2/lib/dx.jar
Launcher Type: SUN_STANDARD

Environment Variables:
JAVA_HOME=/usr/lib/jvm/java-8-oracle
PATH=/usr/local/sbin:/usr/local/bin:/usr/sbin:/usr/bin:/sbin:/bin:/usr/games:/usr/local/games:/usr/lib/jvm/java-8-oracle/bin:/usr/lib/jvm/java-8-oracle/db/bin:/usr/lib/jvm/java-8-oracle/jre/bin
SHELL=/bin/bash
DISPLAY=:0

Signal Handlers:
SIGSEGV: [libjvm.so+0xabca10], sa_mask[0]=11111111011111111101111111111110, sa_flags=SA_RESTART|SA_SIGINFO
SIGBUS: [libjvm.so+0xabca10], sa_mask[0]=11111111011111111101111111111110, sa_flags=SA_RESTART|SA_SIGINFO
SIGFPE: [libjvm.so+0x919a20], sa_mask[0]=11111111011111111101111111111110, sa_flags=SA_RESTART|SA_SIGINFO
SIGPIPE: [libjvm.so+0x919a20], sa_mask[0]=11111111011111111101111111111110, sa_flags=SA_RESTART|SA_SIGINFO
SIGXFSZ: [libjvm.so+0x919a20], sa_mask[0]=11111111011111111101111111111110, sa_flags=SA_RESTART|SA_SIGINFO
SIGILL: [libjvm.so+0x919a20], sa_mask[0]=11111111011111111101111111111110, sa_flags=SA_RESTART|SA_SIGINFO
SIGUSR1: SIG_DFL, sa_mask[0]=00000000000000000000000000000000, sa_flags=none
SIGUSR2: [libjvm.so+0x91b050], sa_mask[0]=00100000000000000000000000000000, sa_flags=SA_RESTART|SA_SIGINFO
SIGHUP: [libjvm.so+0x91c450], sa_mask[0]=11111111011111111101111111111110, sa_flags=SA_RESTART|SA_SIGINFO
SIGINT: [libjvm.so+0x91c450], sa_mask[0]=11111111011111111101111111111110, sa_flags=SA_RESTART|SA_SIGINFO
SIGTERM: [libjvm.so+0x91c450], sa_mask[0]=11111111011111111101111111111110, sa_flags=SA_RESTART|SA_SIGINFO
SIGQUIT: [libjvm.so+0x91c450], sa_mask[0]=11111111011111111101111111111110, sa_flags=SA_RESTART|SA_SIGINFO


---------------  S Y S T E M  ---------------

OS:DISTRIB_ID=Ubuntu
DISTRIB_RELEASE=14.04
DISTRIB_CODENAME=trusty
DISTRIB_DESCRIPTION="Ubuntu 14.04.4 LTS"

uname:Linux 3.16.0-70-generic #90~14.04.1-Ubuntu SMP Wed Apr 6 22:56:34 UTC 2016 x86_64
libc:glibc 2.19 NPTL 2.19 
rlimit: STACK 8192k, CORE 0k, NPROC 14573, NOFILE 4096, AS infinity
load average:43.59 15.72 6.61

/proc/meminfo:
MemTotal:        3931368 kB
MemFree:           84476 kB
MemAvailable:      28812 kB
Buffers:             124 kB
Cached:           193068 kB
SwapCached:          100 kB
Active:          2728872 kB
Inactive:         856856 kB
Active(anon):    2721112 kB
Inactive(anon):   849076 kB
Active(file):       7760 kB
Inactive(file):     7780 kB
Unevictable:          48 kB
Mlocked:              48 kB
SwapTotal:       4077564 kB
SwapFree:              0 kB
Dirty:                 0 kB
Writeback:             0 kB
AnonPages:       3392956 kB
Mapped:            18360 kB
Shmem:            177336 kB
Slab:              89056 kB
SReclaimable:      42060 kB
SUnreclaim:        46996 kB
KernelStack:       15888 kB
PageTables:        79856 kB
NFS_Unstable:          0 kB
Bounce:                0 kB
WritebackTmp:          0 kB
CommitLimit:     6043248 kB
Committed_AS:   17790348 kB
VmallocTotal:   34359738367 kB
VmallocUsed:      356216 kB
VmallocChunk:   34359351600 kB
HardwareCorrupted:     0 kB
AnonHugePages:    886784 kB
HugePages_Total:       0
HugePages_Free:        0
HugePages_Rsvd:        0
HugePages_Surp:        0
Hugepagesize:       2048 kB
DirectMap4k:       92528 kB
DirectMap2M:     3985408 kB


CPU:total 4 (2 cores per cpu, 2 threads per core) family 6 model 58 stepping 9, cmov, cx8, fxsr, mmx, sse, sse2, sse3, ssse3, sse4.1, sse4.2, popcnt, avx, aes, clmul, erms, ht, tsc, tscinvbit, tscinv

/proc/cpuinfo:
processor	: 0
vendor_id	: GenuineIntel
cpu family	: 6
model		: 58
model name	: Intel(R) Core(TM) i5-3317U CPU @ 1.70GHz
stepping	: 9
microcode	: 0x12
cpu MHz		: 2399.988
cache size	: 3072 KB
physical id	: 0
siblings	: 4
core id		: 0
cpu cores	: 2
apicid		: 0
initial apicid	: 0
fpu		: yes
fpu_exception	: yes
cpuid level	: 13
wp		: yes
flags		: fpu vme de pse tsc msr pae mce cx8 apic sep mtrr pge mca cmov pat pse36 clflush dts acpi mmx fxsr sse sse2 ss ht tm pbe syscall nx rdtscp lm constant_tsc arch_perfmon pebs bts rep_good nopl xtopology nonstop_tsc aperfmperf eagerfpu pni pclmulqdq dtes64 monitor ds_cpl vmx est tm2 ssse3 cx16 xtpr pdcm pcid sse4_1 sse4_2 x2apic popcnt tsc_deadline_timer aes xsave avx f16c rdrand lahf_lm ida arat epb xsaveopt pln pts dtherm tpr_shadow vnmi flexpriority ept vpid fsgsbase smep erms
bogomips	: 3392.17
clflush size	: 64
cache_alignment	: 64
address sizes	: 36 bits physical, 48 bits virtual
power management:

processor	: 1
vendor_id	: GenuineIntel
cpu family	: 6
model		: 58
model name	: Intel(R) Core(TM) i5-3317U CPU @ 1.70GHz
stepping	: 9
microcode	: 0x12
cpu MHz		: 2399.988
cache size	: 3072 KB
physical id	: 0
siblings	: 4
core id		: 1
cpu cores	: 2
apicid		: 2
initial apicid	: 2
fpu		: yes
fpu_exception	: yes
cpuid level	: 13
wp		: yes
flags		: fpu vme de pse tsc msr pae mce cx8 apic sep mtrr pge mca cmov pat pse36 clflush dts acpi mmx fxsr sse sse2 ss ht tm pbe syscall nx rdtscp lm constant_tsc arch_perfmon pebs bts rep_good nopl xtopology nonstop_tsc aperfmperf eagerfpu pni pclmulqdq dtes64 monitor ds_cpl vmx est tm2 ssse3 cx16 xtpr pdcm pcid sse4_1 sse4_2 x2apic popcnt tsc_deadline_timer aes xsave avx f16c rdrand lahf_lm ida arat epb xsaveopt pln pts dtherm tpr_shadow vnmi flexpriority ept vpid fsgsbase smep erms
bogomips	: 3392.17
clflush size	: 64
cache_alignment	: 64
address sizes	: 36 bits physical, 48 bits virtual
power management:

processor	: 2
vendor_id	: GenuineIntel
cpu family	: 6
model		: 58
model name	: Intel(R) Core(TM) i5-3317U CPU @ 1.70GHz
stepping	: 9
microcode	: 0x12
cpu MHz		: 2399.988
cache size	: 3072 KB
physical id	: 0
siblings	: 4
core id		: 0
cpu cores	: 2
apicid		: 1
initial apicid	: 1
fpu		: yes
fpu_exception	: yes
cpuid level	: 13
wp		: yes
flags		: fpu vme de pse tsc msr pae mce cx8 apic sep mtrr pge mca cmov pat pse36 clflush dts acpi mmx fxsr sse sse2 ss ht tm pbe syscall nx rdtscp lm constant_tsc arch_perfmon pebs bts rep_good nopl xtopology nonstop_tsc aperfmperf eagerfpu pni pclmulqdq dtes64 monitor ds_cpl vmx est tm2 ssse3 cx16 xtpr pdcm pcid sse4_1 sse4_2 x2apic popcnt tsc_deadline_timer aes xsave avx f16c rdrand lahf_lm ida arat epb xsaveopt pln pts dtherm tpr_shadow vnmi flexpriority ept vpid fsgsbase smep erms
bogomips	: 3392.17
clflush size	: 64
cache_alignment	: 64
address sizes	: 36 bits physical, 48 bits virtual
power management:

processor	: 3
vendor_id	: GenuineIntel
cpu family	: 6
model		: 58
model name	: Intel(R) Core(TM) i5-3317U CPU @ 1.70GHz
stepping	: 9
microcode	: 0x12
cpu MHz		: 2399.988
cache size	: 3072 KB
physical id	: 0
siblings	: 4
core id		: 1
cpu cores	: 2
apicid		: 3
initial apicid	: 3
fpu		: yes
fpu_exception	: yes
cpuid level	: 13
wp		: yes
flags		: fpu vme de pse tsc msr pae mce cx8 apic sep mtrr pge mca cmov pat pse36 clflush dts acpi mmx fxsr sse sse2 ss ht tm pbe syscall nx rdtscp lm constant_tsc arch_perfmon pebs bts rep_good nopl xtopology nonstop_tsc aperfmperf eagerfpu pni pclmulqdq dtes64 monitor ds_cpl vmx est tm2 ssse3 cx16 xtpr pdcm pcid sse4_1 sse4_2 x2apic popcnt tsc_deadline_timer aes xsave avx f16c rdrand lahf_lm ida arat epb xsaveopt pln pts dtherm tpr_shadow vnmi flexpriority ept vpid fsgsbase smep erms
bogomips	: 3392.17
clflush size	: 64
cache_alignment	: 64
address sizes	: 36 bits physical, 48 bits virtual
power management:



Memory: 4k page, physical 3931368k(87708k free), swap 4077564k(20k free)

vm_info: Java HotSpot(TM) 64-Bit Server VM (25.91-b14) for linux-amd64 JRE (1.8.0_91-b14), built on Apr  1 2016 00:57:21 by "java_re" with gcc 4.3.0 20080428 (Red Hat 4.3.0-8)

time: Sat Apr 30 21:20:00 2016
elapsed time: 86 seconds (0d 0h 1m 26s)

