#
# There is insufficient memory for the Java Runtime Environment to continue.
# Native memory allocation (mmap) failed to map 70254592 bytes for committing reserved memory.
# Possible reasons:
#   The system is out of physical RAM or swap space
#   In 32 bit mode, the process size limit was hit
# Possible solutions:
#   Reduce memory load on the system
#   Increase physical memory or swap space
#   Check if swap backing store is full
#   Use 64 bit Java on a 64 bit OS
#   Decrease Java heap size (-Xmx/-Xms)
#   Decrease number of Java threads
#   Decrease Java thread stack sizes (-Xss)
#   Set larger code cache with -XX:ReservedCodeCacheSize=
# This output file may be truncated or incomplete.
#
#  Out of Memory Error (os_linux.cpp:2627), pid=15758, tid=140523414755072
#
# JRE version: Java(TM) SE Runtime Environment (8.0_91-b14) (build 1.8.0_91-b14)
# Java VM: Java HotSpot(TM) 64-Bit Server VM (25.91-b14 mixed mode linux-amd64 compressed oops)
# Failed to write core dump. Core dumps have been disabled. To enable core dumping, try "ulimit -c unlimited" before starting Java again
#

---------------  T H R E A D  ---------------

Current thread (0x00007fce24078000):  VMThread [stack: 0x00007fce28281000,0x00007fce28382000] [id=15767]

Stack: [0x00007fce28281000,0x00007fce28382000],  sp=0x00007fce283801e0,  free space=1020k
Native frames: (J=compiled Java code, j=interpreted, Vv=VM code, C=native code)
V  [libjvm.so+0xabc18a]  VMError::report_and_die()+0x2ba
V  [libjvm.so+0x4fafeb]  report_vm_out_of_memory(char const*, int, unsigned long, VMErrorType, char const*)+0x8b
V  [libjvm.so+0x91cbb3]  os::Linux::commit_memory_impl(char*, unsigned long, bool)+0x103
V  [libjvm.so+0x91d109]  os::pd_commit_memory(char*, unsigned long, unsigned long, bool)+0x29
V  [libjvm.so+0x91740a]  os::commit_memory(char*, unsigned long, unsigned long, bool)+0x2a
V  [libjvm.so+0x98b033]  PSVirtualSpace::expand_by(unsigned long)+0x53
V  [libjvm.so+0x98c438]  PSYoungGen::resize_generation(unsigned long, unsigned long)+0xf8
V  [libjvm.so+0x98b592]  PSYoungGen::resize(unsigned long, unsigned long)+0x22
V  [libjvm.so+0x98886b]  PSScavenge::invoke_no_policy()+0xf3b
V  [libjvm.so+0x988ff1]  PSScavenge::invoke()+0x41
V  [libjvm.so+0x9408b0]  ParallelScavengeHeap::failed_mem_allocate(unsigned long)+0x70
V  [libjvm.so+0xabdba7]  VM_ParallelGCFailedAllocation::doit()+0x97
V  [libjvm.so+0xac55d5]  VM_Operation::evaluate()+0x55
V  [libjvm.so+0xac39aa]  VMThread::evaluate_operation(VM_Operation*)+0xba
V  [libjvm.so+0xac3d2e]  VMThread::loop()+0x1ce
V  [libjvm.so+0xac41a0]  VMThread::run()+0x70
V  [libjvm.so+0x91ef78]  java_start(Thread*)+0x108

VM_Operation (0x00007fce14314cc0): ParallelGCFailedAllocation, mode: safepoint, requested by thread 0x00007fce24159000


---------------  P R O C E S S  ---------------

Java Threads: ( => current thread )
  0x00007fce24160000 JavaThread "pool-1-thread-4" [_thread_blocked, id=15785, stack(0x00007fce0ddfe000,0x00007fce0deff000)]
  0x00007fce2415f000 JavaThread "pool-1-thread-3" [_thread_blocked, id=15784, stack(0x00007fce0deff000,0x00007fce0e000000)]
  0x00007fce2415c800 JavaThread "pool-1-thread-2" [_thread_blocked, id=15783, stack(0x00007fce14014000,0x00007fce14115000)]
  0x00007fce2415b000 JavaThread "pool-2-thread-1" [_thread_blocked, id=15782, stack(0x00007fce14115000,0x00007fce14216000)]
  0x00007fce24159000 JavaThread "pool-1-thread-1" [_thread_blocked, id=15781, stack(0x00007fce14216000,0x00007fce14317000)]
  0x00007fce240db800 JavaThread "Service Thread" daemon [_thread_blocked, id=15774, stack(0x00007fce14418000,0x00007fce14519000)]
  0x00007fce240be800 JavaThread "C1 CompilerThread2" daemon [_thread_blocked, id=15773, stack(0x00007fce14519000,0x00007fce1461a000)]
  0x00007fce240bd000 JavaThread "C2 CompilerThread1" daemon [_thread_in_native, id=15772, stack(0x00007fce1461a000,0x00007fce1471b000)]
  0x00007fce240ba000 JavaThread "C2 CompilerThread0" daemon [_thread_blocked, id=15771, stack(0x00007fce1471b000,0x00007fce1481c000)]
  0x00007fce240b8800 JavaThread "Signal Dispatcher" daemon [_thread_blocked, id=15770, stack(0x00007fce1481c000,0x00007fce1491d000)]
  0x00007fce24084000 JavaThread "Finalizer" daemon [_thread_blocked, id=15769, stack(0x00007fce2807f000,0x00007fce28180000)]
  0x00007fce2407f800 JavaThread "Reference Handler" daemon [_thread_blocked, id=15768, stack(0x00007fce28180000,0x00007fce28281000)]
  0x00007fce2400a000 JavaThread "main" [_thread_blocked, id=15761, stack(0x00007fce2d91c000,0x00007fce2da1d000)]

Other Threads:
=>0x00007fce24078000 VMThread [stack: 0x00007fce28281000,0x00007fce28382000] [id=15767]
  0x00007fce240e7000 WatcherThread [stack: 0x00007fce14317000,0x00007fce14418000] [id=15775]

VM state:at safepoint (normal execution)

VM Mutex/Monitor currently owned by a thread:  ([mutex/lock_event])
[0x00007fce24006590] Threads_lock - owner thread: 0x00007fce24078000
[0x00007fce24006a90] Heap_lock - owner thread: 0x00007fce24159000

Heap:
 PSYoungGen      total 69120K, used 10217K [0x00000000eab00000, 0x00000000efb00000, 0x0000000100000000)
  eden space 58880K, 0% used [0x00000000eab00000,0x00000000eab00000,0x00000000ee480000)
  from space 10240K, 99% used [0x00000000ee480000,0x00000000eee7a760,0x00000000eee80000)
  to   space 7680K, 0% used [0x00000000eee80000,0x00000000eee80000,0x00000000ef600000)
 ParOldGen       total 40960K, used 23128K [0x00000000c0000000, 0x00000000c2800000, 0x00000000eab00000)
  object space 40960K, 56% used [0x00000000c0000000,0x00000000c16962d0,0x00000000c2800000)
 Metaspace       used 5940K, capacity 6896K, committed 7040K, reserved 1056768K
  class space    used 589K, capacity 616K, committed 640K, reserved 1048576K

Card table byte_map: [0x00007fce2a4df000,0x00007fce2a6e0000] byte_map_base: 0x00007fce29edf000

Marking Bits: (ParMarkBitMap*) 0x00007fce2cdf6d60
 Begin Bits: [0x00007fce0e000000, 0x00007fce0f000000)
 End Bits:   [0x00007fce0f000000, 0x00007fce10000000)

Polling page: 0x00007fce2da3f000

CodeCache: size=245760Kb used=4856Kb max_used=4856Kb free=240903Kb
 bounds [0x00007fce15000000, 0x00007fce154d0000, 0x00007fce24000000]
 total_blobs=1504 nmethods=1236 adapters=182
 compilation: enabled

Compilation events (10 events):
Event: 7.108 Thread 0x00007fce240ba000 nmethod 846 0x00007fce1548b550 code [0x00007fce1548b6c0, 0x00007fce1548b7f8]
Event: 7.108 Thread 0x00007fce240ba000 1531       4       com.android.dx.ssa.SsaRenamer$BlockRenamer::visitNonMoveInsn (14 bytes)
Event: 7.164 Thread 0x00007fce240be800 nmethod 1530% 0x00007fce154b5190 code [0x00007fce154b5760, 0x00007fce154b90e8]
Event: 7.164 Thread 0x00007fce240be800 1541 %     3       com.android.dx.ssa.back.SsaToRop::removePhiFunctions @ 56 (83 bytes)
Event: 7.165 Thread 0x00007fce240be800 nmethod 1541% 0x00007fce154b3050 code [0x00007fce154b3320, 0x00007fce154b4728]
Event: 7.166 Thread 0x00007fce240be800 1536 %     3       com.android.dx.ssa.back.IdenticalBlockCombiner::process @ 161 (323 bytes)
Event: 7.206 Thread 0x00007fce240ba000 nmethod 1531 0x00007fce154bff50 code [0x00007fce154c0100, 0x00007fce154c08a8]
Event: 7.206 Thread 0x00007fce240ba000 1518       4       com.android.dx.ssa.back.LivenessAnalyzer::run (231 bytes)
Event: 7.238 Thread 0x00007fce240be800 nmethod 1536% 0x00007fce154c1350 code [0x00007fce154c1720, 0x00007fce154c3fd8]
Event: 7.238 Thread 0x00007fce240be800 1537 %     3       com.android.dx.util.FixedSizeList::shrinkToFit @ 10 (103 bytes)

GC Heap History (10 events):
Event: 3.612 GC heap after
Heap after GC invocations=2 (full 0):
 PSYoungGen      total 17920K, used 2554K [0x00000000eab00000, 0x00000000ece00000, 0x0000000100000000)
  eden space 15360K, 0% used [0x00000000eab00000,0x00000000eab00000,0x00000000eba00000)
  from space 2560K, 99% used [0x00000000ebc80000,0x00000000ebefea98,0x00000000ebf00000)
  to   space 2560K, 0% used [0x00000000eba00000,0x00000000eba00000,0x00000000ebc80000)
 ParOldGen       total 40960K, used 2434K [0x00000000c0000000, 0x00000000c2800000, 0x00000000eab00000)
  object space 40960K, 5% used [0x00000000c0000000,0x00000000c0260868,0x00000000c2800000)
 Metaspace       used 5744K, capacity 6704K, committed 6784K, reserved 1056768K
  class space    used 588K, capacity 616K, committed 640K, reserved 1048576K
}
Event: 4.175 GC heap before
{Heap before GC invocations=3 (full 0):
 PSYoungGen      total 17920K, used 17914K [0x00000000eab00000, 0x00000000ece00000, 0x0000000100000000)
  eden space 15360K, 100% used [0x00000000eab00000,0x00000000eba00000,0x00000000eba00000)
  from space 2560K, 99% used [0x00000000ebc80000,0x00000000ebefea98,0x00000000ebf00000)
  to   space 2560K, 0% used [0x00000000eba00000,0x00000000eba00000,0x00000000ebc80000)
 ParOldGen       total 40960K, used 2434K [0x00000000c0000000, 0x00000000c2800000, 0x00000000eab00000)
  object space 40960K, 5% used [0x00000000c0000000,0x00000000c0260868,0x00000000c2800000)
 Metaspace       used 5790K, capacity 6768K, committed 7040K, reserved 1056768K
  class space    used 589K, capacity 616K, committed 640K, reserved 1048576K
Event: 4.215 GC heap after
Heap after GC invocations=3 (full 0):
 PSYoungGen      total 17920K, used 2528K [0x00000000eab00000, 0x00000000ece00000, 0x0000000100000000)
  eden space 15360K, 0% used [0x00000000eab00000,0x00000000eab00000,0x00000000eba00000)
  from space 2560K, 98% used [0x00000000eba00000,0x00000000ebc78018,0x00000000ebc80000)
  to   space 2560K, 0% used [0x00000000ecb80000,0x00000000ecb80000,0x00000000ece00000)
 ParOldGen       total 40960K, used 4704K [0x00000000c0000000, 0x00000000c2800000, 0x00000000eab00000)
  object space 40960K, 11% used [0x00000000c0000000,0x00000000c0498138,0x00000000c2800000)
 Metaspace       used 5790K, capacity 6768K, committed 7040K, reserved 1056768K
  class space    used 589K, capacity 616K, committed 640K, reserved 1048576K
}
Event: 4.542 GC heap before
{Heap before GC invocations=4 (full 0):
 PSYoungGen      total 17920K, used 17888K [0x00000000eab00000, 0x00000000ece00000, 0x0000000100000000)
  eden space 15360K, 100% used [0x00000000eab00000,0x00000000eba00000,0x00000000eba00000)
  from space 2560K, 98% used [0x00000000eba00000,0x00000000ebc78018,0x00000000ebc80000)
  to   space 2560K, 0% used [0x00000000ecb80000,0x00000000ecb80000,0x00000000ece00000)
 ParOldGen       total 40960K, used 4704K [0x00000000c0000000, 0x00000000c2800000, 0x00000000eab00000)
  object space 40960K, 11% used [0x00000000c0000000,0x00000000c0498138,0x00000000c2800000)
 Metaspace       used 5809K, capacity 6768K, committed 7040K, reserved 1056768K
  class space    used 589K, capacity 616K, committed 640K, reserved 1048576K
Event: 4.624 GC heap after
Heap after GC invocations=4 (full 0):
 PSYoungGen      total 33280K, used 2544K [0x00000000eab00000, 0x00000000ece00000, 0x0000000100000000)
  eden space 30720K, 0% used [0x00000000eab00000,0x00000000eab00000,0x00000000ec900000)
  from space 2560K, 99% used [0x00000000ecb80000,0x00000000ecdfc028,0x00000000ece00000)
  to   space 2560K, 0% used [0x00000000ec900000,0x00000000ec900000,0x00000000ecb80000)
 ParOldGen       total 40960K, used 6990K [0x00000000c0000000, 0x00000000c2800000, 0x00000000eab00000)
  object space 40960K, 17% used [0x00000000c0000000,0x00000000c06d3b80,0x00000000c2800000)
 Metaspace       used 5809K, capacity 6768K, committed 7040K, reserved 1056768K
  class space    used 589K, capacity 616K, committed 640K, reserved 1048576K
}
Event: 5.199 GC heap before
{Heap before GC invocations=5 (full 0):
 PSYoungGen      total 33280K, used 33264K [0x00000000eab00000, 0x00000000ece00000, 0x0000000100000000)
  eden space 30720K, 100% used [0x00000000eab00000,0x00000000ec900000,0x00000000ec900000)
  from space 2560K, 99% used [0x00000000ecb80000,0x00000000ecdfc028,0x00000000ece00000)
  to   space 2560K, 0% used [0x00000000ec900000,0x00000000ec900000,0x00000000ecb80000)
 ParOldGen       total 40960K, used 6990K [0x00000000c0000000, 0x00000000c2800000, 0x00000000eab00000)
  object space 40960K, 17% used [0x00000000c0000000,0x00000000c06d3b80,0x00000000c2800000)
 Metaspace       used 5847K, capacity 6832K, committed 7040K, reserved 1056768K
  class space    used 589K, capacity 616K, committed 640K, reserved 1048576K
Event: 5.252 GC heap after
Heap after GC invocations=5 (full 0):
 PSYoungGen      total 33280K, used 2546K [0x00000000eab00000, 0x00000000ef600000, 0x0000000100000000)
  eden space 30720K, 0% used [0x00000000eab00000,0x00000000eab00000,0x00000000ec900000)
  from space 2560K, 99% used [0x00000000ec900000,0x00000000ecb7cb98,0x00000000ecb80000)
  to   space 7680K, 0% used [0x00000000eee80000,0x00000000eee80000,0x00000000ef600000)
 ParOldGen       total 40960K, used 11901K [0x00000000c0000000, 0x00000000c2800000, 0x00000000eab00000)
  object space 40960K, 29% used [0x00000000c0000000,0x00000000c0b9f648,0x00000000c2800000)
 Metaspace       used 5847K, capacity 6832K, committed 7040K, reserved 1056768K
  class space    used 589K, capacity 616K, committed 640K, reserved 1048576K
}
Event: 5.894 GC heap before
{Heap before GC invocations=6 (full 0):
 PSYoungGen      total 33280K, used 33266K [0x00000000eab00000, 0x00000000ef600000, 0x0000000100000000)
  eden space 30720K, 100% used [0x00000000eab00000,0x00000000ec900000,0x00000000ec900000)
  from space 2560K, 99% used [0x00000000ec900000,0x00000000ecb7cb98,0x00000000ecb80000)
  to   space 7680K, 0% used [0x00000000eee80000,0x00000000eee80000,0x00000000ef600000)
 ParOldGen       total 40960K, used 11901K [0x00000000c0000000, 0x00000000c2800000, 0x00000000eab00000)
  object space 40960K, 29% used [0x00000000c0000000,0x00000000c0b9f648,0x00000000c2800000)
 Metaspace       used 5866K, capacity 6832K, committed 7040K, reserved 1056768K
  class space    used 589K, capacity 616K, committed 640K, reserved 1048576K
Event: 6.020 GC heap after
Heap after GC invocations=6 (full 0):
 PSYoungGen      total 66560K, used 7661K [0x00000000eab00000, 0x00000000efb00000, 0x0000000100000000)
  eden space 58880K, 0% used [0x00000000eab00000,0x00000000eab00000,0x00000000ee480000)
  from space 7680K, 99% used [0x00000000eee80000,0x00000000ef5fb460,0x00000000ef600000)
  to   space 10240K, 0% used [0x00000000ee480000,0x00000000ee480000,0x00000000eee80000)
 ParOldGen       total 40960K, used 13855K [0x00000000c0000000, 0x00000000c2800000, 0x00000000eab00000)
  object space 40960K, 33% used [0x00000000c0000000,0x00000000c0d87e38,0x00000000c2800000)
 Metaspace       used 5866K, capacity 6832K, committed 7040K, reserved 1056768K
  class space    used 589K, capacity 616K, committed 640K, reserved 1048576K
}
Event: 7.275 GC heap before
{Heap before GC invocations=7 (full 0):
 PSYoungGen      total 66560K, used 66541K [0x00000000eab00000, 0x00000000efb00000, 0x0000000100000000)
  eden space 58880K, 100% used [0x00000000eab00000,0x00000000ee480000,0x00000000ee480000)
  from space 7680K, 99% used [0x00000000eee80000,0x00000000ef5fb460,0x00000000ef600000)
  to   space 10240K, 0% used [0x00000000ee480000,0x00000000ee480000,0x00000000eee80000)
 ParOldGen       total 40960K, used 13855K [0x00000000c0000000, 0x00000000c2800000, 0x00000000eab00000)
  object space 40960K, 33% used [0x00000000c0000000,0x00000000c0d87e38,0x00000000c2800000)
 Metaspace       used 5940K, capacity 6896K, committed 7040K, reserved 1056768K
  class space    used 589K, capacity 616K, committed 640K, reserved 1048576K

Deoptimization events (10 events):
Event: 3.508 Thread 0x00007fce24159000 Uncommon trap: reason=unstable_if action=reinterpret pc=0x00007fce15217538 method=java.util.BitSet.ensureCapacity(I)V @ 6
Event: 3.549 Thread 0x00007fce24159000 Uncommon trap: reason=class_check action=maybe_recompile pc=0x00007fce152964b8 method=com.android.dx.ssa.NormalSsaInsn.accept(Lcom/android/dx/ssa/SsaInsn$Visitor;)V @ 9
Event: 3.848 Thread 0x00007fce24160000 Uncommon trap: reason=class_check action=maybe_recompile pc=0x00007fce152964b8 method=com.android.dx.ssa.NormalSsaInsn.accept(Lcom/android/dx/ssa/SsaInsn$Visitor;)V @ 9
Event: 3.886 Thread 0x00007fce24159000 Uncommon trap: reason=class_check action=maybe_recompile pc=0x00007fce152964b8 method=com.android.dx.ssa.NormalSsaInsn.accept(Lcom/android/dx/ssa/SsaInsn$Visitor;)V @ 9
Event: 3.886 Thread 0x00007fce24159000 Uncommon trap: reason=class_check action=maybe_recompile pc=0x00007fce15283754 method=com.android.dx.ssa.NormalSsaInsn.accept(Lcom/android/dx/ssa/SsaInsn$Visitor;)V @ 9
Event: 4.028 Thread 0x00007fce24159000 Uncommon trap: reason=unstable_if action=reinterpret pc=0x00007fce152df71c method=com.android.dx.rop.cst.Constant.compareTo(Lcom/android/dx/rop/cst/Constant;)I @ 12
Event: 4.964 Thread 0x00007fce2415c800 Uncommon trap: reason=bimorphic action=maybe_recompile pc=0x00007fce15214940 method=java.util.HashMap.getNode(ILjava/lang/Object;)Ljava/util/HashMap$Node; @ 126
Event: 5.405 Thread 0x00007fce24159000 Uncommon trap: reason=bimorphic action=maybe_recompile pc=0x00007fce15214940 method=java.util.HashMap.getNode(ILjava/lang/Object;)Ljava/util/HashMap$Node; @ 126
Event: 5.406 Thread 0x00007fce24159000 Uncommon trap: reason=bimorphic action=maybe_recompile pc=0x00007fce15214940 method=java.util.HashMap.getNode(ILjava/lang/Object;)Ljava/util/HashMap$Node; @ 126
Event: 5.586 Thread 0x00007fce24159000 Uncommon trap: reason=unstable_if action=reinterpret pc=0x00007fce153a5bfc method=com.android.dx.ssa.SsaMethod.updateOneDefinition(Lcom/android/dx/ssa/SsaInsn;Lcom/android/dx/rop/code/RegisterSpec;)V @ 4

Internal exceptions (2 events):
Event: 0.220 Thread 0x00007fce2400a000 Exception <a 'java/lang/NoSuchMethodError': Method sun.misc.Unsafe.defineClass(Ljava/lang/String;[BII)Ljava/lang/Class; name or signature does not match> (0x00000000eab07cc0) thrown at [/HUDSON/workspace/8-2-build-linux-amd64/jdk8u91/6644/hotspot/src/shar
Event: 0.220 Thread 0x00007fce2400a000 Exception <a 'java/lang/NoSuchMethodError': Method sun.misc.Unsafe.prefetchRead(Ljava/lang/Object;J)V name or signature does not match> (0x00000000eab07fa8) thrown at [/HUDSON/workspace/8-2-build-linux-amd64/jdk8u91/6644/hotspot/src/share/vm/prims/jni.cpp

Events (10 events):
Event: 6.923 Thread 0x00007fce2415f000 DEOPT UNPACKING pc=0x00007fce15047633 sp=0x00007fce0dffdc70 mode 0
Event: 7.067 Thread 0x00007fce2415f000 DEOPT PACKING pc=0x00007fce15468aaa sp=0x00007fce0dffdf10
Event: 7.067 Thread 0x00007fce2415f000 DEOPT UNPACKING pc=0x00007fce15047633 sp=0x00007fce0dffdc78 mode 0
Event: 7.080 Thread 0x00007fce2400a000 DEOPT PACKING pc=0x00007fce15445b0c sp=0x00007fce2da1a950
Event: 7.080 Thread 0x00007fce2400a000 DEOPT UNPACKING pc=0x00007fce15047633 sp=0x00007fce2da1a6e0 mode 0
Event: 7.101 Thread 0x00007fce2415f000 DEOPT PACKING pc=0x00007fce15447261 sp=0x00007fce0dffded0
Event: 7.101 Thread 0x00007fce2415f000 DEOPT UNPACKING pc=0x00007fce15047633 sp=0x00007fce0dffdcd8 mode 0
Event: 7.133 Thread 0x00007fce2415f000 DEOPT PACKING pc=0x00007fce15380cec sp=0x00007fce0dffdf20
Event: 7.133 Thread 0x00007fce2415f000 DEOPT UNPACKING pc=0x00007fce15047633 sp=0x00007fce0dffdc30 mode 0
Event: 7.270 Executing VM operation: ParallelGCFailedAllocation


Dynamic libraries:
00400000-00401000 r-xp 00000000 08:02 6686124                            /usr/lib/jvm/java-8-oracle/bin/java
00600000-00601000 rw-p 00000000 08:02 6686124                            /usr/lib/jvm/java-8-oracle/bin/java
01ac6000-01ae7000 rw-p 00000000 00:00 0                                  [heap]
c0000000-c2800000 rw-p 00000000 00:00 0 
c2800000-eab00000 ---p 00000000 00:00 0 
eab00000-efb00000 rw-p 00000000 00:00 0 
f3e00000-100000000 ---p 00000000 00:00 0 
100000000-1000a0000 rw-p 00000000 00:00 0 
1000a0000-140000000 ---p 00000000 00:00 0 
7fcdc0000000-7fcdc0021000 rw-p 00000000 00:00 0 
7fcdc0021000-7fcdc4000000 ---p 00000000 00:00 0 
7fcdc8000000-7fcdc802d000 rw-p 00000000 00:00 0 
7fcdc802d000-7fcdcc000000 ---p 00000000 00:00 0 
7fcdcc000000-7fcdcc021000 rw-p 00000000 00:00 0 
7fcdcc021000-7fcdd0000000 ---p 00000000 00:00 0 
7fcdd0000000-7fcdd0033000 rw-p 00000000 00:00 0 
7fcdd0033000-7fcdd4000000 ---p 00000000 00:00 0 
7fcdd4000000-7fcdd4021000 rw-p 00000000 00:00 0 
7fcdd4021000-7fcdd8000000 ---p 00000000 00:00 0 
7fcdd8000000-7fcdd8021000 rw-p 00000000 00:00 0 
7fcdd8021000-7fcddc000000 ---p 00000000 00:00 0 
7fcddc000000-7fcddc021000 rw-p 00000000 00:00 0 
7fcddc021000-7fcde0000000 ---p 00000000 00:00 0 
7fcde0000000-7fcde0928000 rw-p 00000000 00:00 0 
7fcde0928000-7fcde4000000 ---p 00000000 00:00 0 
7fcde4000000-7fcde46c2000 rw-p 00000000 00:00 0 
7fcde46c2000-7fcde8000000 ---p 00000000 00:00 0 
7fcde8000000-7fcde8021000 rw-p 00000000 00:00 0 
7fcde8021000-7fcdec000000 ---p 00000000 00:00 0 
7fcdec000000-7fcdec5a8000 rw-p 00000000 00:00 0 
7fcdec5a8000-7fcdf0000000 ---p 00000000 00:00 0 
7fcdf0000000-7fcdf0021000 rw-p 00000000 00:00 0 
7fcdf0021000-7fcdf4000000 ---p 00000000 00:00 0 
7fcdf4000000-7fcdf4021000 rw-p 00000000 00:00 0 
7fcdf4021000-7fcdf8000000 ---p 00000000 00:00 0 
7fcdf8000000-7fcdf8021000 rw-p 00000000 00:00 0 
7fcdf8021000-7fcdfc000000 ---p 00000000 00:00 0 
7fcdfc000000-7fcdfc28c000 rw-p 00000000 00:00 0 
7fcdfc28c000-7fce00000000 ---p 00000000 00:00 0 
7fce00000000-7fce00021000 rw-p 00000000 00:00 0 
7fce00021000-7fce04000000 ---p 00000000 00:00 0 
7fce08000000-7fce08021000 rw-p 00000000 00:00 0 
7fce08021000-7fce0c000000 ---p 00000000 00:00 0 
7fce0ddfe000-7fce0de01000 ---p 00000000 00:00 0 
7fce0de01000-7fce0deff000 rw-p 00000000 00:00 0                          [stack:15785]
7fce0deff000-7fce0df02000 ---p 00000000 00:00 0 
7fce0df02000-7fce10000000 rw-p 00000000 00:00 0                          [stack:15784]
7fce10000000-7fce10021000 rw-p 00000000 00:00 0 
7fce10021000-7fce14000000 ---p 00000000 00:00 0 
7fce14014000-7fce14017000 ---p 00000000 00:00 0 
7fce14017000-7fce14115000 rw-p 00000000 00:00 0                          [stack:15783]
7fce14115000-7fce14118000 ---p 00000000 00:00 0 
7fce14118000-7fce14216000 rw-p 00000000 00:00 0                          [stack:15782]
7fce14216000-7fce14219000 ---p 00000000 00:00 0 
7fce14219000-7fce14317000 rw-p 00000000 00:00 0                          [stack:15781]
7fce14317000-7fce14318000 ---p 00000000 00:00 0 
7fce14318000-7fce14418000 rw-p 00000000 00:00 0                          [stack:15775]
7fce14418000-7fce1441b000 ---p 00000000 00:00 0 
7fce1441b000-7fce14519000 rw-p 00000000 00:00 0                          [stack:15774]
7fce14519000-7fce1451c000 ---p 00000000 00:00 0 
7fce1451c000-7fce1461a000 rw-p 00000000 00:00 0                          [stack:15773]
7fce1461a000-7fce1461d000 ---p 00000000 00:00 0 
7fce1461d000-7fce1471b000 rw-p 00000000 00:00 0                          [stack:15772]
7fce1471b000-7fce1471e000 ---p 00000000 00:00 0 
7fce1471e000-7fce1481c000 rw-p 00000000 00:00 0                          [stack:15771]
7fce1481c000-7fce1481f000 ---p 00000000 00:00 0 
7fce1481f000-7fce1491d000 rw-p 00000000 00:00 0                          [stack:15770]
7fce1491d000-7fce15000000 r--p 00000000 08:02 6691839                    /usr/lib/locale/locale-archive
7fce15000000-7fce154d0000 rwxp 00000000 00:00 0 
7fce154d0000-7fce24000000 ---p 00000000 00:00 0 
7fce24000000-7fce243ad000 rw-p 00000000 00:00 0 
7fce243ad000-7fce28000000 ---p 00000000 00:00 0 
7fce28067000-7fce28070000 r--s 0005a000 08:02 3985838                    /home/yonatan/Etty/programing/androidAdvanced/FinalProject/LocationsApp/app/build/intermediates/exploded-aar/com.google.android.gms/play-services-analytics/8.4.0/jars/classes.jar
7fce28070000-7fce2807f000 r--s 000df000 08:02 3824912                    /home/yonatan/Android/Sdk/build-tools/23.0.2/lib/dx.jar
7fce2807f000-7fce28082000 ---p 00000000 00:00 0 
7fce28082000-7fce28180000 rw-p 00000000 00:00 0                          [stack:15769]
7fce28180000-7fce28183000 ---p 00000000 00:00 0 
7fce28183000-7fce28281000 rw-p 00000000 00:00 0                          [stack:15768]
7fce28281000-7fce28282000 ---p 00000000 00:00 0 
7fce28282000-7fce29336000 rw-p 00000000 00:00 0                          [stack:15767]
7fce29336000-7fce2950f000 r--s 03d1f000 08:02 6706386                    /usr/lib/jvm/java-8-oracle/jre/lib/rt.jar
7fce2950f000-7fce29bc5000 rw-p 00000000 00:00 0 
7fce29bc5000-7fce29d85000 ---p 00000000 00:00 0 
7fce29d85000-7fce29f85000 rw-p 00000000 00:00 0 
7fce29f85000-7fce29f86000 ---p 00000000 00:00 0 
7fce29f86000-7fce2a086000 rw-p 00000000 00:00 0                          [stack:15766]
7fce2a086000-7fce2a087000 ---p 00000000 00:00 0 
7fce2a087000-7fce2a187000 rw-p 00000000 00:00 0                          [stack:15765]
7fce2a187000-7fce2a188000 ---p 00000000 00:00 0 
7fce2a188000-7fce2a288000 rw-p 00000000 00:00 0                          [stack:15764]
7fce2a288000-7fce2a289000 ---p 00000000 00:00 0 
7fce2a289000-7fce2a39d000 rw-p 00000000 00:00 0                          [stack:15763]
7fce2a39d000-7fce2a4df000 ---p 00000000 00:00 0 
7fce2a4df000-7fce2a4f3000 rw-p 00000000 00:00 0 
7fce2a4f3000-7fce2a634000 ---p 00000000 00:00 0 
7fce2a634000-7fce2a65d000 rw-p 00000000 00:00 0 
7fce2a65d000-7fce2a6df000 ---p 00000000 00:00 0 
7fce2a6df000-7fce2a6f4000 rw-p 00000000 00:00 0 
7fce2a6f4000-7fce2aaa0000 ---p 00000000 00:00 0 
7fce2aaa0000-7fce2aaba000 r-xp 00000000 08:02 6706420                    /usr/lib/jvm/java-8-oracle/jre/lib/amd64/libzip.so
7fce2aaba000-7fce2acba000 ---p 0001a000 08:02 6706420                    /usr/lib/jvm/java-8-oracle/jre/lib/amd64/libzip.so
7fce2acba000-7fce2acbb000 rw-p 0001a000 08:02 6706420                    /usr/lib/jvm/java-8-oracle/jre/lib/amd64/libzip.so
7fce2acbb000-7fce2acc6000 r-xp 00000000 08:02 4353546                    /lib/x86_64-linux-gnu/libnss_files-2.19.so
7fce2acc6000-7fce2aec5000 ---p 0000b000 08:02 4353546                    /lib/x86_64-linux-gnu/libnss_files-2.19.so
7fce2aec5000-7fce2aec6000 r--p 0000a000 08:02 4353546                    /lib/x86_64-linux-gnu/libnss_files-2.19.so
7fce2aec6000-7fce2aec7000 rw-p 0000b000 08:02 4353546                    /lib/x86_64-linux-gnu/libnss_files-2.19.so
7fce2aec7000-7fce2aed2000 r-xp 00000000 08:02 4353538                    /lib/x86_64-linux-gnu/libnss_nis-2.19.so
7fce2aed2000-7fce2b0d1000 ---p 0000b000 08:02 4353538                    /lib/x86_64-linux-gnu/libnss_nis-2.19.so
7fce2b0d1000-7fce2b0d2000 r--p 0000a000 08:02 4353538                    /lib/x86_64-linux-gnu/libnss_nis-2.19.so
7fce2b0d2000-7fce2b0d3000 rw-p 0000b000 08:02 4353538                    /lib/x86_64-linux-gnu/libnss_nis-2.19.so
7fce2b0d3000-7fce2b0ea000 r-xp 00000000 08:02 4353534                    /lib/x86_64-linux-gnu/libnsl-2.19.so
7fce2b0ea000-7fce2b2e9000 ---p 00017000 08:02 4353534                    /lib/x86_64-linux-gnu/libnsl-2.19.so
7fce2b2e9000-7fce2b2ea000 r--p 00016000 08:02 4353534                    /lib/x86_64-linux-gnu/libnsl-2.19.so
7fce2b2ea000-7fce2b2eb000 rw-p 00017000 08:02 4353534                    /lib/x86_64-linux-gnu/libnsl-2.19.so
7fce2b2eb000-7fce2b2ed000 rw-p 00000000 00:00 0 
7fce2b2ed000-7fce2b2f6000 r-xp 00000000 08:02 4353533                    /lib/x86_64-linux-gnu/libnss_compat-2.19.so
7fce2b2f6000-7fce2b4f5000 ---p 00009000 08:02 4353533                    /lib/x86_64-linux-gnu/libnss_compat-2.19.so
7fce2b4f5000-7fce2b4f6000 r--p 00008000 08:02 4353533                    /lib/x86_64-linux-gnu/libnss_compat-2.19.so
7fce2b4f6000-7fce2b4f7000 rw-p 00009000 08:02 4353533                    /lib/x86_64-linux-gnu/libnss_compat-2.19.so
7fce2b4f7000-7fce2b521000 r-xp 00000000 08:02 6706397                    /usr/lib/jvm/java-8-oracle/jre/lib/amd64/libjava.so
7fce2b521000-7fce2b721000 ---p 0002a000 08:02 6706397                    /usr/lib/jvm/java-8-oracle/jre/lib/amd64/libjava.so
7fce2b721000-7fce2b723000 rw-p 0002a000 08:02 6706397                    /usr/lib/jvm/java-8-oracle/jre/lib/amd64/libjava.so
7fce2b723000-7fce2b730000 r-xp 00000000 08:02 6706408                    /usr/lib/jvm/java-8-oracle/jre/lib/amd64/libverify.so
7fce2b730000-7fce2b930000 ---p 0000d000 08:02 6706408                    /usr/lib/jvm/java-8-oracle/jre/lib/amd64/libverify.so
7fce2b930000-7fce2b932000 rw-p 0000d000 08:02 6706408                    /usr/lib/jvm/java-8-oracle/jre/lib/amd64/libverify.so
7fce2b932000-7fce2b939000 r-xp 00000000 08:02 4353542                    /lib/x86_64-linux-gnu/librt-2.19.so
7fce2b939000-7fce2bb38000 ---p 00007000 08:02 4353542                    /lib/x86_64-linux-gnu/librt-2.19.so
7fce2bb38000-7fce2bb39000 r--p 00006000 08:02 4353542                    /lib/x86_64-linux-gnu/librt-2.19.so
7fce2bb39000-7fce2bb3a000 rw-p 00007000 08:02 4353542                    /lib/x86_64-linux-gnu/librt-2.19.so
7fce2bb3a000-7fce2bc3f000 r-xp 00000000 08:02 4353528                    /lib/x86_64-linux-gnu/libm-2.19.so
7fce2bc3f000-7fce2be3e000 ---p 00105000 08:02 4353528                    /lib/x86_64-linux-gnu/libm-2.19.so
7fce2be3e000-7fce2be3f000 r--p 00104000 08:02 4353528                    /lib/x86_64-linux-gnu/libm-2.19.so
7fce2be3f000-7fce2be40000 rw-p 00105000 08:02 4353528                    /lib/x86_64-linux-gnu/libm-2.19.so
7fce2be40000-7fce2cb00000 r-xp 00000000 08:02 6706410                    /usr/lib/jvm/java-8-oracle/jre/lib/amd64/server/libjvm.so
7fce2cb00000-7fce2cd00000 ---p 00cc0000 08:02 6706410                    /usr/lib/jvm/java-8-oracle/jre/lib/amd64/server/libjvm.so
7fce2cd00000-7fce2cdd8000 rw-p 00cc0000 08:02 6706410                    /usr/lib/jvm/java-8-oracle/jre/lib/amd64/server/libjvm.so
7fce2cdd8000-7fce2ce23000 rw-p 00000000 00:00 0 
7fce2ce23000-7fce2cfde000 r-xp 00000000 08:02 4353543                    /lib/x86_64-linux-gnu/libc-2.19.so
7fce2cfde000-7fce2d1dd000 ---p 001bb000 08:02 4353543                    /lib/x86_64-linux-gnu/libc-2.19.so
7fce2d1dd000-7fce2d1e1000 r--p 001ba000 08:02 4353543                    /lib/x86_64-linux-gnu/libc-2.19.so
7fce2d1e1000-7fce2d1e3000 rw-p 001be000 08:02 4353543                    /lib/x86_64-linux-gnu/libc-2.19.so
7fce2d1e3000-7fce2d1e8000 rw-p 00000000 00:00 0 
7fce2d1e8000-7fce2d1eb000 r-xp 00000000 08:02 4353530                    /lib/x86_64-linux-gnu/libdl-2.19.so
7fce2d1eb000-7fce2d3ea000 ---p 00003000 08:02 4353530                    /lib/x86_64-linux-gnu/libdl-2.19.so
7fce2d3ea000-7fce2d3eb000 r--p 00002000 08:02 4353530                    /lib/x86_64-linux-gnu/libdl-2.19.so
7fce2d3eb000-7fce2d3ec000 rw-p 00003000 08:02 4353530                    /lib/x86_64-linux-gnu/libdl-2.19.so
7fce2d3ec000-7fce2d401000 r-xp 00000000 08:02 6728016                    /usr/lib/jvm/java-8-oracle/lib/amd64/jli/libjli.so
7fce2d401000-7fce2d601000 ---p 00015000 08:02 6728016                    /usr/lib/jvm/java-8-oracle/lib/amd64/jli/libjli.so
7fce2d601000-7fce2d602000 rw-p 00015000 08:02 6728016                    /usr/lib/jvm/java-8-oracle/lib/amd64/jli/libjli.so
7fce2d602000-7fce2d61b000 r-xp 00000000 08:02 4353535                    /lib/x86_64-linux-gnu/libpthread-2.19.so
7fce2d61b000-7fce2d81a000 ---p 00019000 08:02 4353535                    /lib/x86_64-linux-gnu/libpthread-2.19.so
7fce2d81a000-7fce2d81b000 r--p 00018000 08:02 4353535                    /lib/x86_64-linux-gnu/libpthread-2.19.so
7fce2d81b000-7fce2d81c000 rw-p 00019000 08:02 4353535                    /lib/x86_64-linux-gnu/libpthread-2.19.so
7fce2d81c000-7fce2d820000 rw-p 00000000 00:00 0 
7fce2d820000-7fce2d843000 r-xp 00000000 08:02 4353536                    /lib/x86_64-linux-gnu/ld-2.19.so
7fce2d84a000-7fce2d91c000 rw-p 00000000 00:00 0 
7fce2d91c000-7fce2d91f000 ---p 00000000 00:00 0 
7fce2d91f000-7fce2da36000 rw-p 00000000 00:00 0                          [stack:15761]
7fce2da36000-7fce2da3e000 rw-s 00000000 08:02 1976037                    /tmp/hsperfdata_yonatan/15758
7fce2da3e000-7fce2da3f000 rw-p 00000000 00:00 0 
7fce2da3f000-7fce2da40000 ---p 00000000 00:00 0 
7fce2da40000-7fce2da42000 rw-p 00000000 00:00 0 
7fce2da42000-7fce2da43000 r--p 00022000 08:02 4353536                    /lib/x86_64-linux-gnu/ld-2.19.so
7fce2da43000-7fce2da44000 rw-p 00023000 08:02 4353536                    /lib/x86_64-linux-gnu/ld-2.19.so
7fce2da44000-7fce2da45000 rw-p 00000000 00:00 0 
7ffd4f3ab000-7ffd4f3cc000 rw-p 00000000 00:00 0                          [stack]
7ffd4f3f3000-7ffd4f3f5000 r-xp 00000000 00:00 0                          [vdso]
7ffd4f3f5000-7ffd4f3f7000 r--p 00000000 00:00 0                          [vvar]
ffffffffff600000-ffffffffff601000 r-xp 00000000 00:00 0                  [vsyscall]

VM Arguments:
jvm_args: -Djava.awt.headless=true -Xmx1024M -Dfile.encoding=UTF-8 -Duser.country=US -Duser.language=en -Duser.variant 
java_command: com.android.dx.command.Main --dex --num-threads=4 --output /home/yonatan/Etty/programing/androidAdvanced/FinalProject/LocationsApp/app/build/intermediates/pre-dexed/debug/com.google.android.gms-play-services-analytics-8.4.0_b397e889d8762123742ac75c705a311a28e51385.jar /home/yonatan/Etty/programing/androidAdvanced/FinalProject/LocationsApp/app/build/intermediates/exploded-aar/com.google.android.gms/play-services-analytics/8.4.0/jars/classes.jar
java_class_path (initial): /home/yonatan/Android/Sdk/build-tools/23.0.2/lib/dx.jar
Launcher Type: SUN_STANDARD

Environment Variables:
JAVA_HOME=/usr/lib/jvm/java-8-oracle
PATH=/usr/local/sbin:/usr/local/bin:/usr/sbin:/usr/bin:/sbin:/bin:/usr/games:/usr/local/games:/usr/lib/jvm/java-8-oracle/bin:/usr/lib/jvm/java-8-oracle/db/bin:/usr/lib/jvm/java-8-oracle/jre/bin
SHELL=/bin/bash
DISPLAY=:0

Signal Handlers:
SIGSEGV: [libjvm.so+0xabca10], sa_mask[0]=11111111011111111101111111111110, sa_flags=SA_RESTART|SA_SIGINFO
SIGBUS: [libjvm.so+0xabca10], sa_mask[0]=11111111011111111101111111111110, sa_flags=SA_RESTART|SA_SIGINFO
SIGFPE: [libjvm.so+0x919a20], sa_mask[0]=11111111011111111101111111111110, sa_flags=SA_RESTART|SA_SIGINFO
SIGPIPE: [libjvm.so+0x919a20], sa_mask[0]=11111111011111111101111111111110, sa_flags=SA_RESTART|SA_SIGINFO
SIGXFSZ: [libjvm.so+0x919a20], sa_mask[0]=11111111011111111101111111111110, sa_flags=SA_RESTART|SA_SIGINFO
SIGILL: [libjvm.so+0x919a20], sa_mask[0]=11111111011111111101111111111110, sa_flags=SA_RESTART|SA_SIGINFO
SIGUSR1: SIG_DFL, sa_mask[0]=00000000000000000000000000000000, sa_flags=none
SIGUSR2: [libjvm.so+0x91b050], sa_mask[0]=00100000000000000000000000000000, sa_flags=SA_RESTART|SA_SIGINFO
SIGHUP: [libjvm.so+0x91c450], sa_mask[0]=11111111011111111101111111111110, sa_flags=SA_RESTART|SA_SIGINFO
SIGINT: [libjvm.so+0x91c450], sa_mask[0]=11111111011111111101111111111110, sa_flags=SA_RESTART|SA_SIGINFO
SIGTERM: [libjvm.so+0x91c450], sa_mask[0]=11111111011111111101111111111110, sa_flags=SA_RESTART|SA_SIGINFO
SIGQUIT: [libjvm.so+0x91c450], sa_mask[0]=11111111011111111101111111111110, sa_flags=SA_RESTART|SA_SIGINFO


---------------  S Y S T E M  ---------------

OS:DISTRIB_ID=Ubuntu
DISTRIB_RELEASE=14.04
DISTRIB_CODENAME=trusty
DISTRIB_DESCRIPTION="Ubuntu 14.04.4 LTS"

uname:Linux 3.16.0-70-generic #90~14.04.1-Ubuntu SMP Wed Apr 6 22:56:34 UTC 2016 x86_64
libc:glibc 2.19 NPTL 2.19 
rlimit: STACK 8192k, CORE 0k, NPROC 14573, NOFILE 4096, AS infinity
load average:18.91 13.91 7.72

/proc/meminfo:
MemTotal:        3931368 kB
MemFree:          101436 kB
MemAvailable:      41084 kB
Buffers:             124 kB
Cached:           246548 kB
SwapCached:          384 kB
Active:          2709392 kB
Inactive:         858180 kB
Active(anon):    2706232 kB
Inactive(anon):   854804 kB
Active(file):       3160 kB
Inactive(file):     3376 kB
Unevictable:          48 kB
Mlocked:              48 kB
SwapTotal:       4077564 kB
SwapFree:              0 kB
Dirty:                44 kB
Writeback:             0 kB
AnonPages:       3321616 kB
Mapped:            16544 kB
Shmem:            239316 kB
Slab:              89036 kB
SReclaimable:      41696 kB
SUnreclaim:        47340 kB
KernelStack:       16128 kB
PageTables:        79908 kB
NFS_Unstable:          0 kB
Bounce:                0 kB
WritebackTmp:          0 kB
CommitLimit:     6043248 kB
Committed_AS:   17645636 kB
VmallocTotal:   34359738367 kB
VmallocUsed:      356248 kB
VmallocChunk:   34359334032 kB
HardwareCorrupted:     0 kB
AnonHugePages:    864256 kB
HugePages_Total:       0
HugePages_Free:        0
HugePages_Rsvd:        0
HugePages_Surp:        0
Hugepagesize:       2048 kB
DirectMap4k:       92528 kB
DirectMap2M:     3985408 kB


CPU:total 4 (2 cores per cpu, 2 threads per core) family 6 model 58 stepping 9, cmov, cx8, fxsr, mmx, sse, sse2, sse3, ssse3, sse4.1, sse4.2, popcnt, avx, aes, clmul, erms, ht, tsc, tscinvbit, tscinv

/proc/cpuinfo:
processor	: 0
vendor_id	: GenuineIntel
cpu family	: 6
model		: 58
model name	: Intel(R) Core(TM) i5-3317U CPU @ 1.70GHz
stepping	: 9
microcode	: 0x12
cpu MHz		: 2399.921
cache size	: 3072 KB
physical id	: 0
siblings	: 4
core id		: 0
cpu cores	: 2
apicid		: 0
initial apicid	: 0
fpu		: yes
fpu_exception	: yes
cpuid level	: 13
wp		: yes
flags		: fpu vme de pse tsc msr pae mce cx8 apic sep mtrr pge mca cmov pat pse36 clflush dts acpi mmx fxsr sse sse2 ss ht tm pbe syscall nx rdtscp lm constant_tsc arch_perfmon pebs bts rep_good nopl xtopology nonstop_tsc aperfmperf eagerfpu pni pclmulqdq dtes64 monitor ds_cpl vmx est tm2 ssse3 cx16 xtpr pdcm pcid sse4_1 sse4_2 x2apic popcnt tsc_deadline_timer aes xsave avx f16c rdrand lahf_lm ida arat epb xsaveopt pln pts dtherm tpr_shadow vnmi flexpriority ept vpid fsgsbase smep erms
bogomips	: 3392.17
clflush size	: 64
cache_alignment	: 64
address sizes	: 36 bits physical, 48 bits virtual
power management:

processor	: 1
vendor_id	: GenuineIntel
cpu family	: 6
model		: 58
model name	: Intel(R) Core(TM) i5-3317U CPU @ 1.70GHz
stepping	: 9
microcode	: 0x12
cpu MHz		: 2399.988
cache size	: 3072 KB
physical id	: 0
siblings	: 4
core id		: 1
cpu cores	: 2
apicid		: 2
initial apicid	: 2
fpu		: yes
fpu_exception	: yes
cpuid level	: 13
wp		: yes
flags		: fpu vme de pse tsc msr pae mce cx8 apic sep mtrr pge mca cmov pat pse36 clflush dts acpi mmx fxsr sse sse2 ss ht tm pbe syscall nx rdtscp lm constant_tsc arch_perfmon pebs bts rep_good nopl xtopology nonstop_tsc aperfmperf eagerfpu pni pclmulqdq dtes64 monitor ds_cpl vmx est tm2 ssse3 cx16 xtpr pdcm pcid sse4_1 sse4_2 x2apic popcnt tsc_deadline_timer aes xsave avx f16c rdrand lahf_lm ida arat epb xsaveopt pln pts dtherm tpr_shadow vnmi flexpriority ept vpid fsgsbase smep erms
bogomips	: 3392.17
clflush size	: 64
cache_alignment	: 64
address sizes	: 36 bits physical, 48 bits virtual
power management:

processor	: 2
vendor_id	: GenuineIntel
cpu family	: 6
model		: 58
model name	: Intel(R) Core(TM) i5-3317U CPU @ 1.70GHz
stepping	: 9
microcode	: 0x12
cpu MHz		: 2399.988
cache size	: 3072 KB
physical id	: 0
siblings	: 4
core id		: 0
cpu cores	: 2
apicid		: 1
initial apicid	: 1
fpu		: yes
fpu_exception	: yes
cpuid level	: 13
wp		: yes
flags		: fpu vme de pse tsc msr pae mce cx8 apic sep mtrr pge mca cmov pat pse36 clflush dts acpi mmx fxsr sse sse2 ss ht tm pbe syscall nx rdtscp lm constant_tsc arch_perfmon pebs bts rep_good nopl xtopology nonstop_tsc aperfmperf eagerfpu pni pclmulqdq dtes64 monitor ds_cpl vmx est tm2 ssse3 cx16 xtpr pdcm pcid sse4_1 sse4_2 x2apic popcnt tsc_deadline_timer aes xsave avx f16c rdrand lahf_lm ida arat epb xsaveopt pln pts dtherm tpr_shadow vnmi flexpriority ept vpid fsgsbase smep erms
bogomips	: 3392.17
clflush size	: 64
cache_alignment	: 64
address sizes	: 36 bits physical, 48 bits virtual
power management:

processor	: 3
vendor_id	: GenuineIntel
cpu family	: 6
model		: 58
model name	: Intel(R) Core(TM) i5-3317U CPU @ 1.70GHz
stepping	: 9
microcode	: 0x12
cpu MHz		: 2399.988
cache size	: 3072 KB
physical id	: 0
siblings	: 4
core id		: 1
cpu cores	: 2
apicid		: 3
initial apicid	: 3
fpu		: yes
fpu_exception	: yes
cpuid level	: 13
wp		: yes
flags		: fpu vme de pse tsc msr pae mce cx8 apic sep mtrr pge mca cmov pat pse36 clflush dts acpi mmx fxsr sse sse2 ss ht tm pbe syscall nx rdtscp lm constant_tsc arch_perfmon pebs bts rep_good nopl xtopology nonstop_tsc aperfmperf eagerfpu pni pclmulqdq dtes64 monitor ds_cpl vmx est tm2 ssse3 cx16 xtpr pdcm pcid sse4_1 sse4_2 x2apic popcnt tsc_deadline_timer aes xsave avx f16c rdrand lahf_lm ida arat epb xsaveopt pln pts dtherm tpr_shadow vnmi flexpriority ept vpid fsgsbase smep erms
bogomips	: 3392.17
clflush size	: 64
cache_alignment	: 64
address sizes	: 36 bits physical, 48 bits virtual
power management:



Memory: 4k page, physical 3931368k(101756k free), swap 4077564k(0k free)

vm_info: Java HotSpot(TM) 64-Bit Server VM (25.91-b14) for linux-amd64 JRE (1.8.0_91-b14), built on Apr  1 2016 00:57:21 by "java_re" with gcc 4.3.0 20080428 (Red Hat 4.3.0-8)

time: Sat Apr 30 21:23:44 2016
elapsed time: 26 seconds (0d 0h 0m 26s)

